[2021/09/11 19:33:01.293] - Starting server with initial configuration: {"gasLimit":9999999,"gasPrice":20000000000,"hardfork":"muirGlacier","hostname":"127.0.0.1","port":8545,"network_id":5777,"default_balance_ether":1000,"total_accounts":10,"unlocked_accounts":[],"locked":true,"vmErrorsOnRPCResponse":true,"verbose":true,"db_path":"/home/lenovo/.config/Ganache/workspaces/Quickstart/chaindata","logDirectory":"/home/lenovo/dev/udacity/flightsurety"}
[2021/09/11 19:33:02.146] - eth_subscribe
[2021/09/11 19:33:02.147] -    > {
   >   "jsonrpc": "2.0",
   >   "id": 17,
   >   "method": "eth_subscribe",
   >   "params": [
   >     "newHeads"
   >   ]
   > }
[2021/09/11 19:33:02.147] - eth_getLogs
[2021/09/11 19:33:02.147] -    > {
   >   "jsonrpc": "2.0",
   >   "id": 18,
   >   "method": "eth_getLogs",
   >   "params": [
   >     {
   >       "topics": []
   >     }
   >   ]
   > }
[2021/09/11 19:33:02.148] - eth_subscribe
[2021/09/11 19:33:02.148] -    > {
   >   "jsonrpc": "2.0",
   >   "id": 19,
   >   "method": "eth_subscribe",
   >   "params": [
   >     "logs",
   >     {
   >       "topics": []
   >     }
   >   ]
   > }
[2021/09/11 19:33:02.149] -  <   {
 <     "id": 17,
 <     "jsonrpc": "2.0",
 <     "result": "0x1"
 <   }
[2021/09/11 19:33:02.151] -  <   {
 <     "id": 18,
 <     "jsonrpc": "2.0",
 <     "result": []
 <   }
[2021/09/11 19:33:02.152] -  <   {
 <     "id": 19,
 <     "jsonrpc": "2.0",
 <     "result": "0x2"
 <   }
[2021/09/11 19:33:02.520] - eth_subscribe
[2021/09/11 19:33:02.520] -    > {
   >   "jsonrpc": "2.0",
   >   "id": 20,
   >   "method": "eth_subscribe",
   >   "params": [
   >     "newHeads"
   >   ]
   > }
[2021/09/11 19:33:02.521] - eth_getLogs
[2021/09/11 19:33:02.521] -    > {
   >   "jsonrpc": "2.0",
   >   "id": 21,
   >   "method": "eth_getLogs",
   >   "params": [
   >     {
   >       "topics": []
   >     }
   >   ]
   > }
[2021/09/11 19:33:02.521] - eth_subscribe
[2021/09/11 19:33:02.522] -    > {
   >   "jsonrpc": "2.0",
   >   "id": 22,
   >   "method": "eth_subscribe",
   >   "params": [
   >     "logs",
   >     {
   >       "topics": []
   >     }
   >   ]
   > }
[2021/09/11 19:33:02.522] -  <   {
 <     "id": 20,
 <     "jsonrpc": "2.0",
 <     "result": "0x3"
 <   }
[2021/09/11 19:33:02.524] -  <   {
 <     "id": 21,
 <     "jsonrpc": "2.0",
 <     "result": []
 <   }
[2021/09/11 19:33:02.526] -  <   {
 <     "id": 22,
 <     "jsonrpc": "2.0",
 <     "result": "0x4"
 <   }
[2021/09/11 19:33:03.125] - eth_blockNumber
[2021/09/11 19:33:03.126] -    > {
   >   "jsonrpc": "2.0",
   >   "id": 185,
   >   "method": "eth_blockNumber",
   >   "params": [],
   >   "internal": true
   > }
[2021/09/11 19:33:03.126] - eth_accounts
[2021/09/11 19:33:03.126] -    > {
   >   "jsonrpc": "2.0",
   >   "id": 186,
   >   "method": "eth_accounts",
   >   "params": [],
   >   "internal": true
   > }
[2021/09/11 19:33:03.126] - eth_gasPrice
[2021/09/11 19:33:03.127] -    > {
   >   "jsonrpc": "2.0",
   >   "id": 187,
   >   "method": "eth_gasPrice",
   >   "params": [],
   >   "internal": true
   > }
[2021/09/11 19:33:03.127] -  <   {
 <     "id": 185,
 <     "jsonrpc": "2.0",
 <     "result": "0x0"
 <   }
[2021/09/11 19:33:03.127] - eth_getBlockByNumber
[2021/09/11 19:33:03.127] -    > {
   >   "jsonrpc": "2.0",
   >   "id": 188,
   >   "method": "eth_getBlockByNumber",
   >   "params": [
   >     "latest",
   >     false
   >   ],
   >   "internal": true
   > }
[2021/09/11 19:33:03.128] - eth_subscribe
[2021/09/11 19:33:03.128] -    > {
   >   "jsonrpc": "2.0",
   >   "id": 189,
   >   "method": "eth_subscribe",
   >   "params": [
   >     "newHeads"
   >   ],
   >   "internal": true
   > }
[2021/09/11 19:33:03.128] -  <   {
 <     "id": 186,
 <     "jsonrpc": "2.0",
 <     "result": [
 <       "0x27d8d15cbc94527cadf5ec14b69519ae23288b95",
 <       "0x018c2dabef4904ecbd7118350a0c54dbeae3549a",
 <       "0xce5144391b4ab80668965f2cc4f2cc102380ef0a",
 <       "0x460c31107dd048e34971e57da2f99f659add4f02",
 <       "0xd37b7b8c62be2fdde8daa9816483aebdbd356088",
 <       "0x27f184bdc0e7a931b507ddd689d76dba10514bcb",
 <       "0xfe0df793060c49edca5ac9c104dd8e3375349978",
 <       "0xbd58a85c96cc6727859d853086fe8560bc137632",
 <       "0xe07b5ee5f738b2f87f88b99aac9c64ff1e0c7917",
 <       "0xbd3ff2e3aded055244d66544c9c059fa0851da44"
 <     ]
 <   }
[2021/09/11 19:33:03.130] -  <   {
 <     "id": 187,
 <     "jsonrpc": "2.0",
 <     "result": "0x4a817c800"
 <   }
[2021/09/11 19:33:03.132] -  <   {
 <     "id": 188,
 <     "jsonrpc": "2.0",
 <     "result": {
 <       "number": "0x0",
 <       "hash": "0xac70cbd530c6ea625efcc694e4f99d706ccafee8e48e980330420145fd07742c",
 <       "parentHash": "0x0000000000000000000000000000000000000000000000000000000000000000",
 <       "mixHash": "0x0000000000000000000000000000000000000000000000000000000000000000",
 <       "nonce": "0x0000000000000000",
 <       "sha3Uncles": "0x1dcc4de8dec75d7aab85b567b6ccd41ad312451b948a7413f0a142fd40d49347",
 <       "logsBloom": "0x00000000000000000000000000000000000000000000000000000000000000000000000000000000000000000000000000000000000000000000000000000000000000000000000000000000000000000000000000000000000000000000000000000000000000000000000000000000000000000000000000000000000000000000000000000000000000000000000000000000000000000000000000000000000000000000000000000000000000000000000000000000000000000000000000000000000000000000000000000000000000000000000000000000000000000000000000000000000000000000000000000000000000000000000000000000",
 <       "transactionsRoot": "0x56e81f171bcc55a6ff8345e692c0f86e5b48e01b996cadc001622fb5e363b421",
 <       "stateRoot": "0x405421b5dd8e2439a1c2da379de4eba6398b664ccb4acf9fae8407dce076020a",
 <       "receiptsRoot": "0x56e81f171bcc55a6ff8345e692c0f86e5b48e01b996cadc001622fb5e363b421",
 <       "miner": "0x0000000000000000000000000000000000000000",
 <       "difficulty": "0x0",
 <       "totalDifficulty": "0x0",
 <       "extraData": "0x",
 <       "size": "0x3e8",
 <       "gasLimit": "0x98967f",
 <       "gasUsed": "0x0",
 <       "timestamp": "0x613d2e9d",
 <       "transactions": [],
 <       "uncles": []
 <     }
 <   }
[2021/09/11 19:33:03.134] -  <   {
 <     "id": 189,
 <     "jsonrpc": "2.0",
 <     "result": "0x5"
 <   }
[2021/09/11 19:33:03.324] - eth_accounts
[2021/09/11 19:33:03.324] -    > {
   >   "jsonrpc": "2.0",
   >   "id": 195,
   >   "method": "eth_accounts",
   >   "params": [],
   >   "internal": true
   > }
[2021/09/11 19:33:03.326] -  <   {
 <     "id": 195,
 <     "jsonrpc": "2.0",
 <     "result": [
 <       "0x27d8d15cbc94527cadf5ec14b69519ae23288b95",
 <       "0x018c2dabef4904ecbd7118350a0c54dbeae3549a",
 <       "0xce5144391b4ab80668965f2cc4f2cc102380ef0a",
 <       "0x460c31107dd048e34971e57da2f99f659add4f02",
 <       "0xd37b7b8c62be2fdde8daa9816483aebdbd356088",
 <       "0x27f184bdc0e7a931b507ddd689d76dba10514bcb",
 <       "0xfe0df793060c49edca5ac9c104dd8e3375349978",
 <       "0xbd58a85c96cc6727859d853086fe8560bc137632",
 <       "0xe07b5ee5f738b2f87f88b99aac9c64ff1e0c7917",
 <       "0xbd3ff2e3aded055244d66544c9c059fa0851da44"
 <     ]
 <   }
[2021/09/11 19:33:03.593] - eth_getBalance
[2021/09/11 19:33:03.594] -    > {
   >   "jsonrpc": "2.0",
   >   "id": 196,
   >   "method": "eth_getBalance",
   >   "params": [
   >     "0x27d8d15cbc94527cadf5ec14b69519ae23288b95",
   >     "latest"
   >   ],
   >   "internal": true
   > }
[2021/09/11 19:33:03.596] -  <   {
 <     "id": 196,
 <     "jsonrpc": "2.0",
 <     "result": "0x3635c9adc5dea00000"
 <   }
[2021/09/11 19:33:03.633] - eth_getTransactionCount
[2021/09/11 19:33:03.633] -    > {
   >   "jsonrpc": "2.0",
   >   "id": 197,
   >   "method": "eth_getTransactionCount",
   >   "params": [
   >     "0x27d8d15cbc94527cadf5ec14b69519ae23288b95",
   >     "latest"
   >   ],
   >   "internal": true
   > }
[2021/09/11 19:33:03.636] -  <   {
 <     "id": 197,
 <     "jsonrpc": "2.0",
 <     "result": "0x0"
 <   }
[2021/09/11 19:33:03.678] - eth_getBalance
[2021/09/11 19:33:03.678] -    > {
   >   "jsonrpc": "2.0",
   >   "id": 198,
   >   "method": "eth_getBalance",
   >   "params": [
   >     "0x018c2dabef4904ecbd7118350a0c54dbeae3549a",
   >     "latest"
   >   ],
   >   "internal": true
   > }
[2021/09/11 19:33:03.681] -  <   {
 <     "id": 198,
 <     "jsonrpc": "2.0",
 <     "result": "0x3635c9adc5dea00000"
 <   }
[2021/09/11 19:33:03.722] - eth_getTransactionCount
[2021/09/11 19:33:03.722] -    > {
   >   "jsonrpc": "2.0",
   >   "id": 199,
   >   "method": "eth_getTransactionCount",
   >   "params": [
   >     "0x018c2dabef4904ecbd7118350a0c54dbeae3549a",
   >     "latest"
   >   ],
   >   "internal": true
   > }
[2021/09/11 19:33:03.724] -  <   {
 <     "id": 199,
 <     "jsonrpc": "2.0",
 <     "result": "0x0"
 <   }
[2021/09/11 19:33:03.766] - eth_getBalance
[2021/09/11 19:33:03.767] -    > {
   >   "jsonrpc": "2.0",
   >   "id": 200,
   >   "method": "eth_getBalance",
   >   "params": [
   >     "0xce5144391b4ab80668965f2cc4f2cc102380ef0a",
   >     "latest"
   >   ],
   >   "internal": true
   > }
[2021/09/11 19:33:03.769] -  <   {
 <     "id": 200,
 <     "jsonrpc": "2.0",
 <     "result": "0x3635c9adc5dea00000"
 <   }
[2021/09/11 19:33:03.811] - eth_getTransactionCount
[2021/09/11 19:33:03.812] -    > {
   >   "jsonrpc": "2.0",
   >   "id": 201,
   >   "method": "eth_getTransactionCount",
   >   "params": [
   >     "0xce5144391b4ab80668965f2cc4f2cc102380ef0a",
   >     "latest"
   >   ],
   >   "internal": true
   > }
[2021/09/11 19:33:03.814] -  <   {
 <     "id": 201,
 <     "jsonrpc": "2.0",
 <     "result": "0x0"
 <   }
[2021/09/11 19:33:03.858] - eth_getBalance
[2021/09/11 19:33:03.858] -    > {
   >   "jsonrpc": "2.0",
   >   "id": 202,
   >   "method": "eth_getBalance",
   >   "params": [
   >     "0x460c31107dd048e34971e57da2f99f659add4f02",
   >     "latest"
   >   ],
   >   "internal": true
   > }
[2021/09/11 19:33:03.861] -  <   {
 <     "id": 202,
 <     "jsonrpc": "2.0",
 <     "result": "0x3635c9adc5dea00000"
 <   }
[2021/09/11 19:33:03.904] - eth_getTransactionCount
[2021/09/11 19:33:03.904] -    > {
   >   "jsonrpc": "2.0",
   >   "id": 203,
   >   "method": "eth_getTransactionCount",
   >   "params": [
   >     "0x460c31107dd048e34971e57da2f99f659add4f02",
   >     "latest"
   >   ],
   >   "internal": true
   > }
[2021/09/11 19:33:03.907] -  <   {
 <     "id": 203,
 <     "jsonrpc": "2.0",
 <     "result": "0x0"
 <   }
[2021/09/11 19:33:03.951] - eth_getBalance
[2021/09/11 19:33:03.951] -    > {
   >   "jsonrpc": "2.0",
   >   "id": 204,
   >   "method": "eth_getBalance",
   >   "params": [
   >     "0xd37b7b8c62be2fdde8daa9816483aebdbd356088",
   >     "latest"
   >   ],
   >   "internal": true
   > }
[2021/09/11 19:33:03.954] -  <   {
 <     "id": 204,
 <     "jsonrpc": "2.0",
 <     "result": "0x3635c9adc5dea00000"
 <   }
[2021/09/11 19:33:03.997] - eth_getTransactionCount
[2021/09/11 19:33:03.997] -    > {
   >   "jsonrpc": "2.0",
   >   "id": 205,
   >   "method": "eth_getTransactionCount",
   >   "params": [
   >     "0xd37b7b8c62be2fdde8daa9816483aebdbd356088",
   >     "latest"
   >   ],
   >   "internal": true
   > }
[2021/09/11 19:33:04.000] -  <   {
 <     "id": 205,
 <     "jsonrpc": "2.0",
 <     "result": "0x0"
 <   }
[2021/09/11 19:33:04.046] - eth_getBalance
[2021/09/11 19:33:04.046] -    > {
   >   "jsonrpc": "2.0",
   >   "id": 206,
   >   "method": "eth_getBalance",
   >   "params": [
   >     "0x27f184bdc0e7a931b507ddd689d76dba10514bcb",
   >     "latest"
   >   ],
   >   "internal": true
   > }
[2021/09/11 19:33:04.049] -  <   {
 <     "id": 206,
 <     "jsonrpc": "2.0",
 <     "result": "0x3635c9adc5dea00000"
 <   }
[2021/09/11 19:33:04.094] - eth_getTransactionCount
[2021/09/11 19:33:04.095] -    > {
   >   "jsonrpc": "2.0",
   >   "id": 207,
   >   "method": "eth_getTransactionCount",
   >   "params": [
   >     "0x27f184bdc0e7a931b507ddd689d76dba10514bcb",
   >     "latest"
   >   ],
   >   "internal": true
   > }
[2021/09/11 19:33:04.098] -  <   {
 <     "id": 207,
 <     "jsonrpc": "2.0",
 <     "result": "0x0"
 <   }
[2021/09/11 19:33:04.137] - eth_getBalance
[2021/09/11 19:33:04.137] -    > {
   >   "jsonrpc": "2.0",
   >   "id": 208,
   >   "method": "eth_getBalance",
   >   "params": [
   >     "0xfe0df793060c49edca5ac9c104dd8e3375349978",
   >     "latest"
   >   ],
   >   "internal": true
   > }
[2021/09/11 19:33:04.142] -  <   {
 <     "id": 208,
 <     "jsonrpc": "2.0",
 <     "result": "0x3635c9adc5dea00000"
 <   }
[2021/09/11 19:33:04.182] - eth_getTransactionCount
[2021/09/11 19:33:04.182] -    > {
   >   "jsonrpc": "2.0",
   >   "id": 209,
   >   "method": "eth_getTransactionCount",
   >   "params": [
   >     "0xfe0df793060c49edca5ac9c104dd8e3375349978",
   >     "latest"
   >   ],
   >   "internal": true
   > }
[2021/09/11 19:33:04.185] -  <   {
 <     "id": 209,
 <     "jsonrpc": "2.0",
 <     "result": "0x0"
 <   }
[2021/09/11 19:33:04.226] - eth_getBalance
[2021/09/11 19:33:04.227] -    > {
   >   "jsonrpc": "2.0",
   >   "id": 210,
   >   "method": "eth_getBalance",
   >   "params": [
   >     "0xbd58a85c96cc6727859d853086fe8560bc137632",
   >     "latest"
   >   ],
   >   "internal": true
   > }
[2021/09/11 19:33:04.231] -  <   {
 <     "id": 210,
 <     "jsonrpc": "2.0",
 <     "result": "0x3635c9adc5dea00000"
 <   }
[2021/09/11 19:33:04.272] - eth_getTransactionCount
[2021/09/11 19:33:04.273] -    > {
   >   "jsonrpc": "2.0",
   >   "id": 211,
   >   "method": "eth_getTransactionCount",
   >   "params": [
   >     "0xbd58a85c96cc6727859d853086fe8560bc137632",
   >     "latest"
   >   ],
   >   "internal": true
   > }
[2021/09/11 19:33:04.276] -  <   {
 <     "id": 211,
 <     "jsonrpc": "2.0",
 <     "result": "0x0"
 <   }
[2021/09/11 19:33:04.320] - eth_getBalance
[2021/09/11 19:33:04.320] -    > {
   >   "jsonrpc": "2.0",
   >   "id": 212,
   >   "method": "eth_getBalance",
   >   "params": [
   >     "0xe07b5ee5f738b2f87f88b99aac9c64ff1e0c7917",
   >     "latest"
   >   ],
   >   "internal": true
   > }
[2021/09/11 19:33:04.323] -  <   {
 <     "id": 212,
 <     "jsonrpc": "2.0",
 <     "result": "0x3635c9adc5dea00000"
 <   }
[2021/09/11 19:33:04.365] - eth_getTransactionCount
[2021/09/11 19:33:04.365] -    > {
   >   "jsonrpc": "2.0",
   >   "id": 213,
   >   "method": "eth_getTransactionCount",
   >   "params": [
   >     "0xe07b5ee5f738b2f87f88b99aac9c64ff1e0c7917",
   >     "latest"
   >   ],
   >   "internal": true
   > }
[2021/09/11 19:33:04.368] -  <   {
 <     "id": 213,
 <     "jsonrpc": "2.0",
 <     "result": "0x0"
 <   }
[2021/09/11 19:33:04.412] - eth_getBalance
[2021/09/11 19:33:04.412] -    > {
   >   "jsonrpc": "2.0",
   >   "id": 214,
   >   "method": "eth_getBalance",
   >   "params": [
   >     "0xbd3ff2e3aded055244d66544c9c059fa0851da44",
   >     "latest"
   >   ],
   >   "internal": true
   > }
[2021/09/11 19:33:04.414] -  <   {
 <     "id": 214,
 <     "jsonrpc": "2.0",
 <     "result": "0x3635c9adc5dea00000"
 <   }
[2021/09/11 19:33:04.459] - eth_getTransactionCount
[2021/09/11 19:33:04.460] -    > {
   >   "jsonrpc": "2.0",
   >   "id": 215,
   >   "method": "eth_getTransactionCount",
   >   "params": [
   >     "0xbd3ff2e3aded055244d66544c9c059fa0851da44",
   >     "latest"
   >   ],
   >   "internal": true
   > }
[2021/09/11 19:33:04.463] -  <   {
 <     "id": 215,
 <     "jsonrpc": "2.0",
 <     "result": "0x0"
 <   }
[2021/09/11 19:33:04.508] - eth_blockNumber
[2021/09/11 19:33:04.508] -    > {
   >   "jsonrpc": "2.0",
   >   "id": 190,
   >   "method": "eth_blockNumber",
   >   "params": [],
   >   "internal": true
   > }
[2021/09/11 19:33:04.508] - eth_accounts
[2021/09/11 19:33:04.509] -    > {
   >   "jsonrpc": "2.0",
   >   "id": 191,
   >   "method": "eth_accounts",
   >   "params": [],
   >   "internal": true
   > }
[2021/09/11 19:33:04.509] - eth_gasPrice
[2021/09/11 19:33:04.509] -    > {
   >   "jsonrpc": "2.0",
   >   "id": 192,
   >   "method": "eth_gasPrice",
   >   "params": [],
   >   "internal": true
   > }
[2021/09/11 19:33:04.509] -  <   {
 <     "id": 190,
 <     "jsonrpc": "2.0",
 <     "result": "0x0"
 <   }
[2021/09/11 19:33:04.510] - eth_getBlockByNumber
[2021/09/11 19:33:04.510] -    > {
   >   "jsonrpc": "2.0",
   >   "id": 193,
   >   "method": "eth_getBlockByNumber",
   >   "params": [
   >     "latest",
   >     false
   >   ],
   >   "internal": true
   > }
[2021/09/11 19:33:04.510] - eth_subscribe
[2021/09/11 19:33:04.510] -    > {
   >   "jsonrpc": "2.0",
   >   "id": 194,
   >   "method": "eth_subscribe",
   >   "params": [
   >     "newHeads"
   >   ],
   >   "internal": true
   > }
[2021/09/11 19:33:04.512] -  <   {
 <     "id": 191,
 <     "jsonrpc": "2.0",
 <     "result": [
 <       "0x27d8d15cbc94527cadf5ec14b69519ae23288b95",
 <       "0x018c2dabef4904ecbd7118350a0c54dbeae3549a",
 <       "0xce5144391b4ab80668965f2cc4f2cc102380ef0a",
 <       "0x460c31107dd048e34971e57da2f99f659add4f02",
 <       "0xd37b7b8c62be2fdde8daa9816483aebdbd356088",
 <       "0x27f184bdc0e7a931b507ddd689d76dba10514bcb",
 <       "0xfe0df793060c49edca5ac9c104dd8e3375349978",
 <       "0xbd58a85c96cc6727859d853086fe8560bc137632",
 <       "0xe07b5ee5f738b2f87f88b99aac9c64ff1e0c7917",
 <       "0xbd3ff2e3aded055244d66544c9c059fa0851da44"
 <     ]
 <   }
[2021/09/11 19:33:04.513] -  <   {
 <     "id": 192,
 <     "jsonrpc": "2.0",
 <     "result": "0x4a817c800"
 <   }
[2021/09/11 19:33:04.515] -  <   {
 <     "id": 193,
 <     "jsonrpc": "2.0",
 <     "result": {
 <       "number": "0x0",
 <       "hash": "0xac70cbd530c6ea625efcc694e4f99d706ccafee8e48e980330420145fd07742c",
 <       "parentHash": "0x0000000000000000000000000000000000000000000000000000000000000000",
 <       "mixHash": "0x0000000000000000000000000000000000000000000000000000000000000000",
 <       "nonce": "0x0000000000000000",
 <       "sha3Uncles": "0x1dcc4de8dec75d7aab85b567b6ccd41ad312451b948a7413f0a142fd40d49347",
 <       "logsBloom": "0x00000000000000000000000000000000000000000000000000000000000000000000000000000000000000000000000000000000000000000000000000000000000000000000000000000000000000000000000000000000000000000000000000000000000000000000000000000000000000000000000000000000000000000000000000000000000000000000000000000000000000000000000000000000000000000000000000000000000000000000000000000000000000000000000000000000000000000000000000000000000000000000000000000000000000000000000000000000000000000000000000000000000000000000000000000000",
 <       "transactionsRoot": "0x56e81f171bcc55a6ff8345e692c0f86e5b48e01b996cadc001622fb5e363b421",
 <       "stateRoot": "0x405421b5dd8e2439a1c2da379de4eba6398b664ccb4acf9fae8407dce076020a",
 <       "receiptsRoot": "0x56e81f171bcc55a6ff8345e692c0f86e5b48e01b996cadc001622fb5e363b421",
 <       "miner": "0x0000000000000000000000000000000000000000",
 <       "difficulty": "0x0",
 <       "totalDifficulty": "0x0",
 <       "extraData": "0x",
 <       "size": "0x3e8",
 <       "gasLimit": "0x98967f",
 <       "gasUsed": "0x0",
 <       "timestamp": "0x613d2e9d",
 <       "transactions": [],
 <       "uncles": []
 <     }
 <   }
[2021/09/11 19:33:04.517] -  <   {
 <     "id": 194,
 <     "jsonrpc": "2.0",
 <     "result": "0x6"
 <   }
[2021/09/11 19:33:04.871] - eth_getTransactionCount
[2021/09/11 19:33:04.872] -    > {
   >   "jsonrpc": "2.0",
   >   "id": 217,
   >   "method": "eth_getTransactionCount",
   >   "params": [
   >     "0x27d8d15cbc94527cadf5ec14b69519ae23288b95",
   >     "latest"
   >   ],
   >   "internal": true
   > }
[2021/09/11 19:33:04.875] -  <   {
 <     "id": 217,
 <     "jsonrpc": "2.0",
 <     "result": "0x0"
 <   }
[2021/09/11 19:33:04.919] - eth_getBalance
[2021/09/11 19:33:04.919] -    > {
   >   "jsonrpc": "2.0",
   >   "id": 218,
   >   "method": "eth_getBalance",
   >   "params": [
   >     "0x018c2dabef4904ecbd7118350a0c54dbeae3549a",
   >     "latest"
   >   ],
   >   "internal": true
   > }
[2021/09/11 19:33:04.922] -  <   {
 <     "id": 218,
 <     "jsonrpc": "2.0",
 <     "result": "0x3635c9adc5dea00000"
 <   }
[2021/09/11 19:33:04.966] - eth_getTransactionCount
[2021/09/11 19:33:04.966] -    > {
   >   "jsonrpc": "2.0",
   >   "id": 219,
   >   "method": "eth_getTransactionCount",
   >   "params": [
   >     "0x018c2dabef4904ecbd7118350a0c54dbeae3549a",
   >     "latest"
   >   ],
   >   "internal": true
   > }
[2021/09/11 19:33:04.969] -  <   {
 <     "id": 219,
 <     "jsonrpc": "2.0",
 <     "result": "0x0"
 <   }
[2021/09/11 19:33:05.012] - eth_getBalance
[2021/09/11 19:33:05.012] -    > {
   >   "jsonrpc": "2.0",
   >   "id": 220,
   >   "method": "eth_getBalance",
   >   "params": [
   >     "0xce5144391b4ab80668965f2cc4f2cc102380ef0a",
   >     "latest"
   >   ],
   >   "internal": true
   > }
[2021/09/11 19:33:05.015] -  <   {
 <     "id": 220,
 <     "jsonrpc": "2.0",
 <     "result": "0x3635c9adc5dea00000"
 <   }
[2021/09/11 19:33:05.057] - eth_getTransactionCount
[2021/09/11 19:33:05.057] -    > {
   >   "jsonrpc": "2.0",
   >   "id": 221,
   >   "method": "eth_getTransactionCount",
   >   "params": [
   >     "0xce5144391b4ab80668965f2cc4f2cc102380ef0a",
   >     "latest"
   >   ],
   >   "internal": true
   > }
[2021/09/11 19:33:05.059] -  <   {
 <     "id": 221,
 <     "jsonrpc": "2.0",
 <     "result": "0x0"
 <   }
[2021/09/11 19:33:05.101] - eth_getBalance
[2021/09/11 19:33:05.102] -    > {
   >   "jsonrpc": "2.0",
   >   "id": 222,
   >   "method": "eth_getBalance",
   >   "params": [
   >     "0x460c31107dd048e34971e57da2f99f659add4f02",
   >     "latest"
   >   ],
   >   "internal": true
   > }
[2021/09/11 19:33:05.105] -  <   {
 <     "id": 222,
 <     "jsonrpc": "2.0",
 <     "result": "0x3635c9adc5dea00000"
 <   }
[2021/09/11 19:33:05.146] - eth_getTransactionCount
[2021/09/11 19:33:05.146] -    > {
   >   "jsonrpc": "2.0",
   >   "id": 223,
   >   "method": "eth_getTransactionCount",
   >   "params": [
   >     "0x460c31107dd048e34971e57da2f99f659add4f02",
   >     "latest"
   >   ],
   >   "internal": true
   > }
[2021/09/11 19:33:05.149] -  <   {
 <     "id": 223,
 <     "jsonrpc": "2.0",
 <     "result": "0x0"
 <   }
[2021/09/11 19:33:05.186] - eth_getBalance
[2021/09/11 19:33:05.186] -    > {
   >   "jsonrpc": "2.0",
   >   "id": 224,
   >   "method": "eth_getBalance",
   >   "params": [
   >     "0xd37b7b8c62be2fdde8daa9816483aebdbd356088",
   >     "latest"
   >   ],
   >   "internal": true
   > }
[2021/09/11 19:33:05.188] -  <   {
 <     "id": 224,
 <     "jsonrpc": "2.0",
 <     "result": "0x3635c9adc5dea00000"
 <   }
[2021/09/11 19:33:05.229] - eth_getTransactionCount
[2021/09/11 19:33:05.230] -    > {
   >   "jsonrpc": "2.0",
   >   "id": 225,
   >   "method": "eth_getTransactionCount",
   >   "params": [
   >     "0xd37b7b8c62be2fdde8daa9816483aebdbd356088",
   >     "latest"
   >   ],
   >   "internal": true
   > }
[2021/09/11 19:33:05.232] -  <   {
 <     "id": 225,
 <     "jsonrpc": "2.0",
 <     "result": "0x0"
 <   }
[2021/09/11 19:33:05.273] - eth_getBalance
[2021/09/11 19:33:05.273] -    > {
   >   "jsonrpc": "2.0",
   >   "id": 226,
   >   "method": "eth_getBalance",
   >   "params": [
   >     "0x27f184bdc0e7a931b507ddd689d76dba10514bcb",
   >     "latest"
   >   ],
   >   "internal": true
   > }
[2021/09/11 19:33:05.277] -  <   {
 <     "id": 226,
 <     "jsonrpc": "2.0",
 <     "result": "0x3635c9adc5dea00000"
 <   }
[2021/09/11 19:33:05.318] - eth_getTransactionCount
[2021/09/11 19:33:05.319] -    > {
   >   "jsonrpc": "2.0",
   >   "id": 227,
   >   "method": "eth_getTransactionCount",
   >   "params": [
   >     "0x27f184bdc0e7a931b507ddd689d76dba10514bcb",
   >     "latest"
   >   ],
   >   "internal": true
   > }
[2021/09/11 19:33:05.321] -  <   {
 <     "id": 227,
 <     "jsonrpc": "2.0",
 <     "result": "0x0"
 <   }
[2021/09/11 19:33:05.364] - eth_getBalance
[2021/09/11 19:33:05.364] -    > {
   >   "jsonrpc": "2.0",
   >   "id": 228,
   >   "method": "eth_getBalance",
   >   "params": [
   >     "0xfe0df793060c49edca5ac9c104dd8e3375349978",
   >     "latest"
   >   ],
   >   "internal": true
   > }
[2021/09/11 19:33:05.366] -  <   {
 <     "id": 228,
 <     "jsonrpc": "2.0",
 <     "result": "0x3635c9adc5dea00000"
 <   }
[2021/09/11 19:33:05.410] - eth_getTransactionCount
[2021/09/11 19:33:05.410] -    > {
   >   "jsonrpc": "2.0",
   >   "id": 229,
   >   "method": "eth_getTransactionCount",
   >   "params": [
   >     "0xfe0df793060c49edca5ac9c104dd8e3375349978",
   >     "latest"
   >   ],
   >   "internal": true
   > }
[2021/09/11 19:33:05.412] -  <   {
 <     "id": 229,
 <     "jsonrpc": "2.0",
 <     "result": "0x0"
 <   }
[2021/09/11 19:33:05.455] - eth_getBalance
[2021/09/11 19:33:05.455] -    > {
   >   "jsonrpc": "2.0",
   >   "id": 230,
   >   "method": "eth_getBalance",
   >   "params": [
   >     "0xbd58a85c96cc6727859d853086fe8560bc137632",
   >     "latest"
   >   ],
   >   "internal": true
   > }
[2021/09/11 19:33:05.458] -  <   {
 <     "id": 230,
 <     "jsonrpc": "2.0",
 <     "result": "0x3635c9adc5dea00000"
 <   }
[2021/09/11 19:33:05.510] - eth_getTransactionCount
[2021/09/11 19:33:05.510] -    > {
   >   "jsonrpc": "2.0",
   >   "id": 231,
   >   "method": "eth_getTransactionCount",
   >   "params": [
   >     "0xbd58a85c96cc6727859d853086fe8560bc137632",
   >     "latest"
   >   ],
   >   "internal": true
   > }
[2021/09/11 19:33:05.516] -  <   {
 <     "id": 231,
 <     "jsonrpc": "2.0",
 <     "result": "0x0"
 <   }
[2021/09/11 19:33:05.565] - eth_getBalance
[2021/09/11 19:33:05.565] -    > {
   >   "jsonrpc": "2.0",
   >   "id": 232,
   >   "method": "eth_getBalance",
   >   "params": [
   >     "0xe07b5ee5f738b2f87f88b99aac9c64ff1e0c7917",
   >     "latest"
   >   ],
   >   "internal": true
   > }
[2021/09/11 19:33:05.569] -  <   {
 <     "id": 232,
 <     "jsonrpc": "2.0",
 <     "result": "0x3635c9adc5dea00000"
 <   }
[2021/09/11 19:33:05.613] - eth_getTransactionCount
[2021/09/11 19:33:05.613] -    > {
   >   "jsonrpc": "2.0",
   >   "id": 233,
   >   "method": "eth_getTransactionCount",
   >   "params": [
   >     "0xe07b5ee5f738b2f87f88b99aac9c64ff1e0c7917",
   >     "latest"
   >   ],
   >   "internal": true
   > }
[2021/09/11 19:33:05.616] -  <   {
 <     "id": 233,
 <     "jsonrpc": "2.0",
 <     "result": "0x0"
 <   }
[2021/09/11 19:33:05.657] - eth_getBalance
[2021/09/11 19:33:05.657] -    > {
   >   "jsonrpc": "2.0",
   >   "id": 234,
   >   "method": "eth_getBalance",
   >   "params": [
   >     "0xbd3ff2e3aded055244d66544c9c059fa0851da44",
   >     "latest"
   >   ],
   >   "internal": true
   > }
[2021/09/11 19:33:05.660] -  <   {
 <     "id": 234,
 <     "jsonrpc": "2.0",
 <     "result": "0x3635c9adc5dea00000"
 <   }
[2021/09/11 19:33:05.696] - eth_getTransactionCount
[2021/09/11 19:33:05.696] -    > {
   >   "jsonrpc": "2.0",
   >   "id": 235,
   >   "method": "eth_getTransactionCount",
   >   "params": [
   >     "0xbd3ff2e3aded055244d66544c9c059fa0851da44",
   >     "latest"
   >   ],
   >   "internal": true
   > }
[2021/09/11 19:33:05.699] -  <   {
 <     "id": 235,
 <     "jsonrpc": "2.0",
 <     "result": "0x0"
 <   }
[2021/09/11 19:33:08.366] - eth_getBalance
[2021/09/11 19:33:08.367] -    > {
   >   "jsonrpc": "2.0",
   >   "id": 237,
   >   "method": "eth_getBalance",
   >   "params": [
   >     "0x27d8d15cbc94527cadf5ec14b69519ae23288b95",
   >     "latest"
   >   ],
   >   "internal": true
   > }
[2021/09/11 19:33:08.368] -  <   {
 <     "id": 237,
 <     "jsonrpc": "2.0",
 <     "result": "0x3635c9adc5dea00000"
 <   }
[2021/09/11 19:33:08.410] - eth_getTransactionCount
[2021/09/11 19:33:08.410] -    > {
   >   "jsonrpc": "2.0",
   >   "id": 238,
   >   "method": "eth_getTransactionCount",
   >   "params": [
   >     "0x27d8d15cbc94527cadf5ec14b69519ae23288b95",
   >     "latest"
   >   ],
   >   "internal": true
   > }
[2021/09/11 19:33:08.413] -  <   {
 <     "id": 238,
 <     "jsonrpc": "2.0",
 <     "result": "0x0"
 <   }
[2021/09/11 19:33:08.453] - eth_getBalance
[2021/09/11 19:33:08.454] -    > {
   >   "jsonrpc": "2.0",
   >   "id": 239,
   >   "method": "eth_getBalance",
   >   "params": [
   >     "0x018c2dabef4904ecbd7118350a0c54dbeae3549a",
   >     "latest"
   >   ],
   >   "internal": true
   > }
[2021/09/11 19:33:08.456] -  <   {
 <     "id": 239,
 <     "jsonrpc": "2.0",
 <     "result": "0x3635c9adc5dea00000"
 <   }
[2021/09/11 19:33:08.498] - eth_getTransactionCount
[2021/09/11 19:33:08.498] -    > {
   >   "jsonrpc": "2.0",
   >   "id": 240,
   >   "method": "eth_getTransactionCount",
   >   "params": [
   >     "0x018c2dabef4904ecbd7118350a0c54dbeae3549a",
   >     "latest"
   >   ],
   >   "internal": true
   > }
[2021/09/11 19:33:08.501] -  <   {
 <     "id": 240,
 <     "jsonrpc": "2.0",
 <     "result": "0x0"
 <   }
[2021/09/11 19:33:08.543] - eth_getBalance
[2021/09/11 19:33:08.544] -    > {
   >   "jsonrpc": "2.0",
   >   "id": 241,
   >   "method": "eth_getBalance",
   >   "params": [
   >     "0xce5144391b4ab80668965f2cc4f2cc102380ef0a",
   >     "latest"
   >   ],
   >   "internal": true
   > }
[2021/09/11 19:33:08.547] -  <   {
 <     "id": 241,
 <     "jsonrpc": "2.0",
 <     "result": "0x3635c9adc5dea00000"
 <   }
[2021/09/11 19:33:08.589] - eth_getTransactionCount
[2021/09/11 19:33:08.589] -    > {
   >   "jsonrpc": "2.0",
   >   "id": 242,
   >   "method": "eth_getTransactionCount",
   >   "params": [
   >     "0xce5144391b4ab80668965f2cc4f2cc102380ef0a",
   >     "latest"
   >   ],
   >   "internal": true
   > }
[2021/09/11 19:33:08.592] -  <   {
 <     "id": 242,
 <     "jsonrpc": "2.0",
 <     "result": "0x0"
 <   }
[2021/09/11 19:33:08.634] - eth_getBalance
[2021/09/11 19:33:08.635] -    > {
   >   "jsonrpc": "2.0",
   >   "id": 243,
   >   "method": "eth_getBalance",
   >   "params": [
   >     "0x460c31107dd048e34971e57da2f99f659add4f02",
   >     "latest"
   >   ],
   >   "internal": true
   > }
[2021/09/11 19:33:08.637] -  <   {
 <     "id": 243,
 <     "jsonrpc": "2.0",
 <     "result": "0x3635c9adc5dea00000"
 <   }
[2021/09/11 19:33:08.679] - eth_getTransactionCount
[2021/09/11 19:33:08.680] -    > {
   >   "jsonrpc": "2.0",
   >   "id": 244,
   >   "method": "eth_getTransactionCount",
   >   "params": [
   >     "0x460c31107dd048e34971e57da2f99f659add4f02",
   >     "latest"
   >   ],
   >   "internal": true
   > }
[2021/09/11 19:33:08.682] -  <   {
 <     "id": 244,
 <     "jsonrpc": "2.0",
 <     "result": "0x0"
 <   }
[2021/09/11 19:33:08.725] - eth_getBalance
[2021/09/11 19:33:08.725] -    > {
   >   "jsonrpc": "2.0",
   >   "id": 245,
   >   "method": "eth_getBalance",
   >   "params": [
   >     "0xd37b7b8c62be2fdde8daa9816483aebdbd356088",
   >     "latest"
   >   ],
   >   "internal": true
   > }
[2021/09/11 19:33:08.728] -  <   {
 <     "id": 245,
 <     "jsonrpc": "2.0",
 <     "result": "0x3635c9adc5dea00000"
 <   }
[2021/09/11 19:33:08.769] - eth_getTransactionCount
[2021/09/11 19:33:08.770] -    > {
   >   "jsonrpc": "2.0",
   >   "id": 246,
   >   "method": "eth_getTransactionCount",
   >   "params": [
   >     "0xd37b7b8c62be2fdde8daa9816483aebdbd356088",
   >     "latest"
   >   ],
   >   "internal": true
   > }
[2021/09/11 19:33:08.773] -  <   {
 <     "id": 246,
 <     "jsonrpc": "2.0",
 <     "result": "0x0"
 <   }
[2021/09/11 19:33:08.814] - eth_getBalance
[2021/09/11 19:33:08.814] -    > {
   >   "jsonrpc": "2.0",
   >   "id": 247,
   >   "method": "eth_getBalance",
   >   "params": [
   >     "0x27f184bdc0e7a931b507ddd689d76dba10514bcb",
   >     "latest"
   >   ],
   >   "internal": true
   > }
[2021/09/11 19:33:08.817] -  <   {
 <     "id": 247,
 <     "jsonrpc": "2.0",
 <     "result": "0x3635c9adc5dea00000"
 <   }
[2021/09/11 19:33:08.859] - eth_getTransactionCount
[2021/09/11 19:33:08.860] -    > {
   >   "jsonrpc": "2.0",
   >   "id": 248,
   >   "method": "eth_getTransactionCount",
   >   "params": [
   >     "0x27f184bdc0e7a931b507ddd689d76dba10514bcb",
   >     "latest"
   >   ],
   >   "internal": true
   > }
[2021/09/11 19:33:08.863] -  <   {
 <     "id": 248,
 <     "jsonrpc": "2.0",
 <     "result": "0x0"
 <   }
[2021/09/11 19:33:08.905] - eth_getBalance
[2021/09/11 19:33:08.905] -    > {
   >   "jsonrpc": "2.0",
   >   "id": 249,
   >   "method": "eth_getBalance",
   >   "params": [
   >     "0xfe0df793060c49edca5ac9c104dd8e3375349978",
   >     "latest"
   >   ],
   >   "internal": true
   > }
[2021/09/11 19:33:08.908] -  <   {
 <     "id": 249,
 <     "jsonrpc": "2.0",
 <     "result": "0x3635c9adc5dea00000"
 <   }
[2021/09/11 19:33:08.949] - eth_getTransactionCount
[2021/09/11 19:33:08.950] -    > {
   >   "jsonrpc": "2.0",
   >   "id": 250,
   >   "method": "eth_getTransactionCount",
   >   "params": [
   >     "0xfe0df793060c49edca5ac9c104dd8e3375349978",
   >     "latest"
   >   ],
   >   "internal": true
   > }
[2021/09/11 19:33:08.953] -  <   {
 <     "id": 250,
 <     "jsonrpc": "2.0",
 <     "result": "0x0"
 <   }
[2021/09/11 19:33:09.011] - eth_getBalance
[2021/09/11 19:33:09.011] -    > {
   >   "jsonrpc": "2.0",
   >   "id": 251,
   >   "method": "eth_getBalance",
   >   "params": [
   >     "0xbd58a85c96cc6727859d853086fe8560bc137632",
   >     "latest"
   >   ],
   >   "internal": true
   > }
[2021/09/11 19:33:09.015] -  <   {
 <     "id": 251,
 <     "jsonrpc": "2.0",
 <     "result": "0x3635c9adc5dea00000"
 <   }
[2021/09/11 19:33:09.054] - eth_getTransactionCount
[2021/09/11 19:33:09.055] -    > {
   >   "jsonrpc": "2.0",
   >   "id": 252,
   >   "method": "eth_getTransactionCount",
   >   "params": [
   >     "0xbd58a85c96cc6727859d853086fe8560bc137632",
   >     "latest"
   >   ],
   >   "internal": true
   > }
[2021/09/11 19:33:09.057] -  <   {
 <     "id": 252,
 <     "jsonrpc": "2.0",
 <     "result": "0x0"
 <   }
[2021/09/11 19:33:09.100] - eth_getBalance
[2021/09/11 19:33:09.100] -    > {
   >   "jsonrpc": "2.0",
   >   "id": 253,
   >   "method": "eth_getBalance",
   >   "params": [
   >     "0xe07b5ee5f738b2f87f88b99aac9c64ff1e0c7917",
   >     "latest"
   >   ],
   >   "internal": true
   > }
[2021/09/11 19:33:09.103] -  <   {
 <     "id": 253,
 <     "jsonrpc": "2.0",
 <     "result": "0x3635c9adc5dea00000"
 <   }
[2021/09/11 19:33:09.147] - eth_getTransactionCount
[2021/09/11 19:33:09.147] -    > {
   >   "jsonrpc": "2.0",
   >   "id": 254,
   >   "method": "eth_getTransactionCount",
   >   "params": [
   >     "0xe07b5ee5f738b2f87f88b99aac9c64ff1e0c7917",
   >     "latest"
   >   ],
   >   "internal": true
   > }
[2021/09/11 19:33:09.149] -  <   {
 <     "id": 254,
 <     "jsonrpc": "2.0",
 <     "result": "0x0"
 <   }
[2021/09/11 19:33:09.197] - eth_getBalance
[2021/09/11 19:33:09.197] -    > {
   >   "jsonrpc": "2.0",
   >   "id": 255,
   >   "method": "eth_getBalance",
   >   "params": [
   >     "0xbd3ff2e3aded055244d66544c9c059fa0851da44",
   >     "latest"
   >   ],
   >   "internal": true
   > }
[2021/09/11 19:33:09.200] -  <   {
 <     "id": 255,
 <     "jsonrpc": "2.0",
 <     "result": "0x3635c9adc5dea00000"
 <   }
[2021/09/11 19:33:09.243] - eth_getTransactionCount
[2021/09/11 19:33:09.244] -    > {
   >   "jsonrpc": "2.0",
   >   "id": 256,
   >   "method": "eth_getTransactionCount",
   >   "params": [
   >     "0xbd3ff2e3aded055244d66544c9c059fa0851da44",
   >     "latest"
   >   ],
   >   "internal": true
   > }
[2021/09/11 19:33:09.247] -  <   {
 <     "id": 256,
 <     "jsonrpc": "2.0",
 <     "result": "0x0"
 <   }
[2021/09/11 19:33:09.289] - eth_getBalance
[2021/09/11 19:33:09.289] -    > {
   >   "jsonrpc": "2.0",
   >   "id": 257,
   >   "method": "eth_getBalance",
   >   "params": [
   >     "0x27d8d15cbc94527cadf5ec14b69519ae23288b95",
   >     "latest"
   >   ],
   >   "internal": true
   > }
[2021/09/11 19:33:09.292] -  <   {
 <     "id": 257,
 <     "jsonrpc": "2.0",
 <     "result": "0x3635c9adc5dea00000"
 <   }
[2021/09/11 19:33:09.334] - eth_getTransactionCount
[2021/09/11 19:33:09.335] -    > {
   >   "jsonrpc": "2.0",
   >   "id": 258,
   >   "method": "eth_getTransactionCount",
   >   "params": [
   >     "0x27d8d15cbc94527cadf5ec14b69519ae23288b95",
   >     "latest"
   >   ],
   >   "internal": true
   > }
[2021/09/11 19:33:09.337] -  <   {
 <     "id": 258,
 <     "jsonrpc": "2.0",
 <     "result": "0x0"
 <   }
[2021/09/11 19:33:09.378] - eth_getBalance
[2021/09/11 19:33:09.378] -    > {
   >   "jsonrpc": "2.0",
   >   "id": 259,
   >   "method": "eth_getBalance",
   >   "params": [
   >     "0x018c2dabef4904ecbd7118350a0c54dbeae3549a",
   >     "latest"
   >   ],
   >   "internal": true
   > }
[2021/09/11 19:33:09.381] -  <   {
 <     "id": 259,
 <     "jsonrpc": "2.0",
 <     "result": "0x3635c9adc5dea00000"
 <   }
[2021/09/11 19:33:09.424] - eth_getTransactionCount
[2021/09/11 19:33:09.424] -    > {
   >   "jsonrpc": "2.0",
   >   "id": 260,
   >   "method": "eth_getTransactionCount",
   >   "params": [
   >     "0x018c2dabef4904ecbd7118350a0c54dbeae3549a",
   >     "latest"
   >   ],
   >   "internal": true
   > }
[2021/09/11 19:33:09.426] -  <   {
 <     "id": 260,
 <     "jsonrpc": "2.0",
 <     "result": "0x0"
 <   }
[2021/09/11 19:33:09.463] - eth_getBalance
[2021/09/11 19:33:09.463] -    > {
   >   "jsonrpc": "2.0",
   >   "id": 261,
   >   "method": "eth_getBalance",
   >   "params": [
   >     "0xce5144391b4ab80668965f2cc4f2cc102380ef0a",
   >     "latest"
   >   ],
   >   "internal": true
   > }
[2021/09/11 19:33:09.466] -  <   {
 <     "id": 261,
 <     "jsonrpc": "2.0",
 <     "result": "0x3635c9adc5dea00000"
 <   }
[2021/09/11 19:33:09.507] - eth_getTransactionCount
[2021/09/11 19:33:09.507] -    > {
   >   "jsonrpc": "2.0",
   >   "id": 262,
   >   "method": "eth_getTransactionCount",
   >   "params": [
   >     "0xce5144391b4ab80668965f2cc4f2cc102380ef0a",
   >     "latest"
   >   ],
   >   "internal": true
   > }
[2021/09/11 19:33:09.510] -  <   {
 <     "id": 262,
 <     "jsonrpc": "2.0",
 <     "result": "0x0"
 <   }
[2021/09/11 19:33:09.551] - eth_getBalance
[2021/09/11 19:33:09.551] -    > {
   >   "jsonrpc": "2.0",
   >   "id": 263,
   >   "method": "eth_getBalance",
   >   "params": [
   >     "0x460c31107dd048e34971e57da2f99f659add4f02",
   >     "latest"
   >   ],
   >   "internal": true
   > }
[2021/09/11 19:33:09.554] -  <   {
 <     "id": 263,
 <     "jsonrpc": "2.0",
 <     "result": "0x3635c9adc5dea00000"
 <   }
[2021/09/11 19:33:09.596] - eth_getTransactionCount
[2021/09/11 19:33:09.596] -    > {
   >   "jsonrpc": "2.0",
   >   "id": 264,
   >   "method": "eth_getTransactionCount",
   >   "params": [
   >     "0x460c31107dd048e34971e57da2f99f659add4f02",
   >     "latest"
   >   ],
   >   "internal": true
   > }
[2021/09/11 19:33:09.599] -  <   {
 <     "id": 264,
 <     "jsonrpc": "2.0",
 <     "result": "0x0"
 <   }
[2021/09/11 19:33:09.653] - eth_getBalance
[2021/09/11 19:33:09.653] -    > {
   >   "jsonrpc": "2.0",
   >   "id": 265,
   >   "method": "eth_getBalance",
   >   "params": [
   >     "0xd37b7b8c62be2fdde8daa9816483aebdbd356088",
   >     "latest"
   >   ],
   >   "internal": true
   > }
[2021/09/11 19:33:09.656] -  <   {
 <     "id": 265,
 <     "jsonrpc": "2.0",
 <     "result": "0x3635c9adc5dea00000"
 <   }
[2021/09/11 19:33:09.700] - eth_getTransactionCount
[2021/09/11 19:33:09.701] -    > {
   >   "jsonrpc": "2.0",
   >   "id": 266,
   >   "method": "eth_getTransactionCount",
   >   "params": [
   >     "0xd37b7b8c62be2fdde8daa9816483aebdbd356088",
   >     "latest"
   >   ],
   >   "internal": true
   > }
[2021/09/11 19:33:09.704] -  <   {
 <     "id": 266,
 <     "jsonrpc": "2.0",
 <     "result": "0x0"
 <   }
[2021/09/11 19:33:09.746] - eth_getBalance
[2021/09/11 19:33:09.746] -    > {
   >   "jsonrpc": "2.0",
   >   "id": 267,
   >   "method": "eth_getBalance",
   >   "params": [
   >     "0x27f184bdc0e7a931b507ddd689d76dba10514bcb",
   >     "latest"
   >   ],
   >   "internal": true
   > }
[2021/09/11 19:33:09.749] -  <   {
 <     "id": 267,
 <     "jsonrpc": "2.0",
 <     "result": "0x3635c9adc5dea00000"
 <   }
[2021/09/11 19:33:09.793] - eth_getTransactionCount
[2021/09/11 19:33:09.793] -    > {
   >   "jsonrpc": "2.0",
   >   "id": 268,
   >   "method": "eth_getTransactionCount",
   >   "params": [
   >     "0x27f184bdc0e7a931b507ddd689d76dba10514bcb",
   >     "latest"
   >   ],
   >   "internal": true
   > }
[2021/09/11 19:33:09.796] -  <   {
 <     "id": 268,
 <     "jsonrpc": "2.0",
 <     "result": "0x0"
 <   }
[2021/09/11 19:33:09.838] - eth_getBalance
[2021/09/11 19:33:09.838] -    > {
   >   "jsonrpc": "2.0",
   >   "id": 269,
   >   "method": "eth_getBalance",
   >   "params": [
   >     "0xfe0df793060c49edca5ac9c104dd8e3375349978",
   >     "latest"
   >   ],
   >   "internal": true
   > }
[2021/09/11 19:33:09.841] -  <   {
 <     "id": 269,
 <     "jsonrpc": "2.0",
 <     "result": "0x3635c9adc5dea00000"
 <   }
[2021/09/11 19:33:09.891] - eth_getTransactionCount
[2021/09/11 19:33:09.891] -    > {
   >   "jsonrpc": "2.0",
   >   "id": 270,
   >   "method": "eth_getTransactionCount",
   >   "params": [
   >     "0xfe0df793060c49edca5ac9c104dd8e3375349978",
   >     "latest"
   >   ],
   >   "internal": true
   > }
[2021/09/11 19:33:09.894] -  <   {
 <     "id": 270,
 <     "jsonrpc": "2.0",
 <     "result": "0x0"
 <   }
[2021/09/11 19:33:09.952] - eth_getBalance
[2021/09/11 19:33:09.952] -    > {
   >   "jsonrpc": "2.0",
   >   "id": 271,
   >   "method": "eth_getBalance",
   >   "params": [
   >     "0xbd58a85c96cc6727859d853086fe8560bc137632",
   >     "latest"
   >   ],
   >   "internal": true
   > }
[2021/09/11 19:33:09.958] -  <   {
 <     "id": 271,
 <     "jsonrpc": "2.0",
 <     "result": "0x3635c9adc5dea00000"
 <   }
[2021/09/11 19:33:10.011] - eth_getTransactionCount
[2021/09/11 19:33:10.011] -    > {
   >   "jsonrpc": "2.0",
   >   "id": 272,
   >   "method": "eth_getTransactionCount",
   >   "params": [
   >     "0xbd58a85c96cc6727859d853086fe8560bc137632",
   >     "latest"
   >   ],
   >   "internal": true
   > }
[2021/09/11 19:33:10.015] -  <   {
 <     "id": 272,
 <     "jsonrpc": "2.0",
 <     "result": "0x0"
 <   }
[2021/09/11 19:33:10.055] - eth_getBalance
[2021/09/11 19:33:10.055] -    > {
   >   "jsonrpc": "2.0",
   >   "id": 273,
   >   "method": "eth_getBalance",
   >   "params": [
   >     "0xe07b5ee5f738b2f87f88b99aac9c64ff1e0c7917",
   >     "latest"
   >   ],
   >   "internal": true
   > }
[2021/09/11 19:33:10.058] -  <   {
 <     "id": 273,
 <     "jsonrpc": "2.0",
 <     "result": "0x3635c9adc5dea00000"
 <   }
[2021/09/11 19:33:10.099] - eth_getTransactionCount
[2021/09/11 19:33:10.099] -    > {
   >   "jsonrpc": "2.0",
   >   "id": 274,
   >   "method": "eth_getTransactionCount",
   >   "params": [
   >     "0xe07b5ee5f738b2f87f88b99aac9c64ff1e0c7917",
   >     "latest"
   >   ],
   >   "internal": true
   > }
[2021/09/11 19:33:10.102] -  <   {
 <     "id": 274,
 <     "jsonrpc": "2.0",
 <     "result": "0x0"
 <   }
[2021/09/11 19:33:10.145] - eth_getBalance
[2021/09/11 19:33:10.145] -    > {
   >   "jsonrpc": "2.0",
   >   "id": 275,
   >   "method": "eth_getBalance",
   >   "params": [
   >     "0xbd3ff2e3aded055244d66544c9c059fa0851da44",
   >     "latest"
   >   ],
   >   "internal": true
   > }
[2021/09/11 19:33:10.148] -  <   {
 <     "id": 275,
 <     "jsonrpc": "2.0",
 <     "result": "0x3635c9adc5dea00000"
 <   }
[2021/09/11 19:33:10.191] - eth_getTransactionCount
[2021/09/11 19:33:10.191] -    > {
   >   "jsonrpc": "2.0",
   >   "id": 276,
   >   "method": "eth_getTransactionCount",
   >   "params": [
   >     "0xbd3ff2e3aded055244d66544c9c059fa0851da44",
   >     "latest"
   >   ],
   >   "internal": true
   > }
[2021/09/11 19:33:10.194] -  <   {
 <     "id": 276,
 <     "jsonrpc": "2.0",
 <     "result": "0x0"
 <   }
[2021/09/11 19:33:24.363] - eth_getBlockByNumber
[2021/09/11 19:33:24.363] -    > {
   >   "jsonrpc": "2.0",
   >   "id": 277,
   >   "method": "eth_getBlockByNumber",
   >   "params": [
   >     "0x0",
   >     true
   >   ],
   >   "internal": true
   > }
[2021/09/11 19:33:24.365] -  <   {
 <     "id": 277,
 <     "jsonrpc": "2.0",
 <     "result": {
 <       "number": "0x0",
 <       "hash": "0xac70cbd530c6ea625efcc694e4f99d706ccafee8e48e980330420145fd07742c",
 <       "parentHash": "0x0000000000000000000000000000000000000000000000000000000000000000",
 <       "mixHash": "0x0000000000000000000000000000000000000000000000000000000000000000",
 <       "nonce": "0x0000000000000000",
 <       "sha3Uncles": "0x1dcc4de8dec75d7aab85b567b6ccd41ad312451b948a7413f0a142fd40d49347",
 <       "logsBloom": "0x00000000000000000000000000000000000000000000000000000000000000000000000000000000000000000000000000000000000000000000000000000000000000000000000000000000000000000000000000000000000000000000000000000000000000000000000000000000000000000000000000000000000000000000000000000000000000000000000000000000000000000000000000000000000000000000000000000000000000000000000000000000000000000000000000000000000000000000000000000000000000000000000000000000000000000000000000000000000000000000000000000000000000000000000000000000",
 <       "transactionsRoot": "0x56e81f171bcc55a6ff8345e692c0f86e5b48e01b996cadc001622fb5e363b421",
 <       "stateRoot": "0x405421b5dd8e2439a1c2da379de4eba6398b664ccb4acf9fae8407dce076020a",
 <       "receiptsRoot": "0x56e81f171bcc55a6ff8345e692c0f86e5b48e01b996cadc001622fb5e363b421",
 <       "miner": "0x0000000000000000000000000000000000000000",
 <       "difficulty": "0x0",
 <       "totalDifficulty": "0x0",
 <       "extraData": "0x",
 <       "size": "0x3e8",
 <       "gasLimit": "0x98967f",
 <       "gasUsed": "0x0",
 <       "timestamp": "0x613d2e9d",
 <       "transactions": [],
 <       "uncles": []
 <     }
 <   }
[2021/09/11 19:33:26.216] - eth_getBlockByNumber
[2021/09/11 19:33:26.216] -    > {
   >   "jsonrpc": "2.0",
   >   "id": 278,
   >   "method": "eth_getBlockByNumber",
   >   "params": [
   >     "0x0",
   >     false
   >   ],
   >   "internal": true
   > }
[2021/09/11 19:33:26.218] -  <   {
 <     "id": 278,
 <     "jsonrpc": "2.0",
 <     "result": {
 <       "number": "0x0",
 <       "hash": "0xac70cbd530c6ea625efcc694e4f99d706ccafee8e48e980330420145fd07742c",
 <       "parentHash": "0x0000000000000000000000000000000000000000000000000000000000000000",
 <       "mixHash": "0x0000000000000000000000000000000000000000000000000000000000000000",
 <       "nonce": "0x0000000000000000",
 <       "sha3Uncles": "0x1dcc4de8dec75d7aab85b567b6ccd41ad312451b948a7413f0a142fd40d49347",
 <       "logsBloom": "0x00000000000000000000000000000000000000000000000000000000000000000000000000000000000000000000000000000000000000000000000000000000000000000000000000000000000000000000000000000000000000000000000000000000000000000000000000000000000000000000000000000000000000000000000000000000000000000000000000000000000000000000000000000000000000000000000000000000000000000000000000000000000000000000000000000000000000000000000000000000000000000000000000000000000000000000000000000000000000000000000000000000000000000000000000000000",
 <       "transactionsRoot": "0x56e81f171bcc55a6ff8345e692c0f86e5b48e01b996cadc001622fb5e363b421",
 <       "stateRoot": "0x405421b5dd8e2439a1c2da379de4eba6398b664ccb4acf9fae8407dce076020a",
 <       "receiptsRoot": "0x56e81f171bcc55a6ff8345e692c0f86e5b48e01b996cadc001622fb5e363b421",
 <       "miner": "0x0000000000000000000000000000000000000000",
 <       "difficulty": "0x0",
 <       "totalDifficulty": "0x0",
 <       "extraData": "0x",
 <       "size": "0x3e8",
 <       "gasLimit": "0x98967f",
 <       "gasUsed": "0x0",
 <       "timestamp": "0x613d2e9d",
 <       "transactions": [],
 <       "uncles": []
 <     }
 <   }
[2021/09/11 19:33:26.374] - eth_getLogs
[2021/09/11 19:33:26.374] -    > {
   >   "jsonrpc": "2.0",
   >   "id": 279,
   >   "method": "eth_getLogs",
   >   "params": [
   >     {
   >       "fromBlock": "0x0",
   >       "toBlock": "0x0",
   >       "topics": []
   >     }
   >   ],
   >   "internal": true
   > }
[2021/09/11 19:33:26.376] -  <   {
 <     "id": 279,
 <     "jsonrpc": "2.0",
 <     "result": []
 <   }
[2021/09/11 20:03:49.559] - eth_unsubscribe
[2021/09/11 20:03:49.647] -    > {
   >   "jsonrpc": "2.0",
   >   "id": 23,
   >   "method": "eth_unsubscribe",
   >   "params": [
   >     "0x3"
   >   ]
   > }
[2021/09/11 20:03:49.648] - eth_unsubscribe
[2021/09/11 20:03:49.649] -    > {
   >   "jsonrpc": "2.0",
   >   "id": 24,
   >   "method": "eth_unsubscribe",
   >   "params": [
   >     "0x4"
   >   ]
   > }
[2021/09/11 20:03:49.649] -  <   {
 <     "id": 23,
 <     "jsonrpc": "2.0",
 <     "result": true
 <   }
[2021/09/11 20:03:49.651] -  <   {
 <     "id": 24,
 <     "jsonrpc": "2.0",
 <     "result": true
 <   }
[2021/09/11 20:03:49.694] -    > {
   >   "jsonrpc": "2.0",
   >   "method": "eth_unsubscribe",
   >   "params": [
   >     "0x6"
   >   ],
   >   "id": 1631401429693
   > }
[2021/09/11 20:03:49.695] -    > {
   >   "jsonrpc": "2.0",
   >   "method": "eth_unsubscribe",
   >   "params": [
   >     "0x5"
   >   ],
   >   "id": 1631401429694
   > }
[2021/09/11 20:03:49.696] -    > {
   >   "jsonrpc": "2.0",
   >   "method": "eth_unsubscribe",
   >   "params": [
   >     "0x1"
   >   ],
   >   "id": 1631401429695
   > }
[2021/09/11 20:03:49.697] -    > {
   >   "jsonrpc": "2.0",
   >   "method": "eth_unsubscribe",
   >   "params": [
   >     "0x2"
   >   ],
   >   "id": 1631401429696
   > }
[2021/09/11 20:03:49.699] -  <   {
 <     "id": 1631401429693,
 <     "jsonrpc": "2.0",
 <     "result": true
 <   }
[2021/09/11 20:03:49.700] -  <   {
 <     "id": 1631401429694,
 <     "jsonrpc": "2.0",
 <     "result": true
 <   }
[2021/09/11 20:03:49.702] -  <   {
 <     "id": 1631401429695,
 <     "jsonrpc": "2.0",
 <     "result": true
 <   }
[2021/09/11 20:03:49.703] -  <   {
 <     "id": 1631401429696,
 <     "jsonrpc": "2.0",
 <     "result": true
 <   }
