[2021/09/11 19:05:07.694] - Starting server with initial configuration: {"gasLimit":9999999,"gasPrice":20000000000,"hardfork":"muirGlacier","hostname":"127.0.0.1","port":7545,"network_id":5777,"default_balance_ether":50000,"total_accounts":10,"unlocked_accounts":[],"locked":true,"vmErrorsOnRPCResponse":true,"verbose":true,"db_path":"/home/lenovo/.config/Ganache/workspaces/Quickstart/chaindata","logDirectory":"/home/lenovo/dev/udacity/flightsurety"}
[2021/09/11 19:05:08.316] - eth_subscribe
[2021/09/11 19:05:08.316] -    > {
   >   "jsonrpc": "2.0",
   >   "id": 28,
   >   "method": "eth_subscribe",
   >   "params": [
   >     "newHeads"
   >   ]
   > }
[2021/09/11 19:05:08.316] - eth_getLogs
[2021/09/11 19:05:08.317] -    > {
   >   "jsonrpc": "2.0",
   >   "id": 29,
   >   "method": "eth_getLogs",
   >   "params": [
   >     {
   >       "topics": []
   >     }
   >   ]
   > }
[2021/09/11 19:05:08.317] - eth_subscribe
[2021/09/11 19:05:08.318] -    > {
   >   "jsonrpc": "2.0",
   >   "id": 30,
   >   "method": "eth_subscribe",
   >   "params": [
   >     "logs",
   >     {
   >       "topics": []
   >     }
   >   ]
   > }
[2021/09/11 19:05:08.318] -  <   {
 <     "id": 28,
 <     "jsonrpc": "2.0",
 <     "result": "0x1"
 <   }
[2021/09/11 19:05:08.320] -  <   {
 <     "id": 29,
 <     "jsonrpc": "2.0",
 <     "result": []
 <   }
[2021/09/11 19:05:08.322] -  <   {
 <     "id": 30,
 <     "jsonrpc": "2.0",
 <     "result": "0x2"
 <   }
[2021/09/11 19:05:08.339] - eth_subscribe
[2021/09/11 19:05:08.340] -    > {
   >   "jsonrpc": "2.0",
   >   "id": 31,
   >   "method": "eth_subscribe",
   >   "params": [
   >     "newHeads"
   >   ]
   > }
[2021/09/11 19:05:08.341] - eth_getLogs
[2021/09/11 19:05:08.341] -    > {
   >   "jsonrpc": "2.0",
   >   "id": 32,
   >   "method": "eth_getLogs",
   >   "params": [
   >     {
   >       "topics": []
   >     }
   >   ]
   > }
[2021/09/11 19:05:08.341] - eth_subscribe
[2021/09/11 19:05:08.342] -    > {
   >   "jsonrpc": "2.0",
   >   "id": 33,
   >   "method": "eth_subscribe",
   >   "params": [
   >     "logs",
   >     {
   >       "topics": []
   >     }
   >   ]
   > }
[2021/09/11 19:05:08.342] -  <   {
 <     "id": 31,
 <     "jsonrpc": "2.0",
 <     "result": "0x3"
 <   }
[2021/09/11 19:05:08.346] -  <   {
 <     "id": 32,
 <     "jsonrpc": "2.0",
 <     "result": []
 <   }
[2021/09/11 19:05:08.347] -  <   {
 <     "id": 33,
 <     "jsonrpc": "2.0",
 <     "result": "0x4"
 <   }
[2021/09/11 19:05:08.366] - eth_blockNumber
[2021/09/11 19:05:08.366] -    > {
   >   "jsonrpc": "2.0",
   >   "id": 323,
   >   "method": "eth_blockNumber",
   >   "params": [],
   >   "internal": true
   > }
[2021/09/11 19:05:08.366] - eth_accounts
[2021/09/11 19:05:08.367] -    > {
   >   "jsonrpc": "2.0",
   >   "id": 324,
   >   "method": "eth_accounts",
   >   "params": [],
   >   "internal": true
   > }
[2021/09/11 19:05:08.367] - eth_gasPrice
[2021/09/11 19:05:08.367] -    > {
   >   "jsonrpc": "2.0",
   >   "id": 325,
   >   "method": "eth_gasPrice",
   >   "params": [],
   >   "internal": true
   > }
[2021/09/11 19:05:08.368] -  <   {
 <     "id": 323,
 <     "jsonrpc": "2.0",
 <     "result": "0x0"
 <   }
[2021/09/11 19:05:08.369] - eth_getBlockByNumber
[2021/09/11 19:05:08.369] -    > {
   >   "jsonrpc": "2.0",
   >   "id": 326,
   >   "method": "eth_getBlockByNumber",
   >   "params": [
   >     "latest",
   >     false
   >   ],
   >   "internal": true
   > }
[2021/09/11 19:05:08.369] - eth_subscribe
[2021/09/11 19:05:08.370] -    > {
   >   "jsonrpc": "2.0",
   >   "id": 327,
   >   "method": "eth_subscribe",
   >   "params": [
   >     "newHeads"
   >   ],
   >   "internal": true
   > }
[2021/09/11 19:05:08.371] -  <   {
 <     "id": 324,
 <     "jsonrpc": "2.0",
 <     "result": [
 <       "0x18f16cff4e897311524458b2c5a4db129b4e0fbc",
 <       "0xec4730377bd3c6c17f8733aec2925af5fbb3b998",
 <       "0x4c3cd67b54969d4812e473ae7f4a185d305a6b11",
 <       "0xd3ce172012333d907a970533f804455fd8efc3bc",
 <       "0x273ff474b5bfc89700aa0d73d00cdb21b1949589",
 <       "0x550124168a98c6ffcbd087b1270471929b4b88ff",
 <       "0x48a08c79a4c3048fd192929d4b940be13f7c08eb",
 <       "0x31dfbd33e12779c2ca709ae612375b2a2247e78d",
 <       "0x09e540523d894699009cb8366cd09a7a86ac0193",
 <       "0x1869434a98ed1307badba85c3dba39d5d3529ecb"
 <     ]
 <   }
[2021/09/11 19:05:08.373] -  <   {
 <     "id": 325,
 <     "jsonrpc": "2.0",
 <     "result": "0x4a817c800"
 <   }
[2021/09/11 19:05:08.377] -  <   {
 <     "id": 326,
 <     "jsonrpc": "2.0",
 <     "result": {
 <       "number": "0x0",
 <       "hash": "0xce6a7e9284c9de0329ccdf4157863b5671de6d6544dc5b3e47e11606c7bdd673",
 <       "parentHash": "0x0000000000000000000000000000000000000000000000000000000000000000",
 <       "mixHash": "0x0000000000000000000000000000000000000000000000000000000000000000",
 <       "nonce": "0x0000000000000000",
 <       "sha3Uncles": "0x1dcc4de8dec75d7aab85b567b6ccd41ad312451b948a7413f0a142fd40d49347",
 <       "logsBloom": "0x00000000000000000000000000000000000000000000000000000000000000000000000000000000000000000000000000000000000000000000000000000000000000000000000000000000000000000000000000000000000000000000000000000000000000000000000000000000000000000000000000000000000000000000000000000000000000000000000000000000000000000000000000000000000000000000000000000000000000000000000000000000000000000000000000000000000000000000000000000000000000000000000000000000000000000000000000000000000000000000000000000000000000000000000000000000",
 <       "transactionsRoot": "0x56e81f171bcc55a6ff8345e692c0f86e5b48e01b996cadc001622fb5e363b421",
 <       "stateRoot": "0x769b98d81ac4b06f532dfc77179c88398d3d19c968b4f5da7505647d4d320aa1",
 <       "receiptsRoot": "0x56e81f171bcc55a6ff8345e692c0f86e5b48e01b996cadc001622fb5e363b421",
 <       "miner": "0x0000000000000000000000000000000000000000",
 <       "difficulty": "0x0",
 <       "totalDifficulty": "0x0",
 <       "extraData": "0x",
 <       "size": "0x3e8",
 <       "gasLimit": "0x98967f",
 <       "gasUsed": "0x0",
 <       "timestamp": "0x613d2813",
 <       "transactions": [],
 <       "uncles": []
 <     }
 <   }
[2021/09/11 19:05:08.379] -  <   {
 <     "id": 327,
 <     "jsonrpc": "2.0",
 <     "result": "0x5"
 <   }
[2021/09/11 19:05:08.380] - eth_accounts
[2021/09/11 19:05:08.380] -    > {
   >   "jsonrpc": "2.0",
   >   "id": 333,
   >   "method": "eth_accounts",
   >   "params": [],
   >   "internal": true
   > }
[2021/09/11 19:05:08.381] -  <   {
 <     "id": 333,
 <     "jsonrpc": "2.0",
 <     "result": [
 <       "0x18f16cff4e897311524458b2c5a4db129b4e0fbc",
 <       "0xec4730377bd3c6c17f8733aec2925af5fbb3b998",
 <       "0x4c3cd67b54969d4812e473ae7f4a185d305a6b11",
 <       "0xd3ce172012333d907a970533f804455fd8efc3bc",
 <       "0x273ff474b5bfc89700aa0d73d00cdb21b1949589",
 <       "0x550124168a98c6ffcbd087b1270471929b4b88ff",
 <       "0x48a08c79a4c3048fd192929d4b940be13f7c08eb",
 <       "0x31dfbd33e12779c2ca709ae612375b2a2247e78d",
 <       "0x09e540523d894699009cb8366cd09a7a86ac0193",
 <       "0x1869434a98ed1307badba85c3dba39d5d3529ecb"
 <     ]
 <   }
[2021/09/11 19:05:08.403] - eth_getBalance
[2021/09/11 19:05:08.403] -    > {
   >   "jsonrpc": "2.0",
   >   "id": 334,
   >   "method": "eth_getBalance",
   >   "params": [
   >     "0x18f16cff4e897311524458b2c5a4db129b4e0fbc",
   >     "latest"
   >   ],
   >   "internal": true
   > }
[2021/09/11 19:05:08.406] -  <   {
 <     "id": 334,
 <     "jsonrpc": "2.0",
 <     "result": "0xa968163f0a57b400000"
 <   }
[2021/09/11 19:05:08.407] - eth_getTransactionCount
[2021/09/11 19:05:08.407] -    > {
   >   "jsonrpc": "2.0",
   >   "id": 335,
   >   "method": "eth_getTransactionCount",
   >   "params": [
   >     "0x18f16cff4e897311524458b2c5a4db129b4e0fbc",
   >     "latest"
   >   ],
   >   "internal": true
   > }
[2021/09/11 19:05:08.410] -  <   {
 <     "id": 335,
 <     "jsonrpc": "2.0",
 <     "result": "0x0"
 <   }
[2021/09/11 19:05:08.412] - eth_getBalance
[2021/09/11 19:05:08.412] -    > {
   >   "jsonrpc": "2.0",
   >   "id": 336,
   >   "method": "eth_getBalance",
   >   "params": [
   >     "0xec4730377bd3c6c17f8733aec2925af5fbb3b998",
   >     "latest"
   >   ],
   >   "internal": true
   > }
[2021/09/11 19:05:08.414] -  <   {
 <     "id": 336,
 <     "jsonrpc": "2.0",
 <     "result": "0xa968163f0a57b400000"
 <   }
[2021/09/11 19:05:08.415] - eth_getTransactionCount
[2021/09/11 19:05:08.415] -    > {
   >   "jsonrpc": "2.0",
   >   "id": 337,
   >   "method": "eth_getTransactionCount",
   >   "params": [
   >     "0xec4730377bd3c6c17f8733aec2925af5fbb3b998",
   >     "latest"
   >   ],
   >   "internal": true
   > }
[2021/09/11 19:05:08.417] -  <   {
 <     "id": 337,
 <     "jsonrpc": "2.0",
 <     "result": "0x0"
 <   }
[2021/09/11 19:05:08.417] - eth_getBalance
[2021/09/11 19:05:08.418] -    > {
   >   "jsonrpc": "2.0",
   >   "id": 338,
   >   "method": "eth_getBalance",
   >   "params": [
   >     "0x4c3cd67b54969d4812e473ae7f4a185d305a6b11",
   >     "latest"
   >   ],
   >   "internal": true
   > }
[2021/09/11 19:05:08.420] -  <   {
 <     "id": 338,
 <     "jsonrpc": "2.0",
 <     "result": "0xa968163f0a57b400000"
 <   }
[2021/09/11 19:05:08.421] - eth_getTransactionCount
[2021/09/11 19:05:08.422] -    > {
   >   "jsonrpc": "2.0",
   >   "id": 339,
   >   "method": "eth_getTransactionCount",
   >   "params": [
   >     "0x4c3cd67b54969d4812e473ae7f4a185d305a6b11",
   >     "latest"
   >   ],
   >   "internal": true
   > }
[2021/09/11 19:05:08.425] -  <   {
 <     "id": 339,
 <     "jsonrpc": "2.0",
 <     "result": "0x0"
 <   }
[2021/09/11 19:05:08.426] - eth_getBalance
[2021/09/11 19:05:08.426] -    > {
   >   "jsonrpc": "2.0",
   >   "id": 340,
   >   "method": "eth_getBalance",
   >   "params": [
   >     "0xd3ce172012333d907a970533f804455fd8efc3bc",
   >     "latest"
   >   ],
   >   "internal": true
   > }
[2021/09/11 19:05:08.428] -  <   {
 <     "id": 340,
 <     "jsonrpc": "2.0",
 <     "result": "0xa968163f0a57b400000"
 <   }
[2021/09/11 19:05:08.429] - eth_getTransactionCount
[2021/09/11 19:05:08.429] -    > {
   >   "jsonrpc": "2.0",
   >   "id": 341,
   >   "method": "eth_getTransactionCount",
   >   "params": [
   >     "0xd3ce172012333d907a970533f804455fd8efc3bc",
   >     "latest"
   >   ],
   >   "internal": true
   > }
[2021/09/11 19:05:08.431] -  <   {
 <     "id": 341,
 <     "jsonrpc": "2.0",
 <     "result": "0x0"
 <   }
[2021/09/11 19:05:08.432] - eth_getBalance
[2021/09/11 19:05:08.432] -    > {
   >   "jsonrpc": "2.0",
   >   "id": 342,
   >   "method": "eth_getBalance",
   >   "params": [
   >     "0x273ff474b5bfc89700aa0d73d00cdb21b1949589",
   >     "latest"
   >   ],
   >   "internal": true
   > }
[2021/09/11 19:05:08.435] -  <   {
 <     "id": 342,
 <     "jsonrpc": "2.0",
 <     "result": "0xa968163f0a57b400000"
 <   }
[2021/09/11 19:05:08.436] - eth_getTransactionCount
[2021/09/11 19:05:08.436] -    > {
   >   "jsonrpc": "2.0",
   >   "id": 343,
   >   "method": "eth_getTransactionCount",
   >   "params": [
   >     "0x273ff474b5bfc89700aa0d73d00cdb21b1949589",
   >     "latest"
   >   ],
   >   "internal": true
   > }
[2021/09/11 19:05:08.439] -  <   {
 <     "id": 343,
 <     "jsonrpc": "2.0",
 <     "result": "0x0"
 <   }
[2021/09/11 19:05:08.439] - eth_getBalance
[2021/09/11 19:05:08.439] -    > {
   >   "jsonrpc": "2.0",
   >   "id": 344,
   >   "method": "eth_getBalance",
   >   "params": [
   >     "0x550124168a98c6ffcbd087b1270471929b4b88ff",
   >     "latest"
   >   ],
   >   "internal": true
   > }
[2021/09/11 19:05:08.444] -  <   {
 <     "id": 344,
 <     "jsonrpc": "2.0",
 <     "result": "0xa968163f0a57b400000"
 <   }
[2021/09/11 19:05:08.456] - eth_getTransactionCount
[2021/09/11 19:05:08.457] -    > {
   >   "jsonrpc": "2.0",
   >   "id": 345,
   >   "method": "eth_getTransactionCount",
   >   "params": [
   >     "0x550124168a98c6ffcbd087b1270471929b4b88ff",
   >     "latest"
   >   ],
   >   "internal": true
   > }
[2021/09/11 19:05:08.457] - eth_getBalance
[2021/09/11 19:05:08.457] -    > {
   >   "jsonrpc": "2.0",
   >   "id": 346,
   >   "method": "eth_getBalance",
   >   "params": [
   >     "0x48a08c79a4c3048fd192929d4b940be13f7c08eb",
   >     "latest"
   >   ],
   >   "internal": true
   > }
[2021/09/11 19:05:08.458] - eth_getTransactionCount
[2021/09/11 19:05:08.458] -    > {
   >   "jsonrpc": "2.0",
   >   "id": 347,
   >   "method": "eth_getTransactionCount",
   >   "params": [
   >     "0x48a08c79a4c3048fd192929d4b940be13f7c08eb",
   >     "latest"
   >   ],
   >   "internal": true
   > }
[2021/09/11 19:05:08.458] - eth_getBalance
[2021/09/11 19:05:08.458] -    > {
   >   "jsonrpc": "2.0",
   >   "id": 348,
   >   "method": "eth_getBalance",
   >   "params": [
   >     "0x31dfbd33e12779c2ca709ae612375b2a2247e78d",
   >     "latest"
   >   ],
   >   "internal": true
   > }
[2021/09/11 19:05:08.458] - eth_getTransactionCount
[2021/09/11 19:05:08.458] -    > {
   >   "jsonrpc": "2.0",
   >   "id": 349,
   >   "method": "eth_getTransactionCount",
   >   "params": [
   >     "0x31dfbd33e12779c2ca709ae612375b2a2247e78d",
   >     "latest"
   >   ],
   >   "internal": true
   > }
[2021/09/11 19:05:08.460] -  <   {
 <     "id": 345,
 <     "jsonrpc": "2.0",
 <     "result": "0x0"
 <   }
[2021/09/11 19:05:08.460] - eth_getBalance
[2021/09/11 19:05:08.460] -    > {
   >   "jsonrpc": "2.0",
   >   "id": 350,
   >   "method": "eth_getBalance",
   >   "params": [
   >     "0x09e540523d894699009cb8366cd09a7a86ac0193",
   >     "latest"
   >   ],
   >   "internal": true
   > }
[2021/09/11 19:05:08.462] -  <   {
 <     "id": 346,
 <     "jsonrpc": "2.0",
 <     "result": "0xa968163f0a57b400000"
 <   }
[2021/09/11 19:05:08.464] -  <   {
 <     "id": 347,
 <     "jsonrpc": "2.0",
 <     "result": "0x0"
 <   }
[2021/09/11 19:05:08.464] - eth_getTransactionCount
[2021/09/11 19:05:08.464] -    > {
   >   "jsonrpc": "2.0",
   >   "id": 351,
   >   "method": "eth_getTransactionCount",
   >   "params": [
   >     "0x09e540523d894699009cb8366cd09a7a86ac0193",
   >     "latest"
   >   ],
   >   "internal": true
   > }
[2021/09/11 19:05:08.468] -  <   {
 <     "id": 348,
 <     "jsonrpc": "2.0",
 <     "result": "0xa968163f0a57b400000"
 <   }
[2021/09/11 19:05:08.468] - eth_getBalance
[2021/09/11 19:05:08.469] -    > {
   >   "jsonrpc": "2.0",
   >   "id": 352,
   >   "method": "eth_getBalance",
   >   "params": [
   >     "0x1869434a98ed1307badba85c3dba39d5d3529ecb",
   >     "latest"
   >   ],
   >   "internal": true
   > }
[2021/09/11 19:05:08.472] -  <   {
 <     "id": 349,
 <     "jsonrpc": "2.0",
 <     "result": "0x0"
 <   }
[2021/09/11 19:05:08.472] - eth_getTransactionCount
[2021/09/11 19:05:08.472] -    > {
   >   "jsonrpc": "2.0",
   >   "id": 353,
   >   "method": "eth_getTransactionCount",
   >   "params": [
   >     "0x1869434a98ed1307badba85c3dba39d5d3529ecb",
   >     "latest"
   >   ],
   >   "internal": true
   > }
[2021/09/11 19:05:08.476] -  <   {
 <     "id": 350,
 <     "jsonrpc": "2.0",
 <     "result": "0xa968163f0a57b400000"
 <   }
[2021/09/11 19:05:08.479] -  <   {
 <     "id": 351,
 <     "jsonrpc": "2.0",
 <     "result": "0x0"
 <   }
[2021/09/11 19:05:08.482] -  <   {
 <     "id": 352,
 <     "jsonrpc": "2.0",
 <     "result": "0xa968163f0a57b400000"
 <   }
[2021/09/11 19:05:08.488] - eth_blockNumber
[2021/09/11 19:05:08.489] -    > {
   >   "jsonrpc": "2.0",
   >   "id": 328,
   >   "method": "eth_blockNumber",
   >   "params": [],
   >   "internal": true
   > }
[2021/09/11 19:05:08.491] -  <   {
 <     "id": 353,
 <     "jsonrpc": "2.0",
 <     "result": "0x0"
 <   }
[2021/09/11 19:05:08.492] - eth_accounts
[2021/09/11 19:05:08.492] -    > {
   >   "jsonrpc": "2.0",
   >   "id": 329,
   >   "method": "eth_accounts",
   >   "params": [],
   >   "internal": true
   > }
[2021/09/11 19:05:08.492] - eth_gasPrice
[2021/09/11 19:05:08.492] -    > {
   >   "jsonrpc": "2.0",
   >   "id": 330,
   >   "method": "eth_gasPrice",
   >   "params": [],
   >   "internal": true
   > }
[2021/09/11 19:05:08.494] -  <   {
 <     "id": 328,
 <     "jsonrpc": "2.0",
 <     "result": "0x0"
 <   }
[2021/09/11 19:05:08.496] -  <   {
 <     "id": 329,
 <     "jsonrpc": "2.0",
 <     "result": [
 <       "0x18f16cff4e897311524458b2c5a4db129b4e0fbc",
 <       "0xec4730377bd3c6c17f8733aec2925af5fbb3b998",
 <       "0x4c3cd67b54969d4812e473ae7f4a185d305a6b11",
 <       "0xd3ce172012333d907a970533f804455fd8efc3bc",
 <       "0x273ff474b5bfc89700aa0d73d00cdb21b1949589",
 <       "0x550124168a98c6ffcbd087b1270471929b4b88ff",
 <       "0x48a08c79a4c3048fd192929d4b940be13f7c08eb",
 <       "0x31dfbd33e12779c2ca709ae612375b2a2247e78d",
 <       "0x09e540523d894699009cb8366cd09a7a86ac0193",
 <       "0x1869434a98ed1307badba85c3dba39d5d3529ecb"
 <     ]
 <   }
[2021/09/11 19:05:08.497] -  <   {
 <     "id": 330,
 <     "jsonrpc": "2.0",
 <     "result": "0x4a817c800"
 <   }
[2021/09/11 19:05:08.514] - eth_getTransactionCount
[2021/09/11 19:05:08.514] -    > {
   >   "jsonrpc": "2.0",
   >   "id": 355,
   >   "method": "eth_getTransactionCount",
   >   "params": [
   >     "0x18f16cff4e897311524458b2c5a4db129b4e0fbc",
   >     "latest"
   >   ],
   >   "internal": true
   > }
[2021/09/11 19:05:08.517] -  <   {
 <     "id": 355,
 <     "jsonrpc": "2.0",
 <     "result": "0x0"
 <   }
[2021/09/11 19:05:08.517] - eth_getBalance
[2021/09/11 19:05:08.517] -    > {
   >   "jsonrpc": "2.0",
   >   "id": 356,
   >   "method": "eth_getBalance",
   >   "params": [
   >     "0xec4730377bd3c6c17f8733aec2925af5fbb3b998",
   >     "latest"
   >   ],
   >   "internal": true
   > }
[2021/09/11 19:05:08.519] -  <   {
 <     "id": 356,
 <     "jsonrpc": "2.0",
 <     "result": "0xa968163f0a57b400000"
 <   }
[2021/09/11 19:05:08.521] - eth_getTransactionCount
[2021/09/11 19:05:08.521] -    > {
   >   "jsonrpc": "2.0",
   >   "id": 357,
   >   "method": "eth_getTransactionCount",
   >   "params": [
   >     "0xec4730377bd3c6c17f8733aec2925af5fbb3b998",
   >     "latest"
   >   ],
   >   "internal": true
   > }
[2021/09/11 19:05:08.524] -  <   {
 <     "id": 357,
 <     "jsonrpc": "2.0",
 <     "result": "0x0"
 <   }
[2021/09/11 19:05:08.524] - eth_getBalance
[2021/09/11 19:05:08.524] -    > {
   >   "jsonrpc": "2.0",
   >   "id": 358,
   >   "method": "eth_getBalance",
   >   "params": [
   >     "0x4c3cd67b54969d4812e473ae7f4a185d305a6b11",
   >     "latest"
   >   ],
   >   "internal": true
   > }
[2021/09/11 19:05:08.527] -  <   {
 <     "id": 358,
 <     "jsonrpc": "2.0",
 <     "result": "0xa968163f0a57b400000"
 <   }
[2021/09/11 19:05:08.527] - eth_getTransactionCount
[2021/09/11 19:05:08.528] -    > {
   >   "jsonrpc": "2.0",
   >   "id": 359,
   >   "method": "eth_getTransactionCount",
   >   "params": [
   >     "0x4c3cd67b54969d4812e473ae7f4a185d305a6b11",
   >     "latest"
   >   ],
   >   "internal": true
   > }
[2021/09/11 19:05:08.534] -  <   {
 <     "id": 359,
 <     "jsonrpc": "2.0",
 <     "result": "0x0"
 <   }
[2021/09/11 19:05:08.535] - eth_getBalance
[2021/09/11 19:05:08.535] -    > {
   >   "jsonrpc": "2.0",
   >   "id": 360,
   >   "method": "eth_getBalance",
   >   "params": [
   >     "0xd3ce172012333d907a970533f804455fd8efc3bc",
   >     "latest"
   >   ],
   >   "internal": true
   > }
[2021/09/11 19:05:08.535] - eth_getTransactionCount
[2021/09/11 19:05:08.535] -    > {
   >   "jsonrpc": "2.0",
   >   "id": 361,
   >   "method": "eth_getTransactionCount",
   >   "params": [
   >     "0xd3ce172012333d907a970533f804455fd8efc3bc",
   >     "latest"
   >   ],
   >   "internal": true
   > }
[2021/09/11 19:05:08.536] - eth_getBalance
[2021/09/11 19:05:08.536] -    > {
   >   "jsonrpc": "2.0",
   >   "id": 362,
   >   "method": "eth_getBalance",
   >   "params": [
   >     "0x273ff474b5bfc89700aa0d73d00cdb21b1949589",
   >     "latest"
   >   ],
   >   "internal": true
   > }
[2021/09/11 19:05:08.537] -  <   {
 <     "id": 360,
 <     "jsonrpc": "2.0",
 <     "result": "0xa968163f0a57b400000"
 <   }
[2021/09/11 19:05:08.539] - eth_getTransactionCount
[2021/09/11 19:05:08.539] -    > {
   >   "jsonrpc": "2.0",
   >   "id": 363,
   >   "method": "eth_getTransactionCount",
   >   "params": [
   >     "0x273ff474b5bfc89700aa0d73d00cdb21b1949589",
   >     "latest"
   >   ],
   >   "internal": true
   > }
[2021/09/11 19:05:08.540] -  <   {
 <     "id": 361,
 <     "jsonrpc": "2.0",
 <     "result": "0x0"
 <   }
[2021/09/11 19:05:08.543] -  <   {
 <     "id": 362,
 <     "jsonrpc": "2.0",
 <     "result": "0xa968163f0a57b400000"
 <   }
[2021/09/11 19:05:08.543] - eth_getBalance
[2021/09/11 19:05:08.543] -    > {
   >   "jsonrpc": "2.0",
   >   "id": 364,
   >   "method": "eth_getBalance",
   >   "params": [
   >     "0x550124168a98c6ffcbd087b1270471929b4b88ff",
   >     "latest"
   >   ],
   >   "internal": true
   > }
[2021/09/11 19:05:08.546] -  <   {
 <     "id": 363,
 <     "jsonrpc": "2.0",
 <     "result": "0x0"
 <   }
[2021/09/11 19:05:08.546] - eth_getTransactionCount
[2021/09/11 19:05:08.546] -    > {
   >   "jsonrpc": "2.0",
   >   "id": 365,
   >   "method": "eth_getTransactionCount",
   >   "params": [
   >     "0x550124168a98c6ffcbd087b1270471929b4b88ff",
   >     "latest"
   >   ],
   >   "internal": true
   > }
[2021/09/11 19:05:08.548] - eth_getBalance
[2021/09/11 19:05:08.548] -    > {
   >   "jsonrpc": "2.0",
   >   "id": 366,
   >   "method": "eth_getBalance",
   >   "params": [
   >     "0x48a08c79a4c3048fd192929d4b940be13f7c08eb",
   >     "latest"
   >   ],
   >   "internal": true
   > }
[2021/09/11 19:05:08.549] -  <   {
 <     "id": 364,
 <     "jsonrpc": "2.0",
 <     "result": "0xa968163f0a57b400000"
 <   }
[2021/09/11 19:05:08.550] - eth_getTransactionCount
[2021/09/11 19:05:08.550] -    > {
   >   "jsonrpc": "2.0",
   >   "id": 367,
   >   "method": "eth_getTransactionCount",
   >   "params": [
   >     "0x48a08c79a4c3048fd192929d4b940be13f7c08eb",
   >     "latest"
   >   ],
   >   "internal": true
   > }
[2021/09/11 19:05:08.551] -  <   {
 <     "id": 365,
 <     "jsonrpc": "2.0",
 <     "result": "0x0"
 <   }
[2021/09/11 19:05:08.554] -  <   {
 <     "id": 366,
 <     "jsonrpc": "2.0",
 <     "result": "0xa968163f0a57b400000"
 <   }
[2021/09/11 19:05:08.555] - eth_getBalance
[2021/09/11 19:05:08.555] -    > {
   >   "jsonrpc": "2.0",
   >   "id": 368,
   >   "method": "eth_getBalance",
   >   "params": [
   >     "0x31dfbd33e12779c2ca709ae612375b2a2247e78d",
   >     "latest"
   >   ],
   >   "internal": true
   > }
[2021/09/11 19:05:08.556] - eth_getTransactionCount
[2021/09/11 19:05:08.556] -    > {
   >   "jsonrpc": "2.0",
   >   "id": 369,
   >   "method": "eth_getTransactionCount",
   >   "params": [
   >     "0x31dfbd33e12779c2ca709ae612375b2a2247e78d",
   >     "latest"
   >   ],
   >   "internal": true
   > }
[2021/09/11 19:05:08.557] -  <   {
 <     "id": 367,
 <     "jsonrpc": "2.0",
 <     "result": "0x0"
 <   }
[2021/09/11 19:05:08.560] -  <   {
 <     "id": 368,
 <     "jsonrpc": "2.0",
 <     "result": "0xa968163f0a57b400000"
 <   }
[2021/09/11 19:05:08.562] -  <   {
 <     "id": 369,
 <     "jsonrpc": "2.0",
 <     "result": "0x0"
 <   }
[2021/09/11 19:05:08.563] - eth_getBalance
[2021/09/11 19:05:08.563] -    > {
   >   "jsonrpc": "2.0",
   >   "id": 370,
   >   "method": "eth_getBalance",
   >   "params": [
   >     "0x09e540523d894699009cb8366cd09a7a86ac0193",
   >     "latest"
   >   ],
   >   "internal": true
   > }
[2021/09/11 19:05:08.568] -  <   {
 <     "id": 370,
 <     "jsonrpc": "2.0",
 <     "result": "0xa968163f0a57b400000"
 <   }
[2021/09/11 19:05:08.578] - eth_getTransactionCount
[2021/09/11 19:05:08.578] -    > {
   >   "jsonrpc": "2.0",
   >   "id": 371,
   >   "method": "eth_getTransactionCount",
   >   "params": [
   >     "0x09e540523d894699009cb8366cd09a7a86ac0193",
   >     "latest"
   >   ],
   >   "internal": true
   > }
[2021/09/11 19:05:08.579] - eth_getBalance
[2021/09/11 19:05:08.579] -    > {
   >   "jsonrpc": "2.0",
   >   "id": 372,
   >   "method": "eth_getBalance",
   >   "params": [
   >     "0x1869434a98ed1307badba85c3dba39d5d3529ecb",
   >     "latest"
   >   ],
   >   "internal": true
   > }
[2021/09/11 19:05:08.579] - eth_getTransactionCount
[2021/09/11 19:05:08.579] -    > {
   >   "jsonrpc": "2.0",
   >   "id": 373,
   >   "method": "eth_getTransactionCount",
   >   "params": [
   >     "0x1869434a98ed1307badba85c3dba39d5d3529ecb",
   >     "latest"
   >   ],
   >   "internal": true
   > }
[2021/09/11 19:05:08.581] -  <   {
 <     "id": 371,
 <     "jsonrpc": "2.0",
 <     "result": "0x0"
 <   }
[2021/09/11 19:05:08.584] -  <   {
 <     "id": 372,
 <     "jsonrpc": "2.0",
 <     "result": "0xa968163f0a57b400000"
 <   }
[2021/09/11 19:05:08.584] - eth_getBlockByNumber
[2021/09/11 19:05:08.585] -    > {
   >   "jsonrpc": "2.0",
   >   "id": 331,
   >   "method": "eth_getBlockByNumber",
   >   "params": [
   >     "latest",
   >     false
   >   ],
   >   "internal": true
   > }
[2021/09/11 19:05:08.585] - eth_subscribe
[2021/09/11 19:05:08.585] -    > {
   >   "jsonrpc": "2.0",
   >   "id": 332,
   >   "method": "eth_subscribe",
   >   "params": [
   >     "newHeads"
   >   ],
   >   "internal": true
   > }
[2021/09/11 19:05:08.586] -  <   {
 <     "id": 373,
 <     "jsonrpc": "2.0",
 <     "result": "0x0"
 <   }
[2021/09/11 19:05:08.590] -  <   {
 <     "id": 331,
 <     "jsonrpc": "2.0",
 <     "result": {
 <       "number": "0x0",
 <       "hash": "0xce6a7e9284c9de0329ccdf4157863b5671de6d6544dc5b3e47e11606c7bdd673",
 <       "parentHash": "0x0000000000000000000000000000000000000000000000000000000000000000",
 <       "mixHash": "0x0000000000000000000000000000000000000000000000000000000000000000",
 <       "nonce": "0x0000000000000000",
 <       "sha3Uncles": "0x1dcc4de8dec75d7aab85b567b6ccd41ad312451b948a7413f0a142fd40d49347",
 <       "logsBloom": "0x00000000000000000000000000000000000000000000000000000000000000000000000000000000000000000000000000000000000000000000000000000000000000000000000000000000000000000000000000000000000000000000000000000000000000000000000000000000000000000000000000000000000000000000000000000000000000000000000000000000000000000000000000000000000000000000000000000000000000000000000000000000000000000000000000000000000000000000000000000000000000000000000000000000000000000000000000000000000000000000000000000000000000000000000000000000",
 <       "transactionsRoot": "0x56e81f171bcc55a6ff8345e692c0f86e5b48e01b996cadc001622fb5e363b421",
 <       "stateRoot": "0x769b98d81ac4b06f532dfc77179c88398d3d19c968b4f5da7505647d4d320aa1",
 <       "receiptsRoot": "0x56e81f171bcc55a6ff8345e692c0f86e5b48e01b996cadc001622fb5e363b421",
 <       "miner": "0x0000000000000000000000000000000000000000",
 <       "difficulty": "0x0",
 <       "totalDifficulty": "0x0",
 <       "extraData": "0x",
 <       "size": "0x3e8",
 <       "gasLimit": "0x98967f",
 <       "gasUsed": "0x0",
 <       "timestamp": "0x613d2813",
 <       "transactions": [],
 <       "uncles": []
 <     }
 <   }
[2021/09/11 19:05:08.592] -  <   {
 <     "id": 332,
 <     "jsonrpc": "2.0",
 <     "result": "0x6"
 <   }
[2021/09/11 19:05:08.750] - eth_getBalance
[2021/09/11 19:05:08.750] -    > {
   >   "jsonrpc": "2.0",
   >   "id": 375,
   >   "method": "eth_getBalance",
   >   "params": [
   >     "0x18f16cff4e897311524458b2c5a4db129b4e0fbc",
   >     "latest"
   >   ],
   >   "internal": true
   > }
[2021/09/11 19:05:08.753] -  <   {
 <     "id": 375,
 <     "jsonrpc": "2.0",
 <     "result": "0xa968163f0a57b400000"
 <   }
[2021/09/11 19:05:08.754] - eth_getTransactionCount
[2021/09/11 19:05:08.754] -    > {
   >   "jsonrpc": "2.0",
   >   "id": 376,
   >   "method": "eth_getTransactionCount",
   >   "params": [
   >     "0x18f16cff4e897311524458b2c5a4db129b4e0fbc",
   >     "latest"
   >   ],
   >   "internal": true
   > }
[2021/09/11 19:05:08.755] - eth_getBalance
[2021/09/11 19:05:08.755] -    > {
   >   "jsonrpc": "2.0",
   >   "id": 377,
   >   "method": "eth_getBalance",
   >   "params": [
   >     "0xec4730377bd3c6c17f8733aec2925af5fbb3b998",
   >     "latest"
   >   ],
   >   "internal": true
   > }
[2021/09/11 19:05:08.758] -  <   {
 <     "id": 376,
 <     "jsonrpc": "2.0",
 <     "result": "0x0"
 <   }
[2021/09/11 19:05:08.759] - eth_getTransactionCount
[2021/09/11 19:05:08.759] -    > {
   >   "jsonrpc": "2.0",
   >   "id": 378,
   >   "method": "eth_getTransactionCount",
   >   "params": [
   >     "0xec4730377bd3c6c17f8733aec2925af5fbb3b998",
   >     "latest"
   >   ],
   >   "internal": true
   > }
[2021/09/11 19:05:08.762] -  <   {
 <     "id": 377,
 <     "jsonrpc": "2.0",
 <     "result": "0xa968163f0a57b400000"
 <   }
[2021/09/11 19:05:08.762] - eth_getBalance
[2021/09/11 19:05:08.762] -    > {
   >   "jsonrpc": "2.0",
   >   "id": 379,
   >   "method": "eth_getBalance",
   >   "params": [
   >     "0x4c3cd67b54969d4812e473ae7f4a185d305a6b11",
   >     "latest"
   >   ],
   >   "internal": true
   > }
[2021/09/11 19:05:08.763] - eth_getTransactionCount
[2021/09/11 19:05:08.764] -    > {
   >   "jsonrpc": "2.0",
   >   "id": 380,
   >   "method": "eth_getTransactionCount",
   >   "params": [
   >     "0x4c3cd67b54969d4812e473ae7f4a185d305a6b11",
   >     "latest"
   >   ],
   >   "internal": true
   > }
[2021/09/11 19:05:08.765] -  <   {
 <     "id": 378,
 <     "jsonrpc": "2.0",
 <     "result": "0x0"
 <   }
[2021/09/11 19:05:08.767] - eth_getBalance
[2021/09/11 19:05:08.767] -    > {
   >   "jsonrpc": "2.0",
   >   "id": 381,
   >   "method": "eth_getBalance",
   >   "params": [
   >     "0xd3ce172012333d907a970533f804455fd8efc3bc",
   >     "latest"
   >   ],
   >   "internal": true
   > }
[2021/09/11 19:05:08.769] -  <   {
 <     "id": 379,
 <     "jsonrpc": "2.0",
 <     "result": "0xa968163f0a57b400000"
 <   }
[2021/09/11 19:05:08.770] - eth_getTransactionCount
[2021/09/11 19:05:08.770] -    > {
   >   "jsonrpc": "2.0",
   >   "id": 382,
   >   "method": "eth_getTransactionCount",
   >   "params": [
   >     "0xd3ce172012333d907a970533f804455fd8efc3bc",
   >     "latest"
   >   ],
   >   "internal": true
   > }
[2021/09/11 19:05:08.772] -  <   {
 <     "id": 380,
 <     "jsonrpc": "2.0",
 <     "result": "0x0"
 <   }
[2021/09/11 19:05:08.773] - eth_getBalance
[2021/09/11 19:05:08.774] -    > {
   >   "jsonrpc": "2.0",
   >   "id": 383,
   >   "method": "eth_getBalance",
   >   "params": [
   >     "0x273ff474b5bfc89700aa0d73d00cdb21b1949589",
   >     "latest"
   >   ],
   >   "internal": true
   > }
[2021/09/11 19:05:08.775] -  <   {
 <     "id": 381,
 <     "jsonrpc": "2.0",
 <     "result": "0xa968163f0a57b400000"
 <   }
[2021/09/11 19:05:08.777] - eth_getTransactionCount
[2021/09/11 19:05:08.777] -    > {
   >   "jsonrpc": "2.0",
   >   "id": 384,
   >   "method": "eth_getTransactionCount",
   >   "params": [
   >     "0x273ff474b5bfc89700aa0d73d00cdb21b1949589",
   >     "latest"
   >   ],
   >   "internal": true
   > }
[2021/09/11 19:05:08.779] -  <   {
 <     "id": 382,
 <     "jsonrpc": "2.0",
 <     "result": "0x0"
 <   }
[2021/09/11 19:05:08.779] - eth_getBalance
[2021/09/11 19:05:08.780] -    > {
   >   "jsonrpc": "2.0",
   >   "id": 385,
   >   "method": "eth_getBalance",
   >   "params": [
   >     "0x550124168a98c6ffcbd087b1270471929b4b88ff",
   >     "latest"
   >   ],
   >   "internal": true
   > }
[2021/09/11 19:05:08.782] -  <   {
 <     "id": 383,
 <     "jsonrpc": "2.0",
 <     "result": "0xa968163f0a57b400000"
 <   }
[2021/09/11 19:05:08.782] - eth_getTransactionCount
[2021/09/11 19:05:08.782] -    > {
   >   "jsonrpc": "2.0",
   >   "id": 386,
   >   "method": "eth_getTransactionCount",
   >   "params": [
   >     "0x550124168a98c6ffcbd087b1270471929b4b88ff",
   >     "latest"
   >   ],
   >   "internal": true
   > }
[2021/09/11 19:05:08.785] -  <   {
 <     "id": 384,
 <     "jsonrpc": "2.0",
 <     "result": "0x0"
 <   }
[2021/09/11 19:05:08.786] - eth_getBalance
[2021/09/11 19:05:08.786] -    > {
   >   "jsonrpc": "2.0",
   >   "id": 387,
   >   "method": "eth_getBalance",
   >   "params": [
   >     "0x48a08c79a4c3048fd192929d4b940be13f7c08eb",
   >     "latest"
   >   ],
   >   "internal": true
   > }
[2021/09/11 19:05:08.787] -  <   {
 <     "id": 385,
 <     "jsonrpc": "2.0",
 <     "result": "0xa968163f0a57b400000"
 <   }
[2021/09/11 19:05:08.790] -  <   {
 <     "id": 386,
 <     "jsonrpc": "2.0",
 <     "result": "0x0"
 <   }
[2021/09/11 19:05:08.790] - eth_getTransactionCount
[2021/09/11 19:05:08.790] -    > {
   >   "jsonrpc": "2.0",
   >   "id": 388,
   >   "method": "eth_getTransactionCount",
   >   "params": [
   >     "0x48a08c79a4c3048fd192929d4b940be13f7c08eb",
   >     "latest"
   >   ],
   >   "internal": true
   > }
[2021/09/11 19:05:08.793] -  <   {
 <     "id": 387,
 <     "jsonrpc": "2.0",
 <     "result": "0xa968163f0a57b400000"
 <   }
[2021/09/11 19:05:08.793] - eth_getBalance
[2021/09/11 19:05:08.793] -    > {
   >   "jsonrpc": "2.0",
   >   "id": 389,
   >   "method": "eth_getBalance",
   >   "params": [
   >     "0x31dfbd33e12779c2ca709ae612375b2a2247e78d",
   >     "latest"
   >   ],
   >   "internal": true
   > }
[2021/09/11 19:05:08.795] -  <   {
 <     "id": 388,
 <     "jsonrpc": "2.0",
 <     "result": "0x0"
 <   }
[2021/09/11 19:05:08.796] - eth_getTransactionCount
[2021/09/11 19:05:08.796] -    > {
   >   "jsonrpc": "2.0",
   >   "id": 390,
   >   "method": "eth_getTransactionCount",
   >   "params": [
   >     "0x31dfbd33e12779c2ca709ae612375b2a2247e78d",
   >     "latest"
   >   ],
   >   "internal": true
   > }
[2021/09/11 19:05:08.798] -  <   {
 <     "id": 389,
 <     "jsonrpc": "2.0",
 <     "result": "0xa968163f0a57b400000"
 <   }
[2021/09/11 19:05:08.801] -  <   {
 <     "id": 390,
 <     "jsonrpc": "2.0",
 <     "result": "0x0"
 <   }
[2021/09/11 19:05:08.802] - eth_getBalance
[2021/09/11 19:05:08.802] -    > {
   >   "jsonrpc": "2.0",
   >   "id": 391,
   >   "method": "eth_getBalance",
   >   "params": [
   >     "0x09e540523d894699009cb8366cd09a7a86ac0193",
   >     "latest"
   >   ],
   >   "internal": true
   > }
[2021/09/11 19:05:08.805] -  <   {
 <     "id": 391,
 <     "jsonrpc": "2.0",
 <     "result": "0xa968163f0a57b400000"
 <   }
[2021/09/11 19:05:08.807] - eth_getTransactionCount
[2021/09/11 19:05:08.807] -    > {
   >   "jsonrpc": "2.0",
   >   "id": 392,
   >   "method": "eth_getTransactionCount",
   >   "params": [
   >     "0x09e540523d894699009cb8366cd09a7a86ac0193",
   >     "latest"
   >   ],
   >   "internal": true
   > }
[2021/09/11 19:05:08.810] -  <   {
 <     "id": 392,
 <     "jsonrpc": "2.0",
 <     "result": "0x0"
 <   }
[2021/09/11 19:05:08.810] - eth_getBalance
[2021/09/11 19:05:08.811] -    > {
   >   "jsonrpc": "2.0",
   >   "id": 393,
   >   "method": "eth_getBalance",
   >   "params": [
   >     "0x1869434a98ed1307badba85c3dba39d5d3529ecb",
   >     "latest"
   >   ],
   >   "internal": true
   > }
[2021/09/11 19:05:08.813] -  <   {
 <     "id": 393,
 <     "jsonrpc": "2.0",
 <     "result": "0xa968163f0a57b400000"
 <   }
[2021/09/11 19:05:08.813] - eth_getTransactionCount
[2021/09/11 19:05:08.813] -    > {
   >   "jsonrpc": "2.0",
   >   "id": 394,
   >   "method": "eth_getTransactionCount",
   >   "params": [
   >     "0x1869434a98ed1307badba85c3dba39d5d3529ecb",
   >     "latest"
   >   ],
   >   "internal": true
   > }
[2021/09/11 19:05:08.816] -  <   {
 <     "id": 394,
 <     "jsonrpc": "2.0",
 <     "result": "0x0"
 <   }
[2021/09/11 19:05:08.817] - eth_getBalance
[2021/09/11 19:05:08.817] -    > {
   >   "jsonrpc": "2.0",
   >   "id": 395,
   >   "method": "eth_getBalance",
   >   "params": [
   >     "0x18f16cff4e897311524458b2c5a4db129b4e0fbc",
   >     "latest"
   >   ],
   >   "internal": true
   > }
[2021/09/11 19:05:08.818] - eth_getTransactionCount
[2021/09/11 19:05:08.819] -    > {
   >   "jsonrpc": "2.0",
   >   "id": 396,
   >   "method": "eth_getTransactionCount",
   >   "params": [
   >     "0x18f16cff4e897311524458b2c5a4db129b4e0fbc",
   >     "latest"
   >   ],
   >   "internal": true
   > }
[2021/09/11 19:05:08.821] -  <   {
 <     "id": 395,
 <     "jsonrpc": "2.0",
 <     "result": "0xa968163f0a57b400000"
 <   }
[2021/09/11 19:05:08.822] -  <   {
 <     "id": 396,
 <     "jsonrpc": "2.0",
 <     "result": "0x0"
 <   }
[2021/09/11 19:05:08.823] - eth_getBalance
[2021/09/11 19:05:08.823] -    > {
   >   "jsonrpc": "2.0",
   >   "id": 397,
   >   "method": "eth_getBalance",
   >   "params": [
   >     "0xec4730377bd3c6c17f8733aec2925af5fbb3b998",
   >     "latest"
   >   ],
   >   "internal": true
   > }
[2021/09/11 19:05:08.824] - eth_getTransactionCount
[2021/09/11 19:05:08.824] -    > {
   >   "jsonrpc": "2.0",
   >   "id": 398,
   >   "method": "eth_getTransactionCount",
   >   "params": [
   >     "0xec4730377bd3c6c17f8733aec2925af5fbb3b998",
   >     "latest"
   >   ],
   >   "internal": true
   > }
[2021/09/11 19:05:08.826] -  <   {
 <     "id": 397,
 <     "jsonrpc": "2.0",
 <     "result": "0xa968163f0a57b400000"
 <   }
[2021/09/11 19:05:08.827] - eth_getBalance
[2021/09/11 19:05:08.827] -    > {
   >   "jsonrpc": "2.0",
   >   "id": 399,
   >   "method": "eth_getBalance",
   >   "params": [
   >     "0x4c3cd67b54969d4812e473ae7f4a185d305a6b11",
   >     "latest"
   >   ],
   >   "internal": true
   > }
[2021/09/11 19:05:08.829] -  <   {
 <     "id": 398,
 <     "jsonrpc": "2.0",
 <     "result": "0x0"
 <   }
[2021/09/11 19:05:08.830] - eth_getTransactionCount
[2021/09/11 19:05:08.830] -    > {
   >   "jsonrpc": "2.0",
   >   "id": 400,
   >   "method": "eth_getTransactionCount",
   >   "params": [
   >     "0x4c3cd67b54969d4812e473ae7f4a185d305a6b11",
   >     "latest"
   >   ],
   >   "internal": true
   > }
[2021/09/11 19:05:08.832] -  <   {
 <     "id": 399,
 <     "jsonrpc": "2.0",
 <     "result": "0xa968163f0a57b400000"
 <   }
[2021/09/11 19:05:08.834] - eth_getBalance
[2021/09/11 19:05:08.834] -    > {
   >   "jsonrpc": "2.0",
   >   "id": 401,
   >   "method": "eth_getBalance",
   >   "params": [
   >     "0xd3ce172012333d907a970533f804455fd8efc3bc",
   >     "latest"
   >   ],
   >   "internal": true
   > }
[2021/09/11 19:05:08.837] -  <   {
 <     "id": 400,
 <     "jsonrpc": "2.0",
 <     "result": "0x0"
 <   }
[2021/09/11 19:05:08.838] - eth_getTransactionCount
[2021/09/11 19:05:08.839] -    > {
   >   "jsonrpc": "2.0",
   >   "id": 402,
   >   "method": "eth_getTransactionCount",
   >   "params": [
   >     "0xd3ce172012333d907a970533f804455fd8efc3bc",
   >     "latest"
   >   ],
   >   "internal": true
   > }
[2021/09/11 19:05:08.840] -  <   {
 <     "id": 401,
 <     "jsonrpc": "2.0",
 <     "result": "0xa968163f0a57b400000"
 <   }
[2021/09/11 19:05:08.843] -  <   {
 <     "id": 402,
 <     "jsonrpc": "2.0",
 <     "result": "0x0"
 <   }
[2021/09/11 19:05:08.844] - eth_getBalance
[2021/09/11 19:05:08.844] -    > {
   >   "jsonrpc": "2.0",
   >   "id": 403,
   >   "method": "eth_getBalance",
   >   "params": [
   >     "0x273ff474b5bfc89700aa0d73d00cdb21b1949589",
   >     "latest"
   >   ],
   >   "internal": true
   > }
[2021/09/11 19:05:08.847] -  <   {
 <     "id": 403,
 <     "jsonrpc": "2.0",
 <     "result": "0xa968163f0a57b400000"
 <   }
[2021/09/11 19:05:08.848] - eth_getTransactionCount
[2021/09/11 19:05:08.848] -    > {
   >   "jsonrpc": "2.0",
   >   "id": 404,
   >   "method": "eth_getTransactionCount",
   >   "params": [
   >     "0x273ff474b5bfc89700aa0d73d00cdb21b1949589",
   >     "latest"
   >   ],
   >   "internal": true
   > }
[2021/09/11 19:05:08.851] -  <   {
 <     "id": 404,
 <     "jsonrpc": "2.0",
 <     "result": "0x0"
 <   }
[2021/09/11 19:05:08.851] - eth_getBalance
[2021/09/11 19:05:08.852] -    > {
   >   "jsonrpc": "2.0",
   >   "id": 405,
   >   "method": "eth_getBalance",
   >   "params": [
   >     "0x550124168a98c6ffcbd087b1270471929b4b88ff",
   >     "latest"
   >   ],
   >   "internal": true
   > }
[2021/09/11 19:05:08.853] -  <   {
 <     "id": 405,
 <     "jsonrpc": "2.0",
 <     "result": "0xa968163f0a57b400000"
 <   }
[2021/09/11 19:05:08.855] - eth_getTransactionCount
[2021/09/11 19:05:08.855] -    > {
   >   "jsonrpc": "2.0",
   >   "id": 406,
   >   "method": "eth_getTransactionCount",
   >   "params": [
   >     "0x550124168a98c6ffcbd087b1270471929b4b88ff",
   >     "latest"
   >   ],
   >   "internal": true
   > }
[2021/09/11 19:05:08.858] -  <   {
 <     "id": 406,
 <     "jsonrpc": "2.0",
 <     "result": "0x0"
 <   }
[2021/09/11 19:05:08.859] - eth_getBalance
[2021/09/11 19:05:08.859] -    > {
   >   "jsonrpc": "2.0",
   >   "id": 407,
   >   "method": "eth_getBalance",
   >   "params": [
   >     "0x48a08c79a4c3048fd192929d4b940be13f7c08eb",
   >     "latest"
   >   ],
   >   "internal": true
   > }
[2021/09/11 19:05:08.861] -  <   {
 <     "id": 407,
 <     "jsonrpc": "2.0",
 <     "result": "0xa968163f0a57b400000"
 <   }
[2021/09/11 19:05:08.862] - eth_getTransactionCount
[2021/09/11 19:05:08.862] -    > {
   >   "jsonrpc": "2.0",
   >   "id": 408,
   >   "method": "eth_getTransactionCount",
   >   "params": [
   >     "0x48a08c79a4c3048fd192929d4b940be13f7c08eb",
   >     "latest"
   >   ],
   >   "internal": true
   > }
[2021/09/11 19:05:08.865] -  <   {
 <     "id": 408,
 <     "jsonrpc": "2.0",
 <     "result": "0x0"
 <   }
[2021/09/11 19:05:08.865] - eth_getBalance
[2021/09/11 19:05:08.865] -    > {
   >   "jsonrpc": "2.0",
   >   "id": 409,
   >   "method": "eth_getBalance",
   >   "params": [
   >     "0x31dfbd33e12779c2ca709ae612375b2a2247e78d",
   >     "latest"
   >   ],
   >   "internal": true
   > }
[2021/09/11 19:05:08.870] -  <   {
 <     "id": 409,
 <     "jsonrpc": "2.0",
 <     "result": "0xa968163f0a57b400000"
 <   }
[2021/09/11 19:05:08.871] - eth_getTransactionCount
[2021/09/11 19:05:08.871] -    > {
   >   "jsonrpc": "2.0",
   >   "id": 410,
   >   "method": "eth_getTransactionCount",
   >   "params": [
   >     "0x31dfbd33e12779c2ca709ae612375b2a2247e78d",
   >     "latest"
   >   ],
   >   "internal": true
   > }
[2021/09/11 19:05:08.871] - eth_getBalance
[2021/09/11 19:05:08.871] -    > {
   >   "jsonrpc": "2.0",
   >   "id": 411,
   >   "method": "eth_getBalance",
   >   "params": [
   >     "0x09e540523d894699009cb8366cd09a7a86ac0193",
   >     "latest"
   >   ],
   >   "internal": true
   > }
[2021/09/11 19:05:08.874] -  <   {
 <     "id": 410,
 <     "jsonrpc": "2.0",
 <     "result": "0x0"
 <   }
[2021/09/11 19:05:08.875] - eth_getTransactionCount
[2021/09/11 19:05:08.875] -    > {
   >   "jsonrpc": "2.0",
   >   "id": 412,
   >   "method": "eth_getTransactionCount",
   >   "params": [
   >     "0x09e540523d894699009cb8366cd09a7a86ac0193",
   >     "latest"
   >   ],
   >   "internal": true
   > }
[2021/09/11 19:05:08.876] -  <   {
 <     "id": 411,
 <     "jsonrpc": "2.0",
 <     "result": "0xa968163f0a57b400000"
 <   }
[2021/09/11 19:05:08.879] -  <   {
 <     "id": 412,
 <     "jsonrpc": "2.0",
 <     "result": "0x0"
 <   }
[2021/09/11 19:05:08.879] - eth_getBalance
[2021/09/11 19:05:08.879] -    > {
   >   "jsonrpc": "2.0",
   >   "id": 413,
   >   "method": "eth_getBalance",
   >   "params": [
   >     "0x1869434a98ed1307badba85c3dba39d5d3529ecb",
   >     "latest"
   >   ],
   >   "internal": true
   > }
[2021/09/11 19:05:08.881] - eth_getTransactionCount
[2021/09/11 19:05:08.881] -    > {
   >   "jsonrpc": "2.0",
   >   "id": 414,
   >   "method": "eth_getTransactionCount",
   >   "params": [
   >     "0x1869434a98ed1307badba85c3dba39d5d3529ecb",
   >     "latest"
   >   ],
   >   "internal": true
   > }
[2021/09/11 19:05:08.882] -  <   {
 <     "id": 413,
 <     "jsonrpc": "2.0",
 <     "result": "0xa968163f0a57b400000"
 <   }
[2021/09/11 19:05:08.885] -  <   {
 <     "id": 414,
 <     "jsonrpc": "2.0",
 <     "result": "0x0"
 <   }
[2021/09/11 19:05:23.403] - eth_unsubscribe
[2021/09/11 19:05:23.404] -    > {
   >   "jsonrpc": "2.0",
   >   "id": 34,
   >   "method": "eth_unsubscribe",
   >   "params": [
   >     "0x3"
   >   ]
   > }
[2021/09/11 19:05:23.406] - eth_unsubscribe
[2021/09/11 19:05:23.407] -    > {
   >   "jsonrpc": "2.0",
   >   "id": 35,
   >   "method": "eth_unsubscribe",
   >   "params": [
   >     "0x4"
   >   ]
   > }
[2021/09/11 19:05:23.408] -  <   {
 <     "id": 34,
 <     "jsonrpc": "2.0",
 <     "result": true
 <   }
[2021/09/11 19:05:23.410] -  <   {
 <     "id": 35,
 <     "jsonrpc": "2.0",
 <     "result": true
 <   }
[2021/09/11 19:05:23.445] -    > {
   >   "jsonrpc": "2.0",
   >   "method": "eth_unsubscribe",
   >   "params": [
   >     "0x6"
   >   ],
   >   "id": 1631397923445
   > }
[2021/09/11 19:05:23.447] -    > {
   >   "jsonrpc": "2.0",
   >   "method": "eth_unsubscribe",
   >   "params": [
   >     "0x5"
   >   ],
   >   "id": 1631397923446
   > }
[2021/09/11 19:05:23.447] -    > {
   >   "jsonrpc": "2.0",
   >   "method": "eth_unsubscribe",
   >   "params": [
   >     "0x1"
   >   ],
   >   "id": 1631397923447
   > }
[2021/09/11 19:05:23.448] -    > {
   >   "jsonrpc": "2.0",
   >   "method": "eth_unsubscribe",
   >   "params": [
   >     "0x2"
   >   ],
   >   "id": 1631397923448
   > }
[2021/09/11 19:05:23.450] -  <   {
 <     "id": 1631397923445,
 <     "jsonrpc": "2.0",
 <     "result": true
 <   }
[2021/09/11 19:05:23.452] -  <   {
 <     "id": 1631397923446,
 <     "jsonrpc": "2.0",
 <     "result": true
 <   }
[2021/09/11 19:05:23.454] -  <   {
 <     "id": 1631397923447,
 <     "jsonrpc": "2.0",
 <     "result": true
 <   }
[2021/09/11 19:05:23.456] -  <   {
 <     "id": 1631397923448,
 <     "jsonrpc": "2.0",
 <     "result": true
 <   }
