[2021/09/11 19:23:44.341] - Starting server with initial configuration: {"gasLimit":9999999,"gasPrice":20000000000,"hardfork":"muirGlacier","hostname":"127.0.0.1","port":7545,"network_id":5777,"default_balance_ether":50000,"total_accounts":10,"unlocked_accounts":[],"locked":true,"vmErrorsOnRPCResponse":true,"verbose":true,"db_path":"/home/lenovo/.config/Ganache/workspaces/Quickstart/chaindata","logDirectory":"/home/lenovo/dev/udacity/flightsurety"}
[2021/09/11 19:23:44.703] - eth_subscribe
[2021/09/11 19:23:44.704] -    > {
   >   "jsonrpc": "2.0",
   >   "id": 1,
   >   "method": "eth_subscribe",
   >   "params": [
   >     "newHeads"
   >   ]
   > }
[2021/09/11 19:23:44.705] - eth_getLogs
[2021/09/11 19:23:44.706] -    > {
   >   "jsonrpc": "2.0",
   >   "id": 2,
   >   "method": "eth_getLogs",
   >   "params": [
   >     {
   >       "topics": []
   >     }
   >   ]
   > }
[2021/09/11 19:23:44.707] - eth_subscribe
[2021/09/11 19:23:44.707] -    > {
   >   "jsonrpc": "2.0",
   >   "id": 3,
   >   "method": "eth_subscribe",
   >   "params": [
   >     "logs",
   >     {
   >       "topics": []
   >     }
   >   ]
   > }
[2021/09/11 19:23:44.709] -  <   {
 <     "id": 1,
 <     "jsonrpc": "2.0",
 <     "result": "0x1"
 <   }
[2021/09/11 19:23:44.713] -  <   {
 <     "id": 2,
 <     "jsonrpc": "2.0",
 <     "result": []
 <   }
[2021/09/11 19:23:44.715] -  <   {
 <     "id": 3,
 <     "jsonrpc": "2.0",
 <     "result": "0x2"
 <   }
[2021/09/11 19:23:44.738] - eth_subscribe
[2021/09/11 19:23:44.738] -    > {
   >   "jsonrpc": "2.0",
   >   "id": 4,
   >   "method": "eth_subscribe",
   >   "params": [
   >     "newHeads"
   >   ]
   > }
[2021/09/11 19:23:44.739] - eth_getLogs
[2021/09/11 19:23:44.739] -    > {
   >   "jsonrpc": "2.0",
   >   "id": 5,
   >   "method": "eth_getLogs",
   >   "params": [
   >     {
   >       "topics": []
   >     }
   >   ]
   > }
[2021/09/11 19:23:44.739] - eth_subscribe
[2021/09/11 19:23:44.739] -    > {
   >   "jsonrpc": "2.0",
   >   "id": 6,
   >   "method": "eth_subscribe",
   >   "params": [
   >     "logs",
   >     {
   >       "topics": []
   >     }
   >   ]
   > }
[2021/09/11 19:23:44.740] -  <   {
 <     "id": 4,
 <     "jsonrpc": "2.0",
 <     "result": "0x3"
 <   }
[2021/09/11 19:23:44.742] -  <   {
 <     "id": 5,
 <     "jsonrpc": "2.0",
 <     "result": []
 <   }
[2021/09/11 19:23:44.744] -  <   {
 <     "id": 6,
 <     "jsonrpc": "2.0",
 <     "result": "0x4"
 <   }
[2021/09/11 19:23:44.794] - eth_blockNumber
[2021/09/11 19:23:44.794] -    > {
   >   "jsonrpc": "2.0",
   >   "id": 1,
   >   "method": "eth_blockNumber",
   >   "params": [],
   >   "internal": true
   > }
[2021/09/11 19:23:44.795] - eth_accounts
[2021/09/11 19:23:44.795] -    > {
   >   "jsonrpc": "2.0",
   >   "id": 2,
   >   "method": "eth_accounts",
   >   "params": [],
   >   "internal": true
   > }
[2021/09/11 19:23:44.795] - eth_gasPrice
[2021/09/11 19:23:44.795] -    > {
   >   "jsonrpc": "2.0",
   >   "id": 3,
   >   "method": "eth_gasPrice",
   >   "params": [],
   >   "internal": true
   > }
[2021/09/11 19:23:44.796] -  <   {
 <     "id": 1,
 <     "jsonrpc": "2.0",
 <     "result": "0x0"
 <   }
[2021/09/11 19:23:44.796] - eth_getBlockByNumber
[2021/09/11 19:23:44.796] -    > {
   >   "jsonrpc": "2.0",
   >   "id": 4,
   >   "method": "eth_getBlockByNumber",
   >   "params": [
   >     "latest",
   >     false
   >   ],
   >   "internal": true
   > }
[2021/09/11 19:23:44.796] - eth_subscribe
[2021/09/11 19:23:44.797] -    > {
   >   "jsonrpc": "2.0",
   >   "id": 5,
   >   "method": "eth_subscribe",
   >   "params": [
   >     "newHeads"
   >   ],
   >   "internal": true
   > }
[2021/09/11 19:23:44.798] -  <   {
 <     "id": 2,
 <     "jsonrpc": "2.0",
 <     "result": [
 <       "0x899106f5447cbf7e2a675c3e5d0627bf3fc02dc4",
 <       "0x82cd6db2be735e9b3d27c70fc8acb4bc8974a1e9",
 <       "0x56955eb3d1106d9541c3997472099c3ff6e5c04e",
 <       "0x3f11157ef7bca36e8bc21c19dae40817c00730c9",
 <       "0x0ee00d9740314ef7f57c8186d0356c7c8f9a4579",
 <       "0x2c8390138dbdce688aefd8fdaf6b5cab03633ee1",
 <       "0x1cc9f4cd46e7e98e3182df14666c4bc953412ef5",
 <       "0x10f4f25682cd4dc44159cde1a6eae43cedc592e3",
 <       "0x5fd05bd3352c1eaa03fc79f07caae2f6535ef771",
 <       "0xfcee7e5b88d5751b4996b96a03d48a52729f1d44"
 <     ]
 <   }
[2021/09/11 19:23:44.800] -  <   {
 <     "id": 3,
 <     "jsonrpc": "2.0",
 <     "result": "0x4a817c800"
 <   }
[2021/09/11 19:23:44.802] -  <   {
 <     "id": 4,
 <     "jsonrpc": "2.0",
 <     "result": {
 <       "number": "0x0",
 <       "hash": "0xeb3ea43470b92c58f62f7c3037b96131f088538f20398f02ad2815b33b1eab4d",
 <       "parentHash": "0x0000000000000000000000000000000000000000000000000000000000000000",
 <       "mixHash": "0x0000000000000000000000000000000000000000000000000000000000000000",
 <       "nonce": "0x0000000000000000",
 <       "sha3Uncles": "0x1dcc4de8dec75d7aab85b567b6ccd41ad312451b948a7413f0a142fd40d49347",
 <       "logsBloom": "0x00000000000000000000000000000000000000000000000000000000000000000000000000000000000000000000000000000000000000000000000000000000000000000000000000000000000000000000000000000000000000000000000000000000000000000000000000000000000000000000000000000000000000000000000000000000000000000000000000000000000000000000000000000000000000000000000000000000000000000000000000000000000000000000000000000000000000000000000000000000000000000000000000000000000000000000000000000000000000000000000000000000000000000000000000000000",
 <       "transactionsRoot": "0x56e81f171bcc55a6ff8345e692c0f86e5b48e01b996cadc001622fb5e363b421",
 <       "stateRoot": "0x41c67b8a9ca0b7de1af70773fca92b13fd1fde3b6d9d65ce51de07a3828bf78c",
 <       "receiptsRoot": "0x56e81f171bcc55a6ff8345e692c0f86e5b48e01b996cadc001622fb5e363b421",
 <       "miner": "0x0000000000000000000000000000000000000000",
 <       "difficulty": "0x0",
 <       "totalDifficulty": "0x0",
 <       "extraData": "0x",
 <       "size": "0x3e8",
 <       "gasLimit": "0x98967f",
 <       "gasUsed": "0x0",
 <       "timestamp": "0x613d2c70",
 <       "transactions": [],
 <       "uncles": []
 <     }
 <   }
[2021/09/11 19:23:44.803] -  <   {
 <     "id": 5,
 <     "jsonrpc": "2.0",
 <     "result": "0x5"
 <   }
[2021/09/11 19:23:44.809] - eth_accounts
[2021/09/11 19:23:44.809] -    > {
   >   "jsonrpc": "2.0",
   >   "id": 11,
   >   "method": "eth_accounts",
   >   "params": [],
   >   "internal": true
   > }
[2021/09/11 19:23:44.810] -  <   {
 <     "id": 11,
 <     "jsonrpc": "2.0",
 <     "result": [
 <       "0x899106f5447cbf7e2a675c3e5d0627bf3fc02dc4",
 <       "0x82cd6db2be735e9b3d27c70fc8acb4bc8974a1e9",
 <       "0x56955eb3d1106d9541c3997472099c3ff6e5c04e",
 <       "0x3f11157ef7bca36e8bc21c19dae40817c00730c9",
 <       "0x0ee00d9740314ef7f57c8186d0356c7c8f9a4579",
 <       "0x2c8390138dbdce688aefd8fdaf6b5cab03633ee1",
 <       "0x1cc9f4cd46e7e98e3182df14666c4bc953412ef5",
 <       "0x10f4f25682cd4dc44159cde1a6eae43cedc592e3",
 <       "0x5fd05bd3352c1eaa03fc79f07caae2f6535ef771",
 <       "0xfcee7e5b88d5751b4996b96a03d48a52729f1d44"
 <     ]
 <   }
[2021/09/11 19:23:44.841] - eth_getBalance
[2021/09/11 19:23:44.841] -    > {
   >   "jsonrpc": "2.0",
   >   "id": 12,
   >   "method": "eth_getBalance",
   >   "params": [
   >     "0x899106f5447cbf7e2a675c3e5d0627bf3fc02dc4",
   >     "latest"
   >   ],
   >   "internal": true
   > }
[2021/09/11 19:23:44.844] -  <   {
 <     "id": 12,
 <     "jsonrpc": "2.0",
 <     "result": "0xa968163f0a57b400000"
 <   }
[2021/09/11 19:23:44.845] - eth_getTransactionCount
[2021/09/11 19:23:44.846] -    > {
   >   "jsonrpc": "2.0",
   >   "id": 13,
   >   "method": "eth_getTransactionCount",
   >   "params": [
   >     "0x899106f5447cbf7e2a675c3e5d0627bf3fc02dc4",
   >     "latest"
   >   ],
   >   "internal": true
   > }
[2021/09/11 19:23:44.849] -  <   {
 <     "id": 13,
 <     "jsonrpc": "2.0",
 <     "result": "0x0"
 <   }
[2021/09/11 19:23:44.851] - eth_getBalance
[2021/09/11 19:23:44.852] -    > {
   >   "jsonrpc": "2.0",
   >   "id": 14,
   >   "method": "eth_getBalance",
   >   "params": [
   >     "0x82cd6db2be735e9b3d27c70fc8acb4bc8974a1e9",
   >     "latest"
   >   ],
   >   "internal": true
   > }
[2021/09/11 19:23:44.854] -  <   {
 <     "id": 14,
 <     "jsonrpc": "2.0",
 <     "result": "0xa968163f0a57b400000"
 <   }
[2021/09/11 19:23:44.856] - eth_getTransactionCount
[2021/09/11 19:23:44.857] -    > {
   >   "jsonrpc": "2.0",
   >   "id": 15,
   >   "method": "eth_getTransactionCount",
   >   "params": [
   >     "0x82cd6db2be735e9b3d27c70fc8acb4bc8974a1e9",
   >     "latest"
   >   ],
   >   "internal": true
   > }
[2021/09/11 19:23:44.859] -  <   {
 <     "id": 15,
 <     "jsonrpc": "2.0",
 <     "result": "0x0"
 <   }
[2021/09/11 19:23:44.861] - eth_getBalance
[2021/09/11 19:23:44.861] -    > {
   >   "jsonrpc": "2.0",
   >   "id": 16,
   >   "method": "eth_getBalance",
   >   "params": [
   >     "0x56955eb3d1106d9541c3997472099c3ff6e5c04e",
   >     "latest"
   >   ],
   >   "internal": true
   > }
[2021/09/11 19:23:44.864] -  <   {
 <     "id": 16,
 <     "jsonrpc": "2.0",
 <     "result": "0xa968163f0a57b400000"
 <   }
[2021/09/11 19:23:44.865] - eth_getTransactionCount
[2021/09/11 19:23:44.865] -    > {
   >   "jsonrpc": "2.0",
   >   "id": 17,
   >   "method": "eth_getTransactionCount",
   >   "params": [
   >     "0x56955eb3d1106d9541c3997472099c3ff6e5c04e",
   >     "latest"
   >   ],
   >   "internal": true
   > }
[2021/09/11 19:23:44.868] -  <   {
 <     "id": 17,
 <     "jsonrpc": "2.0",
 <     "result": "0x0"
 <   }
[2021/09/11 19:23:44.869] - eth_getBalance
[2021/09/11 19:23:44.870] -    > {
   >   "jsonrpc": "2.0",
   >   "id": 18,
   >   "method": "eth_getBalance",
   >   "params": [
   >     "0x3f11157ef7bca36e8bc21c19dae40817c00730c9",
   >     "latest"
   >   ],
   >   "internal": true
   > }
[2021/09/11 19:23:44.872] -  <   {
 <     "id": 18,
 <     "jsonrpc": "2.0",
 <     "result": "0xa968163f0a57b400000"
 <   }
[2021/09/11 19:23:44.874] - eth_getTransactionCount
[2021/09/11 19:23:44.874] -    > {
   >   "jsonrpc": "2.0",
   >   "id": 19,
   >   "method": "eth_getTransactionCount",
   >   "params": [
   >     "0x3f11157ef7bca36e8bc21c19dae40817c00730c9",
   >     "latest"
   >   ],
   >   "internal": true
   > }
[2021/09/11 19:23:44.877] -  <   {
 <     "id": 19,
 <     "jsonrpc": "2.0",
 <     "result": "0x0"
 <   }
[2021/09/11 19:23:44.879] - eth_getBalance
[2021/09/11 19:23:44.879] -    > {
   >   "jsonrpc": "2.0",
   >   "id": 20,
   >   "method": "eth_getBalance",
   >   "params": [
   >     "0x0ee00d9740314ef7f57c8186d0356c7c8f9a4579",
   >     "latest"
   >   ],
   >   "internal": true
   > }
[2021/09/11 19:23:44.881] -  <   {
 <     "id": 20,
 <     "jsonrpc": "2.0",
 <     "result": "0xa968163f0a57b400000"
 <   }
[2021/09/11 19:23:44.884] - eth_getTransactionCount
[2021/09/11 19:23:44.884] -    > {
   >   "jsonrpc": "2.0",
   >   "id": 21,
   >   "method": "eth_getTransactionCount",
   >   "params": [
   >     "0x0ee00d9740314ef7f57c8186d0356c7c8f9a4579",
   >     "latest"
   >   ],
   >   "internal": true
   > }
[2021/09/11 19:23:44.886] -  <   {
 <     "id": 21,
 <     "jsonrpc": "2.0",
 <     "result": "0x0"
 <   }
[2021/09/11 19:23:44.888] - eth_getBalance
[2021/09/11 19:23:44.888] -    > {
   >   "jsonrpc": "2.0",
   >   "id": 22,
   >   "method": "eth_getBalance",
   >   "params": [
   >     "0x2c8390138dbdce688aefd8fdaf6b5cab03633ee1",
   >     "latest"
   >   ],
   >   "internal": true
   > }
[2021/09/11 19:23:44.891] -  <   {
 <     "id": 22,
 <     "jsonrpc": "2.0",
 <     "result": "0xa968163f0a57b400000"
 <   }
[2021/09/11 19:23:44.901] - eth_getTransactionCount
[2021/09/11 19:23:44.901] -    > {
   >   "jsonrpc": "2.0",
   >   "id": 23,
   >   "method": "eth_getTransactionCount",
   >   "params": [
   >     "0x2c8390138dbdce688aefd8fdaf6b5cab03633ee1",
   >     "latest"
   >   ],
   >   "internal": true
   > }
[2021/09/11 19:23:44.902] - eth_getBalance
[2021/09/11 19:23:44.902] -    > {
   >   "jsonrpc": "2.0",
   >   "id": 24,
   >   "method": "eth_getBalance",
   >   "params": [
   >     "0x1cc9f4cd46e7e98e3182df14666c4bc953412ef5",
   >     "latest"
   >   ],
   >   "internal": true
   > }
[2021/09/11 19:23:44.902] - eth_getTransactionCount
[2021/09/11 19:23:44.902] -    > {
   >   "jsonrpc": "2.0",
   >   "id": 25,
   >   "method": "eth_getTransactionCount",
   >   "params": [
   >     "0x1cc9f4cd46e7e98e3182df14666c4bc953412ef5",
   >     "latest"
   >   ],
   >   "internal": true
   > }
[2021/09/11 19:23:44.903] -  <   {
 <     "id": 23,
 <     "jsonrpc": "2.0",
 <     "result": "0x0"
 <   }
[2021/09/11 19:23:44.905] -  <   {
 <     "id": 24,
 <     "jsonrpc": "2.0",
 <     "result": "0xa968163f0a57b400000"
 <   }
[2021/09/11 19:23:44.908] -  <   {
 <     "id": 25,
 <     "jsonrpc": "2.0",
 <     "result": "0x0"
 <   }
[2021/09/11 19:23:44.908] - eth_getBalance
[2021/09/11 19:23:44.909] -    > {
   >   "jsonrpc": "2.0",
   >   "id": 26,
   >   "method": "eth_getBalance",
   >   "params": [
   >     "0x10f4f25682cd4dc44159cde1a6eae43cedc592e3",
   >     "latest"
   >   ],
   >   "internal": true
   > }
[2021/09/11 19:23:44.909] - eth_getTransactionCount
[2021/09/11 19:23:44.910] -    > {
   >   "jsonrpc": "2.0",
   >   "id": 27,
   >   "method": "eth_getTransactionCount",
   >   "params": [
   >     "0x10f4f25682cd4dc44159cde1a6eae43cedc592e3",
   >     "latest"
   >   ],
   >   "internal": true
   > }
[2021/09/11 19:23:44.911] -  <   {
 <     "id": 26,
 <     "jsonrpc": "2.0",
 <     "result": "0xa968163f0a57b400000"
 <   }
[2021/09/11 19:23:44.913] -  <   {
 <     "id": 27,
 <     "jsonrpc": "2.0",
 <     "result": "0x0"
 <   }
[2021/09/11 19:23:44.914] - eth_getBalance
[2021/09/11 19:23:44.914] -    > {
   >   "jsonrpc": "2.0",
   >   "id": 28,
   >   "method": "eth_getBalance",
   >   "params": [
   >     "0x5fd05bd3352c1eaa03fc79f07caae2f6535ef771",
   >     "latest"
   >   ],
   >   "internal": true
   > }
[2021/09/11 19:23:44.916] -  <   {
 <     "id": 28,
 <     "jsonrpc": "2.0",
 <     "result": "0xa968163f0a57b400000"
 <   }
[2021/09/11 19:23:44.916] - eth_getTransactionCount
[2021/09/11 19:23:44.916] -    > {
   >   "jsonrpc": "2.0",
   >   "id": 29,
   >   "method": "eth_getTransactionCount",
   >   "params": [
   >     "0x5fd05bd3352c1eaa03fc79f07caae2f6535ef771",
   >     "latest"
   >   ],
   >   "internal": true
   > }
[2021/09/11 19:23:44.917] - eth_getBalance
[2021/09/11 19:23:44.918] -    > {
   >   "jsonrpc": "2.0",
   >   "id": 30,
   >   "method": "eth_getBalance",
   >   "params": [
   >     "0xfcee7e5b88d5751b4996b96a03d48a52729f1d44",
   >     "latest"
   >   ],
   >   "internal": true
   > }
[2021/09/11 19:23:44.918] -  <   {
 <     "id": 29,
 <     "jsonrpc": "2.0",
 <     "result": "0x0"
 <   }
[2021/09/11 19:23:44.921] -  <   {
 <     "id": 30,
 <     "jsonrpc": "2.0",
 <     "result": "0xa968163f0a57b400000"
 <   }
[2021/09/11 19:23:44.921] - eth_getTransactionCount
[2021/09/11 19:23:44.921] -    > {
   >   "jsonrpc": "2.0",
   >   "id": 31,
   >   "method": "eth_getTransactionCount",
   >   "params": [
   >     "0xfcee7e5b88d5751b4996b96a03d48a52729f1d44",
   >     "latest"
   >   ],
   >   "internal": true
   > }
[2021/09/11 19:23:44.923] -  <   {
 <     "id": 31,
 <     "jsonrpc": "2.0",
 <     "result": "0x0"
 <   }
[2021/09/11 19:23:44.923] - eth_blockNumber
[2021/09/11 19:23:44.923] -    > {
   >   "jsonrpc": "2.0",
   >   "id": 6,
   >   "method": "eth_blockNumber",
   >   "params": [],
   >   "internal": true
   > }
[2021/09/11 19:23:44.923] - eth_accounts
[2021/09/11 19:23:44.924] -    > {
   >   "jsonrpc": "2.0",
   >   "id": 7,
   >   "method": "eth_accounts",
   >   "params": [],
   >   "internal": true
   > }
[2021/09/11 19:23:44.924] - eth_gasPrice
[2021/09/11 19:23:44.924] -    > {
   >   "jsonrpc": "2.0",
   >   "id": 8,
   >   "method": "eth_gasPrice",
   >   "params": [],
   >   "internal": true
   > }
[2021/09/11 19:23:44.924] -  <   {
 <     "id": 6,
 <     "jsonrpc": "2.0",
 <     "result": "0x0"
 <   }
[2021/09/11 19:23:44.925] -  <   {
 <     "id": 7,
 <     "jsonrpc": "2.0",
 <     "result": [
 <       "0x899106f5447cbf7e2a675c3e5d0627bf3fc02dc4",
 <       "0x82cd6db2be735e9b3d27c70fc8acb4bc8974a1e9",
 <       "0x56955eb3d1106d9541c3997472099c3ff6e5c04e",
 <       "0x3f11157ef7bca36e8bc21c19dae40817c00730c9",
 <       "0x0ee00d9740314ef7f57c8186d0356c7c8f9a4579",
 <       "0x2c8390138dbdce688aefd8fdaf6b5cab03633ee1",
 <       "0x1cc9f4cd46e7e98e3182df14666c4bc953412ef5",
 <       "0x10f4f25682cd4dc44159cde1a6eae43cedc592e3",
 <       "0x5fd05bd3352c1eaa03fc79f07caae2f6535ef771",
 <       "0xfcee7e5b88d5751b4996b96a03d48a52729f1d44"
 <     ]
 <   }
[2021/09/11 19:23:44.927] -  <   {
 <     "id": 8,
 <     "jsonrpc": "2.0",
 <     "result": "0x4a817c800"
 <   }
[2021/09/11 19:23:44.929] - eth_getBlockByNumber
[2021/09/11 19:23:44.930] -    > {
   >   "jsonrpc": "2.0",
   >   "id": 9,
   >   "method": "eth_getBlockByNumber",
   >   "params": [
   >     "latest",
   >     false
   >   ],
   >   "internal": true
   > }
[2021/09/11 19:23:44.930] - eth_subscribe
[2021/09/11 19:23:44.930] -    > {
   >   "jsonrpc": "2.0",
   >   "id": 10,
   >   "method": "eth_subscribe",
   >   "params": [
   >     "newHeads"
   >   ],
   >   "internal": true
   > }
[2021/09/11 19:23:44.931] -  <   {
 <     "id": 9,
 <     "jsonrpc": "2.0",
 <     "result": {
 <       "number": "0x0",
 <       "hash": "0xeb3ea43470b92c58f62f7c3037b96131f088538f20398f02ad2815b33b1eab4d",
 <       "parentHash": "0x0000000000000000000000000000000000000000000000000000000000000000",
 <       "mixHash": "0x0000000000000000000000000000000000000000000000000000000000000000",
 <       "nonce": "0x0000000000000000",
 <       "sha3Uncles": "0x1dcc4de8dec75d7aab85b567b6ccd41ad312451b948a7413f0a142fd40d49347",
 <       "logsBloom": "0x00000000000000000000000000000000000000000000000000000000000000000000000000000000000000000000000000000000000000000000000000000000000000000000000000000000000000000000000000000000000000000000000000000000000000000000000000000000000000000000000000000000000000000000000000000000000000000000000000000000000000000000000000000000000000000000000000000000000000000000000000000000000000000000000000000000000000000000000000000000000000000000000000000000000000000000000000000000000000000000000000000000000000000000000000000000",
 <       "transactionsRoot": "0x56e81f171bcc55a6ff8345e692c0f86e5b48e01b996cadc001622fb5e363b421",
 <       "stateRoot": "0x41c67b8a9ca0b7de1af70773fca92b13fd1fde3b6d9d65ce51de07a3828bf78c",
 <       "receiptsRoot": "0x56e81f171bcc55a6ff8345e692c0f86e5b48e01b996cadc001622fb5e363b421",
 <       "miner": "0x0000000000000000000000000000000000000000",
 <       "difficulty": "0x0",
 <       "totalDifficulty": "0x0",
 <       "extraData": "0x",
 <       "size": "0x3e8",
 <       "gasLimit": "0x98967f",
 <       "gasUsed": "0x0",
 <       "timestamp": "0x613d2c70",
 <       "transactions": [],
 <       "uncles": []
 <     }
 <   }
[2021/09/11 19:23:44.932] -  <   {
 <     "id": 10,
 <     "jsonrpc": "2.0",
 <     "result": "0x6"
 <   }
[2021/09/11 19:23:44.950] - eth_getTransactionCount
[2021/09/11 19:23:44.951] -    > {
   >   "jsonrpc": "2.0",
   >   "id": 33,
   >   "method": "eth_getTransactionCount",
   >   "params": [
   >     "0x899106f5447cbf7e2a675c3e5d0627bf3fc02dc4",
   >     "latest"
   >   ],
   >   "internal": true
   > }
[2021/09/11 19:23:44.954] -  <   {
 <     "id": 33,
 <     "jsonrpc": "2.0",
 <     "result": "0x0"
 <   }
[2021/09/11 19:23:44.955] - eth_getBalance
[2021/09/11 19:23:44.955] -    > {
   >   "jsonrpc": "2.0",
   >   "id": 34,
   >   "method": "eth_getBalance",
   >   "params": [
   >     "0x82cd6db2be735e9b3d27c70fc8acb4bc8974a1e9",
   >     "latest"
   >   ],
   >   "internal": true
   > }
[2021/09/11 19:23:44.957] -  <   {
 <     "id": 34,
 <     "jsonrpc": "2.0",
 <     "result": "0xa968163f0a57b400000"
 <   }
[2021/09/11 19:23:44.958] - eth_getTransactionCount
[2021/09/11 19:23:44.958] -    > {
   >   "jsonrpc": "2.0",
   >   "id": 35,
   >   "method": "eth_getTransactionCount",
   >   "params": [
   >     "0x82cd6db2be735e9b3d27c70fc8acb4bc8974a1e9",
   >     "latest"
   >   ],
   >   "internal": true
   > }
[2021/09/11 19:23:44.959] -  <   {
 <     "id": 35,
 <     "jsonrpc": "2.0",
 <     "result": "0x0"
 <   }
[2021/09/11 19:23:44.961] - eth_getBalance
[2021/09/11 19:23:44.961] -    > {
   >   "jsonrpc": "2.0",
   >   "id": 36,
   >   "method": "eth_getBalance",
   >   "params": [
   >     "0x56955eb3d1106d9541c3997472099c3ff6e5c04e",
   >     "latest"
   >   ],
   >   "internal": true
   > }
[2021/09/11 19:23:44.963] -  <   {
 <     "id": 36,
 <     "jsonrpc": "2.0",
 <     "result": "0xa968163f0a57b400000"
 <   }
[2021/09/11 19:23:44.965] - eth_getTransactionCount
[2021/09/11 19:23:44.965] -    > {
   >   "jsonrpc": "2.0",
   >   "id": 37,
   >   "method": "eth_getTransactionCount",
   >   "params": [
   >     "0x56955eb3d1106d9541c3997472099c3ff6e5c04e",
   >     "latest"
   >   ],
   >   "internal": true
   > }
[2021/09/11 19:23:44.967] -  <   {
 <     "id": 37,
 <     "jsonrpc": "2.0",
 <     "result": "0x0"
 <   }
[2021/09/11 19:23:44.968] - eth_getBalance
[2021/09/11 19:23:44.968] -    > {
   >   "jsonrpc": "2.0",
   >   "id": 38,
   >   "method": "eth_getBalance",
   >   "params": [
   >     "0x3f11157ef7bca36e8bc21c19dae40817c00730c9",
   >     "latest"
   >   ],
   >   "internal": true
   > }
[2021/09/11 19:23:44.971] -  <   {
 <     "id": 38,
 <     "jsonrpc": "2.0",
 <     "result": "0xa968163f0a57b400000"
 <   }
[2021/09/11 19:23:44.973] - eth_getTransactionCount
[2021/09/11 19:23:44.973] -    > {
   >   "jsonrpc": "2.0",
   >   "id": 39,
   >   "method": "eth_getTransactionCount",
   >   "params": [
   >     "0x3f11157ef7bca36e8bc21c19dae40817c00730c9",
   >     "latest"
   >   ],
   >   "internal": true
   > }
[2021/09/11 19:23:44.975] -  <   {
 <     "id": 39,
 <     "jsonrpc": "2.0",
 <     "result": "0x0"
 <   }
[2021/09/11 19:23:44.976] - eth_getBalance
[2021/09/11 19:23:44.976] -    > {
   >   "jsonrpc": "2.0",
   >   "id": 40,
   >   "method": "eth_getBalance",
   >   "params": [
   >     "0x0ee00d9740314ef7f57c8186d0356c7c8f9a4579",
   >     "latest"
   >   ],
   >   "internal": true
   > }
[2021/09/11 19:23:44.978] -  <   {
 <     "id": 40,
 <     "jsonrpc": "2.0",
 <     "result": "0xa968163f0a57b400000"
 <   }
[2021/09/11 19:23:44.980] - eth_getTransactionCount
[2021/09/11 19:23:44.980] -    > {
   >   "jsonrpc": "2.0",
   >   "id": 41,
   >   "method": "eth_getTransactionCount",
   >   "params": [
   >     "0x0ee00d9740314ef7f57c8186d0356c7c8f9a4579",
   >     "latest"
   >   ],
   >   "internal": true
   > }
[2021/09/11 19:23:44.982] -  <   {
 <     "id": 41,
 <     "jsonrpc": "2.0",
 <     "result": "0x0"
 <   }
[2021/09/11 19:23:44.983] - eth_getBalance
[2021/09/11 19:23:44.983] -    > {
   >   "jsonrpc": "2.0",
   >   "id": 42,
   >   "method": "eth_getBalance",
   >   "params": [
   >     "0x2c8390138dbdce688aefd8fdaf6b5cab03633ee1",
   >     "latest"
   >   ],
   >   "internal": true
   > }
[2021/09/11 19:23:44.985] -  <   {
 <     "id": 42,
 <     "jsonrpc": "2.0",
 <     "result": "0xa968163f0a57b400000"
 <   }
[2021/09/11 19:23:44.985] - eth_getTransactionCount
[2021/09/11 19:23:44.986] -    > {
   >   "jsonrpc": "2.0",
   >   "id": 43,
   >   "method": "eth_getTransactionCount",
   >   "params": [
   >     "0x2c8390138dbdce688aefd8fdaf6b5cab03633ee1",
   >     "latest"
   >   ],
   >   "internal": true
   > }
[2021/09/11 19:23:44.988] -  <   {
 <     "id": 43,
 <     "jsonrpc": "2.0",
 <     "result": "0x0"
 <   }
[2021/09/11 19:23:44.989] - eth_getBalance
[2021/09/11 19:23:44.989] -    > {
   >   "jsonrpc": "2.0",
   >   "id": 44,
   >   "method": "eth_getBalance",
   >   "params": [
   >     "0x1cc9f4cd46e7e98e3182df14666c4bc953412ef5",
   >     "latest"
   >   ],
   >   "internal": true
   > }
[2021/09/11 19:23:44.992] -  <   {
 <     "id": 44,
 <     "jsonrpc": "2.0",
 <     "result": "0xa968163f0a57b400000"
 <   }
[2021/09/11 19:23:44.993] - eth_getTransactionCount
[2021/09/11 19:23:44.993] -    > {
   >   "jsonrpc": "2.0",
   >   "id": 45,
   >   "method": "eth_getTransactionCount",
   >   "params": [
   >     "0x1cc9f4cd46e7e98e3182df14666c4bc953412ef5",
   >     "latest"
   >   ],
   >   "internal": true
   > }
[2021/09/11 19:23:44.995] -  <   {
 <     "id": 45,
 <     "jsonrpc": "2.0",
 <     "result": "0x0"
 <   }
[2021/09/11 19:23:44.998] - eth_getBalance
[2021/09/11 19:23:44.998] -    > {
   >   "jsonrpc": "2.0",
   >   "id": 46,
   >   "method": "eth_getBalance",
   >   "params": [
   >     "0x10f4f25682cd4dc44159cde1a6eae43cedc592e3",
   >     "latest"
   >   ],
   >   "internal": true
   > }
[2021/09/11 19:23:45.000] -  <   {
 <     "id": 46,
 <     "jsonrpc": "2.0",
 <     "result": "0xa968163f0a57b400000"
 <   }
[2021/09/11 19:23:45.001] - eth_getTransactionCount
[2021/09/11 19:23:45.001] -    > {
   >   "jsonrpc": "2.0",
   >   "id": 47,
   >   "method": "eth_getTransactionCount",
   >   "params": [
   >     "0x10f4f25682cd4dc44159cde1a6eae43cedc592e3",
   >     "latest"
   >   ],
   >   "internal": true
   > }
[2021/09/11 19:23:45.004] -  <   {
 <     "id": 47,
 <     "jsonrpc": "2.0",
 <     "result": "0x0"
 <   }
[2021/09/11 19:23:45.005] - eth_getBalance
[2021/09/11 19:23:45.006] -    > {
   >   "jsonrpc": "2.0",
   >   "id": 48,
   >   "method": "eth_getBalance",
   >   "params": [
   >     "0x5fd05bd3352c1eaa03fc79f07caae2f6535ef771",
   >     "latest"
   >   ],
   >   "internal": true
   > }
[2021/09/11 19:23:45.008] -  <   {
 <     "id": 48,
 <     "jsonrpc": "2.0",
 <     "result": "0xa968163f0a57b400000"
 <   }
[2021/09/11 19:23:45.009] - eth_getTransactionCount
[2021/09/11 19:23:45.010] -    > {
   >   "jsonrpc": "2.0",
   >   "id": 49,
   >   "method": "eth_getTransactionCount",
   >   "params": [
   >     "0x5fd05bd3352c1eaa03fc79f07caae2f6535ef771",
   >     "latest"
   >   ],
   >   "internal": true
   > }
[2021/09/11 19:23:45.013] -  <   {
 <     "id": 49,
 <     "jsonrpc": "2.0",
 <     "result": "0x0"
 <   }
[2021/09/11 19:23:45.014] - eth_getBalance
[2021/09/11 19:23:45.014] -    > {
   >   "jsonrpc": "2.0",
   >   "id": 50,
   >   "method": "eth_getBalance",
   >   "params": [
   >     "0xfcee7e5b88d5751b4996b96a03d48a52729f1d44",
   >     "latest"
   >   ],
   >   "internal": true
   > }
[2021/09/11 19:23:45.016] -  <   {
 <     "id": 50,
 <     "jsonrpc": "2.0",
 <     "result": "0xa968163f0a57b400000"
 <   }
[2021/09/11 19:23:45.017] - eth_getTransactionCount
[2021/09/11 19:23:45.017] -    > {
   >   "jsonrpc": "2.0",
   >   "id": 51,
   >   "method": "eth_getTransactionCount",
   >   "params": [
   >     "0xfcee7e5b88d5751b4996b96a03d48a52729f1d44",
   >     "latest"
   >   ],
   >   "internal": true
   > }
[2021/09/11 19:23:45.019] -  <   {
 <     "id": 51,
 <     "jsonrpc": "2.0",
 <     "result": "0x0"
 <   }
[2021/09/11 19:23:45.171] - eth_getBalance
[2021/09/11 19:23:45.171] -    > {
   >   "jsonrpc": "2.0",
   >   "id": 53,
   >   "method": "eth_getBalance",
   >   "params": [
   >     "0x899106f5447cbf7e2a675c3e5d0627bf3fc02dc4",
   >     "latest"
   >   ],
   >   "internal": true
   > }
[2021/09/11 19:23:45.173] -  <   {
 <     "id": 53,
 <     "jsonrpc": "2.0",
 <     "result": "0xa968163f0a57b400000"
 <   }
[2021/09/11 19:23:45.174] - eth_getTransactionCount
[2021/09/11 19:23:45.175] -    > {
   >   "jsonrpc": "2.0",
   >   "id": 54,
   >   "method": "eth_getTransactionCount",
   >   "params": [
   >     "0x899106f5447cbf7e2a675c3e5d0627bf3fc02dc4",
   >     "latest"
   >   ],
   >   "internal": true
   > }
[2021/09/11 19:23:45.177] -  <   {
 <     "id": 54,
 <     "jsonrpc": "2.0",
 <     "result": "0x0"
 <   }
[2021/09/11 19:23:45.180] - eth_getBalance
[2021/09/11 19:23:45.181] -    > {
   >   "jsonrpc": "2.0",
   >   "id": 55,
   >   "method": "eth_getBalance",
   >   "params": [
   >     "0x82cd6db2be735e9b3d27c70fc8acb4bc8974a1e9",
   >     "latest"
   >   ],
   >   "internal": true
   > }
[2021/09/11 19:23:45.183] -  <   {
 <     "id": 55,
 <     "jsonrpc": "2.0",
 <     "result": "0xa968163f0a57b400000"
 <   }
[2021/09/11 19:23:45.184] - eth_getTransactionCount
[2021/09/11 19:23:45.184] -    > {
   >   "jsonrpc": "2.0",
   >   "id": 56,
   >   "method": "eth_getTransactionCount",
   >   "params": [
   >     "0x82cd6db2be735e9b3d27c70fc8acb4bc8974a1e9",
   >     "latest"
   >   ],
   >   "internal": true
   > }
[2021/09/11 19:23:45.186] -  <   {
 <     "id": 56,
 <     "jsonrpc": "2.0",
 <     "result": "0x0"
 <   }
[2021/09/11 19:23:45.187] - eth_getBalance
[2021/09/11 19:23:45.187] -    > {
   >   "jsonrpc": "2.0",
   >   "id": 57,
   >   "method": "eth_getBalance",
   >   "params": [
   >     "0x56955eb3d1106d9541c3997472099c3ff6e5c04e",
   >     "latest"
   >   ],
   >   "internal": true
   > }
[2021/09/11 19:23:45.189] -  <   {
 <     "id": 57,
 <     "jsonrpc": "2.0",
 <     "result": "0xa968163f0a57b400000"
 <   }
[2021/09/11 19:23:45.190] - eth_getTransactionCount
[2021/09/11 19:23:45.190] -    > {
   >   "jsonrpc": "2.0",
   >   "id": 58,
   >   "method": "eth_getTransactionCount",
   >   "params": [
   >     "0x56955eb3d1106d9541c3997472099c3ff6e5c04e",
   >     "latest"
   >   ],
   >   "internal": true
   > }
[2021/09/11 19:23:45.192] -  <   {
 <     "id": 58,
 <     "jsonrpc": "2.0",
 <     "result": "0x0"
 <   }
[2021/09/11 19:23:45.193] - eth_getBalance
[2021/09/11 19:23:45.193] -    > {
   >   "jsonrpc": "2.0",
   >   "id": 59,
   >   "method": "eth_getBalance",
   >   "params": [
   >     "0x3f11157ef7bca36e8bc21c19dae40817c00730c9",
   >     "latest"
   >   ],
   >   "internal": true
   > }
[2021/09/11 19:23:45.195] -  <   {
 <     "id": 59,
 <     "jsonrpc": "2.0",
 <     "result": "0xa968163f0a57b400000"
 <   }
[2021/09/11 19:23:45.195] - eth_getTransactionCount
[2021/09/11 19:23:45.195] -    > {
   >   "jsonrpc": "2.0",
   >   "id": 60,
   >   "method": "eth_getTransactionCount",
   >   "params": [
   >     "0x3f11157ef7bca36e8bc21c19dae40817c00730c9",
   >     "latest"
   >   ],
   >   "internal": true
   > }
[2021/09/11 19:23:45.198] -  <   {
 <     "id": 60,
 <     "jsonrpc": "2.0",
 <     "result": "0x0"
 <   }
[2021/09/11 19:23:45.198] - eth_getBalance
[2021/09/11 19:23:45.198] -    > {
   >   "jsonrpc": "2.0",
   >   "id": 61,
   >   "method": "eth_getBalance",
   >   "params": [
   >     "0x0ee00d9740314ef7f57c8186d0356c7c8f9a4579",
   >     "latest"
   >   ],
   >   "internal": true
   > }
[2021/09/11 19:23:45.200] - eth_getTransactionCount
[2021/09/11 19:23:45.200] -    > {
   >   "jsonrpc": "2.0",
   >   "id": 62,
   >   "method": "eth_getTransactionCount",
   >   "params": [
   >     "0x0ee00d9740314ef7f57c8186d0356c7c8f9a4579",
   >     "latest"
   >   ],
   >   "internal": true
   > }
[2021/09/11 19:23:45.201] -  <   {
 <     "id": 61,
 <     "jsonrpc": "2.0",
 <     "result": "0xa968163f0a57b400000"
 <   }
[2021/09/11 19:23:45.202] - eth_getBalance
[2021/09/11 19:23:45.202] -    > {
   >   "jsonrpc": "2.0",
   >   "id": 63,
   >   "method": "eth_getBalance",
   >   "params": [
   >     "0x2c8390138dbdce688aefd8fdaf6b5cab03633ee1",
   >     "latest"
   >   ],
   >   "internal": true
   > }
[2021/09/11 19:23:45.203] -  <   {
 <     "id": 62,
 <     "jsonrpc": "2.0",
 <     "result": "0x0"
 <   }
[2021/09/11 19:23:45.205] - eth_getTransactionCount
[2021/09/11 19:23:45.205] -    > {
   >   "jsonrpc": "2.0",
   >   "id": 64,
   >   "method": "eth_getTransactionCount",
   >   "params": [
   >     "0x2c8390138dbdce688aefd8fdaf6b5cab03633ee1",
   >     "latest"
   >   ],
   >   "internal": true
   > }
[2021/09/11 19:23:45.206] -  <   {
 <     "id": 63,
 <     "jsonrpc": "2.0",
 <     "result": "0xa968163f0a57b400000"
 <   }
[2021/09/11 19:23:45.208] - eth_getBalance
[2021/09/11 19:23:45.208] -    > {
   >   "jsonrpc": "2.0",
   >   "id": 65,
   >   "method": "eth_getBalance",
   >   "params": [
   >     "0x1cc9f4cd46e7e98e3182df14666c4bc953412ef5",
   >     "latest"
   >   ],
   >   "internal": true
   > }
[2021/09/11 19:23:45.209] -  <   {
 <     "id": 64,
 <     "jsonrpc": "2.0",
 <     "result": "0x0"
 <   }
[2021/09/11 19:23:45.210] - eth_getTransactionCount
[2021/09/11 19:23:45.210] -    > {
   >   "jsonrpc": "2.0",
   >   "id": 66,
   >   "method": "eth_getTransactionCount",
   >   "params": [
   >     "0x1cc9f4cd46e7e98e3182df14666c4bc953412ef5",
   >     "latest"
   >   ],
   >   "internal": true
   > }
[2021/09/11 19:23:45.211] -  <   {
 <     "id": 65,
 <     "jsonrpc": "2.0",
 <     "result": "0xa968163f0a57b400000"
 <   }
[2021/09/11 19:23:45.214] -  <   {
 <     "id": 66,
 <     "jsonrpc": "2.0",
 <     "result": "0x0"
 <   }
[2021/09/11 19:23:45.214] - eth_getBalance
[2021/09/11 19:23:45.214] -    > {
   >   "jsonrpc": "2.0",
   >   "id": 67,
   >   "method": "eth_getBalance",
   >   "params": [
   >     "0x10f4f25682cd4dc44159cde1a6eae43cedc592e3",
   >     "latest"
   >   ],
   >   "internal": true
   > }
[2021/09/11 19:23:45.217] -  <   {
 <     "id": 67,
 <     "jsonrpc": "2.0",
 <     "result": "0xa968163f0a57b400000"
 <   }
[2021/09/11 19:23:45.217] - eth_getTransactionCount
[2021/09/11 19:23:45.218] -    > {
   >   "jsonrpc": "2.0",
   >   "id": 68,
   >   "method": "eth_getTransactionCount",
   >   "params": [
   >     "0x10f4f25682cd4dc44159cde1a6eae43cedc592e3",
   >     "latest"
   >   ],
   >   "internal": true
   > }
[2021/09/11 19:23:45.220] -  <   {
 <     "id": 68,
 <     "jsonrpc": "2.0",
 <     "result": "0x0"
 <   }
[2021/09/11 19:23:45.220] - eth_getBalance
[2021/09/11 19:23:45.220] -    > {
   >   "jsonrpc": "2.0",
   >   "id": 69,
   >   "method": "eth_getBalance",
   >   "params": [
   >     "0x5fd05bd3352c1eaa03fc79f07caae2f6535ef771",
   >     "latest"
   >   ],
   >   "internal": true
   > }
[2021/09/11 19:23:45.223] -  <   {
 <     "id": 69,
 <     "jsonrpc": "2.0",
 <     "result": "0xa968163f0a57b400000"
 <   }
[2021/09/11 19:23:45.223] - eth_getTransactionCount
[2021/09/11 19:23:45.223] -    > {
   >   "jsonrpc": "2.0",
   >   "id": 70,
   >   "method": "eth_getTransactionCount",
   >   "params": [
   >     "0x5fd05bd3352c1eaa03fc79f07caae2f6535ef771",
   >     "latest"
   >   ],
   >   "internal": true
   > }
[2021/09/11 19:23:45.225] -  <   {
 <     "id": 70,
 <     "jsonrpc": "2.0",
 <     "result": "0x0"
 <   }
[2021/09/11 19:23:45.226] - eth_getBalance
[2021/09/11 19:23:45.226] -    > {
   >   "jsonrpc": "2.0",
   >   "id": 71,
   >   "method": "eth_getBalance",
   >   "params": [
   >     "0xfcee7e5b88d5751b4996b96a03d48a52729f1d44",
   >     "latest"
   >   ],
   >   "internal": true
   > }
[2021/09/11 19:23:45.228] -  <   {
 <     "id": 71,
 <     "jsonrpc": "2.0",
 <     "result": "0xa968163f0a57b400000"
 <   }
[2021/09/11 19:23:45.229] - eth_getTransactionCount
[2021/09/11 19:23:45.230] -    > {
   >   "jsonrpc": "2.0",
   >   "id": 72,
   >   "method": "eth_getTransactionCount",
   >   "params": [
   >     "0xfcee7e5b88d5751b4996b96a03d48a52729f1d44",
   >     "latest"
   >   ],
   >   "internal": true
   > }
[2021/09/11 19:23:45.231] -  <   {
 <     "id": 72,
 <     "jsonrpc": "2.0",
 <     "result": "0x0"
 <   }
[2021/09/11 19:23:45.232] - eth_getBalance
[2021/09/11 19:23:45.232] -    > {
   >   "jsonrpc": "2.0",
   >   "id": 73,
   >   "method": "eth_getBalance",
   >   "params": [
   >     "0x899106f5447cbf7e2a675c3e5d0627bf3fc02dc4",
   >     "latest"
   >   ],
   >   "internal": true
   > }
[2021/09/11 19:23:45.234] -  <   {
 <     "id": 73,
 <     "jsonrpc": "2.0",
 <     "result": "0xa968163f0a57b400000"
 <   }
[2021/09/11 19:23:45.234] - eth_getTransactionCount
[2021/09/11 19:23:45.235] -    > {
   >   "jsonrpc": "2.0",
   >   "id": 74,
   >   "method": "eth_getTransactionCount",
   >   "params": [
   >     "0x899106f5447cbf7e2a675c3e5d0627bf3fc02dc4",
   >     "latest"
   >   ],
   >   "internal": true
   > }
[2021/09/11 19:23:45.237] -  <   {
 <     "id": 74,
 <     "jsonrpc": "2.0",
 <     "result": "0x0"
 <   }
[2021/09/11 19:23:45.237] - eth_getBalance
[2021/09/11 19:23:45.237] -    > {
   >   "jsonrpc": "2.0",
   >   "id": 75,
   >   "method": "eth_getBalance",
   >   "params": [
   >     "0x82cd6db2be735e9b3d27c70fc8acb4bc8974a1e9",
   >     "latest"
   >   ],
   >   "internal": true
   > }
[2021/09/11 19:23:45.240] -  <   {
 <     "id": 75,
 <     "jsonrpc": "2.0",
 <     "result": "0xa968163f0a57b400000"
 <   }
[2021/09/11 19:23:45.240] - eth_getTransactionCount
[2021/09/11 19:23:45.240] -    > {
   >   "jsonrpc": "2.0",
   >   "id": 76,
   >   "method": "eth_getTransactionCount",
   >   "params": [
   >     "0x82cd6db2be735e9b3d27c70fc8acb4bc8974a1e9",
   >     "latest"
   >   ],
   >   "internal": true
   > }
[2021/09/11 19:23:45.243] -  <   {
 <     "id": 76,
 <     "jsonrpc": "2.0",
 <     "result": "0x0"
 <   }
[2021/09/11 19:23:45.244] - eth_getBalance
[2021/09/11 19:23:45.244] -    > {
   >   "jsonrpc": "2.0",
   >   "id": 77,
   >   "method": "eth_getBalance",
   >   "params": [
   >     "0x56955eb3d1106d9541c3997472099c3ff6e5c04e",
   >     "latest"
   >   ],
   >   "internal": true
   > }
[2021/09/11 19:23:45.246] -  <   {
 <     "id": 77,
 <     "jsonrpc": "2.0",
 <     "result": "0xa968163f0a57b400000"
 <   }
[2021/09/11 19:23:45.247] - eth_getTransactionCount
[2021/09/11 19:23:45.247] -    > {
   >   "jsonrpc": "2.0",
   >   "id": 78,
   >   "method": "eth_getTransactionCount",
   >   "params": [
   >     "0x56955eb3d1106d9541c3997472099c3ff6e5c04e",
   >     "latest"
   >   ],
   >   "internal": true
   > }
[2021/09/11 19:23:45.249] -  <   {
 <     "id": 78,
 <     "jsonrpc": "2.0",
 <     "result": "0x0"
 <   }
[2021/09/11 19:23:45.250] - eth_getBalance
[2021/09/11 19:23:45.250] -    > {
   >   "jsonrpc": "2.0",
   >   "id": 79,
   >   "method": "eth_getBalance",
   >   "params": [
   >     "0x3f11157ef7bca36e8bc21c19dae40817c00730c9",
   >     "latest"
   >   ],
   >   "internal": true
   > }
[2021/09/11 19:23:45.252] -  <   {
 <     "id": 79,
 <     "jsonrpc": "2.0",
 <     "result": "0xa968163f0a57b400000"
 <   }
[2021/09/11 19:23:45.253] - eth_getTransactionCount
[2021/09/11 19:23:45.253] -    > {
   >   "jsonrpc": "2.0",
   >   "id": 80,
   >   "method": "eth_getTransactionCount",
   >   "params": [
   >     "0x3f11157ef7bca36e8bc21c19dae40817c00730c9",
   >     "latest"
   >   ],
   >   "internal": true
   > }
[2021/09/11 19:23:45.255] -  <   {
 <     "id": 80,
 <     "jsonrpc": "2.0",
 <     "result": "0x0"
 <   }
[2021/09/11 19:23:45.256] - eth_getBalance
[2021/09/11 19:23:45.256] -    > {
   >   "jsonrpc": "2.0",
   >   "id": 81,
   >   "method": "eth_getBalance",
   >   "params": [
   >     "0x0ee00d9740314ef7f57c8186d0356c7c8f9a4579",
   >     "latest"
   >   ],
   >   "internal": true
   > }
[2021/09/11 19:23:45.260] -  <   {
 <     "id": 81,
 <     "jsonrpc": "2.0",
 <     "result": "0xa968163f0a57b400000"
 <   }
[2021/09/11 19:23:45.275] - eth_getTransactionCount
[2021/09/11 19:23:45.275] -    > {
   >   "jsonrpc": "2.0",
   >   "id": 82,
   >   "method": "eth_getTransactionCount",
   >   "params": [
   >     "0x0ee00d9740314ef7f57c8186d0356c7c8f9a4579",
   >     "latest"
   >   ],
   >   "internal": true
   > }
[2021/09/11 19:23:45.275] - eth_getBalance
[2021/09/11 19:23:45.275] -    > {
   >   "jsonrpc": "2.0",
   >   "id": 83,
   >   "method": "eth_getBalance",
   >   "params": [
   >     "0x2c8390138dbdce688aefd8fdaf6b5cab03633ee1",
   >     "latest"
   >   ],
   >   "internal": true
   > }
[2021/09/11 19:23:45.275] - eth_getTransactionCount
[2021/09/11 19:23:45.276] -    > {
   >   "jsonrpc": "2.0",
   >   "id": 84,
   >   "method": "eth_getTransactionCount",
   >   "params": [
   >     "0x2c8390138dbdce688aefd8fdaf6b5cab03633ee1",
   >     "latest"
   >   ],
   >   "internal": true
   > }
[2021/09/11 19:23:45.276] - eth_getBalance
[2021/09/11 19:23:45.276] -    > {
   >   "jsonrpc": "2.0",
   >   "id": 85,
   >   "method": "eth_getBalance",
   >   "params": [
   >     "0x1cc9f4cd46e7e98e3182df14666c4bc953412ef5",
   >     "latest"
   >   ],
   >   "internal": true
   > }
[2021/09/11 19:23:45.276] - eth_getTransactionCount
[2021/09/11 19:23:45.276] -    > {
   >   "jsonrpc": "2.0",
   >   "id": 86,
   >   "method": "eth_getTransactionCount",
   >   "params": [
   >     "0x1cc9f4cd46e7e98e3182df14666c4bc953412ef5",
   >     "latest"
   >   ],
   >   "internal": true
   > }
[2021/09/11 19:23:45.277] -  <   {
 <     "id": 82,
 <     "jsonrpc": "2.0",
 <     "result": "0x0"
 <   }
[2021/09/11 19:23:45.277] - eth_getBalance
[2021/09/11 19:23:45.278] -    > {
   >   "jsonrpc": "2.0",
   >   "id": 87,
   >   "method": "eth_getBalance",
   >   "params": [
   >     "0x10f4f25682cd4dc44159cde1a6eae43cedc592e3",
   >     "latest"
   >   ],
   >   "internal": true
   > }
[2021/09/11 19:23:45.278] - eth_getTransactionCount
[2021/09/11 19:23:45.278] -    > {
   >   "jsonrpc": "2.0",
   >   "id": 88,
   >   "method": "eth_getTransactionCount",
   >   "params": [
   >     "0x10f4f25682cd4dc44159cde1a6eae43cedc592e3",
   >     "latest"
   >   ],
   >   "internal": true
   > }
[2021/09/11 19:23:45.279] -  <   {
 <     "id": 83,
 <     "jsonrpc": "2.0",
 <     "result": "0xa968163f0a57b400000"
 <   }
[2021/09/11 19:23:45.279] - eth_getBalance
[2021/09/11 19:23:45.279] -    > {
   >   "jsonrpc": "2.0",
   >   "id": 89,
   >   "method": "eth_getBalance",
   >   "params": [
   >     "0x5fd05bd3352c1eaa03fc79f07caae2f6535ef771",
   >     "latest"
   >   ],
   >   "internal": true
   > }
[2021/09/11 19:23:45.281] -  <   {
 <     "id": 84,
 <     "jsonrpc": "2.0",
 <     "result": "0x0"
 <   }
[2021/09/11 19:23:45.283] - eth_getTransactionCount
[2021/09/11 19:23:45.283] -    > {
   >   "jsonrpc": "2.0",
   >   "id": 90,
   >   "method": "eth_getTransactionCount",
   >   "params": [
   >     "0x5fd05bd3352c1eaa03fc79f07caae2f6535ef771",
   >     "latest"
   >   ],
   >   "internal": true
   > }
[2021/09/11 19:23:45.284] -  <   {
 <     "id": 85,
 <     "jsonrpc": "2.0",
 <     "result": "0xa968163f0a57b400000"
 <   }
[2021/09/11 19:23:45.286] -  <   {
 <     "id": 86,
 <     "jsonrpc": "2.0",
 <     "result": "0x0"
 <   }
[2021/09/11 19:23:45.287] - eth_getBalance
[2021/09/11 19:23:45.287] -    > {
   >   "jsonrpc": "2.0",
   >   "id": 91,
   >   "method": "eth_getBalance",
   >   "params": [
   >     "0xfcee7e5b88d5751b4996b96a03d48a52729f1d44",
   >     "latest"
   >   ],
   >   "internal": true
   > }
[2021/09/11 19:23:45.288] - eth_getTransactionCount
[2021/09/11 19:23:45.288] -    > {
   >   "jsonrpc": "2.0",
   >   "id": 92,
   >   "method": "eth_getTransactionCount",
   >   "params": [
   >     "0xfcee7e5b88d5751b4996b96a03d48a52729f1d44",
   >     "latest"
   >   ],
   >   "internal": true
   > }
[2021/09/11 19:23:45.289] -  <   {
 <     "id": 87,
 <     "jsonrpc": "2.0",
 <     "result": "0xa968163f0a57b400000"
 <   }
[2021/09/11 19:23:45.291] -  <   {
 <     "id": 88,
 <     "jsonrpc": "2.0",
 <     "result": "0x0"
 <   }
[2021/09/11 19:23:45.293] -  <   {
 <     "id": 89,
 <     "jsonrpc": "2.0",
 <     "result": "0xa968163f0a57b400000"
 <   }
[2021/09/11 19:23:45.295] -  <   {
 <     "id": 90,
 <     "jsonrpc": "2.0",
 <     "result": "0x0"
 <   }
[2021/09/11 19:23:45.297] -  <   {
 <     "id": 91,
 <     "jsonrpc": "2.0",
 <     "result": "0xa968163f0a57b400000"
 <   }
[2021/09/11 19:23:45.299] -  <   {
 <     "id": 92,
 <     "jsonrpc": "2.0",
 <     "result": "0x0"
 <   }
[2021/09/11 19:24:36.722] - eth_unsubscribe
[2021/09/11 19:24:36.723] -    > {
   >   "jsonrpc": "2.0",
   >   "id": 7,
   >   "method": "eth_unsubscribe",
   >   "params": [
   >     "0x3"
   >   ]
   > }
[2021/09/11 19:24:36.725] - eth_unsubscribe
[2021/09/11 19:24:36.725] -    > {
   >   "jsonrpc": "2.0",
   >   "id": 8,
   >   "method": "eth_unsubscribe",
   >   "params": [
   >     "0x4"
   >   ]
   > }
[2021/09/11 19:24:36.727] -  <   {
 <     "id": 7,
 <     "jsonrpc": "2.0",
 <     "result": true
 <   }
[2021/09/11 19:24:36.730] -  <   {
 <     "id": 8,
 <     "jsonrpc": "2.0",
 <     "result": true
 <   }
[2021/09/11 19:24:36.768] -    > {
   >   "jsonrpc": "2.0",
   >   "method": "eth_unsubscribe",
   >   "params": [
   >     "0x6"
   >   ],
   >   "id": 1631399076767
   > }
[2021/09/11 19:24:36.770] -    > {
   >   "jsonrpc": "2.0",
   >   "method": "eth_unsubscribe",
   >   "params": [
   >     "0x5"
   >   ],
   >   "id": 1631399076769
   > }
[2021/09/11 19:24:36.771] -    > {
   >   "jsonrpc": "2.0",
   >   "method": "eth_unsubscribe",
   >   "params": [
   >     "0x1"
   >   ],
   >   "id": 1631399076771
   > }
[2021/09/11 19:24:36.772] -    > {
   >   "jsonrpc": "2.0",
   >   "method": "eth_unsubscribe",
   >   "params": [
   >     "0x2"
   >   ],
   >   "id": 1631399076772
   > }
[2021/09/11 19:24:36.775] -  <   {
 <     "id": 1631399076767,
 <     "jsonrpc": "2.0",
 <     "result": true
 <   }
[2021/09/11 19:24:36.778] -  <   {
 <     "id": 1631399076769,
 <     "jsonrpc": "2.0",
 <     "result": true
 <   }
[2021/09/11 19:24:36.782] -  <   {
 <     "id": 1631399076771,
 <     "jsonrpc": "2.0",
 <     "result": true
 <   }
[2021/09/11 19:24:36.784] -  <   {
 <     "id": 1631399076772,
 <     "jsonrpc": "2.0",
 <     "result": true
 <   }
