[2021/09/11 19:03:39.967] - Starting server with initial configuration: {"gasLimit":9999999,"gasPrice":20000000000,"hardfork":"muirGlacier","hostname":"127.0.0.1","port":7545,"network_id":5777,"default_balance_ether":50000,"total_accounts":10,"unlocked_accounts":[],"locked":true,"vmErrorsOnRPCResponse":true,"verbose":true,"db_path":"/home/lenovo/.config/Ganache/workspaces/Quickstart/chaindata","logDirectory":"/home/lenovo/dev/udacity/flightsurety"}
[2021/09/11 19:03:40.684] - eth_subscribe
[2021/09/11 19:03:40.686] -    > {
   >   "jsonrpc": "2.0",
   >   "id": 1,
   >   "method": "eth_subscribe",
   >   "params": [
   >     "newHeads"
   >   ]
   > }
[2021/09/11 19:03:40.687] - eth_getLogs
[2021/09/11 19:03:40.688] -    > {
   >   "jsonrpc": "2.0",
   >   "id": 2,
   >   "method": "eth_getLogs",
   >   "params": [
   >     {
   >       "topics": []
   >     }
   >   ]
   > }
[2021/09/11 19:03:40.689] - eth_subscribe
[2021/09/11 19:03:40.689] -    > {
   >   "jsonrpc": "2.0",
   >   "id": 3,
   >   "method": "eth_subscribe",
   >   "params": [
   >     "logs",
   >     {
   >       "topics": []
   >     }
   >   ]
   > }
[2021/09/11 19:03:40.692] -  <   {
 <     "id": 1,
 <     "jsonrpc": "2.0",
 <     "result": "0x1"
 <   }
[2021/09/11 19:03:40.700] -  <   {
 <     "id": 2,
 <     "jsonrpc": "2.0",
 <     "result": []
 <   }
[2021/09/11 19:03:40.701] - eth_subscribe
[2021/09/11 19:03:40.702] -    > {
   >   "jsonrpc": "2.0",
   >   "id": 4,
   >   "method": "eth_subscribe",
   >   "params": [
   >     "newHeads"
   >   ]
   > }
[2021/09/11 19:03:40.702] - eth_getLogs
[2021/09/11 19:03:40.703] -    > {
   >   "jsonrpc": "2.0",
   >   "id": 5,
   >   "method": "eth_getLogs",
   >   "params": [
   >     {
   >       "topics": []
   >     }
   >   ]
   > }
[2021/09/11 19:03:40.704] -  <   {
 <     "id": 3,
 <     "jsonrpc": "2.0",
 <     "result": "0x2"
 <   }
[2021/09/11 19:03:40.706] - eth_subscribe
[2021/09/11 19:03:40.706] -    > {
   >   "jsonrpc": "2.0",
   >   "id": 6,
   >   "method": "eth_subscribe",
   >   "params": [
   >     "logs",
   >     {
   >       "topics": []
   >     }
   >   ]
   > }
[2021/09/11 19:03:40.708] -  <   {
 <     "id": 4,
 <     "jsonrpc": "2.0",
 <     "result": "0x3"
 <   }
[2021/09/11 19:03:40.711] -  <   {
 <     "id": 5,
 <     "jsonrpc": "2.0",
 <     "result": []
 <   }
[2021/09/11 19:03:40.713] -  <   {
 <     "id": 6,
 <     "jsonrpc": "2.0",
 <     "result": "0x4"
 <   }
[2021/09/11 19:03:40.771] - eth_subscribe
[2021/09/11 19:03:40.772] -    > {
   >   "jsonrpc": "2.0",
   >   "id": 7,
   >   "method": "eth_subscribe",
   >   "params": [
   >     "newHeads"
   >   ]
   > }
[2021/09/11 19:03:40.773] - eth_getLogs
[2021/09/11 19:03:40.774] -    > {
   >   "jsonrpc": "2.0",
   >   "id": 8,
   >   "method": "eth_getLogs",
   >   "params": [
   >     {
   >       "topics": []
   >     }
   >   ]
   > }
[2021/09/11 19:03:40.775] - eth_subscribe
[2021/09/11 19:03:40.776] -    > {
   >   "jsonrpc": "2.0",
   >   "id": 9,
   >   "method": "eth_subscribe",
   >   "params": [
   >     "logs",
   >     {
   >       "topics": []
   >     }
   >   ]
   > }
[2021/09/11 19:03:40.777] -  <   {
 <     "id": 7,
 <     "jsonrpc": "2.0",
 <     "result": "0x5"
 <   }
[2021/09/11 19:03:40.780] -  <   {
 <     "id": 8,
 <     "jsonrpc": "2.0",
 <     "result": []
 <   }
[2021/09/11 19:03:40.782] -  <   {
 <     "id": 9,
 <     "jsonrpc": "2.0",
 <     "result": "0x6"
 <   }
[2021/09/11 19:03:40.839] - eth_blockNumber
[2021/09/11 19:03:40.839] -    > {
   >   "jsonrpc": "2.0",
   >   "id": 1,
   >   "method": "eth_blockNumber",
   >   "params": [],
   >   "internal": true
   > }
[2021/09/11 19:03:40.839] - eth_accounts
[2021/09/11 19:03:40.840] -    > {
   >   "jsonrpc": "2.0",
   >   "id": 2,
   >   "method": "eth_accounts",
   >   "params": [],
   >   "internal": true
   > }
[2021/09/11 19:03:40.840] - eth_gasPrice
[2021/09/11 19:03:40.840] -    > {
   >   "jsonrpc": "2.0",
   >   "id": 3,
   >   "method": "eth_gasPrice",
   >   "params": [],
   >   "internal": true
   > }
[2021/09/11 19:03:40.841] -  <   {
 <     "id": 1,
 <     "jsonrpc": "2.0",
 <     "result": "0x0"
 <   }
[2021/09/11 19:03:40.841] - eth_blockNumber
[2021/09/11 19:03:40.842] -    > {
   >   "jsonrpc": "2.0",
   >   "id": 6,
   >   "method": "eth_blockNumber",
   >   "params": [],
   >   "internal": true
   > }
[2021/09/11 19:03:40.842] - eth_getBlockByNumber
[2021/09/11 19:03:40.842] -    > {
   >   "jsonrpc": "2.0",
   >   "id": 4,
   >   "method": "eth_getBlockByNumber",
   >   "params": [
   >     "latest",
   >     false
   >   ],
   >   "internal": true
   > }
[2021/09/11 19:03:40.842] - eth_accounts
[2021/09/11 19:03:40.843] -    > {
   >   "jsonrpc": "2.0",
   >   "id": 7,
   >   "method": "eth_accounts",
   >   "params": [],
   >   "internal": true
   > }
[2021/09/11 19:03:40.843] - eth_subscribe
[2021/09/11 19:03:40.843] -    > {
   >   "jsonrpc": "2.0",
   >   "id": 5,
   >   "method": "eth_subscribe",
   >   "params": [
   >     "newHeads"
   >   ],
   >   "internal": true
   > }
[2021/09/11 19:03:40.843] - eth_gasPrice
[2021/09/11 19:03:40.844] -    > {
   >   "jsonrpc": "2.0",
   >   "id": 8,
   >   "method": "eth_gasPrice",
   >   "params": [],
   >   "internal": true
   > }
[2021/09/11 19:03:40.844] -  <   {
 <     "id": 2,
 <     "jsonrpc": "2.0",
 <     "result": [
 <       "0x4aa89d327363dd486aa493238a6e0eb55fdafc7e",
 <       "0x68e3329e15e891a29f2201299d90d978921cbe2b",
 <       "0x0144d910b047929c39b6f1c687b49b21bf1bd345",
 <       "0x09ca9750a149016262692094b2018f937df024c9",
 <       "0x6985d66a93e95f9fdd53d66f83f1fe8f008180a9",
 <       "0x0dd7dfa9bddfa6fe6a5992f6500b24437fb1e501",
 <       "0x3ea5d6857fbcd49d45af20ea24e339fcac2138a3",
 <       "0xd5bff39419443dbd74efc6e1cce88f1b53692692",
 <       "0xc7a011e7f004dff450ae51e2b3c55d5547bf215a",
 <       "0x9ea0ebf2d22484adb193bce7a5b5ae128ce98e5f"
 <     ]
 <   }
[2021/09/11 19:03:40.845] - eth_getBlockByNumber
[2021/09/11 19:03:40.845] -    > {
   >   "jsonrpc": "2.0",
   >   "id": 9,
   >   "method": "eth_getBlockByNumber",
   >   "params": [
   >     "latest",
   >     false
   >   ],
   >   "internal": true
   > }
[2021/09/11 19:03:40.846] -  <   {
 <     "id": 3,
 <     "jsonrpc": "2.0",
 <     "result": "0x4a817c800"
 <   }
[2021/09/11 19:03:40.846] - eth_subscribe
[2021/09/11 19:03:40.846] -    > {
   >   "jsonrpc": "2.0",
   >   "id": 10,
   >   "method": "eth_subscribe",
   >   "params": [
   >     "newHeads"
   >   ],
   >   "internal": true
   > }
[2021/09/11 19:03:40.848] -  <   {
 <     "id": 6,
 <     "jsonrpc": "2.0",
 <     "result": "0x0"
 <   }
[2021/09/11 19:03:40.850] -  <   {
 <     "id": 4,
 <     "jsonrpc": "2.0",
 <     "result": {
 <       "number": "0x0",
 <       "hash": "0xb9841a9054dcc12abcee6ef05b7033d011488dfabfee525712a33c3ca04086c9",
 <       "parentHash": "0x0000000000000000000000000000000000000000000000000000000000000000",
 <       "mixHash": "0x0000000000000000000000000000000000000000000000000000000000000000",
 <       "nonce": "0x0000000000000000",
 <       "sha3Uncles": "0x1dcc4de8dec75d7aab85b567b6ccd41ad312451b948a7413f0a142fd40d49347",
 <       "logsBloom": "0x00000000000000000000000000000000000000000000000000000000000000000000000000000000000000000000000000000000000000000000000000000000000000000000000000000000000000000000000000000000000000000000000000000000000000000000000000000000000000000000000000000000000000000000000000000000000000000000000000000000000000000000000000000000000000000000000000000000000000000000000000000000000000000000000000000000000000000000000000000000000000000000000000000000000000000000000000000000000000000000000000000000000000000000000000000000",
 <       "transactionsRoot": "0x56e81f171bcc55a6ff8345e692c0f86e5b48e01b996cadc001622fb5e363b421",
 <       "stateRoot": "0x473f0b76e3c6fec0471234b655becd60bbe2c1d4153b6bd5e664497fb23f113e",
 <       "receiptsRoot": "0x56e81f171bcc55a6ff8345e692c0f86e5b48e01b996cadc001622fb5e363b421",
 <       "miner": "0x0000000000000000000000000000000000000000",
 <       "difficulty": "0x0",
 <       "totalDifficulty": "0x0",
 <       "extraData": "0x",
 <       "size": "0x3e8",
 <       "gasLimit": "0x98967f",
 <       "gasUsed": "0x0",
 <       "timestamp": "0x613d27bc",
 <       "transactions": [],
 <       "uncles": []
 <     }
 <   }
[2021/09/11 19:03:40.852] -  <   {
 <     "id": 7,
 <     "jsonrpc": "2.0",
 <     "result": [
 <       "0x4aa89d327363dd486aa493238a6e0eb55fdafc7e",
 <       "0x68e3329e15e891a29f2201299d90d978921cbe2b",
 <       "0x0144d910b047929c39b6f1c687b49b21bf1bd345",
 <       "0x09ca9750a149016262692094b2018f937df024c9",
 <       "0x6985d66a93e95f9fdd53d66f83f1fe8f008180a9",
 <       "0x0dd7dfa9bddfa6fe6a5992f6500b24437fb1e501",
 <       "0x3ea5d6857fbcd49d45af20ea24e339fcac2138a3",
 <       "0xd5bff39419443dbd74efc6e1cce88f1b53692692",
 <       "0xc7a011e7f004dff450ae51e2b3c55d5547bf215a",
 <       "0x9ea0ebf2d22484adb193bce7a5b5ae128ce98e5f"
 <     ]
 <   }
[2021/09/11 19:03:40.854] -  <   {
 <     "id": 5,
 <     "jsonrpc": "2.0",
 <     "result": "0x7"
 <   }
[2021/09/11 19:03:40.855] - eth_accounts
[2021/09/11 19:03:40.856] -    > {
   >   "jsonrpc": "2.0",
   >   "id": 16,
   >   "method": "eth_accounts",
   >   "params": [],
   >   "internal": true
   > }
[2021/09/11 19:03:40.856] -  <   {
 <     "id": 8,
 <     "jsonrpc": "2.0",
 <     "result": "0x4a817c800"
 <   }
[2021/09/11 19:03:40.859] -  <   {
 <     "id": 9,
 <     "jsonrpc": "2.0",
 <     "result": {
 <       "number": "0x0",
 <       "hash": "0xb9841a9054dcc12abcee6ef05b7033d011488dfabfee525712a33c3ca04086c9",
 <       "parentHash": "0x0000000000000000000000000000000000000000000000000000000000000000",
 <       "mixHash": "0x0000000000000000000000000000000000000000000000000000000000000000",
 <       "nonce": "0x0000000000000000",
 <       "sha3Uncles": "0x1dcc4de8dec75d7aab85b567b6ccd41ad312451b948a7413f0a142fd40d49347",
 <       "logsBloom": "0x00000000000000000000000000000000000000000000000000000000000000000000000000000000000000000000000000000000000000000000000000000000000000000000000000000000000000000000000000000000000000000000000000000000000000000000000000000000000000000000000000000000000000000000000000000000000000000000000000000000000000000000000000000000000000000000000000000000000000000000000000000000000000000000000000000000000000000000000000000000000000000000000000000000000000000000000000000000000000000000000000000000000000000000000000000000",
 <       "transactionsRoot": "0x56e81f171bcc55a6ff8345e692c0f86e5b48e01b996cadc001622fb5e363b421",
 <       "stateRoot": "0x473f0b76e3c6fec0471234b655becd60bbe2c1d4153b6bd5e664497fb23f113e",
 <       "receiptsRoot": "0x56e81f171bcc55a6ff8345e692c0f86e5b48e01b996cadc001622fb5e363b421",
 <       "miner": "0x0000000000000000000000000000000000000000",
 <       "difficulty": "0x0",
 <       "totalDifficulty": "0x0",
 <       "extraData": "0x",
 <       "size": "0x3e8",
 <       "gasLimit": "0x98967f",
 <       "gasUsed": "0x0",
 <       "timestamp": "0x613d27bc",
 <       "transactions": [],
 <       "uncles": []
 <     }
 <   }
[2021/09/11 19:03:40.861] -  <   {
 <     "id": 10,
 <     "jsonrpc": "2.0",
 <     "result": "0x8"
 <   }
[2021/09/11 19:03:40.862] -  <   {
 <     "id": 16,
 <     "jsonrpc": "2.0",
 <     "result": [
 <       "0x4aa89d327363dd486aa493238a6e0eb55fdafc7e",
 <       "0x68e3329e15e891a29f2201299d90d978921cbe2b",
 <       "0x0144d910b047929c39b6f1c687b49b21bf1bd345",
 <       "0x09ca9750a149016262692094b2018f937df024c9",
 <       "0x6985d66a93e95f9fdd53d66f83f1fe8f008180a9",
 <       "0x0dd7dfa9bddfa6fe6a5992f6500b24437fb1e501",
 <       "0x3ea5d6857fbcd49d45af20ea24e339fcac2138a3",
 <       "0xd5bff39419443dbd74efc6e1cce88f1b53692692",
 <       "0xc7a011e7f004dff450ae51e2b3c55d5547bf215a",
 <       "0x9ea0ebf2d22484adb193bce7a5b5ae128ce98e5f"
 <     ]
 <   }
[2021/09/11 19:03:40.917] - eth_getBalance
[2021/09/11 19:03:40.917] -    > {
   >   "jsonrpc": "2.0",
   >   "id": 17,
   >   "method": "eth_getBalance",
   >   "params": [
   >     "0x4aa89d327363dd486aa493238a6e0eb55fdafc7e",
   >     "latest"
   >   ],
   >   "internal": true
   > }
[2021/09/11 19:03:40.920] -  <   {
 <     "id": 17,
 <     "jsonrpc": "2.0",
 <     "result": "0xa968163f0a57b400000"
 <   }
[2021/09/11 19:03:40.922] - eth_getTransactionCount
[2021/09/11 19:03:40.922] -    > {
   >   "jsonrpc": "2.0",
   >   "id": 18,
   >   "method": "eth_getTransactionCount",
   >   "params": [
   >     "0x4aa89d327363dd486aa493238a6e0eb55fdafc7e",
   >     "latest"
   >   ],
   >   "internal": true
   > }
[2021/09/11 19:03:40.926] -  <   {
 <     "id": 18,
 <     "jsonrpc": "2.0",
 <     "result": "0x0"
 <   }
[2021/09/11 19:03:40.929] - eth_getBalance
[2021/09/11 19:03:40.930] -    > {
   >   "jsonrpc": "2.0",
   >   "id": 19,
   >   "method": "eth_getBalance",
   >   "params": [
   >     "0x68e3329e15e891a29f2201299d90d978921cbe2b",
   >     "latest"
   >   ],
   >   "internal": true
   > }
[2021/09/11 19:03:40.934] -  <   {
 <     "id": 19,
 <     "jsonrpc": "2.0",
 <     "result": "0xa968163f0a57b400000"
 <   }
[2021/09/11 19:03:40.935] - eth_getTransactionCount
[2021/09/11 19:03:40.935] -    > {
   >   "jsonrpc": "2.0",
   >   "id": 20,
   >   "method": "eth_getTransactionCount",
   >   "params": [
   >     "0x68e3329e15e891a29f2201299d90d978921cbe2b",
   >     "latest"
   >   ],
   >   "internal": true
   > }
[2021/09/11 19:03:40.938] -  <   {
 <     "id": 20,
 <     "jsonrpc": "2.0",
 <     "result": "0x0"
 <   }
[2021/09/11 19:03:40.942] - eth_getBalance
[2021/09/11 19:03:40.943] -    > {
   >   "jsonrpc": "2.0",
   >   "id": 21,
   >   "method": "eth_getBalance",
   >   "params": [
   >     "0x0144d910b047929c39b6f1c687b49b21bf1bd345",
   >     "latest"
   >   ],
   >   "internal": true
   > }
[2021/09/11 19:03:40.945] -  <   {
 <     "id": 21,
 <     "jsonrpc": "2.0",
 <     "result": "0xa968163f0a57b400000"
 <   }
[2021/09/11 19:03:40.950] - eth_getTransactionCount
[2021/09/11 19:03:40.950] -    > {
   >   "jsonrpc": "2.0",
   >   "id": 22,
   >   "method": "eth_getTransactionCount",
   >   "params": [
   >     "0x0144d910b047929c39b6f1c687b49b21bf1bd345",
   >     "latest"
   >   ],
   >   "internal": true
   > }
[2021/09/11 19:03:40.954] -  <   {
 <     "id": 22,
 <     "jsonrpc": "2.0",
 <     "result": "0x0"
 <   }
[2021/09/11 19:03:40.956] - eth_getBalance
[2021/09/11 19:03:40.956] -    > {
   >   "jsonrpc": "2.0",
   >   "id": 23,
   >   "method": "eth_getBalance",
   >   "params": [
   >     "0x09ca9750a149016262692094b2018f937df024c9",
   >     "latest"
   >   ],
   >   "internal": true
   > }
[2021/09/11 19:03:40.960] -  <   {
 <     "id": 23,
 <     "jsonrpc": "2.0",
 <     "result": "0xa968163f0a57b400000"
 <   }
[2021/09/11 19:03:40.964] - eth_getTransactionCount
[2021/09/11 19:03:40.965] -    > {
   >   "jsonrpc": "2.0",
   >   "id": 24,
   >   "method": "eth_getTransactionCount",
   >   "params": [
   >     "0x09ca9750a149016262692094b2018f937df024c9",
   >     "latest"
   >   ],
   >   "internal": true
   > }
[2021/09/11 19:03:40.968] -  <   {
 <     "id": 24,
 <     "jsonrpc": "2.0",
 <     "result": "0x0"
 <   }
[2021/09/11 19:03:40.970] - eth_getBalance
[2021/09/11 19:03:40.971] -    > {
   >   "jsonrpc": "2.0",
   >   "id": 25,
   >   "method": "eth_getBalance",
   >   "params": [
   >     "0x6985d66a93e95f9fdd53d66f83f1fe8f008180a9",
   >     "latest"
   >   ],
   >   "internal": true
   > }
[2021/09/11 19:03:40.975] -  <   {
 <     "id": 25,
 <     "jsonrpc": "2.0",
 <     "result": "0xa968163f0a57b400000"
 <   }
[2021/09/11 19:03:40.977] - eth_getTransactionCount
[2021/09/11 19:03:40.977] -    > {
   >   "jsonrpc": "2.0",
   >   "id": 26,
   >   "method": "eth_getTransactionCount",
   >   "params": [
   >     "0x6985d66a93e95f9fdd53d66f83f1fe8f008180a9",
   >     "latest"
   >   ],
   >   "internal": true
   > }
[2021/09/11 19:03:40.981] -  <   {
 <     "id": 26,
 <     "jsonrpc": "2.0",
 <     "result": "0x0"
 <   }
[2021/09/11 19:03:40.982] - eth_getBalance
[2021/09/11 19:03:40.982] -    > {
   >   "jsonrpc": "2.0",
   >   "id": 27,
   >   "method": "eth_getBalance",
   >   "params": [
   >     "0x0dd7dfa9bddfa6fe6a5992f6500b24437fb1e501",
   >     "latest"
   >   ],
   >   "internal": true
   > }
[2021/09/11 19:03:40.987] -  <   {
 <     "id": 27,
 <     "jsonrpc": "2.0",
 <     "result": "0xa968163f0a57b400000"
 <   }
[2021/09/11 19:03:40.988] - eth_getTransactionCount
[2021/09/11 19:03:40.988] -    > {
   >   "jsonrpc": "2.0",
   >   "id": 28,
   >   "method": "eth_getTransactionCount",
   >   "params": [
   >     "0x0dd7dfa9bddfa6fe6a5992f6500b24437fb1e501",
   >     "latest"
   >   ],
   >   "internal": true
   > }
[2021/09/11 19:03:40.991] -  <   {
 <     "id": 28,
 <     "jsonrpc": "2.0",
 <     "result": "0x0"
 <   }
[2021/09/11 19:03:40.993] - eth_getBalance
[2021/09/11 19:03:40.993] -    > {
   >   "jsonrpc": "2.0",
   >   "id": 29,
   >   "method": "eth_getBalance",
   >   "params": [
   >     "0x3ea5d6857fbcd49d45af20ea24e339fcac2138a3",
   >     "latest"
   >   ],
   >   "internal": true
   > }
[2021/09/11 19:03:40.996] -  <   {
 <     "id": 29,
 <     "jsonrpc": "2.0",
 <     "result": "0xa968163f0a57b400000"
 <   }
[2021/09/11 19:03:40.998] - eth_getTransactionCount
[2021/09/11 19:03:40.998] -    > {
   >   "jsonrpc": "2.0",
   >   "id": 30,
   >   "method": "eth_getTransactionCount",
   >   "params": [
   >     "0x3ea5d6857fbcd49d45af20ea24e339fcac2138a3",
   >     "latest"
   >   ],
   >   "internal": true
   > }
[2021/09/11 19:03:41.002] -  <   {
 <     "id": 30,
 <     "jsonrpc": "2.0",
 <     "result": "0x0"
 <   }
[2021/09/11 19:03:41.005] - eth_getBalance
[2021/09/11 19:03:41.005] -    > {
   >   "jsonrpc": "2.0",
   >   "id": 31,
   >   "method": "eth_getBalance",
   >   "params": [
   >     "0xd5bff39419443dbd74efc6e1cce88f1b53692692",
   >     "latest"
   >   ],
   >   "internal": true
   > }
[2021/09/11 19:03:41.009] -  <   {
 <     "id": 31,
 <     "jsonrpc": "2.0",
 <     "result": "0xa968163f0a57b400000"
 <   }
[2021/09/11 19:03:41.010] - eth_getTransactionCount
[2021/09/11 19:03:41.011] -    > {
   >   "jsonrpc": "2.0",
   >   "id": 32,
   >   "method": "eth_getTransactionCount",
   >   "params": [
   >     "0xd5bff39419443dbd74efc6e1cce88f1b53692692",
   >     "latest"
   >   ],
   >   "internal": true
   > }
[2021/09/11 19:03:41.014] -  <   {
 <     "id": 32,
 <     "jsonrpc": "2.0",
 <     "result": "0x0"
 <   }
[2021/09/11 19:03:41.016] - eth_getBalance
[2021/09/11 19:03:41.016] -    > {
   >   "jsonrpc": "2.0",
   >   "id": 33,
   >   "method": "eth_getBalance",
   >   "params": [
   >     "0xc7a011e7f004dff450ae51e2b3c55d5547bf215a",
   >     "latest"
   >   ],
   >   "internal": true
   > }
[2021/09/11 19:03:41.019] -  <   {
 <     "id": 33,
 <     "jsonrpc": "2.0",
 <     "result": "0xa968163f0a57b400000"
 <   }
[2021/09/11 19:03:41.020] - eth_getTransactionCount
[2021/09/11 19:03:41.021] -    > {
   >   "jsonrpc": "2.0",
   >   "id": 34,
   >   "method": "eth_getTransactionCount",
   >   "params": [
   >     "0xc7a011e7f004dff450ae51e2b3c55d5547bf215a",
   >     "latest"
   >   ],
   >   "internal": true
   > }
[2021/09/11 19:03:41.024] -  <   {
 <     "id": 34,
 <     "jsonrpc": "2.0",
 <     "result": "0x0"
 <   }
[2021/09/11 19:03:41.026] - eth_getBalance
[2021/09/11 19:03:41.026] -    > {
   >   "jsonrpc": "2.0",
   >   "id": 35,
   >   "method": "eth_getBalance",
   >   "params": [
   >     "0x9ea0ebf2d22484adb193bce7a5b5ae128ce98e5f",
   >     "latest"
   >   ],
   >   "internal": true
   > }
[2021/09/11 19:03:41.030] -  <   {
 <     "id": 35,
 <     "jsonrpc": "2.0",
 <     "result": "0xa968163f0a57b400000"
 <   }
[2021/09/11 19:03:41.030] - eth_getTransactionCount
[2021/09/11 19:03:41.031] -    > {
   >   "jsonrpc": "2.0",
   >   "id": 36,
   >   "method": "eth_getTransactionCount",
   >   "params": [
   >     "0x9ea0ebf2d22484adb193bce7a5b5ae128ce98e5f",
   >     "latest"
   >   ],
   >   "internal": true
   > }
[2021/09/11 19:03:41.034] -  <   {
 <     "id": 36,
 <     "jsonrpc": "2.0",
 <     "result": "0x0"
 <   }
[2021/09/11 19:03:41.045] - eth_getBalance
[2021/09/11 19:03:41.046] -    > {
   >   "jsonrpc": "2.0",
   >   "id": 38,
   >   "method": "eth_getBalance",
   >   "params": [
   >     "0x4aa89d327363dd486aa493238a6e0eb55fdafc7e",
   >     "latest"
   >   ],
   >   "internal": true
   > }
[2021/09/11 19:03:41.048] -  <   {
 <     "id": 38,
 <     "jsonrpc": "2.0",
 <     "result": "0xa968163f0a57b400000"
 <   }
[2021/09/11 19:03:41.051] - eth_getTransactionCount
[2021/09/11 19:03:41.052] -    > {
   >   "jsonrpc": "2.0",
   >   "id": 39,
   >   "method": "eth_getTransactionCount",
   >   "params": [
   >     "0x4aa89d327363dd486aa493238a6e0eb55fdafc7e",
   >     "latest"
   >   ],
   >   "internal": true
   > }
[2021/09/11 19:03:41.054] -  <   {
 <     "id": 39,
 <     "jsonrpc": "2.0",
 <     "result": "0x0"
 <   }
[2021/09/11 19:03:41.056] - eth_getBalance
[2021/09/11 19:03:41.056] -    > {
   >   "jsonrpc": "2.0",
   >   "id": 40,
   >   "method": "eth_getBalance",
   >   "params": [
   >     "0x68e3329e15e891a29f2201299d90d978921cbe2b",
   >     "latest"
   >   ],
   >   "internal": true
   > }
[2021/09/11 19:03:41.059] -  <   {
 <     "id": 40,
 <     "jsonrpc": "2.0",
 <     "result": "0xa968163f0a57b400000"
 <   }
[2021/09/11 19:03:41.060] - eth_getTransactionCount
[2021/09/11 19:03:41.060] -    > {
   >   "jsonrpc": "2.0",
   >   "id": 41,
   >   "method": "eth_getTransactionCount",
   >   "params": [
   >     "0x68e3329e15e891a29f2201299d90d978921cbe2b",
   >     "latest"
   >   ],
   >   "internal": true
   > }
[2021/09/11 19:03:41.063] -  <   {
 <     "id": 41,
 <     "jsonrpc": "2.0",
 <     "result": "0x0"
 <   }
[2021/09/11 19:03:41.064] - eth_getBalance
[2021/09/11 19:03:41.064] -    > {
   >   "jsonrpc": "2.0",
   >   "id": 42,
   >   "method": "eth_getBalance",
   >   "params": [
   >     "0x0144d910b047929c39b6f1c687b49b21bf1bd345",
   >     "latest"
   >   ],
   >   "internal": true
   > }
[2021/09/11 19:03:41.068] -  <   {
 <     "id": 42,
 <     "jsonrpc": "2.0",
 <     "result": "0xa968163f0a57b400000"
 <   }
[2021/09/11 19:03:41.068] - eth_getTransactionCount
[2021/09/11 19:03:41.069] -    > {
   >   "jsonrpc": "2.0",
   >   "id": 43,
   >   "method": "eth_getTransactionCount",
   >   "params": [
   >     "0x0144d910b047929c39b6f1c687b49b21bf1bd345",
   >     "latest"
   >   ],
   >   "internal": true
   > }
[2021/09/11 19:03:41.073] -  <   {
 <     "id": 43,
 <     "jsonrpc": "2.0",
 <     "result": "0x0"
 <   }
[2021/09/11 19:03:41.073] - eth_getBalance
[2021/09/11 19:03:41.074] -    > {
   >   "jsonrpc": "2.0",
   >   "id": 44,
   >   "method": "eth_getBalance",
   >   "params": [
   >     "0x09ca9750a149016262692094b2018f937df024c9",
   >     "latest"
   >   ],
   >   "internal": true
   > }
[2021/09/11 19:03:41.077] -  <   {
 <     "id": 44,
 <     "jsonrpc": "2.0",
 <     "result": "0xa968163f0a57b400000"
 <   }
[2021/09/11 19:03:41.077] - eth_getTransactionCount
[2021/09/11 19:03:41.077] -    > {
   >   "jsonrpc": "2.0",
   >   "id": 45,
   >   "method": "eth_getTransactionCount",
   >   "params": [
   >     "0x09ca9750a149016262692094b2018f937df024c9",
   >     "latest"
   >   ],
   >   "internal": true
   > }
[2021/09/11 19:03:41.080] -  <   {
 <     "id": 45,
 <     "jsonrpc": "2.0",
 <     "result": "0x0"
 <   }
[2021/09/11 19:03:41.081] - eth_getBalance
[2021/09/11 19:03:41.081] -    > {
   >   "jsonrpc": "2.0",
   >   "id": 46,
   >   "method": "eth_getBalance",
   >   "params": [
   >     "0x6985d66a93e95f9fdd53d66f83f1fe8f008180a9",
   >     "latest"
   >   ],
   >   "internal": true
   > }
[2021/09/11 19:03:41.084] -  <   {
 <     "id": 46,
 <     "jsonrpc": "2.0",
 <     "result": "0xa968163f0a57b400000"
 <   }
[2021/09/11 19:03:41.084] - eth_getTransactionCount
[2021/09/11 19:03:41.084] -    > {
   >   "jsonrpc": "2.0",
   >   "id": 47,
   >   "method": "eth_getTransactionCount",
   >   "params": [
   >     "0x6985d66a93e95f9fdd53d66f83f1fe8f008180a9",
   >     "latest"
   >   ],
   >   "internal": true
   > }
[2021/09/11 19:03:41.087] -  <   {
 <     "id": 47,
 <     "jsonrpc": "2.0",
 <     "result": "0x0"
 <   }
[2021/09/11 19:03:41.089] - eth_getBalance
[2021/09/11 19:03:41.089] -    > {
   >   "jsonrpc": "2.0",
   >   "id": 48,
   >   "method": "eth_getBalance",
   >   "params": [
   >     "0x0dd7dfa9bddfa6fe6a5992f6500b24437fb1e501",
   >     "latest"
   >   ],
   >   "internal": true
   > }
[2021/09/11 19:03:41.092] -  <   {
 <     "id": 48,
 <     "jsonrpc": "2.0",
 <     "result": "0xa968163f0a57b400000"
 <   }
[2021/09/11 19:03:41.093] - eth_getTransactionCount
[2021/09/11 19:03:41.093] -    > {
   >   "jsonrpc": "2.0",
   >   "id": 49,
   >   "method": "eth_getTransactionCount",
   >   "params": [
   >     "0x0dd7dfa9bddfa6fe6a5992f6500b24437fb1e501",
   >     "latest"
   >   ],
   >   "internal": true
   > }
[2021/09/11 19:03:41.096] -  <   {
 <     "id": 49,
 <     "jsonrpc": "2.0",
 <     "result": "0x0"
 <   }
[2021/09/11 19:03:41.096] - eth_getBalance
[2021/09/11 19:03:41.096] -    > {
   >   "jsonrpc": "2.0",
   >   "id": 50,
   >   "method": "eth_getBalance",
   >   "params": [
   >     "0x3ea5d6857fbcd49d45af20ea24e339fcac2138a3",
   >     "latest"
   >   ],
   >   "internal": true
   > }
[2021/09/11 19:03:41.099] -  <   {
 <     "id": 50,
 <     "jsonrpc": "2.0",
 <     "result": "0xa968163f0a57b400000"
 <   }
[2021/09/11 19:03:41.101] - eth_getTransactionCount
[2021/09/11 19:03:41.101] -    > {
   >   "jsonrpc": "2.0",
   >   "id": 51,
   >   "method": "eth_getTransactionCount",
   >   "params": [
   >     "0x3ea5d6857fbcd49d45af20ea24e339fcac2138a3",
   >     "latest"
   >   ],
   >   "internal": true
   > }
[2021/09/11 19:03:41.103] - eth_getBalance
[2021/09/11 19:03:41.103] -    > {
   >   "jsonrpc": "2.0",
   >   "id": 52,
   >   "method": "eth_getBalance",
   >   "params": [
   >     "0xd5bff39419443dbd74efc6e1cce88f1b53692692",
   >     "latest"
   >   ],
   >   "internal": true
   > }
[2021/09/11 19:03:41.105] -  <   {
 <     "id": 51,
 <     "jsonrpc": "2.0",
 <     "result": "0x0"
 <   }
[2021/09/11 19:03:41.108] -  <   {
 <     "id": 52,
 <     "jsonrpc": "2.0",
 <     "result": "0xa968163f0a57b400000"
 <   }
[2021/09/11 19:03:41.109] - eth_getTransactionCount
[2021/09/11 19:03:41.109] -    > {
   >   "jsonrpc": "2.0",
   >   "id": 53,
   >   "method": "eth_getTransactionCount",
   >   "params": [
   >     "0xd5bff39419443dbd74efc6e1cce88f1b53692692",
   >     "latest"
   >   ],
   >   "internal": true
   > }
[2021/09/11 19:03:41.112] -  <   {
 <     "id": 53,
 <     "jsonrpc": "2.0",
 <     "result": "0x0"
 <   }
[2021/09/11 19:03:41.112] - eth_getBalance
[2021/09/11 19:03:41.112] -    > {
   >   "jsonrpc": "2.0",
   >   "id": 54,
   >   "method": "eth_getBalance",
   >   "params": [
   >     "0xc7a011e7f004dff450ae51e2b3c55d5547bf215a",
   >     "latest"
   >   ],
   >   "internal": true
   > }
[2021/09/11 19:03:41.114] - eth_getTransactionCount
[2021/09/11 19:03:41.114] -    > {
   >   "jsonrpc": "2.0",
   >   "id": 55,
   >   "method": "eth_getTransactionCount",
   >   "params": [
   >     "0xc7a011e7f004dff450ae51e2b3c55d5547bf215a",
   >     "latest"
   >   ],
   >   "internal": true
   > }
[2021/09/11 19:03:41.116] -  <   {
 <     "id": 54,
 <     "jsonrpc": "2.0",
 <     "result": "0xa968163f0a57b400000"
 <   }
[2021/09/11 19:03:41.117] - eth_getBalance
[2021/09/11 19:03:41.117] -    > {
   >   "jsonrpc": "2.0",
   >   "id": 56,
   >   "method": "eth_getBalance",
   >   "params": [
   >     "0x9ea0ebf2d22484adb193bce7a5b5ae128ce98e5f",
   >     "latest"
   >   ],
   >   "internal": true
   > }
[2021/09/11 19:03:41.119] -  <   {
 <     "id": 55,
 <     "jsonrpc": "2.0",
 <     "result": "0x0"
 <   }
[2021/09/11 19:03:41.122] -  <   {
 <     "id": 56,
 <     "jsonrpc": "2.0",
 <     "result": "0xa968163f0a57b400000"
 <   }
[2021/09/11 19:03:41.123] - eth_getTransactionCount
[2021/09/11 19:03:41.123] -    > {
   >   "jsonrpc": "2.0",
   >   "id": 57,
   >   "method": "eth_getTransactionCount",
   >   "params": [
   >     "0x9ea0ebf2d22484adb193bce7a5b5ae128ce98e5f",
   >     "latest"
   >   ],
   >   "internal": true
   > }
[2021/09/11 19:03:41.126] -  <   {
 <     "id": 57,
 <     "jsonrpc": "2.0",
 <     "result": "0x0"
 <   }
[2021/09/11 19:03:41.127] - eth_getBalance
[2021/09/11 19:03:41.127] -    > {
   >   "jsonrpc": "2.0",
   >   "id": 58,
   >   "method": "eth_getBalance",
   >   "params": [
   >     "0x4aa89d327363dd486aa493238a6e0eb55fdafc7e",
   >     "latest"
   >   ],
   >   "internal": true
   > }
[2021/09/11 19:03:41.130] -  <   {
 <     "id": 58,
 <     "jsonrpc": "2.0",
 <     "result": "0xa968163f0a57b400000"
 <   }
[2021/09/11 19:03:41.132] - eth_getTransactionCount
[2021/09/11 19:03:41.132] -    > {
   >   "jsonrpc": "2.0",
   >   "id": 59,
   >   "method": "eth_getTransactionCount",
   >   "params": [
   >     "0x4aa89d327363dd486aa493238a6e0eb55fdafc7e",
   >     "latest"
   >   ],
   >   "internal": true
   > }
[2021/09/11 19:03:41.136] -  <   {
 <     "id": 59,
 <     "jsonrpc": "2.0",
 <     "result": "0x0"
 <   }
[2021/09/11 19:03:41.141] - eth_getBalance
[2021/09/11 19:03:41.141] -    > {
   >   "jsonrpc": "2.0",
   >   "id": 60,
   >   "method": "eth_getBalance",
   >   "params": [
   >     "0x68e3329e15e891a29f2201299d90d978921cbe2b",
   >     "latest"
   >   ],
   >   "internal": true
   > }
[2021/09/11 19:03:41.144] -  <   {
 <     "id": 60,
 <     "jsonrpc": "2.0",
 <     "result": "0xa968163f0a57b400000"
 <   }
[2021/09/11 19:03:41.145] - eth_getTransactionCount
[2021/09/11 19:03:41.146] -    > {
   >   "jsonrpc": "2.0",
   >   "id": 61,
   >   "method": "eth_getTransactionCount",
   >   "params": [
   >     "0x68e3329e15e891a29f2201299d90d978921cbe2b",
   >     "latest"
   >   ],
   >   "internal": true
   > }
[2021/09/11 19:03:41.148] -  <   {
 <     "id": 61,
 <     "jsonrpc": "2.0",
 <     "result": "0x0"
 <   }
[2021/09/11 19:03:41.150] - eth_getBalance
[2021/09/11 19:03:41.150] -    > {
   >   "jsonrpc": "2.0",
   >   "id": 62,
   >   "method": "eth_getBalance",
   >   "params": [
   >     "0x0144d910b047929c39b6f1c687b49b21bf1bd345",
   >     "latest"
   >   ],
   >   "internal": true
   > }
[2021/09/11 19:03:41.153] -  <   {
 <     "id": 62,
 <     "jsonrpc": "2.0",
 <     "result": "0xa968163f0a57b400000"
 <   }
[2021/09/11 19:03:41.156] - eth_getTransactionCount
[2021/09/11 19:03:41.156] -    > {
   >   "jsonrpc": "2.0",
   >   "id": 63,
   >   "method": "eth_getTransactionCount",
   >   "params": [
   >     "0x0144d910b047929c39b6f1c687b49b21bf1bd345",
   >     "latest"
   >   ],
   >   "internal": true
   > }
[2021/09/11 19:03:41.159] -  <   {
 <     "id": 63,
 <     "jsonrpc": "2.0",
 <     "result": "0x0"
 <   }
[2021/09/11 19:03:41.160] - eth_getBalance
[2021/09/11 19:03:41.160] -    > {
   >   "jsonrpc": "2.0",
   >   "id": 64,
   >   "method": "eth_getBalance",
   >   "params": [
   >     "0x09ca9750a149016262692094b2018f937df024c9",
   >     "latest"
   >   ],
   >   "internal": true
   > }
[2021/09/11 19:03:41.163] -  <   {
 <     "id": 64,
 <     "jsonrpc": "2.0",
 <     "result": "0xa968163f0a57b400000"
 <   }
[2021/09/11 19:03:41.164] - eth_getTransactionCount
[2021/09/11 19:03:41.164] -    > {
   >   "jsonrpc": "2.0",
   >   "id": 65,
   >   "method": "eth_getTransactionCount",
   >   "params": [
   >     "0x09ca9750a149016262692094b2018f937df024c9",
   >     "latest"
   >   ],
   >   "internal": true
   > }
[2021/09/11 19:03:41.167] -  <   {
 <     "id": 65,
 <     "jsonrpc": "2.0",
 <     "result": "0x0"
 <   }
[2021/09/11 19:03:41.168] - eth_getBalance
[2021/09/11 19:03:41.168] -    > {
   >   "jsonrpc": "2.0",
   >   "id": 66,
   >   "method": "eth_getBalance",
   >   "params": [
   >     "0x6985d66a93e95f9fdd53d66f83f1fe8f008180a9",
   >     "latest"
   >   ],
   >   "internal": true
   > }
[2021/09/11 19:03:41.172] -  <   {
 <     "id": 66,
 <     "jsonrpc": "2.0",
 <     "result": "0xa968163f0a57b400000"
 <   }
[2021/09/11 19:03:41.172] - eth_getTransactionCount
[2021/09/11 19:03:41.173] -    > {
   >   "jsonrpc": "2.0",
   >   "id": 67,
   >   "method": "eth_getTransactionCount",
   >   "params": [
   >     "0x6985d66a93e95f9fdd53d66f83f1fe8f008180a9",
   >     "latest"
   >   ],
   >   "internal": true
   > }
[2021/09/11 19:03:41.175] -  <   {
 <     "id": 67,
 <     "jsonrpc": "2.0",
 <     "result": "0x0"
 <   }
[2021/09/11 19:03:41.178] - eth_getBalance
[2021/09/11 19:03:41.178] -    > {
   >   "jsonrpc": "2.0",
   >   "id": 68,
   >   "method": "eth_getBalance",
   >   "params": [
   >     "0x0dd7dfa9bddfa6fe6a5992f6500b24437fb1e501",
   >     "latest"
   >   ],
   >   "internal": true
   > }
[2021/09/11 19:03:41.181] -  <   {
 <     "id": 68,
 <     "jsonrpc": "2.0",
 <     "result": "0xa968163f0a57b400000"
 <   }
[2021/09/11 19:03:41.181] - eth_getTransactionCount
[2021/09/11 19:03:41.182] -    > {
   >   "jsonrpc": "2.0",
   >   "id": 69,
   >   "method": "eth_getTransactionCount",
   >   "params": [
   >     "0x0dd7dfa9bddfa6fe6a5992f6500b24437fb1e501",
   >     "latest"
   >   ],
   >   "internal": true
   > }
[2021/09/11 19:03:41.184] -  <   {
 <     "id": 69,
 <     "jsonrpc": "2.0",
 <     "result": "0x0"
 <   }
[2021/09/11 19:03:41.185] - eth_getBalance
[2021/09/11 19:03:41.185] -    > {
   >   "jsonrpc": "2.0",
   >   "id": 70,
   >   "method": "eth_getBalance",
   >   "params": [
   >     "0x3ea5d6857fbcd49d45af20ea24e339fcac2138a3",
   >     "latest"
   >   ],
   >   "internal": true
   > }
[2021/09/11 19:03:41.187] -  <   {
 <     "id": 70,
 <     "jsonrpc": "2.0",
 <     "result": "0xa968163f0a57b400000"
 <   }
[2021/09/11 19:03:41.188] - eth_getTransactionCount
[2021/09/11 19:03:41.188] -    > {
   >   "jsonrpc": "2.0",
   >   "id": 71,
   >   "method": "eth_getTransactionCount",
   >   "params": [
   >     "0x3ea5d6857fbcd49d45af20ea24e339fcac2138a3",
   >     "latest"
   >   ],
   >   "internal": true
   > }
[2021/09/11 19:03:41.191] -  <   {
 <     "id": 71,
 <     "jsonrpc": "2.0",
 <     "result": "0x0"
 <   }
[2021/09/11 19:03:41.192] - eth_getBalance
[2021/09/11 19:03:41.192] -    > {
   >   "jsonrpc": "2.0",
   >   "id": 72,
   >   "method": "eth_getBalance",
   >   "params": [
   >     "0xd5bff39419443dbd74efc6e1cce88f1b53692692",
   >     "latest"
   >   ],
   >   "internal": true
   > }
[2021/09/11 19:03:41.196] -  <   {
 <     "id": 72,
 <     "jsonrpc": "2.0",
 <     "result": "0xa968163f0a57b400000"
 <   }
[2021/09/11 19:03:41.197] - eth_getTransactionCount
[2021/09/11 19:03:41.198] -    > {
   >   "jsonrpc": "2.0",
   >   "id": 73,
   >   "method": "eth_getTransactionCount",
   >   "params": [
   >     "0xd5bff39419443dbd74efc6e1cce88f1b53692692",
   >     "latest"
   >   ],
   >   "internal": true
   > }
[2021/09/11 19:03:41.199] - eth_getBalance
[2021/09/11 19:03:41.199] -    > {
   >   "jsonrpc": "2.0",
   >   "id": 74,
   >   "method": "eth_getBalance",
   >   "params": [
   >     "0xc7a011e7f004dff450ae51e2b3c55d5547bf215a",
   >     "latest"
   >   ],
   >   "internal": true
   > }
[2021/09/11 19:03:41.201] -  <   {
 <     "id": 73,
 <     "jsonrpc": "2.0",
 <     "result": "0x0"
 <   }
[2021/09/11 19:03:41.206] -  <   {
 <     "id": 74,
 <     "jsonrpc": "2.0",
 <     "result": "0xa968163f0a57b400000"
 <   }
[2021/09/11 19:03:41.207] - eth_getTransactionCount
[2021/09/11 19:03:41.207] -    > {
   >   "jsonrpc": "2.0",
   >   "id": 75,
   >   "method": "eth_getTransactionCount",
   >   "params": [
   >     "0xc7a011e7f004dff450ae51e2b3c55d5547bf215a",
   >     "latest"
   >   ],
   >   "internal": true
   > }
[2021/09/11 19:03:41.210] -  <   {
 <     "id": 75,
 <     "jsonrpc": "2.0",
 <     "result": "0x0"
 <   }
[2021/09/11 19:03:41.211] - eth_getBalance
[2021/09/11 19:03:41.211] -    > {
   >   "jsonrpc": "2.0",
   >   "id": 76,
   >   "method": "eth_getBalance",
   >   "params": [
   >     "0x9ea0ebf2d22484adb193bce7a5b5ae128ce98e5f",
   >     "latest"
   >   ],
   >   "internal": true
   > }
[2021/09/11 19:03:41.214] -  <   {
 <     "id": 76,
 <     "jsonrpc": "2.0",
 <     "result": "0xa968163f0a57b400000"
 <   }
[2021/09/11 19:03:41.215] - eth_getTransactionCount
[2021/09/11 19:03:41.215] -    > {
   >   "jsonrpc": "2.0",
   >   "id": 77,
   >   "method": "eth_getTransactionCount",
   >   "params": [
   >     "0x9ea0ebf2d22484adb193bce7a5b5ae128ce98e5f",
   >     "latest"
   >   ],
   >   "internal": true
   > }
[2021/09/11 19:03:41.216] - eth_blockNumber
[2021/09/11 19:03:41.216] -    > {
   >   "jsonrpc": "2.0",
   >   "id": 11,
   >   "method": "eth_blockNumber",
   >   "params": [],
   >   "internal": true
   > }
[2021/09/11 19:03:41.216] - eth_accounts
[2021/09/11 19:03:41.217] -    > {
   >   "jsonrpc": "2.0",
   >   "id": 12,
   >   "method": "eth_accounts",
   >   "params": [],
   >   "internal": true
   > }
[2021/09/11 19:03:41.219] -  <   {
 <     "id": 77,
 <     "jsonrpc": "2.0",
 <     "result": "0x0"
 <   }
[2021/09/11 19:03:41.219] - eth_gasPrice
[2021/09/11 19:03:41.219] -    > {
   >   "jsonrpc": "2.0",
   >   "id": 13,
   >   "method": "eth_gasPrice",
   >   "params": [],
   >   "internal": true
   > }
[2021/09/11 19:03:41.221] -  <   {
 <     "id": 11,
 <     "jsonrpc": "2.0",
 <     "result": "0x0"
 <   }
[2021/09/11 19:03:41.223] -  <   {
 <     "id": 12,
 <     "jsonrpc": "2.0",
 <     "result": [
 <       "0x4aa89d327363dd486aa493238a6e0eb55fdafc7e",
 <       "0x68e3329e15e891a29f2201299d90d978921cbe2b",
 <       "0x0144d910b047929c39b6f1c687b49b21bf1bd345",
 <       "0x09ca9750a149016262692094b2018f937df024c9",
 <       "0x6985d66a93e95f9fdd53d66f83f1fe8f008180a9",
 <       "0x0dd7dfa9bddfa6fe6a5992f6500b24437fb1e501",
 <       "0x3ea5d6857fbcd49d45af20ea24e339fcac2138a3",
 <       "0xd5bff39419443dbd74efc6e1cce88f1b53692692",
 <       "0xc7a011e7f004dff450ae51e2b3c55d5547bf215a",
 <       "0x9ea0ebf2d22484adb193bce7a5b5ae128ce98e5f"
 <     ]
 <   }
[2021/09/11 19:03:41.225] -  <   {
 <     "id": 13,
 <     "jsonrpc": "2.0",
 <     "result": "0x4a817c800"
 <   }
[2021/09/11 19:03:41.230] - eth_getBlockByNumber
[2021/09/11 19:03:41.230] -    > {
   >   "jsonrpc": "2.0",
   >   "id": 14,
   >   "method": "eth_getBlockByNumber",
   >   "params": [
   >     "latest",
   >     false
   >   ],
   >   "internal": true
   > }
[2021/09/11 19:03:41.231] - eth_subscribe
[2021/09/11 19:03:41.231] -    > {
   >   "jsonrpc": "2.0",
   >   "id": 15,
   >   "method": "eth_subscribe",
   >   "params": [
   >     "newHeads"
   >   ],
   >   "internal": true
   > }
[2021/09/11 19:03:41.233] -  <   {
 <     "id": 14,
 <     "jsonrpc": "2.0",
 <     "result": {
 <       "number": "0x0",
 <       "hash": "0xb9841a9054dcc12abcee6ef05b7033d011488dfabfee525712a33c3ca04086c9",
 <       "parentHash": "0x0000000000000000000000000000000000000000000000000000000000000000",
 <       "mixHash": "0x0000000000000000000000000000000000000000000000000000000000000000",
 <       "nonce": "0x0000000000000000",
 <       "sha3Uncles": "0x1dcc4de8dec75d7aab85b567b6ccd41ad312451b948a7413f0a142fd40d49347",
 <       "logsBloom": "0x00000000000000000000000000000000000000000000000000000000000000000000000000000000000000000000000000000000000000000000000000000000000000000000000000000000000000000000000000000000000000000000000000000000000000000000000000000000000000000000000000000000000000000000000000000000000000000000000000000000000000000000000000000000000000000000000000000000000000000000000000000000000000000000000000000000000000000000000000000000000000000000000000000000000000000000000000000000000000000000000000000000000000000000000000000000",
 <       "transactionsRoot": "0x56e81f171bcc55a6ff8345e692c0f86e5b48e01b996cadc001622fb5e363b421",
 <       "stateRoot": "0x473f0b76e3c6fec0471234b655becd60bbe2c1d4153b6bd5e664497fb23f113e",
 <       "receiptsRoot": "0x56e81f171bcc55a6ff8345e692c0f86e5b48e01b996cadc001622fb5e363b421",
 <       "miner": "0x0000000000000000000000000000000000000000",
 <       "difficulty": "0x0",
 <       "totalDifficulty": "0x0",
 <       "extraData": "0x",
 <       "size": "0x3e8",
 <       "gasLimit": "0x98967f",
 <       "gasUsed": "0x0",
 <       "timestamp": "0x613d27bc",
 <       "transactions": [],
 <       "uncles": []
 <     }
 <   }
[2021/09/11 19:03:41.235] -  <   {
 <     "id": 15,
 <     "jsonrpc": "2.0",
 <     "result": "0x9"
 <   }
[2021/09/11 19:03:41.266] - eth_getTransactionCount
[2021/09/11 19:03:41.267] -    > {
   >   "jsonrpc": "2.0",
   >   "id": 79,
   >   "method": "eth_getTransactionCount",
   >   "params": [
   >     "0x4aa89d327363dd486aa493238a6e0eb55fdafc7e",
   >     "latest"
   >   ],
   >   "internal": true
   > }
[2021/09/11 19:03:41.272] -  <   {
 <     "id": 79,
 <     "jsonrpc": "2.0",
 <     "result": "0x0"
 <   }
[2021/09/11 19:03:41.288] - eth_getBalance
[2021/09/11 19:03:41.288] -    > {
   >   "jsonrpc": "2.0",
   >   "id": 80,
   >   "method": "eth_getBalance",
   >   "params": [
   >     "0x68e3329e15e891a29f2201299d90d978921cbe2b",
   >     "latest"
   >   ],
   >   "internal": true
   > }
[2021/09/11 19:03:41.289] - eth_getTransactionCount
[2021/09/11 19:03:41.289] -    > {
   >   "jsonrpc": "2.0",
   >   "id": 81,
   >   "method": "eth_getTransactionCount",
   >   "params": [
   >     "0x68e3329e15e891a29f2201299d90d978921cbe2b",
   >     "latest"
   >   ],
   >   "internal": true
   > }
[2021/09/11 19:03:41.289] - eth_getBalance
[2021/09/11 19:03:41.290] -    > {
   >   "jsonrpc": "2.0",
   >   "id": 82,
   >   "method": "eth_getBalance",
   >   "params": [
   >     "0x0144d910b047929c39b6f1c687b49b21bf1bd345",
   >     "latest"
   >   ],
   >   "internal": true
   > }
[2021/09/11 19:03:41.290] - eth_getTransactionCount
[2021/09/11 19:03:41.290] -    > {
   >   "jsonrpc": "2.0",
   >   "id": 83,
   >   "method": "eth_getTransactionCount",
   >   "params": [
   >     "0x0144d910b047929c39b6f1c687b49b21bf1bd345",
   >     "latest"
   >   ],
   >   "internal": true
   > }
[2021/09/11 19:03:41.293] -  <   {
 <     "id": 80,
 <     "jsonrpc": "2.0",
 <     "result": "0xa968163f0a57b400000"
 <   }
[2021/09/11 19:03:41.293] - eth_getBalance
[2021/09/11 19:03:41.293] -    > {
   >   "jsonrpc": "2.0",
   >   "id": 84,
   >   "method": "eth_getBalance",
   >   "params": [
   >     "0x09ca9750a149016262692094b2018f937df024c9",
   >     "latest"
   >   ],
   >   "internal": true
   > }
[2021/09/11 19:03:41.296] -  <   {
 <     "id": 81,
 <     "jsonrpc": "2.0",
 <     "result": "0x0"
 <   }
[2021/09/11 19:03:41.297] - eth_getTransactionCount
[2021/09/11 19:03:41.297] -    > {
   >   "jsonrpc": "2.0",
   >   "id": 85,
   >   "method": "eth_getTransactionCount",
   >   "params": [
   >     "0x09ca9750a149016262692094b2018f937df024c9",
   >     "latest"
   >   ],
   >   "internal": true
   > }
[2021/09/11 19:03:41.299] -  <   {
 <     "id": 82,
 <     "jsonrpc": "2.0",
 <     "result": "0xa968163f0a57b400000"
 <   }
[2021/09/11 19:03:41.304] -  <   {
 <     "id": 83,
 <     "jsonrpc": "2.0",
 <     "result": "0x0"
 <   }
[2021/09/11 19:03:41.321] - eth_getBalance
[2021/09/11 19:03:41.321] -    > {
   >   "jsonrpc": "2.0",
   >   "id": 86,
   >   "method": "eth_getBalance",
   >   "params": [
   >     "0x6985d66a93e95f9fdd53d66f83f1fe8f008180a9",
   >     "latest"
   >   ],
   >   "internal": true
   > }
[2021/09/11 19:03:41.321] - eth_getTransactionCount
[2021/09/11 19:03:41.321] -    > {
   >   "jsonrpc": "2.0",
   >   "id": 87,
   >   "method": "eth_getTransactionCount",
   >   "params": [
   >     "0x6985d66a93e95f9fdd53d66f83f1fe8f008180a9",
   >     "latest"
   >   ],
   >   "internal": true
   > }
[2021/09/11 19:03:41.322] - eth_getBalance
[2021/09/11 19:03:41.322] -    > {
   >   "jsonrpc": "2.0",
   >   "id": 88,
   >   "method": "eth_getBalance",
   >   "params": [
   >     "0x0dd7dfa9bddfa6fe6a5992f6500b24437fb1e501",
   >     "latest"
   >   ],
   >   "internal": true
   > }
[2021/09/11 19:03:41.322] - eth_getTransactionCount
[2021/09/11 19:03:41.322] -    > {
   >   "jsonrpc": "2.0",
   >   "id": 89,
   >   "method": "eth_getTransactionCount",
   >   "params": [
   >     "0x0dd7dfa9bddfa6fe6a5992f6500b24437fb1e501",
   >     "latest"
   >   ],
   >   "internal": true
   > }
[2021/09/11 19:03:41.323] - eth_getBalance
[2021/09/11 19:03:41.323] -    > {
   >   "jsonrpc": "2.0",
   >   "id": 90,
   >   "method": "eth_getBalance",
   >   "params": [
   >     "0x3ea5d6857fbcd49d45af20ea24e339fcac2138a3",
   >     "latest"
   >   ],
   >   "internal": true
   > }
[2021/09/11 19:03:41.324] -  <   {
 <     "id": 84,
 <     "jsonrpc": "2.0",
 <     "result": "0xa968163f0a57b400000"
 <   }
[2021/09/11 19:03:41.325] - eth_getTransactionCount
[2021/09/11 19:03:41.325] -    > {
   >   "jsonrpc": "2.0",
   >   "id": 91,
   >   "method": "eth_getTransactionCount",
   >   "params": [
   >     "0x3ea5d6857fbcd49d45af20ea24e339fcac2138a3",
   >     "latest"
   >   ],
   >   "internal": true
   > }
[2021/09/11 19:03:41.325] - eth_getBalance
[2021/09/11 19:03:41.326] -    > {
   >   "jsonrpc": "2.0",
   >   "id": 92,
   >   "method": "eth_getBalance",
   >   "params": [
   >     "0xd5bff39419443dbd74efc6e1cce88f1b53692692",
   >     "latest"
   >   ],
   >   "internal": true
   > }
[2021/09/11 19:03:41.327] - eth_getTransactionCount
[2021/09/11 19:03:41.327] -    > {
   >   "jsonrpc": "2.0",
   >   "id": 93,
   >   "method": "eth_getTransactionCount",
   >   "params": [
   >     "0xd5bff39419443dbd74efc6e1cce88f1b53692692",
   >     "latest"
   >   ],
   >   "internal": true
   > }
[2021/09/11 19:03:41.328] -  <   {
 <     "id": 85,
 <     "jsonrpc": "2.0",
 <     "result": "0x0"
 <   }
[2021/09/11 19:03:41.329] - eth_getBalance
[2021/09/11 19:03:41.330] -    > {
   >   "jsonrpc": "2.0",
   >   "id": 94,
   >   "method": "eth_getBalance",
   >   "params": [
   >     "0xc7a011e7f004dff450ae51e2b3c55d5547bf215a",
   >     "latest"
   >   ],
   >   "internal": true
   > }
[2021/09/11 19:03:41.331] - eth_getTransactionCount
[2021/09/11 19:03:41.331] -    > {
   >   "jsonrpc": "2.0",
   >   "id": 95,
   >   "method": "eth_getTransactionCount",
   >   "params": [
   >     "0xc7a011e7f004dff450ae51e2b3c55d5547bf215a",
   >     "latest"
   >   ],
   >   "internal": true
   > }
[2021/09/11 19:03:41.335] -  <   {
 <     "id": 86,
 <     "jsonrpc": "2.0",
 <     "result": "0xa968163f0a57b400000"
 <   }
[2021/09/11 19:03:41.352] - eth_getBalance
[2021/09/11 19:03:41.352] -    > {
   >   "jsonrpc": "2.0",
   >   "id": 96,
   >   "method": "eth_getBalance",
   >   "params": [
   >     "0x9ea0ebf2d22484adb193bce7a5b5ae128ce98e5f",
   >     "latest"
   >   ],
   >   "internal": true
   > }
[2021/09/11 19:03:41.352] - eth_getTransactionCount
[2021/09/11 19:03:41.353] -    > {
   >   "jsonrpc": "2.0",
   >   "id": 97,
   >   "method": "eth_getTransactionCount",
   >   "params": [
   >     "0x9ea0ebf2d22484adb193bce7a5b5ae128ce98e5f",
   >     "latest"
   >   ],
   >   "internal": true
   > }
[2021/09/11 19:03:41.355] -  <   {
 <     "id": 87,
 <     "jsonrpc": "2.0",
 <     "result": "0x0"
 <   }
[2021/09/11 19:03:41.358] -  <   {
 <     "id": 88,
 <     "jsonrpc": "2.0",
 <     "result": "0xa968163f0a57b400000"
 <   }
[2021/09/11 19:03:41.361] -  <   {
 <     "id": 89,
 <     "jsonrpc": "2.0",
 <     "result": "0x0"
 <   }
[2021/09/11 19:03:41.364] -  <   {
 <     "id": 90,
 <     "jsonrpc": "2.0",
 <     "result": "0xa968163f0a57b400000"
 <   }
[2021/09/11 19:03:41.367] -  <   {
 <     "id": 91,
 <     "jsonrpc": "2.0",
 <     "result": "0x0"
 <   }
[2021/09/11 19:03:41.369] -  <   {
 <     "id": 92,
 <     "jsonrpc": "2.0",
 <     "result": "0xa968163f0a57b400000"
 <   }
[2021/09/11 19:03:41.374] -  <   {
 <     "id": 93,
 <     "jsonrpc": "2.0",
 <     "result": "0x0"
 <   }
[2021/09/11 19:03:41.377] -  <   {
 <     "id": 94,
 <     "jsonrpc": "2.0",
 <     "result": "0xa968163f0a57b400000"
 <   }
[2021/09/11 19:03:41.379] -  <   {
 <     "id": 95,
 <     "jsonrpc": "2.0",
 <     "result": "0x0"
 <   }
[2021/09/11 19:03:41.382] -  <   {
 <     "id": 96,
 <     "jsonrpc": "2.0",
 <     "result": "0xa968163f0a57b400000"
 <   }
[2021/09/11 19:03:41.384] -  <   {
 <     "id": 97,
 <     "jsonrpc": "2.0",
 <     "result": "0x0"
 <   }
[2021/09/11 19:03:41.879] - eth_getBalance
[2021/09/11 19:03:41.879] -    > {
   >   "jsonrpc": "2.0",
   >   "id": 99,
   >   "method": "eth_getBalance",
   >   "params": [
   >     "0x4aa89d327363dd486aa493238a6e0eb55fdafc7e",
   >     "latest"
   >   ],
   >   "internal": true
   > }
[2021/09/11 19:03:41.882] -  <   {
 <     "id": 99,
 <     "jsonrpc": "2.0",
 <     "result": "0xa968163f0a57b400000"
 <   }
[2021/09/11 19:03:41.882] - eth_getTransactionCount
[2021/09/11 19:03:41.883] -    > {
   >   "jsonrpc": "2.0",
   >   "id": 100,
   >   "method": "eth_getTransactionCount",
   >   "params": [
   >     "0x4aa89d327363dd486aa493238a6e0eb55fdafc7e",
   >     "latest"
   >   ],
   >   "internal": true
   > }
[2021/09/11 19:03:41.885] -  <   {
 <     "id": 100,
 <     "jsonrpc": "2.0",
 <     "result": "0x0"
 <   }
[2021/09/11 19:03:41.885] - eth_getBalance
[2021/09/11 19:03:41.886] -    > {
   >   "jsonrpc": "2.0",
   >   "id": 101,
   >   "method": "eth_getBalance",
   >   "params": [
   >     "0x68e3329e15e891a29f2201299d90d978921cbe2b",
   >     "latest"
   >   ],
   >   "internal": true
   > }
[2021/09/11 19:03:41.888] -  <   {
 <     "id": 101,
 <     "jsonrpc": "2.0",
 <     "result": "0xa968163f0a57b400000"
 <   }
[2021/09/11 19:03:41.889] - eth_getTransactionCount
[2021/09/11 19:03:41.889] -    > {
   >   "jsonrpc": "2.0",
   >   "id": 102,
   >   "method": "eth_getTransactionCount",
   >   "params": [
   >     "0x68e3329e15e891a29f2201299d90d978921cbe2b",
   >     "latest"
   >   ],
   >   "internal": true
   > }
[2021/09/11 19:03:41.892] -  <   {
 <     "id": 102,
 <     "jsonrpc": "2.0",
 <     "result": "0x0"
 <   }
[2021/09/11 19:03:41.892] - eth_getBalance
[2021/09/11 19:03:41.892] -    > {
   >   "jsonrpc": "2.0",
   >   "id": 103,
   >   "method": "eth_getBalance",
   >   "params": [
   >     "0x0144d910b047929c39b6f1c687b49b21bf1bd345",
   >     "latest"
   >   ],
   >   "internal": true
   > }
[2021/09/11 19:03:41.895] -  <   {
 <     "id": 103,
 <     "jsonrpc": "2.0",
 <     "result": "0xa968163f0a57b400000"
 <   }
[2021/09/11 19:03:41.897] - eth_getTransactionCount
[2021/09/11 19:03:41.897] -    > {
   >   "jsonrpc": "2.0",
   >   "id": 104,
   >   "method": "eth_getTransactionCount",
   >   "params": [
   >     "0x0144d910b047929c39b6f1c687b49b21bf1bd345",
   >     "latest"
   >   ],
   >   "internal": true
   > }
[2021/09/11 19:03:41.900] -  <   {
 <     "id": 104,
 <     "jsonrpc": "2.0",
 <     "result": "0x0"
 <   }
[2021/09/11 19:03:41.901] - eth_getBalance
[2021/09/11 19:03:41.901] -    > {
   >   "jsonrpc": "2.0",
   >   "id": 105,
   >   "method": "eth_getBalance",
   >   "params": [
   >     "0x09ca9750a149016262692094b2018f937df024c9",
   >     "latest"
   >   ],
   >   "internal": true
   > }
[2021/09/11 19:03:41.904] -  <   {
 <     "id": 105,
 <     "jsonrpc": "2.0",
 <     "result": "0xa968163f0a57b400000"
 <   }
[2021/09/11 19:03:41.904] - eth_getTransactionCount
[2021/09/11 19:03:41.904] -    > {
   >   "jsonrpc": "2.0",
   >   "id": 106,
   >   "method": "eth_getTransactionCount",
   >   "params": [
   >     "0x09ca9750a149016262692094b2018f937df024c9",
   >     "latest"
   >   ],
   >   "internal": true
   > }
[2021/09/11 19:03:41.907] -  <   {
 <     "id": 106,
 <     "jsonrpc": "2.0",
 <     "result": "0x0"
 <   }
[2021/09/11 19:03:41.908] - eth_getBalance
[2021/09/11 19:03:41.908] -    > {
   >   "jsonrpc": "2.0",
   >   "id": 107,
   >   "method": "eth_getBalance",
   >   "params": [
   >     "0x6985d66a93e95f9fdd53d66f83f1fe8f008180a9",
   >     "latest"
   >   ],
   >   "internal": true
   > }
[2021/09/11 19:03:41.911] -  <   {
 <     "id": 107,
 <     "jsonrpc": "2.0",
 <     "result": "0xa968163f0a57b400000"
 <   }
[2021/09/11 19:03:41.912] - eth_getTransactionCount
[2021/09/11 19:03:41.912] -    > {
   >   "jsonrpc": "2.0",
   >   "id": 108,
   >   "method": "eth_getTransactionCount",
   >   "params": [
   >     "0x6985d66a93e95f9fdd53d66f83f1fe8f008180a9",
   >     "latest"
   >   ],
   >   "internal": true
   > }
[2021/09/11 19:03:41.914] -  <   {
 <     "id": 108,
 <     "jsonrpc": "2.0",
 <     "result": "0x0"
 <   }
[2021/09/11 19:03:41.915] - eth_getBalance
[2021/09/11 19:03:41.915] -    > {
   >   "jsonrpc": "2.0",
   >   "id": 109,
   >   "method": "eth_getBalance",
   >   "params": [
   >     "0x0dd7dfa9bddfa6fe6a5992f6500b24437fb1e501",
   >     "latest"
   >   ],
   >   "internal": true
   > }
[2021/09/11 19:03:41.918] -  <   {
 <     "id": 109,
 <     "jsonrpc": "2.0",
 <     "result": "0xa968163f0a57b400000"
 <   }
[2021/09/11 19:03:41.919] - eth_getTransactionCount
[2021/09/11 19:03:41.919] -    > {
   >   "jsonrpc": "2.0",
   >   "id": 110,
   >   "method": "eth_getTransactionCount",
   >   "params": [
   >     "0x0dd7dfa9bddfa6fe6a5992f6500b24437fb1e501",
   >     "latest"
   >   ],
   >   "internal": true
   > }
[2021/09/11 19:03:41.921] -  <   {
 <     "id": 110,
 <     "jsonrpc": "2.0",
 <     "result": "0x0"
 <   }
[2021/09/11 19:03:41.922] - eth_getBalance
[2021/09/11 19:03:41.922] -    > {
   >   "jsonrpc": "2.0",
   >   "id": 111,
   >   "method": "eth_getBalance",
   >   "params": [
   >     "0x3ea5d6857fbcd49d45af20ea24e339fcac2138a3",
   >     "latest"
   >   ],
   >   "internal": true
   > }
[2021/09/11 19:03:41.924] -  <   {
 <     "id": 111,
 <     "jsonrpc": "2.0",
 <     "result": "0xa968163f0a57b400000"
 <   }
[2021/09/11 19:03:41.925] - eth_getTransactionCount
[2021/09/11 19:03:41.925] -    > {
   >   "jsonrpc": "2.0",
   >   "id": 112,
   >   "method": "eth_getTransactionCount",
   >   "params": [
   >     "0x3ea5d6857fbcd49d45af20ea24e339fcac2138a3",
   >     "latest"
   >   ],
   >   "internal": true
   > }
[2021/09/11 19:03:41.928] -  <   {
 <     "id": 112,
 <     "jsonrpc": "2.0",
 <     "result": "0x0"
 <   }
[2021/09/11 19:03:41.928] - eth_getBalance
[2021/09/11 19:03:41.928] -    > {
   >   "jsonrpc": "2.0",
   >   "id": 113,
   >   "method": "eth_getBalance",
   >   "params": [
   >     "0xd5bff39419443dbd74efc6e1cce88f1b53692692",
   >     "latest"
   >   ],
   >   "internal": true
   > }
[2021/09/11 19:03:41.931] -  <   {
 <     "id": 113,
 <     "jsonrpc": "2.0",
 <     "result": "0xa968163f0a57b400000"
 <   }
[2021/09/11 19:03:41.931] - eth_getTransactionCount
[2021/09/11 19:03:41.932] -    > {
   >   "jsonrpc": "2.0",
   >   "id": 114,
   >   "method": "eth_getTransactionCount",
   >   "params": [
   >     "0xd5bff39419443dbd74efc6e1cce88f1b53692692",
   >     "latest"
   >   ],
   >   "internal": true
   > }
[2021/09/11 19:03:41.934] -  <   {
 <     "id": 114,
 <     "jsonrpc": "2.0",
 <     "result": "0x0"
 <   }
[2021/09/11 19:03:41.935] - eth_getBalance
[2021/09/11 19:03:41.935] -    > {
   >   "jsonrpc": "2.0",
   >   "id": 115,
   >   "method": "eth_getBalance",
   >   "params": [
   >     "0xc7a011e7f004dff450ae51e2b3c55d5547bf215a",
   >     "latest"
   >   ],
   >   "internal": true
   > }
[2021/09/11 19:03:41.937] -  <   {
 <     "id": 115,
 <     "jsonrpc": "2.0",
 <     "result": "0xa968163f0a57b400000"
 <   }
[2021/09/11 19:03:41.938] - eth_getTransactionCount
[2021/09/11 19:03:41.938] -    > {
   >   "jsonrpc": "2.0",
   >   "id": 116,
   >   "method": "eth_getTransactionCount",
   >   "params": [
   >     "0xc7a011e7f004dff450ae51e2b3c55d5547bf215a",
   >     "latest"
   >   ],
   >   "internal": true
   > }
[2021/09/11 19:03:41.941] -  <   {
 <     "id": 116,
 <     "jsonrpc": "2.0",
 <     "result": "0x0"
 <   }
[2021/09/11 19:03:41.941] - eth_getBalance
[2021/09/11 19:03:41.942] -    > {
   >   "jsonrpc": "2.0",
   >   "id": 117,
   >   "method": "eth_getBalance",
   >   "params": [
   >     "0x9ea0ebf2d22484adb193bce7a5b5ae128ce98e5f",
   >     "latest"
   >   ],
   >   "internal": true
   > }
[2021/09/11 19:03:41.945] -  <   {
 <     "id": 117,
 <     "jsonrpc": "2.0",
 <     "result": "0xa968163f0a57b400000"
 <   }
[2021/09/11 19:03:41.947] - eth_getTransactionCount
[2021/09/11 19:03:41.947] -    > {
   >   "jsonrpc": "2.0",
   >   "id": 118,
   >   "method": "eth_getTransactionCount",
   >   "params": [
   >     "0x9ea0ebf2d22484adb193bce7a5b5ae128ce98e5f",
   >     "latest"
   >   ],
   >   "internal": true
   > }
[2021/09/11 19:03:41.950] -  <   {
 <     "id": 118,
 <     "jsonrpc": "2.0",
 <     "result": "0x0"
 <   }
[2021/09/11 19:03:41.951] - eth_getBalance
[2021/09/11 19:03:41.951] -    > {
   >   "jsonrpc": "2.0",
   >   "id": 119,
   >   "method": "eth_getBalance",
   >   "params": [
   >     "0x4aa89d327363dd486aa493238a6e0eb55fdafc7e",
   >     "latest"
   >   ],
   >   "internal": true
   > }
[2021/09/11 19:03:41.954] -  <   {
 <     "id": 119,
 <     "jsonrpc": "2.0",
 <     "result": "0xa968163f0a57b400000"
 <   }
[2021/09/11 19:03:41.954] - eth_getTransactionCount
[2021/09/11 19:03:41.955] -    > {
   >   "jsonrpc": "2.0",
   >   "id": 120,
   >   "method": "eth_getTransactionCount",
   >   "params": [
   >     "0x4aa89d327363dd486aa493238a6e0eb55fdafc7e",
   >     "latest"
   >   ],
   >   "internal": true
   > }
[2021/09/11 19:03:41.958] -  <   {
 <     "id": 120,
 <     "jsonrpc": "2.0",
 <     "result": "0x0"
 <   }
[2021/09/11 19:03:41.958] - eth_getBalance
[2021/09/11 19:03:41.959] -    > {
   >   "jsonrpc": "2.0",
   >   "id": 121,
   >   "method": "eth_getBalance",
   >   "params": [
   >     "0x68e3329e15e891a29f2201299d90d978921cbe2b",
   >     "latest"
   >   ],
   >   "internal": true
   > }
[2021/09/11 19:03:41.962] -  <   {
 <     "id": 121,
 <     "jsonrpc": "2.0",
 <     "result": "0xa968163f0a57b400000"
 <   }
[2021/09/11 19:03:41.965] - eth_getTransactionCount
[2021/09/11 19:03:41.966] -    > {
   >   "jsonrpc": "2.0",
   >   "id": 122,
   >   "method": "eth_getTransactionCount",
   >   "params": [
   >     "0x68e3329e15e891a29f2201299d90d978921cbe2b",
   >     "latest"
   >   ],
   >   "internal": true
   > }
[2021/09/11 19:03:41.969] -  <   {
 <     "id": 122,
 <     "jsonrpc": "2.0",
 <     "result": "0x0"
 <   }
[2021/09/11 19:03:41.971] - eth_getBalance
[2021/09/11 19:03:41.971] -    > {
   >   "jsonrpc": "2.0",
   >   "id": 123,
   >   "method": "eth_getBalance",
   >   "params": [
   >     "0x0144d910b047929c39b6f1c687b49b21bf1bd345",
   >     "latest"
   >   ],
   >   "internal": true
   > }
[2021/09/11 19:03:41.974] -  <   {
 <     "id": 123,
 <     "jsonrpc": "2.0",
 <     "result": "0xa968163f0a57b400000"
 <   }
[2021/09/11 19:03:41.975] - eth_getTransactionCount
[2021/09/11 19:03:41.976] -    > {
   >   "jsonrpc": "2.0",
   >   "id": 124,
   >   "method": "eth_getTransactionCount",
   >   "params": [
   >     "0x0144d910b047929c39b6f1c687b49b21bf1bd345",
   >     "latest"
   >   ],
   >   "internal": true
   > }
[2021/09/11 19:03:41.979] -  <   {
 <     "id": 124,
 <     "jsonrpc": "2.0",
 <     "result": "0x0"
 <   }
[2021/09/11 19:03:41.980] - eth_getBalance
[2021/09/11 19:03:41.981] -    > {
   >   "jsonrpc": "2.0",
   >   "id": 125,
   >   "method": "eth_getBalance",
   >   "params": [
   >     "0x09ca9750a149016262692094b2018f937df024c9",
   >     "latest"
   >   ],
   >   "internal": true
   > }
[2021/09/11 19:03:41.984] -  <   {
 <     "id": 125,
 <     "jsonrpc": "2.0",
 <     "result": "0xa968163f0a57b400000"
 <   }
[2021/09/11 19:03:41.985] - eth_getTransactionCount
[2021/09/11 19:03:41.985] -    > {
   >   "jsonrpc": "2.0",
   >   "id": 126,
   >   "method": "eth_getTransactionCount",
   >   "params": [
   >     "0x09ca9750a149016262692094b2018f937df024c9",
   >     "latest"
   >   ],
   >   "internal": true
   > }
[2021/09/11 19:03:41.988] -  <   {
 <     "id": 126,
 <     "jsonrpc": "2.0",
 <     "result": "0x0"
 <   }
[2021/09/11 19:03:41.988] - eth_getBalance
[2021/09/11 19:03:41.988] -    > {
   >   "jsonrpc": "2.0",
   >   "id": 127,
   >   "method": "eth_getBalance",
   >   "params": [
   >     "0x6985d66a93e95f9fdd53d66f83f1fe8f008180a9",
   >     "latest"
   >   ],
   >   "internal": true
   > }
[2021/09/11 19:03:41.991] - eth_getTransactionCount
[2021/09/11 19:03:41.991] -    > {
   >   "jsonrpc": "2.0",
   >   "id": 128,
   >   "method": "eth_getTransactionCount",
   >   "params": [
   >     "0x6985d66a93e95f9fdd53d66f83f1fe8f008180a9",
   >     "latest"
   >   ],
   >   "internal": true
   > }
[2021/09/11 19:03:41.993] -  <   {
 <     "id": 127,
 <     "jsonrpc": "2.0",
 <     "result": "0xa968163f0a57b400000"
 <   }
[2021/09/11 19:03:41.994] - eth_getBalance
[2021/09/11 19:03:41.995] -    > {
   >   "jsonrpc": "2.0",
   >   "id": 129,
   >   "method": "eth_getBalance",
   >   "params": [
   >     "0x0dd7dfa9bddfa6fe6a5992f6500b24437fb1e501",
   >     "latest"
   >   ],
   >   "internal": true
   > }
[2021/09/11 19:03:41.996] -  <   {
 <     "id": 128,
 <     "jsonrpc": "2.0",
 <     "result": "0x0"
 <   }
[2021/09/11 19:03:42.000] - eth_getTransactionCount
[2021/09/11 19:03:42.000] -    > {
   >   "jsonrpc": "2.0",
   >   "id": 130,
   >   "method": "eth_getTransactionCount",
   >   "params": [
   >     "0x0dd7dfa9bddfa6fe6a5992f6500b24437fb1e501",
   >     "latest"
   >   ],
   >   "internal": true
   > }
[2021/09/11 19:03:42.003] -  <   {
 <     "id": 129,
 <     "jsonrpc": "2.0",
 <     "result": "0xa968163f0a57b400000"
 <   }
[2021/09/11 19:03:42.003] - eth_getBalance
[2021/09/11 19:03:42.003] -    > {
   >   "jsonrpc": "2.0",
   >   "id": 131,
   >   "method": "eth_getBalance",
   >   "params": [
   >     "0x3ea5d6857fbcd49d45af20ea24e339fcac2138a3",
   >     "latest"
   >   ],
   >   "internal": true
   > }
[2021/09/11 19:03:42.006] -  <   {
 <     "id": 130,
 <     "jsonrpc": "2.0",
 <     "result": "0x0"
 <   }
[2021/09/11 19:03:42.006] - eth_getTransactionCount
[2021/09/11 19:03:42.006] -    > {
   >   "jsonrpc": "2.0",
   >   "id": 132,
   >   "method": "eth_getTransactionCount",
   >   "params": [
   >     "0x3ea5d6857fbcd49d45af20ea24e339fcac2138a3",
   >     "latest"
   >   ],
   >   "internal": true
   > }
[2021/09/11 19:03:42.009] -  <   {
 <     "id": 131,
 <     "jsonrpc": "2.0",
 <     "result": "0xa968163f0a57b400000"
 <   }
[2021/09/11 19:03:42.012] -  <   {
 <     "id": 132,
 <     "jsonrpc": "2.0",
 <     "result": "0x0"
 <   }
[2021/09/11 19:03:42.012] - eth_getBalance
[2021/09/11 19:03:42.013] -    > {
   >   "jsonrpc": "2.0",
   >   "id": 133,
   >   "method": "eth_getBalance",
   >   "params": [
   >     "0xd5bff39419443dbd74efc6e1cce88f1b53692692",
   >     "latest"
   >   ],
   >   "internal": true
   > }
[2021/09/11 19:03:42.015] -  <   {
 <     "id": 133,
 <     "jsonrpc": "2.0",
 <     "result": "0xa968163f0a57b400000"
 <   }
[2021/09/11 19:03:42.016] - eth_getTransactionCount
[2021/09/11 19:03:42.016] -    > {
   >   "jsonrpc": "2.0",
   >   "id": 134,
   >   "method": "eth_getTransactionCount",
   >   "params": [
   >     "0xd5bff39419443dbd74efc6e1cce88f1b53692692",
   >     "latest"
   >   ],
   >   "internal": true
   > }
[2021/09/11 19:03:42.018] -  <   {
 <     "id": 134,
 <     "jsonrpc": "2.0",
 <     "result": "0x0"
 <   }
[2021/09/11 19:03:42.020] - eth_getBalance
[2021/09/11 19:03:42.020] -    > {
   >   "jsonrpc": "2.0",
   >   "id": 135,
   >   "method": "eth_getBalance",
   >   "params": [
   >     "0xc7a011e7f004dff450ae51e2b3c55d5547bf215a",
   >     "latest"
   >   ],
   >   "internal": true
   > }
[2021/09/11 19:03:42.025] -  <   {
 <     "id": 135,
 <     "jsonrpc": "2.0",
 <     "result": "0xa968163f0a57b400000"
 <   }
[2021/09/11 19:03:42.036] - eth_getTransactionCount
[2021/09/11 19:03:42.037] -    > {
   >   "jsonrpc": "2.0",
   >   "id": 136,
   >   "method": "eth_getTransactionCount",
   >   "params": [
   >     "0xc7a011e7f004dff450ae51e2b3c55d5547bf215a",
   >     "latest"
   >   ],
   >   "internal": true
   > }
[2021/09/11 19:03:42.037] - eth_getBalance
[2021/09/11 19:03:42.037] -    > {
   >   "jsonrpc": "2.0",
   >   "id": 137,
   >   "method": "eth_getBalance",
   >   "params": [
   >     "0x9ea0ebf2d22484adb193bce7a5b5ae128ce98e5f",
   >     "latest"
   >   ],
   >   "internal": true
   > }
[2021/09/11 19:03:42.038] - eth_getTransactionCount
[2021/09/11 19:03:42.041] -    > {
   >   "jsonrpc": "2.0",
   >   "id": 138,
   >   "method": "eth_getTransactionCount",
   >   "params": [
   >     "0x9ea0ebf2d22484adb193bce7a5b5ae128ce98e5f",
   >     "latest"
   >   ],
   >   "internal": true
   > }
[2021/09/11 19:03:42.042] -  <   {
 <     "id": 136,
 <     "jsonrpc": "2.0",
 <     "result": "0x0"
 <   }
[2021/09/11 19:03:42.050] -  <   {
 <     "id": 137,
 <     "jsonrpc": "2.0",
 <     "result": "0xa968163f0a57b400000"
 <   }
[2021/09/11 19:03:42.053] -  <   {
 <     "id": 138,
 <     "jsonrpc": "2.0",
 <     "result": "0x0"
 <   }
[2021/09/11 19:04:00.278] - eth_unsubscribe
[2021/09/11 19:04:00.279] -    > {
   >   "jsonrpc": "2.0",
   >   "id": 10,
   >   "method": "eth_unsubscribe",
   >   "params": [
   >     "0x5"
   >   ]
   > }
[2021/09/11 19:04:00.280] - eth_unsubscribe
[2021/09/11 19:04:00.280] -    > {
   >   "jsonrpc": "2.0",
   >   "id": 11,
   >   "method": "eth_unsubscribe",
   >   "params": [
   >     "0x6"
   >   ]
   > }
[2021/09/11 19:04:00.285] -    > {
   >   "jsonrpc": "2.0",
   >   "method": "eth_unsubscribe",
   >   "params": [
   >     "0x9"
   >   ],
   >   "id": 1631397840285
   > }
[2021/09/11 19:04:00.286] -    > {
   >   "jsonrpc": "2.0",
   >   "method": "eth_unsubscribe",
   >   "params": [
   >     "0x5"
   >   ],
   >   "id": 1631397840285
   > }
[2021/09/11 19:04:00.286] -    > {
   >   "jsonrpc": "2.0",
   >   "method": "eth_unsubscribe",
   >   "params": [
   >     "0x6"
   >   ],
   >   "id": 1631397840286
   > }
[2021/09/11 19:04:00.287] -    > {
   >   "jsonrpc": "2.0",
   >   "method": "eth_unsubscribe",
   >   "params": [
   >     "0x8"
   >   ],
   >   "id": 1631397840286
   > }
[2021/09/11 19:04:00.287] -    > {
   >   "jsonrpc": "2.0",
   >   "method": "eth_unsubscribe",
   >   "params": [
   >     "0x3"
   >   ],
   >   "id": 1631397840287
   > }
[2021/09/11 19:04:00.288] -    > {
   >   "jsonrpc": "2.0",
   >   "method": "eth_unsubscribe",
   >   "params": [
   >     "0x4"
   >   ],
   >   "id": 1631397840287
   > }
[2021/09/11 19:04:00.288] -    > {
   >   "jsonrpc": "2.0",
   >   "method": "eth_unsubscribe",
   >   "params": [
   >     "0x7"
   >   ],
   >   "id": 1631397840288
   > }
[2021/09/11 19:04:00.289] -    > {
   >   "jsonrpc": "2.0",
   >   "method": "eth_unsubscribe",
   >   "params": [
   >     "0x1"
   >   ],
   >   "id": 1631397840288
   > }
[2021/09/11 19:04:00.289] -    > {
   >   "jsonrpc": "2.0",
   >   "method": "eth_unsubscribe",
   >   "params": [
   >     "0x2"
   >   ],
   >   "id": 1631397840289
   > }
[2021/09/11 19:04:00.290] -  <   {
 <     "id": 10,
 <     "jsonrpc": "2.0",
 <     "result": true
 <   }
[2021/09/11 19:04:00.767] -  <   {
 <     "id": 11,
 <     "jsonrpc": "2.0",
 <     "result": true
 <   }
[2021/09/11 19:04:00.774] -  <   {
 <     "id": 1631397840285,
 <     "jsonrpc": "2.0",
 <     "result": true
 <   }
[2021/09/11 19:04:00.837] -  <   {
 <     "id": 1631397840285,
 <     "jsonrpc": "2.0",
 <     "error": {
 <       "message": "Subscription ID 0x5 not found.",
 <       "code": -32000,
 <       "data": {
 <         "stack": "Error: Subscription ID 0x5 not found.\n    at SubscriptionSubprovider.eth_unsubscribe (/tmp/.mount_ganach4Xt37f/resources/static/node/node_modules/ganache-core/node_modules/web3-provider-engine/subproviders/subscriptions.js:78:8)\n    at SubscriptionSubprovider.handleRequest (/tmp/.mount_ganach4Xt37f/resources/static/node/node_modules/ganache-core/node_modules/web3-provider-engine/subproviders/subscriptions.js:134:12)\n    at next (/tmp/.mount_ganach4Xt37f/resources/static/node/node_modules/ganache-core/node_modules/web3-provider-engine/index.js:136:18)\n    at DelayedBlockFilter.handleRequest (/tmp/.mount_ganach4Xt37f/resources/static/node/node_modules/ganache-core/lib/subproviders/delayedblockfilter.js:31:3)\n    at next (/tmp/.mount_ganach4Xt37f/resources/static/node/node_modules/ganache-core/node_modules/web3-provider-engine/index.js:136:18)\n    at RequestFunnel.handleRequest (/tmp/.mount_ganach4Xt37f/resources/static/node/node_modules/ganache-core/lib/subproviders/requestfunnel.js:32:12)\n    at next (/tmp/.mount_ganach4Xt37f/resources/static/node/node_modules/ganache-core/node_modules/web3-provider-engine/index.js:136:18)\n    at Web3ProviderEngine._handleAsync (/tmp/.mount_ganach4Xt37f/resources/static/node/node_modules/ganache-core/node_modules/web3-provider-engine/index.js:123:3)\n    at Timeout._onTimeout (/tmp/.mount_ganach4Xt37f/resources/static/node/node_modules/ganache-core/node_modules/web3-provider-engine/index.js:107:12)\n    at listOnTimeout (internal/timers.js:531:17)\n    at processTimers (internal/timers.js:475:7)",
 <         "name": "Error"
 <       }
 <     }
 <   }
[2021/09/11 19:04:00.842] -  <   {
 <     "id": 1631397840286,
 <     "jsonrpc": "2.0",
 <     "error": {
 <       "message": "Subscription ID 0x6 not found.",
 <       "code": -32000,
 <       "data": {
 <         "stack": "Error: Subscription ID 0x6 not found.\n    at SubscriptionSubprovider.eth_unsubscribe (/tmp/.mount_ganach4Xt37f/resources/static/node/node_modules/ganache-core/node_modules/web3-provider-engine/subproviders/subscriptions.js:78:8)\n    at SubscriptionSubprovider.handleRequest (/tmp/.mount_ganach4Xt37f/resources/static/node/node_modules/ganache-core/node_modules/web3-provider-engine/subproviders/subscriptions.js:134:12)\n    at next (/tmp/.mount_ganach4Xt37f/resources/static/node/node_modules/ganache-core/node_modules/web3-provider-engine/index.js:136:18)\n    at DelayedBlockFilter.handleRequest (/tmp/.mount_ganach4Xt37f/resources/static/node/node_modules/ganache-core/lib/subproviders/delayedblockfilter.js:31:3)\n    at next (/tmp/.mount_ganach4Xt37f/resources/static/node/node_modules/ganache-core/node_modules/web3-provider-engine/index.js:136:18)\n    at RequestFunnel.handleRequest (/tmp/.mount_ganach4Xt37f/resources/static/node/node_modules/ganache-core/lib/subproviders/requestfunnel.js:32:12)\n    at next (/tmp/.mount_ganach4Xt37f/resources/static/node/node_modules/ganache-core/node_modules/web3-provider-engine/index.js:136:18)\n    at Web3ProviderEngine._handleAsync (/tmp/.mount_ganach4Xt37f/resources/static/node/node_modules/ganache-core/node_modules/web3-provider-engine/index.js:123:3)\n    at Timeout._onTimeout (/tmp/.mount_ganach4Xt37f/resources/static/node/node_modules/ganache-core/node_modules/web3-provider-engine/index.js:107:12)\n    at listOnTimeout (internal/timers.js:531:17)\n    at processTimers (internal/timers.js:475:7)",
 <         "name": "Error"
 <       }
 <     }
 <   }
[2021/09/11 19:04:00.844] -  <   {
 <     "id": 1631397840286,
 <     "jsonrpc": "2.0",
 <     "result": true
 <   }
[2021/09/11 19:04:00.847] -  <   {
 <     "id": 1631397840287,
 <     "jsonrpc": "2.0",
 <     "result": true
 <   }
[2021/09/11 19:04:00.849] -  <   {
 <     "id": 1631397840287,
 <     "jsonrpc": "2.0",
 <     "result": true
 <   }
[2021/09/11 19:04:00.851] -  <   {
 <     "id": 1631397840288,
 <     "jsonrpc": "2.0",
 <     "result": true
 <   }
[2021/09/11 19:04:00.853] -  <   {
 <     "id": 1631397840288,
 <     "jsonrpc": "2.0",
 <     "result": true
 <   }
[2021/09/11 19:04:00.856] -  <   {
 <     "id": 1631397840289,
 <     "jsonrpc": "2.0",
 <     "result": true
 <   }
