[2021/09/11 19:04:48.311] - Starting server with initial configuration: {"gasLimit":9999999,"gasPrice":20000000000,"hardfork":"muirGlacier","hostname":"127.0.0.1","port":7545,"network_id":5777,"default_balance_ether":50000,"total_accounts":10,"unlocked_accounts":[],"locked":true,"vmErrorsOnRPCResponse":true,"verbose":true,"db_path":"/home/lenovo/.config/Ganache/workspaces/internal-protest/chaindata","logDirectory":"/home/lenovo/dev/udacity/flightsurety"}
[2021/09/11 19:04:49.465] - eth_subscribe
[2021/09/11 19:04:49.466] -    > {
   >   "jsonrpc": "2.0",
   >   "id": 20,
   >   "method": "eth_subscribe",
   >   "params": [
   >     "newHeads"
   >   ]
   > }
[2021/09/11 19:04:49.468] - eth_getLogs
[2021/09/11 19:04:49.469] -    > {
   >   "jsonrpc": "2.0",
   >   "id": 21,
   >   "method": "eth_getLogs",
   >   "params": [
   >     {
   >       "topics": []
   >     }
   >   ]
   > }
[2021/09/11 19:04:49.472] - eth_subscribe
[2021/09/11 19:04:49.472] -    > {
   >   "jsonrpc": "2.0",
   >   "id": 22,
   >   "method": "eth_subscribe",
   >   "params": [
   >     "logs",
   >     {
   >       "topics": []
   >     }
   >   ]
   > }
[2021/09/11 19:04:49.474] -  <   {
 <     "id": 20,
 <     "jsonrpc": "2.0",
 <     "result": "0x1"
 <   }
[2021/09/11 19:04:49.479] -  <   {
 <     "id": 21,
 <     "jsonrpc": "2.0",
 <     "result": []
 <   }
[2021/09/11 19:04:49.482] -  <   {
 <     "id": 22,
 <     "jsonrpc": "2.0",
 <     "result": "0x2"
 <   }
[2021/09/11 19:04:49.529] - eth_subscribe
[2021/09/11 19:04:49.529] -    > {
   >   "jsonrpc": "2.0",
   >   "id": 23,
   >   "method": "eth_subscribe",
   >   "params": [
   >     "newHeads"
   >   ]
   > }
[2021/09/11 19:04:49.530] - eth_getLogs
[2021/09/11 19:04:49.530] -    > {
   >   "jsonrpc": "2.0",
   >   "id": 24,
   >   "method": "eth_getLogs",
   >   "params": [
   >     {
   >       "topics": []
   >     }
   >   ]
   > }
[2021/09/11 19:04:49.530] - eth_subscribe
[2021/09/11 19:04:49.531] -    > {
   >   "jsonrpc": "2.0",
   >   "id": 25,
   >   "method": "eth_subscribe",
   >   "params": [
   >     "logs",
   >     {
   >       "topics": []
   >     }
   >   ]
   > }
[2021/09/11 19:04:49.531] -  <   {
 <     "id": 23,
 <     "jsonrpc": "2.0",
 <     "result": "0x3"
 <   }
[2021/09/11 19:04:49.533] -  <   {
 <     "id": 24,
 <     "jsonrpc": "2.0",
 <     "result": []
 <   }
[2021/09/11 19:04:49.535] -  <   {
 <     "id": 25,
 <     "jsonrpc": "2.0",
 <     "result": "0x4"
 <   }
[2021/09/11 19:04:49.574] - eth_blockNumber
[2021/09/11 19:04:49.574] -    > {
   >   "jsonrpc": "2.0",
   >   "id": 231,
   >   "method": "eth_blockNumber",
   >   "params": [],
   >   "internal": true
   > }
[2021/09/11 19:04:49.575] - eth_accounts
[2021/09/11 19:04:49.575] -    > {
   >   "jsonrpc": "2.0",
   >   "id": 232,
   >   "method": "eth_accounts",
   >   "params": [],
   >   "internal": true
   > }
[2021/09/11 19:04:49.575] - eth_gasPrice
[2021/09/11 19:04:49.575] -    > {
   >   "jsonrpc": "2.0",
   >   "id": 233,
   >   "method": "eth_gasPrice",
   >   "params": [],
   >   "internal": true
   > }
[2021/09/11 19:04:49.576] -  <   {
 <     "id": 231,
 <     "jsonrpc": "2.0",
 <     "result": "0x0"
 <   }
[2021/09/11 19:04:49.576] - eth_getBlockByNumber
[2021/09/11 19:04:49.576] -    > {
   >   "jsonrpc": "2.0",
   >   "id": 234,
   >   "method": "eth_getBlockByNumber",
   >   "params": [
   >     "latest",
   >     false
   >   ],
   >   "internal": true
   > }
[2021/09/11 19:04:49.576] - eth_subscribe
[2021/09/11 19:04:49.577] -    > {
   >   "jsonrpc": "2.0",
   >   "id": 235,
   >   "method": "eth_subscribe",
   >   "params": [
   >     "newHeads"
   >   ],
   >   "internal": true
   > }
[2021/09/11 19:04:49.578] -  <   {
 <     "id": 232,
 <     "jsonrpc": "2.0",
 <     "result": [
 <       "0x2cadbeec525f9920b11affde1013e43e81a09129",
 <       "0x4b1c705debd6526df8b77f1cffd79c8b490ab68b",
 <       "0xe6dded7e138c4bcb61fd8189bc4c2c743cc3856c",
 <       "0xe05d4254e56304cf09be156fe6728cb6191b46bc",
 <       "0xd665424957c7a63636e77a907377d8a61f9388fa",
 <       "0x454ce278cc7f6bbef690800801868d74c6e17918",
 <       "0x33e4f3315846ccbc2c2527635feabcfc4c07a180",
 <       "0x55b7d0fd523ed95a18d7a989179ba5cfb2e3f96c",
 <       "0x848cc53af9b6d4f8896d59fa0dbc853f1c1a06f1",
 <       "0xe603c5cf01a92e770f43ff070509d937ff4bb768"
 <     ]
 <   }
[2021/09/11 19:04:49.579] -  <   {
 <     "id": 233,
 <     "jsonrpc": "2.0",
 <     "result": "0x4a817c800"
 <   }
[2021/09/11 19:04:49.582] -  <   {
 <     "id": 234,
 <     "jsonrpc": "2.0",
 <     "result": {
 <       "number": "0x0",
 <       "hash": "0xf6ebdb3670709ca4457cdd5e901e7287b033cd856008bb9b2cce6936d06c5b25",
 <       "parentHash": "0x0000000000000000000000000000000000000000000000000000000000000000",
 <       "mixHash": "0x0000000000000000000000000000000000000000000000000000000000000000",
 <       "nonce": "0x0000000000000000",
 <       "sha3Uncles": "0x1dcc4de8dec75d7aab85b567b6ccd41ad312451b948a7413f0a142fd40d49347",
 <       "logsBloom": "0x00000000000000000000000000000000000000000000000000000000000000000000000000000000000000000000000000000000000000000000000000000000000000000000000000000000000000000000000000000000000000000000000000000000000000000000000000000000000000000000000000000000000000000000000000000000000000000000000000000000000000000000000000000000000000000000000000000000000000000000000000000000000000000000000000000000000000000000000000000000000000000000000000000000000000000000000000000000000000000000000000000000000000000000000000000000",
 <       "transactionsRoot": "0x56e81f171bcc55a6ff8345e692c0f86e5b48e01b996cadc001622fb5e363b421",
 <       "stateRoot": "0x83e023e87b649c59e011ddf2bb0c09b1e25d542f43a2df9508d5254d1b3b5dcb",
 <       "receiptsRoot": "0x56e81f171bcc55a6ff8345e692c0f86e5b48e01b996cadc001622fb5e363b421",
 <       "miner": "0x0000000000000000000000000000000000000000",
 <       "difficulty": "0x0",
 <       "totalDifficulty": "0x0",
 <       "extraData": "0x",
 <       "size": "0x3e8",
 <       "gasLimit": "0x98967f",
 <       "gasUsed": "0x0",
 <       "timestamp": "0x613d2800",
 <       "transactions": [],
 <       "uncles": []
 <     }
 <   }
[2021/09/11 19:04:49.583] -  <   {
 <     "id": 235,
 <     "jsonrpc": "2.0",
 <     "result": "0x5"
 <   }
[2021/09/11 19:04:49.584] - eth_accounts
[2021/09/11 19:04:49.585] -    > {
   >   "jsonrpc": "2.0",
   >   "id": 241,
   >   "method": "eth_accounts",
   >   "params": [],
   >   "internal": true
   > }
[2021/09/11 19:04:49.586] -  <   {
 <     "id": 241,
 <     "jsonrpc": "2.0",
 <     "result": [
 <       "0x2cadbeec525f9920b11affde1013e43e81a09129",
 <       "0x4b1c705debd6526df8b77f1cffd79c8b490ab68b",
 <       "0xe6dded7e138c4bcb61fd8189bc4c2c743cc3856c",
 <       "0xe05d4254e56304cf09be156fe6728cb6191b46bc",
 <       "0xd665424957c7a63636e77a907377d8a61f9388fa",
 <       "0x454ce278cc7f6bbef690800801868d74c6e17918",
 <       "0x33e4f3315846ccbc2c2527635feabcfc4c07a180",
 <       "0x55b7d0fd523ed95a18d7a989179ba5cfb2e3f96c",
 <       "0x848cc53af9b6d4f8896d59fa0dbc853f1c1a06f1",
 <       "0xe603c5cf01a92e770f43ff070509d937ff4bb768"
 <     ]
 <   }
[2021/09/11 19:04:49.597] - eth_getBalance
[2021/09/11 19:04:49.597] -    > {
   >   "jsonrpc": "2.0",
   >   "id": 242,
   >   "method": "eth_getBalance",
   >   "params": [
   >     "0x2cadbeec525f9920b11affde1013e43e81a09129",
   >     "latest"
   >   ],
   >   "internal": true
   > }
[2021/09/11 19:04:49.600] -  <   {
 <     "id": 242,
 <     "jsonrpc": "2.0",
 <     "result": "0xa968163f0a57b400000"
 <   }
[2021/09/11 19:04:49.600] - eth_getTransactionCount
[2021/09/11 19:04:49.600] -    > {
   >   "jsonrpc": "2.0",
   >   "id": 243,
   >   "method": "eth_getTransactionCount",
   >   "params": [
   >     "0x2cadbeec525f9920b11affde1013e43e81a09129",
   >     "latest"
   >   ],
   >   "internal": true
   > }
[2021/09/11 19:04:49.601] - eth_getBalance
[2021/09/11 19:04:49.601] -    > {
   >   "jsonrpc": "2.0",
   >   "id": 244,
   >   "method": "eth_getBalance",
   >   "params": [
   >     "0x4b1c705debd6526df8b77f1cffd79c8b490ab68b",
   >     "latest"
   >   ],
   >   "internal": true
   > }
[2021/09/11 19:04:49.603] -  <   {
 <     "id": 243,
 <     "jsonrpc": "2.0",
 <     "result": "0x0"
 <   }
[2021/09/11 19:04:49.604] - eth_getTransactionCount
[2021/09/11 19:04:49.604] -    > {
   >   "jsonrpc": "2.0",
   >   "id": 245,
   >   "method": "eth_getTransactionCount",
   >   "params": [
   >     "0x4b1c705debd6526df8b77f1cffd79c8b490ab68b",
   >     "latest"
   >   ],
   >   "internal": true
   > }
[2021/09/11 19:04:49.606] -  <   {
 <     "id": 244,
 <     "jsonrpc": "2.0",
 <     "result": "0xa968163f0a57b400000"
 <   }
[2021/09/11 19:04:49.606] - eth_getBalance
[2021/09/11 19:04:49.606] -    > {
   >   "jsonrpc": "2.0",
   >   "id": 246,
   >   "method": "eth_getBalance",
   >   "params": [
   >     "0xe6dded7e138c4bcb61fd8189bc4c2c743cc3856c",
   >     "latest"
   >   ],
   >   "internal": true
   > }
[2021/09/11 19:04:49.609] -  <   {
 <     "id": 245,
 <     "jsonrpc": "2.0",
 <     "result": "0x0"
 <   }
[2021/09/11 19:04:49.610] - eth_getTransactionCount
[2021/09/11 19:04:49.610] -    > {
   >   "jsonrpc": "2.0",
   >   "id": 247,
   >   "method": "eth_getTransactionCount",
   >   "params": [
   >     "0xe6dded7e138c4bcb61fd8189bc4c2c743cc3856c",
   >     "latest"
   >   ],
   >   "internal": true
   > }
[2021/09/11 19:04:49.613] - eth_getBalance
[2021/09/11 19:04:49.613] -    > {
   >   "jsonrpc": "2.0",
   >   "id": 248,
   >   "method": "eth_getBalance",
   >   "params": [
   >     "0xe05d4254e56304cf09be156fe6728cb6191b46bc",
   >     "latest"
   >   ],
   >   "internal": true
   > }
[2021/09/11 19:04:49.616] -  <   {
 <     "id": 246,
 <     "jsonrpc": "2.0",
 <     "result": "0xa968163f0a57b400000"
 <   }
[2021/09/11 19:04:49.622] - eth_getTransactionCount
[2021/09/11 19:04:49.622] -    > {
   >   "jsonrpc": "2.0",
   >   "id": 249,
   >   "method": "eth_getTransactionCount",
   >   "params": [
   >     "0xe05d4254e56304cf09be156fe6728cb6191b46bc",
   >     "latest"
   >   ],
   >   "internal": true
   > }
[2021/09/11 19:04:49.623] - eth_getBalance
[2021/09/11 19:04:49.623] -    > {
   >   "jsonrpc": "2.0",
   >   "id": 250,
   >   "method": "eth_getBalance",
   >   "params": [
   >     "0xd665424957c7a63636e77a907377d8a61f9388fa",
   >     "latest"
   >   ],
   >   "internal": true
   > }
[2021/09/11 19:04:49.625] -  <   {
 <     "id": 247,
 <     "jsonrpc": "2.0",
 <     "result": "0x0"
 <   }
[2021/09/11 19:04:49.625] - eth_getTransactionCount
[2021/09/11 19:04:49.625] -    > {
   >   "jsonrpc": "2.0",
   >   "id": 251,
   >   "method": "eth_getTransactionCount",
   >   "params": [
   >     "0xd665424957c7a63636e77a907377d8a61f9388fa",
   >     "latest"
   >   ],
   >   "internal": true
   > }
[2021/09/11 19:04:49.626] - eth_getBalance
[2021/09/11 19:04:49.626] -    > {
   >   "jsonrpc": "2.0",
   >   "id": 252,
   >   "method": "eth_getBalance",
   >   "params": [
   >     "0x454ce278cc7f6bbef690800801868d74c6e17918",
   >     "latest"
   >   ],
   >   "internal": true
   > }
[2021/09/11 19:04:49.626] - eth_getTransactionCount
[2021/09/11 19:04:49.626] -    > {
   >   "jsonrpc": "2.0",
   >   "id": 253,
   >   "method": "eth_getTransactionCount",
   >   "params": [
   >     "0x454ce278cc7f6bbef690800801868d74c6e17918",
   >     "latest"
   >   ],
   >   "internal": true
   > }
[2021/09/11 19:04:49.627] -  <   {
 <     "id": 248,
 <     "jsonrpc": "2.0",
 <     "result": "0xa968163f0a57b400000"
 <   }
[2021/09/11 19:04:49.628] - eth_getBalance
[2021/09/11 19:04:49.628] -    > {
   >   "jsonrpc": "2.0",
   >   "id": 254,
   >   "method": "eth_getBalance",
   >   "params": [
   >     "0x33e4f3315846ccbc2c2527635feabcfc4c07a180",
   >     "latest"
   >   ],
   >   "internal": true
   > }
[2021/09/11 19:04:49.628] - eth_getTransactionCount
[2021/09/11 19:04:49.628] -    > {
   >   "jsonrpc": "2.0",
   >   "id": 255,
   >   "method": "eth_getTransactionCount",
   >   "params": [
   >     "0x33e4f3315846ccbc2c2527635feabcfc4c07a180",
   >     "latest"
   >   ],
   >   "internal": true
   > }
[2021/09/11 19:04:49.629] - eth_getBalance
[2021/09/11 19:04:49.629] -    > {
   >   "jsonrpc": "2.0",
   >   "id": 256,
   >   "method": "eth_getBalance",
   >   "params": [
   >     "0x55b7d0fd523ed95a18d7a989179ba5cfb2e3f96c",
   >     "latest"
   >   ],
   >   "internal": true
   > }
[2021/09/11 19:04:49.630] -  <   {
 <     "id": 249,
 <     "jsonrpc": "2.0",
 <     "result": "0x0"
 <   }
[2021/09/11 19:04:49.631] - eth_getTransactionCount
[2021/09/11 19:04:49.631] -    > {
   >   "jsonrpc": "2.0",
   >   "id": 257,
   >   "method": "eth_getTransactionCount",
   >   "params": [
   >     "0x55b7d0fd523ed95a18d7a989179ba5cfb2e3f96c",
   >     "latest"
   >   ],
   >   "internal": true
   > }
[2021/09/11 19:04:49.632] -  <   {
 <     "id": 250,
 <     "jsonrpc": "2.0",
 <     "result": "0xa968163f0a57b400000"
 <   }
[2021/09/11 19:04:49.635] -  <   {
 <     "id": 251,
 <     "jsonrpc": "2.0",
 <     "result": "0x0"
 <   }
[2021/09/11 19:04:49.635] - eth_getBalance
[2021/09/11 19:04:49.636] -    > {
   >   "jsonrpc": "2.0",
   >   "id": 258,
   >   "method": "eth_getBalance",
   >   "params": [
   >     "0x848cc53af9b6d4f8896d59fa0dbc853f1c1a06f1",
   >     "latest"
   >   ],
   >   "internal": true
   > }
[2021/09/11 19:04:49.636] - eth_getTransactionCount
[2021/09/11 19:04:49.636] -    > {
   >   "jsonrpc": "2.0",
   >   "id": 259,
   >   "method": "eth_getTransactionCount",
   >   "params": [
   >     "0x848cc53af9b6d4f8896d59fa0dbc853f1c1a06f1",
   >     "latest"
   >   ],
   >   "internal": true
   > }
[2021/09/11 19:04:49.638] -  <   {
 <     "id": 252,
 <     "jsonrpc": "2.0",
 <     "result": "0xa968163f0a57b400000"
 <   }
[2021/09/11 19:04:49.638] - eth_getBalance
[2021/09/11 19:04:49.638] -    > {
   >   "jsonrpc": "2.0",
   >   "id": 260,
   >   "method": "eth_getBalance",
   >   "params": [
   >     "0xe603c5cf01a92e770f43ff070509d937ff4bb768",
   >     "latest"
   >   ],
   >   "internal": true
   > }
[2021/09/11 19:04:49.641] -  <   {
 <     "id": 253,
 <     "jsonrpc": "2.0",
 <     "result": "0x0"
 <   }
[2021/09/11 19:04:49.641] - eth_getTransactionCount
[2021/09/11 19:04:49.641] -    > {
   >   "jsonrpc": "2.0",
   >   "id": 261,
   >   "method": "eth_getTransactionCount",
   >   "params": [
   >     "0xe603c5cf01a92e770f43ff070509d937ff4bb768",
   >     "latest"
   >   ],
   >   "internal": true
   > }
[2021/09/11 19:04:49.644] -  <   {
 <     "id": 254,
 <     "jsonrpc": "2.0",
 <     "result": "0xa968163f0a57b400000"
 <   }
[2021/09/11 19:04:49.645] - eth_blockNumber
[2021/09/11 19:04:49.645] -    > {
   >   "jsonrpc": "2.0",
   >   "id": 236,
   >   "method": "eth_blockNumber",
   >   "params": [],
   >   "internal": true
   > }
[2021/09/11 19:04:49.647] -  <   {
 <     "id": 255,
 <     "jsonrpc": "2.0",
 <     "result": "0x0"
 <   }
[2021/09/11 19:04:49.648] - eth_accounts
[2021/09/11 19:04:49.648] -    > {
   >   "jsonrpc": "2.0",
   >   "id": 237,
   >   "method": "eth_accounts",
   >   "params": [],
   >   "internal": true
   > }
[2021/09/11 19:04:49.648] - eth_gasPrice
[2021/09/11 19:04:49.648] -    > {
   >   "jsonrpc": "2.0",
   >   "id": 238,
   >   "method": "eth_gasPrice",
   >   "params": [],
   >   "internal": true
   > }
[2021/09/11 19:04:49.651] -  <   {
 <     "id": 256,
 <     "jsonrpc": "2.0",
 <     "result": "0xa968163f0a57b400000"
 <   }
[2021/09/11 19:04:49.653] -  <   {
 <     "id": 257,
 <     "jsonrpc": "2.0",
 <     "result": "0x0"
 <   }
[2021/09/11 19:04:49.656] -  <   {
 <     "id": 258,
 <     "jsonrpc": "2.0",
 <     "result": "0xa968163f0a57b400000"
 <   }
[2021/09/11 19:04:49.659] -  <   {
 <     "id": 259,
 <     "jsonrpc": "2.0",
 <     "result": "0x0"
 <   }
[2021/09/11 19:04:49.661] -  <   {
 <     "id": 260,
 <     "jsonrpc": "2.0",
 <     "result": "0xa968163f0a57b400000"
 <   }
[2021/09/11 19:04:49.662] - eth_getTransactionCount
[2021/09/11 19:04:49.662] -    > {
   >   "jsonrpc": "2.0",
   >   "id": 263,
   >   "method": "eth_getTransactionCount",
   >   "params": [
   >     "0x2cadbeec525f9920b11affde1013e43e81a09129",
   >     "latest"
   >   ],
   >   "internal": true
   > }
[2021/09/11 19:04:49.665] -  <   {
 <     "id": 261,
 <     "jsonrpc": "2.0",
 <     "result": "0x0"
 <   }
[2021/09/11 19:04:49.665] - eth_getBalance
[2021/09/11 19:04:49.666] -    > {
   >   "jsonrpc": "2.0",
   >   "id": 264,
   >   "method": "eth_getBalance",
   >   "params": [
   >     "0x4b1c705debd6526df8b77f1cffd79c8b490ab68b",
   >     "latest"
   >   ],
   >   "internal": true
   > }
[2021/09/11 19:04:49.666] - eth_getTransactionCount
[2021/09/11 19:04:49.666] -    > {
   >   "jsonrpc": "2.0",
   >   "id": 265,
   >   "method": "eth_getTransactionCount",
   >   "params": [
   >     "0x4b1c705debd6526df8b77f1cffd79c8b490ab68b",
   >     "latest"
   >   ],
   >   "internal": true
   > }
[2021/09/11 19:04:49.667] -  <   {
 <     "id": 236,
 <     "jsonrpc": "2.0",
 <     "result": "0x0"
 <   }
[2021/09/11 19:04:49.669] -  <   {
 <     "id": 237,
 <     "jsonrpc": "2.0",
 <     "result": [
 <       "0x2cadbeec525f9920b11affde1013e43e81a09129",
 <       "0x4b1c705debd6526df8b77f1cffd79c8b490ab68b",
 <       "0xe6dded7e138c4bcb61fd8189bc4c2c743cc3856c",
 <       "0xe05d4254e56304cf09be156fe6728cb6191b46bc",
 <       "0xd665424957c7a63636e77a907377d8a61f9388fa",
 <       "0x454ce278cc7f6bbef690800801868d74c6e17918",
 <       "0x33e4f3315846ccbc2c2527635feabcfc4c07a180",
 <       "0x55b7d0fd523ed95a18d7a989179ba5cfb2e3f96c",
 <       "0x848cc53af9b6d4f8896d59fa0dbc853f1c1a06f1",
 <       "0xe603c5cf01a92e770f43ff070509d937ff4bb768"
 <     ]
 <   }
[2021/09/11 19:04:49.670] -  <   {
 <     "id": 238,
 <     "jsonrpc": "2.0",
 <     "result": "0x4a817c800"
 <   }
[2021/09/11 19:04:49.674] -  <   {
 <     "id": 263,
 <     "jsonrpc": "2.0",
 <     "result": "0x0"
 <   }
[2021/09/11 19:04:49.677] -  <   {
 <     "id": 264,
 <     "jsonrpc": "2.0",
 <     "result": "0xa968163f0a57b400000"
 <   }
[2021/09/11 19:04:49.677] - eth_getBalance
[2021/09/11 19:04:49.678] -    > {
   >   "jsonrpc": "2.0",
   >   "id": 266,
   >   "method": "eth_getBalance",
   >   "params": [
   >     "0xe6dded7e138c4bcb61fd8189bc4c2c743cc3856c",
   >     "latest"
   >   ],
   >   "internal": true
   > }
[2021/09/11 19:04:49.680] -  <   {
 <     "id": 265,
 <     "jsonrpc": "2.0",
 <     "result": "0x0"
 <   }
[2021/09/11 19:04:49.680] - eth_getTransactionCount
[2021/09/11 19:04:49.681] -    > {
   >   "jsonrpc": "2.0",
   >   "id": 267,
   >   "method": "eth_getTransactionCount",
   >   "params": [
   >     "0xe6dded7e138c4bcb61fd8189bc4c2c743cc3856c",
   >     "latest"
   >   ],
   >   "internal": true
   > }
[2021/09/11 19:04:49.684] -  <   {
 <     "id": 266,
 <     "jsonrpc": "2.0",
 <     "result": "0xa968163f0a57b400000"
 <   }
[2021/09/11 19:04:49.684] - eth_getBalance
[2021/09/11 19:04:49.684] -    > {
   >   "jsonrpc": "2.0",
   >   "id": 268,
   >   "method": "eth_getBalance",
   >   "params": [
   >     "0xe05d4254e56304cf09be156fe6728cb6191b46bc",
   >     "latest"
   >   ],
   >   "internal": true
   > }
[2021/09/11 19:04:49.685] - eth_getTransactionCount
[2021/09/11 19:04:49.685] -    > {
   >   "jsonrpc": "2.0",
   >   "id": 269,
   >   "method": "eth_getTransactionCount",
   >   "params": [
   >     "0xe05d4254e56304cf09be156fe6728cb6191b46bc",
   >     "latest"
   >   ],
   >   "internal": true
   > }
[2021/09/11 19:04:49.687] -  <   {
 <     "id": 267,
 <     "jsonrpc": "2.0",
 <     "result": "0x0"
 <   }
[2021/09/11 19:04:49.688] - eth_getBalance
[2021/09/11 19:04:49.688] -    > {
   >   "jsonrpc": "2.0",
   >   "id": 270,
   >   "method": "eth_getBalance",
   >   "params": [
   >     "0xd665424957c7a63636e77a907377d8a61f9388fa",
   >     "latest"
   >   ],
   >   "internal": true
   > }
[2021/09/11 19:04:49.690] -  <   {
 <     "id": 268,
 <     "jsonrpc": "2.0",
 <     "result": "0xa968163f0a57b400000"
 <   }
[2021/09/11 19:04:49.693] -  <   {
 <     "id": 269,
 <     "jsonrpc": "2.0",
 <     "result": "0x0"
 <   }
[2021/09/11 19:04:49.693] - eth_getTransactionCount
[2021/09/11 19:04:49.694] -    > {
   >   "jsonrpc": "2.0",
   >   "id": 271,
   >   "method": "eth_getTransactionCount",
   >   "params": [
   >     "0xd665424957c7a63636e77a907377d8a61f9388fa",
   >     "latest"
   >   ],
   >   "internal": true
   > }
[2021/09/11 19:04:49.696] -  <   {
 <     "id": 270,
 <     "jsonrpc": "2.0",
 <     "result": "0xa968163f0a57b400000"
 <   }
[2021/09/11 19:04:49.698] -  <   {
 <     "id": 271,
 <     "jsonrpc": "2.0",
 <     "result": "0x0"
 <   }
[2021/09/11 19:04:49.702] - eth_getBalance
[2021/09/11 19:04:49.703] -    > {
   >   "jsonrpc": "2.0",
   >   "id": 272,
   >   "method": "eth_getBalance",
   >   "params": [
   >     "0x454ce278cc7f6bbef690800801868d74c6e17918",
   >     "latest"
   >   ],
   >   "internal": true
   > }
[2021/09/11 19:04:49.706] -  <   {
 <     "id": 272,
 <     "jsonrpc": "2.0",
 <     "result": "0xa968163f0a57b400000"
 <   }
[2021/09/11 19:04:49.707] - eth_getTransactionCount
[2021/09/11 19:04:49.707] -    > {
   >   "jsonrpc": "2.0",
   >   "id": 273,
   >   "method": "eth_getTransactionCount",
   >   "params": [
   >     "0x454ce278cc7f6bbef690800801868d74c6e17918",
   >     "latest"
   >   ],
   >   "internal": true
   > }
[2021/09/11 19:04:49.710] -  <   {
 <     "id": 273,
 <     "jsonrpc": "2.0",
 <     "result": "0x0"
 <   }
[2021/09/11 19:04:49.710] - eth_getBalance
[2021/09/11 19:04:49.710] -    > {
   >   "jsonrpc": "2.0",
   >   "id": 274,
   >   "method": "eth_getBalance",
   >   "params": [
   >     "0x33e4f3315846ccbc2c2527635feabcfc4c07a180",
   >     "latest"
   >   ],
   >   "internal": true
   > }
[2021/09/11 19:04:49.712] - eth_getTransactionCount
[2021/09/11 19:04:49.712] -    > {
   >   "jsonrpc": "2.0",
   >   "id": 275,
   >   "method": "eth_getTransactionCount",
   >   "params": [
   >     "0x33e4f3315846ccbc2c2527635feabcfc4c07a180",
   >     "latest"
   >   ],
   >   "internal": true
   > }
[2021/09/11 19:04:49.713] -  <   {
 <     "id": 274,
 <     "jsonrpc": "2.0",
 <     "result": "0xa968163f0a57b400000"
 <   }
[2021/09/11 19:04:49.714] - eth_getBalance
[2021/09/11 19:04:49.714] -    > {
   >   "jsonrpc": "2.0",
   >   "id": 276,
   >   "method": "eth_getBalance",
   >   "params": [
   >     "0x55b7d0fd523ed95a18d7a989179ba5cfb2e3f96c",
   >     "latest"
   >   ],
   >   "internal": true
   > }
[2021/09/11 19:04:49.715] -  <   {
 <     "id": 275,
 <     "jsonrpc": "2.0",
 <     "result": "0x0"
 <   }
[2021/09/11 19:04:49.716] - eth_getTransactionCount
[2021/09/11 19:04:49.716] -    > {
   >   "jsonrpc": "2.0",
   >   "id": 277,
   >   "method": "eth_getTransactionCount",
   >   "params": [
   >     "0x55b7d0fd523ed95a18d7a989179ba5cfb2e3f96c",
   >     "latest"
   >   ],
   >   "internal": true
   > }
[2021/09/11 19:04:49.718] -  <   {
 <     "id": 276,
 <     "jsonrpc": "2.0",
 <     "result": "0xa968163f0a57b400000"
 <   }
[2021/09/11 19:04:49.719] - eth_getBalance
[2021/09/11 19:04:49.719] -    > {
   >   "jsonrpc": "2.0",
   >   "id": 278,
   >   "method": "eth_getBalance",
   >   "params": [
   >     "0x848cc53af9b6d4f8896d59fa0dbc853f1c1a06f1",
   >     "latest"
   >   ],
   >   "internal": true
   > }
[2021/09/11 19:04:49.721] -  <   {
 <     "id": 277,
 <     "jsonrpc": "2.0",
 <     "result": "0x0"
 <   }
[2021/09/11 19:04:49.721] - eth_getTransactionCount
[2021/09/11 19:04:49.722] -    > {
   >   "jsonrpc": "2.0",
   >   "id": 279,
   >   "method": "eth_getTransactionCount",
   >   "params": [
   >     "0x848cc53af9b6d4f8896d59fa0dbc853f1c1a06f1",
   >     "latest"
   >   ],
   >   "internal": true
   > }
[2021/09/11 19:04:49.722] - eth_getBalance
[2021/09/11 19:04:49.722] -    > {
   >   "jsonrpc": "2.0",
   >   "id": 280,
   >   "method": "eth_getBalance",
   >   "params": [
   >     "0xe603c5cf01a92e770f43ff070509d937ff4bb768",
   >     "latest"
   >   ],
   >   "internal": true
   > }
[2021/09/11 19:04:49.724] -  <   {
 <     "id": 278,
 <     "jsonrpc": "2.0",
 <     "result": "0xa968163f0a57b400000"
 <   }
[2021/09/11 19:04:49.725] - eth_getTransactionCount
[2021/09/11 19:04:49.725] -    > {
   >   "jsonrpc": "2.0",
   >   "id": 281,
   >   "method": "eth_getTransactionCount",
   >   "params": [
   >     "0xe603c5cf01a92e770f43ff070509d937ff4bb768",
   >     "latest"
   >   ],
   >   "internal": true
   > }
[2021/09/11 19:04:49.726] -  <   {
 <     "id": 279,
 <     "jsonrpc": "2.0",
 <     "result": "0x0"
 <   }
[2021/09/11 19:04:49.730] -  <   {
 <     "id": 280,
 <     "jsonrpc": "2.0",
 <     "result": "0xa968163f0a57b400000"
 <   }
[2021/09/11 19:04:49.730] - eth_getBlockByNumber
[2021/09/11 19:04:49.730] -    > {
   >   "jsonrpc": "2.0",
   >   "id": 239,
   >   "method": "eth_getBlockByNumber",
   >   "params": [
   >     "latest",
   >     false
   >   ],
   >   "internal": true
   > }
[2021/09/11 19:04:49.731] - eth_subscribe
[2021/09/11 19:04:49.731] -    > {
   >   "jsonrpc": "2.0",
   >   "id": 240,
   >   "method": "eth_subscribe",
   >   "params": [
   >     "newHeads"
   >   ],
   >   "internal": true
   > }
[2021/09/11 19:04:49.732] -  <   {
 <     "id": 281,
 <     "jsonrpc": "2.0",
 <     "result": "0x0"
 <   }
[2021/09/11 19:04:49.735] -  <   {
 <     "id": 239,
 <     "jsonrpc": "2.0",
 <     "result": {
 <       "number": "0x0",
 <       "hash": "0xf6ebdb3670709ca4457cdd5e901e7287b033cd856008bb9b2cce6936d06c5b25",
 <       "parentHash": "0x0000000000000000000000000000000000000000000000000000000000000000",
 <       "mixHash": "0x0000000000000000000000000000000000000000000000000000000000000000",
 <       "nonce": "0x0000000000000000",
 <       "sha3Uncles": "0x1dcc4de8dec75d7aab85b567b6ccd41ad312451b948a7413f0a142fd40d49347",
 <       "logsBloom": "0x00000000000000000000000000000000000000000000000000000000000000000000000000000000000000000000000000000000000000000000000000000000000000000000000000000000000000000000000000000000000000000000000000000000000000000000000000000000000000000000000000000000000000000000000000000000000000000000000000000000000000000000000000000000000000000000000000000000000000000000000000000000000000000000000000000000000000000000000000000000000000000000000000000000000000000000000000000000000000000000000000000000000000000000000000000000",
 <       "transactionsRoot": "0x56e81f171bcc55a6ff8345e692c0f86e5b48e01b996cadc001622fb5e363b421",
 <       "stateRoot": "0x83e023e87b649c59e011ddf2bb0c09b1e25d542f43a2df9508d5254d1b3b5dcb",
 <       "receiptsRoot": "0x56e81f171bcc55a6ff8345e692c0f86e5b48e01b996cadc001622fb5e363b421",
 <       "miner": "0x0000000000000000000000000000000000000000",
 <       "difficulty": "0x0",
 <       "totalDifficulty": "0x0",
 <       "extraData": "0x",
 <       "size": "0x3e8",
 <       "gasLimit": "0x98967f",
 <       "gasUsed": "0x0",
 <       "timestamp": "0x613d2800",
 <       "transactions": [],
 <       "uncles": []
 <     }
 <   }
[2021/09/11 19:04:49.737] -  <   {
 <     "id": 240,
 <     "jsonrpc": "2.0",
 <     "result": "0x6"
 <   }
[2021/09/11 19:04:49.848] - eth_getBalance
[2021/09/11 19:04:49.848] -    > {
   >   "jsonrpc": "2.0",
   >   "id": 283,
   >   "method": "eth_getBalance",
   >   "params": [
   >     "0x2cadbeec525f9920b11affde1013e43e81a09129",
   >     "latest"
   >   ],
   >   "internal": true
   > }
[2021/09/11 19:04:49.850] - eth_getTransactionCount
[2021/09/11 19:04:49.850] -    > {
   >   "jsonrpc": "2.0",
   >   "id": 284,
   >   "method": "eth_getTransactionCount",
   >   "params": [
   >     "0x2cadbeec525f9920b11affde1013e43e81a09129",
   >     "latest"
   >   ],
   >   "internal": true
   > }
[2021/09/11 19:04:49.852] -  <   {
 <     "id": 283,
 <     "jsonrpc": "2.0",
 <     "result": "0xa968163f0a57b400000"
 <   }
[2021/09/11 19:04:49.854] - eth_getBalance
[2021/09/11 19:04:49.854] -    > {
   >   "jsonrpc": "2.0",
   >   "id": 285,
   >   "method": "eth_getBalance",
   >   "params": [
   >     "0x4b1c705debd6526df8b77f1cffd79c8b490ab68b",
   >     "latest"
   >   ],
   >   "internal": true
   > }
[2021/09/11 19:04:49.854] - eth_getTransactionCount
[2021/09/11 19:04:49.855] -    > {
   >   "jsonrpc": "2.0",
   >   "id": 286,
   >   "method": "eth_getTransactionCount",
   >   "params": [
   >     "0x4b1c705debd6526df8b77f1cffd79c8b490ab68b",
   >     "latest"
   >   ],
   >   "internal": true
   > }
[2021/09/11 19:04:49.856] - eth_getBalance
[2021/09/11 19:04:49.856] -    > {
   >   "jsonrpc": "2.0",
   >   "id": 287,
   >   "method": "eth_getBalance",
   >   "params": [
   >     "0xe6dded7e138c4bcb61fd8189bc4c2c743cc3856c",
   >     "latest"
   >   ],
   >   "internal": true
   > }
[2021/09/11 19:04:49.857] -  <   {
 <     "id": 284,
 <     "jsonrpc": "2.0",
 <     "result": "0x0"
 <   }
[2021/09/11 19:04:49.858] - eth_getTransactionCount
[2021/09/11 19:04:49.858] -    > {
   >   "jsonrpc": "2.0",
   >   "id": 288,
   >   "method": "eth_getTransactionCount",
   >   "params": [
   >     "0xe6dded7e138c4bcb61fd8189bc4c2c743cc3856c",
   >     "latest"
   >   ],
   >   "internal": true
   > }
[2021/09/11 19:04:49.860] -  <   {
 <     "id": 285,
 <     "jsonrpc": "2.0",
 <     "result": "0xa968163f0a57b400000"
 <   }
[2021/09/11 19:04:49.861] - eth_getBalance
[2021/09/11 19:04:49.861] -    > {
   >   "jsonrpc": "2.0",
   >   "id": 289,
   >   "method": "eth_getBalance",
   >   "params": [
   >     "0xe05d4254e56304cf09be156fe6728cb6191b46bc",
   >     "latest"
   >   ],
   >   "internal": true
   > }
[2021/09/11 19:04:49.861] - eth_getTransactionCount
[2021/09/11 19:04:49.861] -    > {
   >   "jsonrpc": "2.0",
   >   "id": 290,
   >   "method": "eth_getTransactionCount",
   >   "params": [
   >     "0xe05d4254e56304cf09be156fe6728cb6191b46bc",
   >     "latest"
   >   ],
   >   "internal": true
   > }
[2021/09/11 19:04:49.864] -  <   {
 <     "id": 286,
 <     "jsonrpc": "2.0",
 <     "result": "0x0"
 <   }
[2021/09/11 19:04:49.864] - eth_getBalance
[2021/09/11 19:04:49.864] -    > {
   >   "jsonrpc": "2.0",
   >   "id": 291,
   >   "method": "eth_getBalance",
   >   "params": [
   >     "0xd665424957c7a63636e77a907377d8a61f9388fa",
   >     "latest"
   >   ],
   >   "internal": true
   > }
[2021/09/11 19:04:49.866] - eth_getTransactionCount
[2021/09/11 19:04:49.866] -    > {
   >   "jsonrpc": "2.0",
   >   "id": 292,
   >   "method": "eth_getTransactionCount",
   >   "params": [
   >     "0xd665424957c7a63636e77a907377d8a61f9388fa",
   >     "latest"
   >   ],
   >   "internal": true
   > }
[2021/09/11 19:04:49.867] -  <   {
 <     "id": 287,
 <     "jsonrpc": "2.0",
 <     "result": "0xa968163f0a57b400000"
 <   }
[2021/09/11 19:04:49.868] - eth_getBalance
[2021/09/11 19:04:49.869] -    > {
   >   "jsonrpc": "2.0",
   >   "id": 293,
   >   "method": "eth_getBalance",
   >   "params": [
   >     "0x454ce278cc7f6bbef690800801868d74c6e17918",
   >     "latest"
   >   ],
   >   "internal": true
   > }
[2021/09/11 19:04:49.871] -  <   {
 <     "id": 288,
 <     "jsonrpc": "2.0",
 <     "result": "0x0"
 <   }
[2021/09/11 19:04:49.871] - eth_getTransactionCount
[2021/09/11 19:04:49.871] -    > {
   >   "jsonrpc": "2.0",
   >   "id": 294,
   >   "method": "eth_getTransactionCount",
   >   "params": [
   >     "0x454ce278cc7f6bbef690800801868d74c6e17918",
   >     "latest"
   >   ],
   >   "internal": true
   > }
[2021/09/11 19:04:49.872] - eth_getBalance
[2021/09/11 19:04:49.872] -    > {
   >   "jsonrpc": "2.0",
   >   "id": 295,
   >   "method": "eth_getBalance",
   >   "params": [
   >     "0x33e4f3315846ccbc2c2527635feabcfc4c07a180",
   >     "latest"
   >   ],
   >   "internal": true
   > }
[2021/09/11 19:04:49.874] -  <   {
 <     "id": 289,
 <     "jsonrpc": "2.0",
 <     "result": "0xa968163f0a57b400000"
 <   }
[2021/09/11 19:04:49.875] - eth_getTransactionCount
[2021/09/11 19:04:49.875] -    > {
   >   "jsonrpc": "2.0",
   >   "id": 296,
   >   "method": "eth_getTransactionCount",
   >   "params": [
   >     "0x33e4f3315846ccbc2c2527635feabcfc4c07a180",
   >     "latest"
   >   ],
   >   "internal": true
   > }
[2021/09/11 19:04:49.876] -  <   {
 <     "id": 290,
 <     "jsonrpc": "2.0",
 <     "result": "0x0"
 <   }
[2021/09/11 19:04:49.877] - eth_getBalance
[2021/09/11 19:04:49.877] -    > {
   >   "jsonrpc": "2.0",
   >   "id": 297,
   >   "method": "eth_getBalance",
   >   "params": [
   >     "0x55b7d0fd523ed95a18d7a989179ba5cfb2e3f96c",
   >     "latest"
   >   ],
   >   "internal": true
   > }
[2021/09/11 19:04:49.878] -  <   {
 <     "id": 291,
 <     "jsonrpc": "2.0",
 <     "result": "0xa968163f0a57b400000"
 <   }
[2021/09/11 19:04:49.878] - eth_getTransactionCount
[2021/09/11 19:04:49.879] -    > {
   >   "jsonrpc": "2.0",
   >   "id": 298,
   >   "method": "eth_getTransactionCount",
   >   "params": [
   >     "0x55b7d0fd523ed95a18d7a989179ba5cfb2e3f96c",
   >     "latest"
   >   ],
   >   "internal": true
   > }
[2021/09/11 19:04:49.881] -  <   {
 <     "id": 292,
 <     "jsonrpc": "2.0",
 <     "result": "0x0"
 <   }
[2021/09/11 19:04:49.881] - eth_getBalance
[2021/09/11 19:04:49.881] -    > {
   >   "jsonrpc": "2.0",
   >   "id": 299,
   >   "method": "eth_getBalance",
   >   "params": [
   >     "0x848cc53af9b6d4f8896d59fa0dbc853f1c1a06f1",
   >     "latest"
   >   ],
   >   "internal": true
   > }
[2021/09/11 19:04:49.884] -  <   {
 <     "id": 293,
 <     "jsonrpc": "2.0",
 <     "result": "0xa968163f0a57b400000"
 <   }
[2021/09/11 19:04:49.884] - eth_getTransactionCount
[2021/09/11 19:04:49.884] -    > {
   >   "jsonrpc": "2.0",
   >   "id": 300,
   >   "method": "eth_getTransactionCount",
   >   "params": [
   >     "0x848cc53af9b6d4f8896d59fa0dbc853f1c1a06f1",
   >     "latest"
   >   ],
   >   "internal": true
   > }
[2021/09/11 19:04:49.885] - eth_getBalance
[2021/09/11 19:04:49.885] -    > {
   >   "jsonrpc": "2.0",
   >   "id": 301,
   >   "method": "eth_getBalance",
   >   "params": [
   >     "0xe603c5cf01a92e770f43ff070509d937ff4bb768",
   >     "latest"
   >   ],
   >   "internal": true
   > }
[2021/09/11 19:04:49.886] -  <   {
 <     "id": 294,
 <     "jsonrpc": "2.0",
 <     "result": "0x0"
 <   }
[2021/09/11 19:04:49.887] - eth_getTransactionCount
[2021/09/11 19:04:49.887] -    > {
   >   "jsonrpc": "2.0",
   >   "id": 302,
   >   "method": "eth_getTransactionCount",
   >   "params": [
   >     "0xe603c5cf01a92e770f43ff070509d937ff4bb768",
   >     "latest"
   >   ],
   >   "internal": true
   > }
[2021/09/11 19:04:49.888] -  <   {
 <     "id": 295,
 <     "jsonrpc": "2.0",
 <     "result": "0xa968163f0a57b400000"
 <   }
[2021/09/11 19:04:49.888] - eth_getBalance
[2021/09/11 19:04:49.889] -    > {
   >   "jsonrpc": "2.0",
   >   "id": 303,
   >   "method": "eth_getBalance",
   >   "params": [
   >     "0x2cadbeec525f9920b11affde1013e43e81a09129",
   >     "latest"
   >   ],
   >   "internal": true
   > }
[2021/09/11 19:04:49.892] -  <   {
 <     "id": 296,
 <     "jsonrpc": "2.0",
 <     "result": "0x0"
 <   }
[2021/09/11 19:04:49.892] - eth_getTransactionCount
[2021/09/11 19:04:49.892] -    > {
   >   "jsonrpc": "2.0",
   >   "id": 304,
   >   "method": "eth_getTransactionCount",
   >   "params": [
   >     "0x2cadbeec525f9920b11affde1013e43e81a09129",
   >     "latest"
   >   ],
   >   "internal": true
   > }
[2021/09/11 19:04:49.893] - eth_getBalance
[2021/09/11 19:04:49.893] -    > {
   >   "jsonrpc": "2.0",
   >   "id": 305,
   >   "method": "eth_getBalance",
   >   "params": [
   >     "0x4b1c705debd6526df8b77f1cffd79c8b490ab68b",
   >     "latest"
   >   ],
   >   "internal": true
   > }
[2021/09/11 19:04:49.894] -  <   {
 <     "id": 297,
 <     "jsonrpc": "2.0",
 <     "result": "0xa968163f0a57b400000"
 <   }
[2021/09/11 19:04:49.895] - eth_getTransactionCount
[2021/09/11 19:04:49.895] -    > {
   >   "jsonrpc": "2.0",
   >   "id": 306,
   >   "method": "eth_getTransactionCount",
   >   "params": [
   >     "0x4b1c705debd6526df8b77f1cffd79c8b490ab68b",
   >     "latest"
   >   ],
   >   "internal": true
   > }
[2021/09/11 19:04:49.896] -  <   {
 <     "id": 298,
 <     "jsonrpc": "2.0",
 <     "result": "0x0"
 <   }
[2021/09/11 19:04:49.897] - eth_getBalance
[2021/09/11 19:04:49.897] -    > {
   >   "jsonrpc": "2.0",
   >   "id": 307,
   >   "method": "eth_getBalance",
   >   "params": [
   >     "0xe6dded7e138c4bcb61fd8189bc4c2c743cc3856c",
   >     "latest"
   >   ],
   >   "internal": true
   > }
[2021/09/11 19:04:49.899] -  <   {
 <     "id": 299,
 <     "jsonrpc": "2.0",
 <     "result": "0xa968163f0a57b400000"
 <   }
[2021/09/11 19:04:49.901] -  <   {
 <     "id": 300,
 <     "jsonrpc": "2.0",
 <     "result": "0x0"
 <   }
[2021/09/11 19:04:49.902] - eth_getTransactionCount
[2021/09/11 19:04:49.902] -    > {
   >   "jsonrpc": "2.0",
   >   "id": 308,
   >   "method": "eth_getTransactionCount",
   >   "params": [
   >     "0xe6dded7e138c4bcb61fd8189bc4c2c743cc3856c",
   >     "latest"
   >   ],
   >   "internal": true
   > }
[2021/09/11 19:04:49.903] - eth_getBalance
[2021/09/11 19:04:49.903] -    > {
   >   "jsonrpc": "2.0",
   >   "id": 309,
   >   "method": "eth_getBalance",
   >   "params": [
   >     "0xe05d4254e56304cf09be156fe6728cb6191b46bc",
   >     "latest"
   >   ],
   >   "internal": true
   > }
[2021/09/11 19:04:49.904] -  <   {
 <     "id": 301,
 <     "jsonrpc": "2.0",
 <     "result": "0xa968163f0a57b400000"
 <   }
[2021/09/11 19:04:49.907] -  <   {
 <     "id": 302,
 <     "jsonrpc": "2.0",
 <     "result": "0x0"
 <   }
[2021/09/11 19:04:49.908] - eth_getTransactionCount
[2021/09/11 19:04:49.908] -    > {
   >   "jsonrpc": "2.0",
   >   "id": 310,
   >   "method": "eth_getTransactionCount",
   >   "params": [
   >     "0xe05d4254e56304cf09be156fe6728cb6191b46bc",
   >     "latest"
   >   ],
   >   "internal": true
   > }
[2021/09/11 19:04:49.908] - eth_getBalance
[2021/09/11 19:04:49.909] -    > {
   >   "jsonrpc": "2.0",
   >   "id": 311,
   >   "method": "eth_getBalance",
   >   "params": [
   >     "0xd665424957c7a63636e77a907377d8a61f9388fa",
   >     "latest"
   >   ],
   >   "internal": true
   > }
[2021/09/11 19:04:49.911] -  <   {
 <     "id": 303,
 <     "jsonrpc": "2.0",
 <     "result": "0xa968163f0a57b400000"
 <   }
[2021/09/11 19:04:49.912] - eth_getTransactionCount
[2021/09/11 19:04:49.912] -    > {
   >   "jsonrpc": "2.0",
   >   "id": 312,
   >   "method": "eth_getTransactionCount",
   >   "params": [
   >     "0xd665424957c7a63636e77a907377d8a61f9388fa",
   >     "latest"
   >   ],
   >   "internal": true
   > }
[2021/09/11 19:04:49.913] - eth_getBalance
[2021/09/11 19:04:49.914] -    > {
   >   "jsonrpc": "2.0",
   >   "id": 313,
   >   "method": "eth_getBalance",
   >   "params": [
   >     "0x454ce278cc7f6bbef690800801868d74c6e17918",
   >     "latest"
   >   ],
   >   "internal": true
   > }
[2021/09/11 19:04:49.915] -  <   {
 <     "id": 304,
 <     "jsonrpc": "2.0",
 <     "result": "0x0"
 <   }
[2021/09/11 19:04:49.916] - eth_getTransactionCount
[2021/09/11 19:04:49.916] -    > {
   >   "jsonrpc": "2.0",
   >   "id": 314,
   >   "method": "eth_getTransactionCount",
   >   "params": [
   >     "0x454ce278cc7f6bbef690800801868d74c6e17918",
   >     "latest"
   >   ],
   >   "internal": true
   > }
[2021/09/11 19:04:49.917] -  <   {
 <     "id": 305,
 <     "jsonrpc": "2.0",
 <     "result": "0xa968163f0a57b400000"
 <   }
[2021/09/11 19:04:49.920] -  <   {
 <     "id": 306,
 <     "jsonrpc": "2.0",
 <     "result": "0x0"
 <   }
[2021/09/11 19:04:49.921] - eth_getBalance
[2021/09/11 19:04:49.921] -    > {
   >   "jsonrpc": "2.0",
   >   "id": 315,
   >   "method": "eth_getBalance",
   >   "params": [
   >     "0x33e4f3315846ccbc2c2527635feabcfc4c07a180",
   >     "latest"
   >   ],
   >   "internal": true
   > }
[2021/09/11 19:04:49.924] -  <   {
 <     "id": 307,
 <     "jsonrpc": "2.0",
 <     "result": "0xa968163f0a57b400000"
 <   }
[2021/09/11 19:04:49.924] - eth_getTransactionCount
[2021/09/11 19:04:49.925] -    > {
   >   "jsonrpc": "2.0",
   >   "id": 316,
   >   "method": "eth_getTransactionCount",
   >   "params": [
   >     "0x33e4f3315846ccbc2c2527635feabcfc4c07a180",
   >     "latest"
   >   ],
   >   "internal": true
   > }
[2021/09/11 19:04:49.927] -  <   {
 <     "id": 308,
 <     "jsonrpc": "2.0",
 <     "result": "0x0"
 <   }
[2021/09/11 19:04:49.929] - eth_getBalance
[2021/09/11 19:04:49.929] -    > {
   >   "jsonrpc": "2.0",
   >   "id": 317,
   >   "method": "eth_getBalance",
   >   "params": [
   >     "0x55b7d0fd523ed95a18d7a989179ba5cfb2e3f96c",
   >     "latest"
   >   ],
   >   "internal": true
   > }
[2021/09/11 19:04:49.930] - eth_getTransactionCount
[2021/09/11 19:04:49.930] -    > {
   >   "jsonrpc": "2.0",
   >   "id": 318,
   >   "method": "eth_getTransactionCount",
   >   "params": [
   >     "0x55b7d0fd523ed95a18d7a989179ba5cfb2e3f96c",
   >     "latest"
   >   ],
   >   "internal": true
   > }
[2021/09/11 19:04:49.931] -  <   {
 <     "id": 309,
 <     "jsonrpc": "2.0",
 <     "result": "0xa968163f0a57b400000"
 <   }
[2021/09/11 19:04:49.933] - eth_getBalance
[2021/09/11 19:04:49.933] -    > {
   >   "jsonrpc": "2.0",
   >   "id": 319,
   >   "method": "eth_getBalance",
   >   "params": [
   >     "0x848cc53af9b6d4f8896d59fa0dbc853f1c1a06f1",
   >     "latest"
   >   ],
   >   "internal": true
   > }
[2021/09/11 19:04:49.935] -  <   {
 <     "id": 310,
 <     "jsonrpc": "2.0",
 <     "result": "0x0"
 <   }
[2021/09/11 19:04:49.936] - eth_getTransactionCount
[2021/09/11 19:04:49.936] -    > {
   >   "jsonrpc": "2.0",
   >   "id": 320,
   >   "method": "eth_getTransactionCount",
   >   "params": [
   >     "0x848cc53af9b6d4f8896d59fa0dbc853f1c1a06f1",
   >     "latest"
   >   ],
   >   "internal": true
   > }
[2021/09/11 19:04:49.937] -  <   {
 <     "id": 311,
 <     "jsonrpc": "2.0",
 <     "result": "0xa968163f0a57b400000"
 <   }
[2021/09/11 19:04:49.939] - eth_getBalance
[2021/09/11 19:04:49.939] -    > {
   >   "jsonrpc": "2.0",
   >   "id": 321,
   >   "method": "eth_getBalance",
   >   "params": [
   >     "0xe603c5cf01a92e770f43ff070509d937ff4bb768",
   >     "latest"
   >   ],
   >   "internal": true
   > }
[2021/09/11 19:04:49.940] -  <   {
 <     "id": 312,
 <     "jsonrpc": "2.0",
 <     "result": "0x0"
 <   }
[2021/09/11 19:04:49.941] - eth_getTransactionCount
[2021/09/11 19:04:49.942] -    > {
   >   "jsonrpc": "2.0",
   >   "id": 322,
   >   "method": "eth_getTransactionCount",
   >   "params": [
   >     "0xe603c5cf01a92e770f43ff070509d937ff4bb768",
   >     "latest"
   >   ],
   >   "internal": true
   > }
[2021/09/11 19:04:49.944] -  <   {
 <     "id": 313,
 <     "jsonrpc": "2.0",
 <     "result": "0xa968163f0a57b400000"
 <   }
[2021/09/11 19:04:49.968] -  <   {
 <     "id": 314,
 <     "jsonrpc": "2.0",
 <     "result": "0x0"
 <   }
[2021/09/11 19:04:49.970] -  <   {
 <     "id": 315,
 <     "jsonrpc": "2.0",
 <     "result": "0xa968163f0a57b400000"
 <   }
[2021/09/11 19:04:49.973] -  <   {
 <     "id": 316,
 <     "jsonrpc": "2.0",
 <     "result": "0x0"
 <   }
[2021/09/11 19:04:49.975] -  <   {
 <     "id": 317,
 <     "jsonrpc": "2.0",
 <     "result": "0xa968163f0a57b400000"
 <   }
[2021/09/11 19:04:49.977] -  <   {
 <     "id": 318,
 <     "jsonrpc": "2.0",
 <     "result": "0x0"
 <   }
[2021/09/11 19:04:49.980] -  <   {
 <     "id": 319,
 <     "jsonrpc": "2.0",
 <     "result": "0xa968163f0a57b400000"
 <   }
[2021/09/11 19:04:49.982] -  <   {
 <     "id": 320,
 <     "jsonrpc": "2.0",
 <     "result": "0x0"
 <   }
[2021/09/11 19:04:49.984] -  <   {
 <     "id": 321,
 <     "jsonrpc": "2.0",
 <     "result": "0xa968163f0a57b400000"
 <   }
[2021/09/11 19:04:49.987] -  <   {
 <     "id": 322,
 <     "jsonrpc": "2.0",
 <     "result": "0x0"
 <   }
[2021/09/11 19:04:53.417] - eth_unsubscribe
[2021/09/11 19:04:53.418] -    > {
   >   "jsonrpc": "2.0",
   >   "id": 26,
   >   "method": "eth_unsubscribe",
   >   "params": [
   >     "0x3"
   >   ]
   > }
[2021/09/11 19:04:53.419] - eth_unsubscribe
[2021/09/11 19:04:53.419] -    > {
   >   "jsonrpc": "2.0",
   >   "id": 27,
   >   "method": "eth_unsubscribe",
   >   "params": [
   >     "0x4"
   >   ]
   > }
[2021/09/11 19:04:53.420] - Warning: stopMining called when miner was already stopped
[2021/09/11 19:04:53.421] -    > {
   >   "jsonrpc": "2.0",
   >   "method": "eth_unsubscribe",
   >   "params": [
   >     "0x6"
   >   ],
   >   "id": 1631397893421
   > }
[2021/09/11 19:04:53.421] -    > {
   >   "jsonrpc": "2.0",
   >   "method": "eth_unsubscribe",
   >   "params": [
   >     "0x3"
   >   ],
   >   "id": 1631397893421
   > }
[2021/09/11 19:04:53.422] -    > {
   >   "jsonrpc": "2.0",
   >   "method": "eth_unsubscribe",
   >   "params": [
   >     "0x4"
   >   ],
   >   "id": 1631397893422
   > }
[2021/09/11 19:04:53.422] -    > {
   >   "jsonrpc": "2.0",
   >   "method": "eth_unsubscribe",
   >   "params": [
   >     "0x5"
   >   ],
   >   "id": 1631397893422
   > }
[2021/09/11 19:04:53.423] -    > {
   >   "jsonrpc": "2.0",
   >   "method": "eth_unsubscribe",
   >   "params": [
   >     "0x1"
   >   ],
   >   "id": 1631397893423
   > }
[2021/09/11 19:04:53.423] -    > {
   >   "jsonrpc": "2.0",
   >   "method": "eth_unsubscribe",
   >   "params": [
   >     "0x2"
   >   ],
   >   "id": 1631397893423
   > }
[2021/09/11 19:04:53.424] -  <   {
 <     "id": 26,
 <     "jsonrpc": "2.0",
 <     "result": true
 <   }
[2021/09/11 19:04:53.425] -  <   {
 <     "id": 27,
 <     "jsonrpc": "2.0",
 <     "result": true
 <   }
[2021/09/11 19:04:53.426] -  <   {
 <     "id": 1631397893421,
 <     "jsonrpc": "2.0",
 <     "result": true
 <   }
[2021/09/11 19:04:53.428] -  <   {
 <     "id": 1631397893421,
 <     "jsonrpc": "2.0",
 <     "error": {
 <       "message": "Subscription ID 0x3 not found.",
 <       "code": -32000,
 <       "data": {
 <         "stack": "Error: Subscription ID 0x3 not found.\n    at SubscriptionSubprovider.eth_unsubscribe (/tmp/.mount_ganach4Xt37f/resources/static/node/node_modules/ganache-core/node_modules/web3-provider-engine/subproviders/subscriptions.js:78:8)\n    at SubscriptionSubprovider.handleRequest (/tmp/.mount_ganach4Xt37f/resources/static/node/node_modules/ganache-core/node_modules/web3-provider-engine/subproviders/subscriptions.js:134:12)\n    at next (/tmp/.mount_ganach4Xt37f/resources/static/node/node_modules/ganache-core/node_modules/web3-provider-engine/index.js:136:18)\n    at DelayedBlockFilter.handleRequest (/tmp/.mount_ganach4Xt37f/resources/static/node/node_modules/ganache-core/lib/subproviders/delayedblockfilter.js:31:3)\n    at next (/tmp/.mount_ganach4Xt37f/resources/static/node/node_modules/ganache-core/node_modules/web3-provider-engine/index.js:136:18)\n    at RequestFunnel.handleRequest (/tmp/.mount_ganach4Xt37f/resources/static/node/node_modules/ganache-core/lib/subproviders/requestfunnel.js:32:12)\n    at next (/tmp/.mount_ganach4Xt37f/resources/static/node/node_modules/ganache-core/node_modules/web3-provider-engine/index.js:136:18)\n    at Web3ProviderEngine._handleAsync (/tmp/.mount_ganach4Xt37f/resources/static/node/node_modules/ganache-core/node_modules/web3-provider-engine/index.js:123:3)\n    at Timeout._onTimeout (/tmp/.mount_ganach4Xt37f/resources/static/node/node_modules/ganache-core/node_modules/web3-provider-engine/index.js:107:12)\n    at listOnTimeout (internal/timers.js:531:17)\n    at processTimers (internal/timers.js:475:7)",
 <         "name": "Error"
 <       }
 <     }
 <   }
[2021/09/11 19:04:53.430] -  <   {
 <     "id": 1631397893422,
 <     "jsonrpc": "2.0",
 <     "error": {
 <       "message": "Subscription ID 0x4 not found.",
 <       "code": -32000,
 <       "data": {
 <         "stack": "Error: Subscription ID 0x4 not found.\n    at SubscriptionSubprovider.eth_unsubscribe (/tmp/.mount_ganach4Xt37f/resources/static/node/node_modules/ganache-core/node_modules/web3-provider-engine/subproviders/subscriptions.js:78:8)\n    at SubscriptionSubprovider.handleRequest (/tmp/.mount_ganach4Xt37f/resources/static/node/node_modules/ganache-core/node_modules/web3-provider-engine/subproviders/subscriptions.js:134:12)\n    at next (/tmp/.mount_ganach4Xt37f/resources/static/node/node_modules/ganache-core/node_modules/web3-provider-engine/index.js:136:18)\n    at DelayedBlockFilter.handleRequest (/tmp/.mount_ganach4Xt37f/resources/static/node/node_modules/ganache-core/lib/subproviders/delayedblockfilter.js:31:3)\n    at next (/tmp/.mount_ganach4Xt37f/resources/static/node/node_modules/ganache-core/node_modules/web3-provider-engine/index.js:136:18)\n    at RequestFunnel.handleRequest (/tmp/.mount_ganach4Xt37f/resources/static/node/node_modules/ganache-core/lib/subproviders/requestfunnel.js:32:12)\n    at next (/tmp/.mount_ganach4Xt37f/resources/static/node/node_modules/ganache-core/node_modules/web3-provider-engine/index.js:136:18)\n    at Web3ProviderEngine._handleAsync (/tmp/.mount_ganach4Xt37f/resources/static/node/node_modules/ganache-core/node_modules/web3-provider-engine/index.js:123:3)\n    at Timeout._onTimeout (/tmp/.mount_ganach4Xt37f/resources/static/node/node_modules/ganache-core/node_modules/web3-provider-engine/index.js:107:12)\n    at listOnTimeout (internal/timers.js:531:17)\n    at processTimers (internal/timers.js:475:7)",
 <         "name": "Error"
 <       }
 <     }
 <   }
[2021/09/11 19:04:53.432] -  <   {
 <     "id": 1631397893422,
 <     "jsonrpc": "2.0",
 <     "result": true
 <   }
[2021/09/11 19:04:53.434] -  <   {
 <     "id": 1631397893423,
 <     "jsonrpc": "2.0",
 <     "result": true
 <   }
[2021/09/11 19:04:53.435] -  <   {
 <     "id": 1631397893423,
 <     "jsonrpc": "2.0",
 <     "result": true
 <   }
