[2021/09/13 13:51:17.085] - Starting server with initial configuration: {"gasLimit":9999999,"gasPrice":20000000000,"hardfork":"muirGlacier","hostname":"127.0.0.1","port":8545,"network_id":5777,"default_balance_ether":1000,"total_accounts":10,"unlocked_accounts":[],"locked":true,"vmErrorsOnRPCResponse":true,"verbose":true,"db_path":"/home/lenovo/.config/Ganache/workspaces/Quickstart/chaindata","logDirectory":"/home/lenovo/dev/udacity/flightsurety/logs"}
[2021/09/13 13:51:17.104] -  <   {
 <     "id": 24,
 <     "jsonrpc": "2.0",
 <     "result": true
 <   }
[2021/09/13 13:51:17.107] -  <   {
 <     "id": 1631551877076,
 <     "jsonrpc": "2.0",
 <     "result": true
 <   }
[2021/09/13 13:51:17.199] -  <   {
 <     "id": 1631551877077,
 <     "jsonrpc": "2.0",
 <     "error": {
 <       "message": "Subscription ID 0x3 not found.",
 <       "code": -32000,
 <       "data": {
 <         "stack": "Error: Subscription ID 0x3 not found.\n    at SubscriptionSubprovider.eth_unsubscribe (/tmp/.mount_ganach5hv5aP/resources/static/node/node_modules/ganache-core/node_modules/web3-provider-engine/subproviders/subscriptions.js:78:8)\n    at SubscriptionSubprovider.handleRequest (/tmp/.mount_ganach5hv5aP/resources/static/node/node_modules/ganache-core/node_modules/web3-provider-engine/subproviders/subscriptions.js:134:12)\n    at next (/tmp/.mount_ganach5hv5aP/resources/static/node/node_modules/ganache-core/node_modules/web3-provider-engine/index.js:136:18)\n    at DelayedBlockFilter.handleRequest (/tmp/.mount_ganach5hv5aP/resources/static/node/node_modules/ganache-core/lib/subproviders/delayedblockfilter.js:31:3)\n    at next (/tmp/.mount_ganach5hv5aP/resources/static/node/node_modules/ganache-core/node_modules/web3-provider-engine/index.js:136:18)\n    at RequestFunnel.handleRequest (/tmp/.mount_ganach5hv5aP/resources/static/node/node_modules/ganache-core/lib/subproviders/requestfunnel.js:32:12)\n    at next (/tmp/.mount_ganach5hv5aP/resources/static/node/node_modules/ganache-core/node_modules/web3-provider-engine/index.js:136:18)\n    at Web3ProviderEngine._handleAsync (/tmp/.mount_ganach5hv5aP/resources/static/node/node_modules/ganache-core/node_modules/web3-provider-engine/index.js:123:3)\n    at Timeout._onTimeout (/tmp/.mount_ganach5hv5aP/resources/static/node/node_modules/ganache-core/node_modules/web3-provider-engine/index.js:107:12)\n    at listOnTimeout (internal/timers.js:531:17)\n    at processTimers (internal/timers.js:475:7)",
 <         "name": "Error"
 <       }
 <     }
 <   }
[2021/09/13 13:51:17.200] -  <   {
 <     "id": 1631551877077,
 <     "jsonrpc": "2.0",
 <     "error": {
 <       "message": "Subscription ID 0x4 not found.",
 <       "code": -32000,
 <       "data": {
 <         "stack": "Error: Subscription ID 0x4 not found.\n    at SubscriptionSubprovider.eth_unsubscribe (/tmp/.mount_ganach5hv5aP/resources/static/node/node_modules/ganache-core/node_modules/web3-provider-engine/subproviders/subscriptions.js:78:8)\n    at SubscriptionSubprovider.handleRequest (/tmp/.mount_ganach5hv5aP/resources/static/node/node_modules/ganache-core/node_modules/web3-provider-engine/subproviders/subscriptions.js:134:12)\n    at next (/tmp/.mount_ganach5hv5aP/resources/static/node/node_modules/ganache-core/node_modules/web3-provider-engine/index.js:136:18)\n    at DelayedBlockFilter.handleRequest (/tmp/.mount_ganach5hv5aP/resources/static/node/node_modules/ganache-core/lib/subproviders/delayedblockfilter.js:31:3)\n    at next (/tmp/.mount_ganach5hv5aP/resources/static/node/node_modules/ganache-core/node_modules/web3-provider-engine/index.js:136:18)\n    at RequestFunnel.handleRequest (/tmp/.mount_ganach5hv5aP/resources/static/node/node_modules/ganache-core/lib/subproviders/requestfunnel.js:32:12)\n    at next (/tmp/.mount_ganach5hv5aP/resources/static/node/node_modules/ganache-core/node_modules/web3-provider-engine/index.js:136:18)\n    at Web3ProviderEngine._handleAsync (/tmp/.mount_ganach5hv5aP/resources/static/node/node_modules/ganache-core/node_modules/web3-provider-engine/index.js:123:3)\n    at Timeout._onTimeout (/tmp/.mount_ganach5hv5aP/resources/static/node/node_modules/ganache-core/node_modules/web3-provider-engine/index.js:107:12)\n    at listOnTimeout (internal/timers.js:531:17)\n    at processTimers (internal/timers.js:475:7)",
 <         "name": "Error"
 <       }
 <     }
 <   }
[2021/09/13 13:51:17.202] -  <   {
 <     "id": 1631551877078,
 <     "jsonrpc": "2.0",
 <     "result": true
 <   }
[2021/09/13 13:51:17.203] -  <   {
 <     "id": 1631551877078,
 <     "jsonrpc": "2.0",
 <     "result": true
 <   }
[2021/09/13 13:51:17.206] -  <   {
 <     "id": 1631551877078,
 <     "jsonrpc": "2.0",
 <     "result": true
 <   }
[2021/09/13 13:51:17.308] - eth_subscribe
[2021/09/13 13:51:17.309] -    > {
   >   "jsonrpc": "2.0",
   >   "id": 25,
   >   "method": "eth_subscribe",
   >   "params": [
   >     "newHeads"
   >   ]
   > }
[2021/09/13 13:51:17.309] - eth_getLogs
[2021/09/13 13:51:17.309] -    > {
   >   "jsonrpc": "2.0",
   >   "id": 26,
   >   "method": "eth_getLogs",
   >   "params": [
   >     {
   >       "topics": []
   >     }
   >   ]
   > }
[2021/09/13 13:51:17.309] - eth_subscribe
[2021/09/13 13:51:17.310] -    > {
   >   "jsonrpc": "2.0",
   >   "id": 27,
   >   "method": "eth_subscribe",
   >   "params": [
   >     "logs",
   >     {
   >       "topics": []
   >     }
   >   ]
   > }
[2021/09/13 13:51:17.310] -  <   {
 <     "id": 25,
 <     "jsonrpc": "2.0",
 <     "result": "0x1"
 <   }
[2021/09/13 13:51:17.313] -  <   {
 <     "id": 26,
 <     "jsonrpc": "2.0",
 <     "result": []
 <   }
[2021/09/13 13:51:17.315] -  <   {
 <     "id": 27,
 <     "jsonrpc": "2.0",
 <     "result": "0x2"
 <   }
[2021/09/13 13:51:17.328] - eth_subscribe
[2021/09/13 13:51:17.328] -    > {
   >   "jsonrpc": "2.0",
   >   "id": 28,
   >   "method": "eth_subscribe",
   >   "params": [
   >     "newHeads"
   >   ]
   > }
[2021/09/13 13:51:17.329] - eth_getLogs
[2021/09/13 13:51:17.329] -    > {
   >   "jsonrpc": "2.0",
   >   "id": 29,
   >   "method": "eth_getLogs",
   >   "params": [
   >     {
   >       "topics": []
   >     }
   >   ]
   > }
[2021/09/13 13:51:17.329] -  <   {
 <     "id": 28,
 <     "jsonrpc": "2.0",
 <     "result": "0x3"
 <   }
[2021/09/13 13:51:17.329] - eth_subscribe
[2021/09/13 13:51:17.330] -    > {
   >   "jsonrpc": "2.0",
   >   "id": 30,
   >   "method": "eth_subscribe",
   >   "params": [
   >     "logs",
   >     {
   >       "topics": []
   >     }
   >   ]
   > }
[2021/09/13 13:51:17.331] -  <   {
 <     "id": 29,
 <     "jsonrpc": "2.0",
 <     "result": []
 <   }
[2021/09/13 13:51:17.332] -  <   {
 <     "id": 30,
 <     "jsonrpc": "2.0",
 <     "result": "0x4"
 <   }
[2021/09/13 13:51:17.349] - eth_blockNumber
[2021/09/13 13:51:17.349] -    > {
   >   "jsonrpc": "2.0",
   >   "id": 357,
   >   "method": "eth_blockNumber",
   >   "params": [],
   >   "internal": true
   > }
[2021/09/13 13:51:17.349] - eth_accounts
[2021/09/13 13:51:17.350] -    > {
   >   "jsonrpc": "2.0",
   >   "id": 358,
   >   "method": "eth_accounts",
   >   "params": [],
   >   "internal": true
   > }
[2021/09/13 13:51:17.350] - eth_gasPrice
[2021/09/13 13:51:17.350] -    > {
   >   "jsonrpc": "2.0",
   >   "id": 359,
   >   "method": "eth_gasPrice",
   >   "params": [],
   >   "internal": true
   > }
[2021/09/13 13:51:17.350] - eth_getBlockByNumber
[2021/09/13 13:51:17.350] -    > {
   >   "jsonrpc": "2.0",
   >   "id": 360,
   >   "method": "eth_getBlockByNumber",
   >   "params": [
   >     "latest",
   >     false
   >   ],
   >   "internal": true
   > }
[2021/09/13 13:51:17.350] -  <   {
 <     "id": 357,
 <     "jsonrpc": "2.0",
 <     "result": "0x6"
 <   }
[2021/09/13 13:51:17.350] - eth_subscribe
[2021/09/13 13:51:17.350] -    > {
   >   "jsonrpc": "2.0",
   >   "id": 361,
   >   "method": "eth_subscribe",
   >   "params": [
   >     "newHeads"
   >   ],
   >   "internal": true
   > }
[2021/09/13 13:51:17.352] -  <   {
 <     "id": 358,
 <     "jsonrpc": "2.0",
 <     "result": [
 <       "0x27d8d15cbc94527cadf5ec14b69519ae23288b95",
 <       "0x018c2dabef4904ecbd7118350a0c54dbeae3549a",
 <       "0xce5144391b4ab80668965f2cc4f2cc102380ef0a",
 <       "0x460c31107dd048e34971e57da2f99f659add4f02",
 <       "0xd37b7b8c62be2fdde8daa9816483aebdbd356088",
 <       "0x27f184bdc0e7a931b507ddd689d76dba10514bcb",
 <       "0xfe0df793060c49edca5ac9c104dd8e3375349978",
 <       "0xbd58a85c96cc6727859d853086fe8560bc137632",
 <       "0xe07b5ee5f738b2f87f88b99aac9c64ff1e0c7917",
 <       "0xbd3ff2e3aded055244d66544c9c059fa0851da44"
 <     ]
 <   }
[2021/09/13 13:51:17.353] -  <   {
 <     "id": 359,
 <     "jsonrpc": "2.0",
 <     "result": "0x4a817c800"
 <   }
[2021/09/13 13:51:17.356] -  <   {
 <     "id": 360,
 <     "jsonrpc": "2.0",
 <     "result": {
 <       "number": "0x6",
 <       "hash": "0xc39fc340828eedcee80adcb43060e456f4519d25dd11dd9f81b8a86392c5d294",
 <       "parentHash": "0xa88c9957bfccf797ccceb6d542256cae225e14e5fedfb2e24b4637df162246ec",
 <       "mixHash": "0x0000000000000000000000000000000000000000000000000000000000000000",
 <       "nonce": "0x0000000000000000",
 <       "sha3Uncles": "0x1dcc4de8dec75d7aab85b567b6ccd41ad312451b948a7413f0a142fd40d49347",
 <       "logsBloom": "0x00000000000000000000000000000000000000000000000000000000000000000000000000000000000000000000000000000000000000000000000000000000000000000000000000000000000000000000000000000000000000000000000000000000000000000000000000000000000000000000000000000000000000000000000000000000000000000000000000000000000000000000000000000000000000000000000000000000000000000000000000000000000000000000000000000000000000000000000000000000000000000000000000000000000000000000000000000000000000000000000000000000000000000000000000000000",
 <       "transactionsRoot": "0x788d6dc714e641ceb5e392a7744a6b073926958d9f09b4e68fdc73fd2d522d82",
 <       "stateRoot": "0x893911af793c57ab019bb50811b1b44bdb431bf0efdd870b5f7c8cb9364927b5",
 <       "receiptsRoot": "0xf63a7c7ddcbeb7db927af28b43b48b5fbfd5a633f8164e74d8575437b53d7889",
 <       "miner": "0x0000000000000000000000000000000000000000",
 <       "difficulty": "0x0",
 <       "totalDifficulty": "0x0",
 <       "extraData": "0x",
 <       "size": "0x3e8",
 <       "gasLimit": "0x98967f",
 <       "gasUsed": "0x6b7c",
 <       "timestamp": "0x613f807e",
 <       "transactions": [
 <         "0xf8d1a4a225b88405175316c2ece2a6638de619393cc2a61fd414930eda7811f9"
 <       ],
 <       "uncles": []
 <     }
 <   }
[2021/09/13 13:51:17.356] - eth_accounts
[2021/09/13 13:51:17.356] -    > {
   >   "jsonrpc": "2.0",
   >   "id": 367,
   >   "method": "eth_accounts",
   >   "params": [],
   >   "internal": true
   > }
[2021/09/13 13:51:17.358] -  <   {
 <     "id": 361,
 <     "jsonrpc": "2.0",
 <     "result": "0x5"
 <   }
[2021/09/13 13:51:17.359] -  <   {
 <     "id": 367,
 <     "jsonrpc": "2.0",
 <     "result": [
 <       "0x27d8d15cbc94527cadf5ec14b69519ae23288b95",
 <       "0x018c2dabef4904ecbd7118350a0c54dbeae3549a",
 <       "0xce5144391b4ab80668965f2cc4f2cc102380ef0a",
 <       "0x460c31107dd048e34971e57da2f99f659add4f02",
 <       "0xd37b7b8c62be2fdde8daa9816483aebdbd356088",
 <       "0x27f184bdc0e7a931b507ddd689d76dba10514bcb",
 <       "0xfe0df793060c49edca5ac9c104dd8e3375349978",
 <       "0xbd58a85c96cc6727859d853086fe8560bc137632",
 <       "0xe07b5ee5f738b2f87f88b99aac9c64ff1e0c7917",
 <       "0xbd3ff2e3aded055244d66544c9c059fa0851da44"
 <     ]
 <   }
[2021/09/13 13:51:17.367] - eth_getBalance
[2021/09/13 13:51:17.367] -    > {
   >   "jsonrpc": "2.0",
   >   "id": 368,
   >   "method": "eth_getBalance",
   >   "params": [
   >     "0x27d8d15cbc94527cadf5ec14b69519ae23288b95",
   >     "latest"
   >   ],
   >   "internal": true
   > }
[2021/09/13 13:51:17.369] - eth_getTransactionCount
[2021/09/13 13:51:17.369] -    > {
   >   "jsonrpc": "2.0",
   >   "id": 369,
   >   "method": "eth_getTransactionCount",
   >   "params": [
   >     "0x27d8d15cbc94527cadf5ec14b69519ae23288b95",
   >     "latest"
   >   ],
   >   "internal": true
   > }
[2021/09/13 13:51:17.371] -  <   {
 <     "id": 368,
 <     "jsonrpc": "2.0",
 <     "result": "0x3635660ed9ab97d000"
 <   }
[2021/09/13 13:51:17.372] - eth_getBalance
[2021/09/13 13:51:17.372] -    > {
   >   "jsonrpc": "2.0",
   >   "id": 370,
   >   "method": "eth_getBalance",
   >   "params": [
   >     "0x018c2dabef4904ecbd7118350a0c54dbeae3549a",
   >     "latest"
   >   ],
   >   "internal": true
   > }
[2021/09/13 13:51:17.373] -  <   {
 <     "id": 369,
 <     "jsonrpc": "2.0",
 <     "result": "0x6"
 <   }
[2021/09/13 13:51:17.374] - eth_getTransactionCount
[2021/09/13 13:51:17.374] -    > {
   >   "jsonrpc": "2.0",
   >   "id": 371,
   >   "method": "eth_getTransactionCount",
   >   "params": [
   >     "0x018c2dabef4904ecbd7118350a0c54dbeae3549a",
   >     "latest"
   >   ],
   >   "internal": true
   > }
[2021/09/13 13:51:17.376] -  <   {
 <     "id": 370,
 <     "jsonrpc": "2.0",
 <     "result": "0x3635c9adc5dea00000"
 <   }
[2021/09/13 13:51:17.377] - eth_getBalance
[2021/09/13 13:51:17.377] -    > {
   >   "jsonrpc": "2.0",
   >   "id": 372,
   >   "method": "eth_getBalance",
   >   "params": [
   >     "0xce5144391b4ab80668965f2cc4f2cc102380ef0a",
   >     "latest"
   >   ],
   >   "internal": true
   > }
[2021/09/13 13:51:17.379] -  <   {
 <     "id": 371,
 <     "jsonrpc": "2.0",
 <     "result": "0x0"
 <   }
[2021/09/13 13:51:17.380] - eth_getTransactionCount
[2021/09/13 13:51:17.380] -    > {
   >   "jsonrpc": "2.0",
   >   "id": 373,
   >   "method": "eth_getTransactionCount",
   >   "params": [
   >     "0xce5144391b4ab80668965f2cc4f2cc102380ef0a",
   >     "latest"
   >   ],
   >   "internal": true
   > }
[2021/09/13 13:51:17.381] -  <   {
 <     "id": 372,
 <     "jsonrpc": "2.0",
 <     "result": "0x3635c9adc5dea00000"
 <   }
[2021/09/13 13:51:17.382] - eth_getBalance
[2021/09/13 13:51:17.382] -    > {
   >   "jsonrpc": "2.0",
   >   "id": 374,
   >   "method": "eth_getBalance",
   >   "params": [
   >     "0x460c31107dd048e34971e57da2f99f659add4f02",
   >     "latest"
   >   ],
   >   "internal": true
   > }
[2021/09/13 13:51:17.383] -  <   {
 <     "id": 373,
 <     "jsonrpc": "2.0",
 <     "result": "0x0"
 <   }
[2021/09/13 13:51:17.384] - eth_getTransactionCount
[2021/09/13 13:51:17.384] -    > {
   >   "jsonrpc": "2.0",
   >   "id": 375,
   >   "method": "eth_getTransactionCount",
   >   "params": [
   >     "0x460c31107dd048e34971e57da2f99f659add4f02",
   >     "latest"
   >   ],
   >   "internal": true
   > }
[2021/09/13 13:51:17.386] -  <   {
 <     "id": 374,
 <     "jsonrpc": "2.0",
 <     "result": "0x3635c9adc5dea00000"
 <   }
[2021/09/13 13:51:17.387] - eth_getBalance
[2021/09/13 13:51:17.387] -    > {
   >   "jsonrpc": "2.0",
   >   "id": 376,
   >   "method": "eth_getBalance",
   >   "params": [
   >     "0xd37b7b8c62be2fdde8daa9816483aebdbd356088",
   >     "latest"
   >   ],
   >   "internal": true
   > }
[2021/09/13 13:51:17.388] -  <   {
 <     "id": 375,
 <     "jsonrpc": "2.0",
 <     "result": "0x0"
 <   }
[2021/09/13 13:51:17.389] - eth_getTransactionCount
[2021/09/13 13:51:17.389] -    > {
   >   "jsonrpc": "2.0",
   >   "id": 377,
   >   "method": "eth_getTransactionCount",
   >   "params": [
   >     "0xd37b7b8c62be2fdde8daa9816483aebdbd356088",
   >     "latest"
   >   ],
   >   "internal": true
   > }
[2021/09/13 13:51:17.391] - eth_getBalance
[2021/09/13 13:51:17.391] -    > {
   >   "jsonrpc": "2.0",
   >   "id": 378,
   >   "method": "eth_getBalance",
   >   "params": [
   >     "0x27f184bdc0e7a931b507ddd689d76dba10514bcb",
   >     "latest"
   >   ],
   >   "internal": true
   > }
[2021/09/13 13:51:17.391] -  <   {
 <     "id": 376,
 <     "jsonrpc": "2.0",
 <     "result": "0x3635c9adc5dea00000"
 <   }
[2021/09/13 13:51:17.393] -  <   {
 <     "id": 377,
 <     "jsonrpc": "2.0",
 <     "result": "0x0"
 <   }
[2021/09/13 13:51:17.393] - eth_getTransactionCount
[2021/09/13 13:51:17.394] -    > {
   >   "jsonrpc": "2.0",
   >   "id": 379,
   >   "method": "eth_getTransactionCount",
   >   "params": [
   >     "0x27f184bdc0e7a931b507ddd689d76dba10514bcb",
   >     "latest"
   >   ],
   >   "internal": true
   > }
[2021/09/13 13:51:17.397] - eth_getBalance
[2021/09/13 13:51:17.397] -    > {
   >   "jsonrpc": "2.0",
   >   "id": 380,
   >   "method": "eth_getBalance",
   >   "params": [
   >     "0xfe0df793060c49edca5ac9c104dd8e3375349978",
   >     "latest"
   >   ],
   >   "internal": true
   > }
[2021/09/13 13:51:17.397] - eth_getTransactionCount
[2021/09/13 13:51:17.397] -    > {
   >   "jsonrpc": "2.0",
   >   "id": 381,
   >   "method": "eth_getTransactionCount",
   >   "params": [
   >     "0xfe0df793060c49edca5ac9c104dd8e3375349978",
   >     "latest"
   >   ],
   >   "internal": true
   > }
[2021/09/13 13:51:17.398] -  <   {
 <     "id": 378,
 <     "jsonrpc": "2.0",
 <     "result": "0x3635c9adc5dea00000"
 <   }
[2021/09/13 13:51:17.399] - eth_getBalance
[2021/09/13 13:51:17.399] -    > {
   >   "jsonrpc": "2.0",
   >   "id": 382,
   >   "method": "eth_getBalance",
   >   "params": [
   >     "0xbd58a85c96cc6727859d853086fe8560bc137632",
   >     "latest"
   >   ],
   >   "internal": true
   > }
[2021/09/13 13:51:17.401] -  <   {
 <     "id": 379,
 <     "jsonrpc": "2.0",
 <     "result": "0x0"
 <   }
[2021/09/13 13:51:17.401] - eth_getTransactionCount
[2021/09/13 13:51:17.401] -    > {
   >   "jsonrpc": "2.0",
   >   "id": 383,
   >   "method": "eth_getTransactionCount",
   >   "params": [
   >     "0xbd58a85c96cc6727859d853086fe8560bc137632",
   >     "latest"
   >   ],
   >   "internal": true
   > }
[2021/09/13 13:51:17.403] - eth_getBalance
[2021/09/13 13:51:17.403] -    > {
   >   "jsonrpc": "2.0",
   >   "id": 384,
   >   "method": "eth_getBalance",
   >   "params": [
   >     "0xe07b5ee5f738b2f87f88b99aac9c64ff1e0c7917",
   >     "latest"
   >   ],
   >   "internal": true
   > }
[2021/09/13 13:51:17.404] -  <   {
 <     "id": 380,
 <     "jsonrpc": "2.0",
 <     "result": "0x3635c9adc5dea00000"
 <   }
[2021/09/13 13:51:17.405] - eth_getTransactionCount
[2021/09/13 13:51:17.405] -    > {
   >   "jsonrpc": "2.0",
   >   "id": 385,
   >   "method": "eth_getTransactionCount",
   >   "params": [
   >     "0xe07b5ee5f738b2f87f88b99aac9c64ff1e0c7917",
   >     "latest"
   >   ],
   >   "internal": true
   > }
[2021/09/13 13:51:17.407] -  <   {
 <     "id": 381,
 <     "jsonrpc": "2.0",
 <     "result": "0x0"
 <   }
[2021/09/13 13:51:17.407] - eth_getBalance
[2021/09/13 13:51:17.407] -    > {
   >   "jsonrpc": "2.0",
   >   "id": 386,
   >   "method": "eth_getBalance",
   >   "params": [
   >     "0xbd3ff2e3aded055244d66544c9c059fa0851da44",
   >     "latest"
   >   ],
   >   "internal": true
   > }
[2021/09/13 13:51:17.408] - eth_getTransactionCount
[2021/09/13 13:51:17.408] -    > {
   >   "jsonrpc": "2.0",
   >   "id": 387,
   >   "method": "eth_getTransactionCount",
   >   "params": [
   >     "0xbd3ff2e3aded055244d66544c9c059fa0851da44",
   >     "latest"
   >   ],
   >   "internal": true
   > }
[2021/09/13 13:51:17.410] -  <   {
 <     "id": 382,
 <     "jsonrpc": "2.0",
 <     "result": "0x3635c9adc5dea00000"
 <   }
[2021/09/13 13:51:17.412] -  <   {
 <     "id": 383,
 <     "jsonrpc": "2.0",
 <     "result": "0x0"
 <   }
[2021/09/13 13:51:17.415] -  <   {
 <     "id": 384,
 <     "jsonrpc": "2.0",
 <     "result": "0x3635c9adc5dea00000"
 <   }
[2021/09/13 13:51:17.416] -  <   {
 <     "id": 385,
 <     "jsonrpc": "2.0",
 <     "result": "0x0"
 <   }
[2021/09/13 13:51:17.419] -  <   {
 <     "id": 386,
 <     "jsonrpc": "2.0",
 <     "result": "0x3635c9adc5dea00000"
 <   }
[2021/09/13 13:51:17.421] -  <   {
 <     "id": 387,
 <     "jsonrpc": "2.0",
 <     "result": "0x0"
 <   }
[2021/09/13 13:51:17.425] - eth_getTransactionCount
[2021/09/13 13:51:17.425] -    > {
   >   "jsonrpc": "2.0",
   >   "id": 389,
   >   "method": "eth_getTransactionCount",
   >   "params": [
   >     "0x27d8d15cbc94527cadf5ec14b69519ae23288b95",
   >     "latest"
   >   ],
   >   "internal": true
   > }
[2021/09/13 13:51:17.427] - eth_getBalance
[2021/09/13 13:51:17.427] -    > {
   >   "jsonrpc": "2.0",
   >   "id": 390,
   >   "method": "eth_getBalance",
   >   "params": [
   >     "0x018c2dabef4904ecbd7118350a0c54dbeae3549a",
   >     "latest"
   >   ],
   >   "internal": true
   > }
[2021/09/13 13:51:17.428] -  <   {
 <     "id": 389,
 <     "jsonrpc": "2.0",
 <     "result": "0x6"
 <   }
[2021/09/13 13:51:17.428] - eth_getTransactionCount
[2021/09/13 13:51:17.428] -    > {
   >   "jsonrpc": "2.0",
   >   "id": 391,
   >   "method": "eth_getTransactionCount",
   >   "params": [
   >     "0x018c2dabef4904ecbd7118350a0c54dbeae3549a",
   >     "latest"
   >   ],
   >   "internal": true
   > }
[2021/09/13 13:51:17.429] -  <   {
 <     "id": 390,
 <     "jsonrpc": "2.0",
 <     "result": "0x3635c9adc5dea00000"
 <   }
[2021/09/13 13:51:17.430] - eth_getBalance
[2021/09/13 13:51:17.430] -    > {
   >   "jsonrpc": "2.0",
   >   "id": 392,
   >   "method": "eth_getBalance",
   >   "params": [
   >     "0xce5144391b4ab80668965f2cc4f2cc102380ef0a",
   >     "latest"
   >   ],
   >   "internal": true
   > }
[2021/09/13 13:51:17.431] -  <   {
 <     "id": 391,
 <     "jsonrpc": "2.0",
 <     "result": "0x0"
 <   }
[2021/09/13 13:51:17.431] - eth_getTransactionCount
[2021/09/13 13:51:17.432] -    > {
   >   "jsonrpc": "2.0",
   >   "id": 393,
   >   "method": "eth_getTransactionCount",
   >   "params": [
   >     "0xce5144391b4ab80668965f2cc4f2cc102380ef0a",
   >     "latest"
   >   ],
   >   "internal": true
   > }
[2021/09/13 13:51:17.432] -  <   {
 <     "id": 392,
 <     "jsonrpc": "2.0",
 <     "result": "0x3635c9adc5dea00000"
 <   }
[2021/09/13 13:51:17.433] - eth_getBalance
[2021/09/13 13:51:17.433] -    > {
   >   "jsonrpc": "2.0",
   >   "id": 394,
   >   "method": "eth_getBalance",
   >   "params": [
   >     "0x460c31107dd048e34971e57da2f99f659add4f02",
   >     "latest"
   >   ],
   >   "internal": true
   > }
[2021/09/13 13:51:17.434] -  <   {
 <     "id": 393,
 <     "jsonrpc": "2.0",
 <     "result": "0x0"
 <   }
[2021/09/13 13:51:17.435] - eth_getTransactionCount
[2021/09/13 13:51:17.435] -    > {
   >   "jsonrpc": "2.0",
   >   "id": 395,
   >   "method": "eth_getTransactionCount",
   >   "params": [
   >     "0x460c31107dd048e34971e57da2f99f659add4f02",
   >     "latest"
   >   ],
   >   "internal": true
   > }
[2021/09/13 13:51:17.435] -  <   {
 <     "id": 394,
 <     "jsonrpc": "2.0",
 <     "result": "0x3635c9adc5dea00000"
 <   }
[2021/09/13 13:51:17.437] - eth_getBalance
[2021/09/13 13:51:17.437] -    > {
   >   "jsonrpc": "2.0",
   >   "id": 396,
   >   "method": "eth_getBalance",
   >   "params": [
   >     "0xd37b7b8c62be2fdde8daa9816483aebdbd356088",
   >     "latest"
   >   ],
   >   "internal": true
   > }
[2021/09/13 13:51:17.437] -  <   {
 <     "id": 395,
 <     "jsonrpc": "2.0",
 <     "result": "0x0"
 <   }
[2021/09/13 13:51:17.438] - eth_getTransactionCount
[2021/09/13 13:51:17.438] -    > {
   >   "jsonrpc": "2.0",
   >   "id": 397,
   >   "method": "eth_getTransactionCount",
   >   "params": [
   >     "0xd37b7b8c62be2fdde8daa9816483aebdbd356088",
   >     "latest"
   >   ],
   >   "internal": true
   > }
[2021/09/13 13:51:17.439] -  <   {
 <     "id": 396,
 <     "jsonrpc": "2.0",
 <     "result": "0x3635c9adc5dea00000"
 <   }
[2021/09/13 13:51:17.439] - eth_getBalance
[2021/09/13 13:51:17.440] -    > {
   >   "jsonrpc": "2.0",
   >   "id": 398,
   >   "method": "eth_getBalance",
   >   "params": [
   >     "0x27f184bdc0e7a931b507ddd689d76dba10514bcb",
   >     "latest"
   >   ],
   >   "internal": true
   > }
[2021/09/13 13:51:17.441] -  <   {
 <     "id": 397,
 <     "jsonrpc": "2.0",
 <     "result": "0x0"
 <   }
[2021/09/13 13:51:17.441] - eth_getTransactionCount
[2021/09/13 13:51:17.442] -    > {
   >   "jsonrpc": "2.0",
   >   "id": 399,
   >   "method": "eth_getTransactionCount",
   >   "params": [
   >     "0x27f184bdc0e7a931b507ddd689d76dba10514bcb",
   >     "latest"
   >   ],
   >   "internal": true
   > }
[2021/09/13 13:51:17.442] - eth_getBalance
[2021/09/13 13:51:17.443] -    > {
   >   "jsonrpc": "2.0",
   >   "id": 400,
   >   "method": "eth_getBalance",
   >   "params": [
   >     "0xfe0df793060c49edca5ac9c104dd8e3375349978",
   >     "latest"
   >   ],
   >   "internal": true
   > }
[2021/09/13 13:51:17.443] -  <   {
 <     "id": 398,
 <     "jsonrpc": "2.0",
 <     "result": "0x3635c9adc5dea00000"
 <   }
[2021/09/13 13:51:17.444] - eth_getTransactionCount
[2021/09/13 13:51:17.444] -    > {
   >   "jsonrpc": "2.0",
   >   "id": 401,
   >   "method": "eth_getTransactionCount",
   >   "params": [
   >     "0xfe0df793060c49edca5ac9c104dd8e3375349978",
   >     "latest"
   >   ],
   >   "internal": true
   > }
[2021/09/13 13:51:17.445] -  <   {
 <     "id": 399,
 <     "jsonrpc": "2.0",
 <     "result": "0x0"
 <   }
[2021/09/13 13:51:17.446] - eth_getBalance
[2021/09/13 13:51:17.446] -    > {
   >   "jsonrpc": "2.0",
   >   "id": 402,
   >   "method": "eth_getBalance",
   >   "params": [
   >     "0xbd58a85c96cc6727859d853086fe8560bc137632",
   >     "latest"
   >   ],
   >   "internal": true
   > }
[2021/09/13 13:51:17.447] -  <   {
 <     "id": 400,
 <     "jsonrpc": "2.0",
 <     "result": "0x3635c9adc5dea00000"
 <   }
[2021/09/13 13:51:17.448] - eth_getTransactionCount
[2021/09/13 13:51:17.448] -    > {
   >   "jsonrpc": "2.0",
   >   "id": 403,
   >   "method": "eth_getTransactionCount",
   >   "params": [
   >     "0xbd58a85c96cc6727859d853086fe8560bc137632",
   >     "latest"
   >   ],
   >   "internal": true
   > }
[2021/09/13 13:51:17.449] -  <   {
 <     "id": 401,
 <     "jsonrpc": "2.0",
 <     "result": "0x0"
 <   }
[2021/09/13 13:51:17.449] - eth_getBalance
[2021/09/13 13:51:17.450] -    > {
   >   "jsonrpc": "2.0",
   >   "id": 404,
   >   "method": "eth_getBalance",
   >   "params": [
   >     "0xe07b5ee5f738b2f87f88b99aac9c64ff1e0c7917",
   >     "latest"
   >   ],
   >   "internal": true
   > }
[2021/09/13 13:51:17.450] -  <   {
 <     "id": 402,
 <     "jsonrpc": "2.0",
 <     "result": "0x3635c9adc5dea00000"
 <   }
[2021/09/13 13:51:17.451] - eth_getTransactionCount
[2021/09/13 13:51:17.451] -    > {
   >   "jsonrpc": "2.0",
   >   "id": 405,
   >   "method": "eth_getTransactionCount",
   >   "params": [
   >     "0xe07b5ee5f738b2f87f88b99aac9c64ff1e0c7917",
   >     "latest"
   >   ],
   >   "internal": true
   > }
[2021/09/13 13:51:17.452] -  <   {
 <     "id": 403,
 <     "jsonrpc": "2.0",
 <     "result": "0x0"
 <   }
[2021/09/13 13:51:17.452] - eth_getBalance
[2021/09/13 13:51:17.453] -    > {
   >   "jsonrpc": "2.0",
   >   "id": 406,
   >   "method": "eth_getBalance",
   >   "params": [
   >     "0xbd3ff2e3aded055244d66544c9c059fa0851da44",
   >     "latest"
   >   ],
   >   "internal": true
   > }
[2021/09/13 13:51:17.453] -  <   {
 <     "id": 404,
 <     "jsonrpc": "2.0",
 <     "result": "0x3635c9adc5dea00000"
 <   }
[2021/09/13 13:51:17.454] - eth_getTransactionCount
[2021/09/13 13:51:17.454] -    > {
   >   "jsonrpc": "2.0",
   >   "id": 407,
   >   "method": "eth_getTransactionCount",
   >   "params": [
   >     "0xbd3ff2e3aded055244d66544c9c059fa0851da44",
   >     "latest"
   >   ],
   >   "internal": true
   > }
[2021/09/13 13:51:17.455] -  <   {
 <     "id": 405,
 <     "jsonrpc": "2.0",
 <     "result": "0x0"
 <   }
[2021/09/13 13:51:17.456] -  <   {
 <     "id": 406,
 <     "jsonrpc": "2.0",
 <     "result": "0x3635c9adc5dea00000"
 <   }
[2021/09/13 13:51:17.458] -  <   {
 <     "id": 407,
 <     "jsonrpc": "2.0",
 <     "result": "0x0"
 <   }
[2021/09/13 13:51:17.462] - eth_blockNumber
[2021/09/13 13:51:17.462] -    > {
   >   "jsonrpc": "2.0",
   >   "id": 362,
   >   "method": "eth_blockNumber",
   >   "params": [],
   >   "internal": true
   > }
[2021/09/13 13:51:17.463] - eth_accounts
[2021/09/13 13:51:17.463] -    > {
   >   "jsonrpc": "2.0",
   >   "id": 363,
   >   "method": "eth_accounts",
   >   "params": [],
   >   "internal": true
   > }
[2021/09/13 13:51:17.463] - eth_gasPrice
[2021/09/13 13:51:17.463] -    > {
   >   "jsonrpc": "2.0",
   >   "id": 364,
   >   "method": "eth_gasPrice",
   >   "params": [],
   >   "internal": true
   > }
[2021/09/13 13:51:17.464] -  <   {
 <     "id": 362,
 <     "jsonrpc": "2.0",
 <     "result": "0x6"
 <   }
[2021/09/13 13:51:17.465] -  <   {
 <     "id": 363,
 <     "jsonrpc": "2.0",
 <     "result": [
 <       "0x27d8d15cbc94527cadf5ec14b69519ae23288b95",
 <       "0x018c2dabef4904ecbd7118350a0c54dbeae3549a",
 <       "0xce5144391b4ab80668965f2cc4f2cc102380ef0a",
 <       "0x460c31107dd048e34971e57da2f99f659add4f02",
 <       "0xd37b7b8c62be2fdde8daa9816483aebdbd356088",
 <       "0x27f184bdc0e7a931b507ddd689d76dba10514bcb",
 <       "0xfe0df793060c49edca5ac9c104dd8e3375349978",
 <       "0xbd58a85c96cc6727859d853086fe8560bc137632",
 <       "0xe07b5ee5f738b2f87f88b99aac9c64ff1e0c7917",
 <       "0xbd3ff2e3aded055244d66544c9c059fa0851da44"
 <     ]
 <   }
[2021/09/13 13:51:17.466] -  <   {
 <     "id": 364,
 <     "jsonrpc": "2.0",
 <     "result": "0x4a817c800"
 <   }
[2021/09/13 13:51:17.475] - eth_getBlockByNumber
[2021/09/13 13:51:17.476] -    > {
   >   "jsonrpc": "2.0",
   >   "id": 365,
   >   "method": "eth_getBlockByNumber",
   >   "params": [
   >     "latest",
   >     false
   >   ],
   >   "internal": true
   > }
[2021/09/13 13:51:17.476] - eth_subscribe
[2021/09/13 13:51:17.476] -    > {
   >   "jsonrpc": "2.0",
   >   "id": 366,
   >   "method": "eth_subscribe",
   >   "params": [
   >     "newHeads"
   >   ],
   >   "internal": true
   > }
[2021/09/13 13:51:17.477] -  <   {
 <     "id": 365,
 <     "jsonrpc": "2.0",
 <     "result": {
 <       "number": "0x6",
 <       "hash": "0xc39fc340828eedcee80adcb43060e456f4519d25dd11dd9f81b8a86392c5d294",
 <       "parentHash": "0xa88c9957bfccf797ccceb6d542256cae225e14e5fedfb2e24b4637df162246ec",
 <       "mixHash": "0x0000000000000000000000000000000000000000000000000000000000000000",
 <       "nonce": "0x0000000000000000",
 <       "sha3Uncles": "0x1dcc4de8dec75d7aab85b567b6ccd41ad312451b948a7413f0a142fd40d49347",
 <       "logsBloom": "0x00000000000000000000000000000000000000000000000000000000000000000000000000000000000000000000000000000000000000000000000000000000000000000000000000000000000000000000000000000000000000000000000000000000000000000000000000000000000000000000000000000000000000000000000000000000000000000000000000000000000000000000000000000000000000000000000000000000000000000000000000000000000000000000000000000000000000000000000000000000000000000000000000000000000000000000000000000000000000000000000000000000000000000000000000000000",
 <       "transactionsRoot": "0x788d6dc714e641ceb5e392a7744a6b073926958d9f09b4e68fdc73fd2d522d82",
 <       "stateRoot": "0x893911af793c57ab019bb50811b1b44bdb431bf0efdd870b5f7c8cb9364927b5",
 <       "receiptsRoot": "0xf63a7c7ddcbeb7db927af28b43b48b5fbfd5a633f8164e74d8575437b53d7889",
 <       "miner": "0x0000000000000000000000000000000000000000",
 <       "difficulty": "0x0",
 <       "totalDifficulty": "0x0",
 <       "extraData": "0x",
 <       "size": "0x3e8",
 <       "gasLimit": "0x98967f",
 <       "gasUsed": "0x6b7c",
 <       "timestamp": "0x613f807e",
 <       "transactions": [
 <         "0xf8d1a4a225b88405175316c2ece2a6638de619393cc2a61fd414930eda7811f9"
 <       ],
 <       "uncles": []
 <     }
 <   }
[2021/09/13 13:51:17.478] -  <   {
 <     "id": 366,
 <     "jsonrpc": "2.0",
 <     "result": "0x6"
 <   }
[2021/09/13 13:51:17.616] - eth_getBalance
[2021/09/13 13:51:17.616] -    > {
   >   "jsonrpc": "2.0",
   >   "id": 409,
   >   "method": "eth_getBalance",
   >   "params": [
   >     "0x27d8d15cbc94527cadf5ec14b69519ae23288b95",
   >     "latest"
   >   ],
   >   "internal": true
   > }
[2021/09/13 13:51:17.617] -  <   {
 <     "id": 409,
 <     "jsonrpc": "2.0",
 <     "result": "0x3635660ed9ab97d000"
 <   }
[2021/09/13 13:51:17.618] - eth_getTransactionCount
[2021/09/13 13:51:17.618] -    > {
   >   "jsonrpc": "2.0",
   >   "id": 410,
   >   "method": "eth_getTransactionCount",
   >   "params": [
   >     "0x27d8d15cbc94527cadf5ec14b69519ae23288b95",
   >     "latest"
   >   ],
   >   "internal": true
   > }
[2021/09/13 13:51:17.618] - eth_getBalance
[2021/09/13 13:51:17.618] -    > {
   >   "jsonrpc": "2.0",
   >   "id": 411,
   >   "method": "eth_getBalance",
   >   "params": [
   >     "0x018c2dabef4904ecbd7118350a0c54dbeae3549a",
   >     "latest"
   >   ],
   >   "internal": true
   > }
[2021/09/13 13:51:17.619] -  <   {
 <     "id": 410,
 <     "jsonrpc": "2.0",
 <     "result": "0x6"
 <   }
[2021/09/13 13:51:17.620] - eth_getTransactionCount
[2021/09/13 13:51:17.620] -    > {
   >   "jsonrpc": "2.0",
   >   "id": 412,
   >   "method": "eth_getTransactionCount",
   >   "params": [
   >     "0x018c2dabef4904ecbd7118350a0c54dbeae3549a",
   >     "latest"
   >   ],
   >   "internal": true
   > }
[2021/09/13 13:51:17.621] -  <   {
 <     "id": 411,
 <     "jsonrpc": "2.0",
 <     "result": "0x3635c9adc5dea00000"
 <   }
[2021/09/13 13:51:17.622] - eth_getBalance
[2021/09/13 13:51:17.622] -    > {
   >   "jsonrpc": "2.0",
   >   "id": 413,
   >   "method": "eth_getBalance",
   >   "params": [
   >     "0xce5144391b4ab80668965f2cc4f2cc102380ef0a",
   >     "latest"
   >   ],
   >   "internal": true
   > }
[2021/09/13 13:51:17.622] -  <   {
 <     "id": 412,
 <     "jsonrpc": "2.0",
 <     "result": "0x0"
 <   }
[2021/09/13 13:51:17.623] - eth_getTransactionCount
[2021/09/13 13:51:17.623] -    > {
   >   "jsonrpc": "2.0",
   >   "id": 414,
   >   "method": "eth_getTransactionCount",
   >   "params": [
   >     "0xce5144391b4ab80668965f2cc4f2cc102380ef0a",
   >     "latest"
   >   ],
   >   "internal": true
   > }
[2021/09/13 13:51:17.625] -  <   {
 <     "id": 413,
 <     "jsonrpc": "2.0",
 <     "result": "0x3635c9adc5dea00000"
 <   }
[2021/09/13 13:51:17.630] - eth_getBalance
[2021/09/13 13:51:17.630] -    > {
   >   "jsonrpc": "2.0",
   >   "id": 415,
   >   "method": "eth_getBalance",
   >   "params": [
   >     "0x460c31107dd048e34971e57da2f99f659add4f02",
   >     "latest"
   >   ],
   >   "internal": true
   > }
[2021/09/13 13:51:17.630] - eth_getTransactionCount
[2021/09/13 13:51:17.630] -    > {
   >   "jsonrpc": "2.0",
   >   "id": 416,
   >   "method": "eth_getTransactionCount",
   >   "params": [
   >     "0x460c31107dd048e34971e57da2f99f659add4f02",
   >     "latest"
   >   ],
   >   "internal": true
   > }
[2021/09/13 13:51:17.631] - eth_getBalance
[2021/09/13 13:51:17.631] -    > {
   >   "jsonrpc": "2.0",
   >   "id": 417,
   >   "method": "eth_getBalance",
   >   "params": [
   >     "0xd37b7b8c62be2fdde8daa9816483aebdbd356088",
   >     "latest"
   >   ],
   >   "internal": true
   > }
[2021/09/13 13:51:17.631] - eth_getTransactionCount
[2021/09/13 13:51:17.631] -    > {
   >   "jsonrpc": "2.0",
   >   "id": 418,
   >   "method": "eth_getTransactionCount",
   >   "params": [
   >     "0xd37b7b8c62be2fdde8daa9816483aebdbd356088",
   >     "latest"
   >   ],
   >   "internal": true
   > }
[2021/09/13 13:51:17.631] - eth_getBalance
[2021/09/13 13:51:17.631] -    > {
   >   "jsonrpc": "2.0",
   >   "id": 419,
   >   "method": "eth_getBalance",
   >   "params": [
   >     "0x27f184bdc0e7a931b507ddd689d76dba10514bcb",
   >     "latest"
   >   ],
   >   "internal": true
   > }
[2021/09/13 13:51:17.631] -  <   {
 <     "id": 414,
 <     "jsonrpc": "2.0",
 <     "result": "0x0"
 <   }
[2021/09/13 13:51:17.632] - eth_getTransactionCount
[2021/09/13 13:51:17.632] -    > {
   >   "jsonrpc": "2.0",
   >   "id": 420,
   >   "method": "eth_getTransactionCount",
   >   "params": [
   >     "0x27f184bdc0e7a931b507ddd689d76dba10514bcb",
   >     "latest"
   >   ],
   >   "internal": true
   > }
[2021/09/13 13:51:17.633] - eth_getBalance
[2021/09/13 13:51:17.633] -    > {
   >   "jsonrpc": "2.0",
   >   "id": 421,
   >   "method": "eth_getBalance",
   >   "params": [
   >     "0xfe0df793060c49edca5ac9c104dd8e3375349978",
   >     "latest"
   >   ],
   >   "internal": true
   > }
[2021/09/13 13:51:17.633] -  <   {
 <     "id": 415,
 <     "jsonrpc": "2.0",
 <     "result": "0x3635c9adc5dea00000"
 <   }
[2021/09/13 13:51:17.634] - eth_getTransactionCount
[2021/09/13 13:51:17.634] -    > {
   >   "jsonrpc": "2.0",
   >   "id": 422,
   >   "method": "eth_getTransactionCount",
   >   "params": [
   >     "0xfe0df793060c49edca5ac9c104dd8e3375349978",
   >     "latest"
   >   ],
   >   "internal": true
   > }
[2021/09/13 13:51:17.635] -  <   {
 <     "id": 416,
 <     "jsonrpc": "2.0",
 <     "result": "0x0"
 <   }
[2021/09/13 13:51:17.636] - eth_getBalance
[2021/09/13 13:51:17.636] -    > {
   >   "jsonrpc": "2.0",
   >   "id": 423,
   >   "method": "eth_getBalance",
   >   "params": [
   >     "0xbd58a85c96cc6727859d853086fe8560bc137632",
   >     "latest"
   >   ],
   >   "internal": true
   > }
[2021/09/13 13:51:17.636] -  <   {
 <     "id": 417,
 <     "jsonrpc": "2.0",
 <     "result": "0x3635c9adc5dea00000"
 <   }
[2021/09/13 13:51:17.637] - eth_getTransactionCount
[2021/09/13 13:51:17.637] -    > {
   >   "jsonrpc": "2.0",
   >   "id": 424,
   >   "method": "eth_getTransactionCount",
   >   "params": [
   >     "0xbd58a85c96cc6727859d853086fe8560bc137632",
   >     "latest"
   >   ],
   >   "internal": true
   > }
[2021/09/13 13:51:17.638] -  <   {
 <     "id": 418,
 <     "jsonrpc": "2.0",
 <     "result": "0x0"
 <   }
[2021/09/13 13:51:17.639] - eth_getBalance
[2021/09/13 13:51:17.639] -    > {
   >   "jsonrpc": "2.0",
   >   "id": 425,
   >   "method": "eth_getBalance",
   >   "params": [
   >     "0xe07b5ee5f738b2f87f88b99aac9c64ff1e0c7917",
   >     "latest"
   >   ],
   >   "internal": true
   > }
[2021/09/13 13:51:17.641] -  <   {
 <     "id": 419,
 <     "jsonrpc": "2.0",
 <     "result": "0x3635c9adc5dea00000"
 <   }
[2021/09/13 13:51:17.641] - eth_getTransactionCount
[2021/09/13 13:51:17.641] -    > {
   >   "jsonrpc": "2.0",
   >   "id": 426,
   >   "method": "eth_getTransactionCount",
   >   "params": [
   >     "0xe07b5ee5f738b2f87f88b99aac9c64ff1e0c7917",
   >     "latest"
   >   ],
   >   "internal": true
   > }
[2021/09/13 13:51:17.643] -  <   {
 <     "id": 420,
 <     "jsonrpc": "2.0",
 <     "result": "0x0"
 <   }
[2021/09/13 13:51:17.643] - eth_getBalance
[2021/09/13 13:51:17.643] -    > {
   >   "jsonrpc": "2.0",
   >   "id": 427,
   >   "method": "eth_getBalance",
   >   "params": [
   >     "0xbd3ff2e3aded055244d66544c9c059fa0851da44",
   >     "latest"
   >   ],
   >   "internal": true
   > }
[2021/09/13 13:51:17.644] - eth_getTransactionCount
[2021/09/13 13:51:17.644] -    > {
   >   "jsonrpc": "2.0",
   >   "id": 428,
   >   "method": "eth_getTransactionCount",
   >   "params": [
   >     "0xbd3ff2e3aded055244d66544c9c059fa0851da44",
   >     "latest"
   >   ],
   >   "internal": true
   > }
[2021/09/13 13:51:17.644] -  <   {
 <     "id": 421,
 <     "jsonrpc": "2.0",
 <     "result": "0x3635c9adc5dea00000"
 <   }
[2021/09/13 13:51:17.645] - eth_getBalance
[2021/09/13 13:51:17.645] -    > {
   >   "jsonrpc": "2.0",
   >   "id": 429,
   >   "method": "eth_getBalance",
   >   "params": [
   >     "0x27d8d15cbc94527cadf5ec14b69519ae23288b95",
   >     "latest"
   >   ],
   >   "internal": true
   > }
[2021/09/13 13:51:17.646] -  <   {
 <     "id": 422,
 <     "jsonrpc": "2.0",
 <     "result": "0x0"
 <   }
[2021/09/13 13:51:17.647] - eth_getTransactionCount
[2021/09/13 13:51:17.647] -    > {
   >   "jsonrpc": "2.0",
   >   "id": 430,
   >   "method": "eth_getTransactionCount",
   >   "params": [
   >     "0x27d8d15cbc94527cadf5ec14b69519ae23288b95",
   >     "latest"
   >   ],
   >   "internal": true
   > }
[2021/09/13 13:51:17.647] -  <   {
 <     "id": 423,
 <     "jsonrpc": "2.0",
 <     "result": "0x3635c9adc5dea00000"
 <   }
[2021/09/13 13:51:17.648] - eth_getBalance
[2021/09/13 13:51:17.648] -    > {
   >   "jsonrpc": "2.0",
   >   "id": 431,
   >   "method": "eth_getBalance",
   >   "params": [
   >     "0x018c2dabef4904ecbd7118350a0c54dbeae3549a",
   >     "latest"
   >   ],
   >   "internal": true
   > }
[2021/09/13 13:51:17.649] -  <   {
 <     "id": 424,
 <     "jsonrpc": "2.0",
 <     "result": "0x0"
 <   }
[2021/09/13 13:51:17.650] - eth_getTransactionCount
[2021/09/13 13:51:17.650] -    > {
   >   "jsonrpc": "2.0",
   >   "id": 432,
   >   "method": "eth_getTransactionCount",
   >   "params": [
   >     "0x018c2dabef4904ecbd7118350a0c54dbeae3549a",
   >     "latest"
   >   ],
   >   "internal": true
   > }
[2021/09/13 13:51:17.651] -  <   {
 <     "id": 425,
 <     "jsonrpc": "2.0",
 <     "result": "0x3635c9adc5dea00000"
 <   }
[2021/09/13 13:51:17.652] - eth_getBalance
[2021/09/13 13:51:17.652] -    > {
   >   "jsonrpc": "2.0",
   >   "id": 433,
   >   "method": "eth_getBalance",
   >   "params": [
   >     "0xce5144391b4ab80668965f2cc4f2cc102380ef0a",
   >     "latest"
   >   ],
   >   "internal": true
   > }
[2021/09/13 13:51:17.652] - eth_getTransactionCount
[2021/09/13 13:51:17.652] -    > {
   >   "jsonrpc": "2.0",
   >   "id": 434,
   >   "method": "eth_getTransactionCount",
   >   "params": [
   >     "0xce5144391b4ab80668965f2cc4f2cc102380ef0a",
   >     "latest"
   >   ],
   >   "internal": true
   > }
[2021/09/13 13:51:17.653] -  <   {
 <     "id": 426,
 <     "jsonrpc": "2.0",
 <     "result": "0x0"
 <   }
[2021/09/13 13:51:17.654] - eth_getBalance
[2021/09/13 13:51:17.654] -    > {
   >   "jsonrpc": "2.0",
   >   "id": 435,
   >   "method": "eth_getBalance",
   >   "params": [
   >     "0x460c31107dd048e34971e57da2f99f659add4f02",
   >     "latest"
   >   ],
   >   "internal": true
   > }
[2021/09/13 13:51:17.654] -  <   {
 <     "id": 427,
 <     "jsonrpc": "2.0",
 <     "result": "0x3635c9adc5dea00000"
 <   }
[2021/09/13 13:51:17.655] - eth_getTransactionCount
[2021/09/13 13:51:17.655] -    > {
   >   "jsonrpc": "2.0",
   >   "id": 436,
   >   "method": "eth_getTransactionCount",
   >   "params": [
   >     "0x460c31107dd048e34971e57da2f99f659add4f02",
   >     "latest"
   >   ],
   >   "internal": true
   > }
[2021/09/13 13:51:17.656] -  <   {
 <     "id": 428,
 <     "jsonrpc": "2.0",
 <     "result": "0x0"
 <   }
[2021/09/13 13:51:17.657] - eth_getBalance
[2021/09/13 13:51:17.657] -    > {
   >   "jsonrpc": "2.0",
   >   "id": 437,
   >   "method": "eth_getBalance",
   >   "params": [
   >     "0xd37b7b8c62be2fdde8daa9816483aebdbd356088",
   >     "latest"
   >   ],
   >   "internal": true
   > }
[2021/09/13 13:51:17.658] -  <   {
 <     "id": 429,
 <     "jsonrpc": "2.0",
 <     "result": "0x3635660ed9ab97d000"
 <   }
[2021/09/13 13:51:17.659] - eth_getTransactionCount
[2021/09/13 13:51:17.659] -    > {
   >   "jsonrpc": "2.0",
   >   "id": 438,
   >   "method": "eth_getTransactionCount",
   >   "params": [
   >     "0xd37b7b8c62be2fdde8daa9816483aebdbd356088",
   >     "latest"
   >   ],
   >   "internal": true
   > }
[2021/09/13 13:51:17.659] - eth_getBalance
[2021/09/13 13:51:17.659] -    > {
   >   "jsonrpc": "2.0",
   >   "id": 439,
   >   "method": "eth_getBalance",
   >   "params": [
   >     "0x27f184bdc0e7a931b507ddd689d76dba10514bcb",
   >     "latest"
   >   ],
   >   "internal": true
   > }
[2021/09/13 13:51:17.660] -  <   {
 <     "id": 430,
 <     "jsonrpc": "2.0",
 <     "result": "0x6"
 <   }
[2021/09/13 13:51:17.662] -  <   {
 <     "id": 431,
 <     "jsonrpc": "2.0",
 <     "result": "0x3635c9adc5dea00000"
 <   }
[2021/09/13 13:51:17.662] - eth_getTransactionCount
[2021/09/13 13:51:17.662] -    > {
   >   "jsonrpc": "2.0",
   >   "id": 440,
   >   "method": "eth_getTransactionCount",
   >   "params": [
   >     "0x27f184bdc0e7a931b507ddd689d76dba10514bcb",
   >     "latest"
   >   ],
   >   "internal": true
   > }
[2021/09/13 13:51:17.663] - eth_getBalance
[2021/09/13 13:51:17.663] -    > {
   >   "jsonrpc": "2.0",
   >   "id": 441,
   >   "method": "eth_getBalance",
   >   "params": [
   >     "0xfe0df793060c49edca5ac9c104dd8e3375349978",
   >     "latest"
   >   ],
   >   "internal": true
   > }
[2021/09/13 13:51:17.664] -  <   {
 <     "id": 432,
 <     "jsonrpc": "2.0",
 <     "result": "0x0"
 <   }
[2021/09/13 13:51:17.664] - eth_getTransactionCount
[2021/09/13 13:51:17.664] -    > {
   >   "jsonrpc": "2.0",
   >   "id": 442,
   >   "method": "eth_getTransactionCount",
   >   "params": [
   >     "0xfe0df793060c49edca5ac9c104dd8e3375349978",
   >     "latest"
   >   ],
   >   "internal": true
   > }
[2021/09/13 13:51:17.665] -  <   {
 <     "id": 433,
 <     "jsonrpc": "2.0",
 <     "result": "0x3635c9adc5dea00000"
 <   }
[2021/09/13 13:51:17.666] - eth_getBalance
[2021/09/13 13:51:17.666] -    > {
   >   "jsonrpc": "2.0",
   >   "id": 443,
   >   "method": "eth_getBalance",
   >   "params": [
   >     "0xbd58a85c96cc6727859d853086fe8560bc137632",
   >     "latest"
   >   ],
   >   "internal": true
   > }
[2021/09/13 13:51:17.667] -  <   {
 <     "id": 434,
 <     "jsonrpc": "2.0",
 <     "result": "0x0"
 <   }
[2021/09/13 13:51:17.667] - eth_getTransactionCount
[2021/09/13 13:51:17.668] -    > {
   >   "jsonrpc": "2.0",
   >   "id": 444,
   >   "method": "eth_getTransactionCount",
   >   "params": [
   >     "0xbd58a85c96cc6727859d853086fe8560bc137632",
   >     "latest"
   >   ],
   >   "internal": true
   > }
[2021/09/13 13:51:17.669] -  <   {
 <     "id": 435,
 <     "jsonrpc": "2.0",
 <     "result": "0x3635c9adc5dea00000"
 <   }
[2021/09/13 13:51:17.669] - eth_getBalance
[2021/09/13 13:51:17.670] -    > {
   >   "jsonrpc": "2.0",
   >   "id": 445,
   >   "method": "eth_getBalance",
   >   "params": [
   >     "0xe07b5ee5f738b2f87f88b99aac9c64ff1e0c7917",
   >     "latest"
   >   ],
   >   "internal": true
   > }
[2021/09/13 13:51:17.670] - eth_getTransactionCount
[2021/09/13 13:51:17.671] -    > {
   >   "jsonrpc": "2.0",
   >   "id": 446,
   >   "method": "eth_getTransactionCount",
   >   "params": [
   >     "0xe07b5ee5f738b2f87f88b99aac9c64ff1e0c7917",
   >     "latest"
   >   ],
   >   "internal": true
   > }
[2021/09/13 13:51:17.672] -  <   {
 <     "id": 436,
 <     "jsonrpc": "2.0",
 <     "result": "0x0"
 <   }
[2021/09/13 13:51:17.679] - eth_getBalance
[2021/09/13 13:51:17.679] -    > {
   >   "jsonrpc": "2.0",
   >   "id": 447,
   >   "method": "eth_getBalance",
   >   "params": [
   >     "0xbd3ff2e3aded055244d66544c9c059fa0851da44",
   >     "latest"
   >   ],
   >   "internal": true
   > }
[2021/09/13 13:51:17.679] - eth_getTransactionCount
[2021/09/13 13:51:17.679] -    > {
   >   "jsonrpc": "2.0",
   >   "id": 448,
   >   "method": "eth_getTransactionCount",
   >   "params": [
   >     "0xbd3ff2e3aded055244d66544c9c059fa0851da44",
   >     "latest"
   >   ],
   >   "internal": true
   > }
[2021/09/13 13:51:17.680] -  <   {
 <     "id": 437,
 <     "jsonrpc": "2.0",
 <     "result": "0x3635c9adc5dea00000"
 <   }
[2021/09/13 13:51:17.681] -  <   {
 <     "id": 438,
 <     "jsonrpc": "2.0",
 <     "result": "0x0"
 <   }
[2021/09/13 13:51:17.683] -  <   {
 <     "id": 439,
 <     "jsonrpc": "2.0",
 <     "result": "0x3635c9adc5dea00000"
 <   }
[2021/09/13 13:51:17.685] -  <   {
 <     "id": 440,
 <     "jsonrpc": "2.0",
 <     "result": "0x0"
 <   }
[2021/09/13 13:51:17.687] -  <   {
 <     "id": 441,
 <     "jsonrpc": "2.0",
 <     "result": "0x3635c9adc5dea00000"
 <   }
[2021/09/13 13:51:17.688] -  <   {
 <     "id": 442,
 <     "jsonrpc": "2.0",
 <     "result": "0x0"
 <   }
[2021/09/13 13:51:17.690] -  <   {
 <     "id": 443,
 <     "jsonrpc": "2.0",
 <     "result": "0x3635c9adc5dea00000"
 <   }
[2021/09/13 13:51:17.692] -  <   {
 <     "id": 444,
 <     "jsonrpc": "2.0",
 <     "result": "0x0"
 <   }
[2021/09/13 13:51:17.694] -  <   {
 <     "id": 445,
 <     "jsonrpc": "2.0",
 <     "result": "0x3635c9adc5dea00000"
 <   }
[2021/09/13 13:51:17.695] -  <   {
 <     "id": 446,
 <     "jsonrpc": "2.0",
 <     "result": "0x0"
 <   }
[2021/09/13 13:51:17.697] -  <   {
 <     "id": 447,
 <     "jsonrpc": "2.0",
 <     "result": "0x3635c9adc5dea00000"
 <   }
[2021/09/13 13:51:17.701] -  <   {
 <     "id": 448,
 <     "jsonrpc": "2.0",
 <     "result": "0x0"
 <   }
[2021/09/13 13:51:21.439] - eth_unsubscribe
[2021/09/13 13:51:21.439] -    > {
   >   "jsonrpc": "2.0",
   >   "id": 31,
   >   "method": "eth_unsubscribe",
   >   "params": [
   >     "0x3"
   >   ]
   > }
[2021/09/13 13:51:21.440] - eth_unsubscribe
[2021/09/13 13:51:21.441] -    > {
   >   "jsonrpc": "2.0",
   >   "id": 32,
   >   "method": "eth_unsubscribe",
   >   "params": [
   >     "0x4"
   >   ]
   > }
[2021/09/13 13:51:21.441] -  <   {
 <     "id": 31,
 <     "jsonrpc": "2.0",
 <     "result": true
 <   }
[2021/09/13 13:51:21.443] -  <   {
 <     "id": 32,
 <     "jsonrpc": "2.0",
 <     "result": true
 <   }
[2021/09/13 13:51:21.464] -    > {
   >   "jsonrpc": "2.0",
   >   "method": "eth_unsubscribe",
   >   "params": [
   >     "0x6"
   >   ],
   >   "id": 1631551881464
   > }
[2021/09/13 13:51:21.465] -    > {
   >   "jsonrpc": "2.0",
   >   "method": "eth_unsubscribe",
   >   "params": [
   >     "0x1"
   >   ],
   >   "id": 1631551881465
   > }
[2021/09/13 13:51:21.465] -    > {
   >   "jsonrpc": "2.0",
   >   "method": "eth_unsubscribe",
   >   "params": [
   >     "0x2"
   >   ],
   >   "id": 1631551881465
   > }
[2021/09/13 13:51:21.465] -    > {
   >   "jsonrpc": "2.0",
   >   "method": "eth_unsubscribe",
   >   "params": [
   >     "0x5"
   >   ],
   >   "id": 1631551881465
   > }
[2021/09/13 13:51:21.466] -  <   {
 <     "id": 1631551881464,
 <     "jsonrpc": "2.0",
 <     "result": true
 <   }
