[2021/09/13 13:35:08.928] - Starting server with initial configuration: {"gasLimit":9999999,"gasPrice":20000000000,"hardfork":"muirGlacier","hostname":"127.0.0.1","port":8545,"network_id":5777,"default_balance_ether":1000,"total_accounts":10,"unlocked_accounts":[],"locked":true,"vmErrorsOnRPCResponse":true,"verbose":true,"db_path":"/home/lenovo/.config/Ganache/workspaces/Quickstart/chaindata","logDirectory":"/home/lenovo/dev/udacity/flightsurety/logs"}
[2021/09/13 13:35:09.046] - eth_blockNumber
[2021/09/13 13:35:09.047] -    > {
   >   "id": 7314046975172454,
   >   "jsonrpc": "2.0",
   >   "method": "eth_blockNumber",
   >   "params": []
   > }
[2021/09/13 13:35:09.886] -  <   {
 <     "id": 7314046975172454,
 <     "jsonrpc": "2.0",
 <     "result": "0x0"
 <   }
[2021/09/13 13:35:11.075] - eth_subscribe
[2021/09/13 13:35:11.077] -    > {
   >   "jsonrpc": "2.0",
   >   "id": 1,
   >   "method": "eth_subscribe",
   >   "params": [
   >     "newHeads"
   >   ]
   > }
[2021/09/13 13:35:11.079] - eth_getLogs
[2021/09/13 13:35:11.080] -    > {
   >   "jsonrpc": "2.0",
   >   "id": 2,
   >   "method": "eth_getLogs",
   >   "params": [
   >     {
   >       "topics": []
   >     }
   >   ]
   > }
[2021/09/13 13:35:11.081] - eth_subscribe
[2021/09/13 13:35:11.082] -    > {
   >   "jsonrpc": "2.0",
   >   "id": 3,
   >   "method": "eth_subscribe",
   >   "params": [
   >     "logs",
   >     {
   >       "topics": []
   >     }
   >   ]
   > }
[2021/09/13 13:35:11.084] -  <   {
 <     "id": 1,
 <     "jsonrpc": "2.0",
 <     "result": "0x1"
 <   }
[2021/09/13 13:35:11.094] -  <   {
 <     "id": 2,
 <     "jsonrpc": "2.0",
 <     "result": []
 <   }
[2021/09/13 13:35:11.097] -  <   {
 <     "id": 3,
 <     "jsonrpc": "2.0",
 <     "result": "0x2"
 <   }
[2021/09/13 13:35:11.168] - eth_subscribe
[2021/09/13 13:35:11.169] -    > {
   >   "jsonrpc": "2.0",
   >   "id": 4,
   >   "method": "eth_subscribe",
   >   "params": [
   >     "newHeads"
   >   ]
   > }
[2021/09/13 13:35:11.170] - eth_getLogs
[2021/09/13 13:35:11.170] -    > {
   >   "jsonrpc": "2.0",
   >   "id": 5,
   >   "method": "eth_getLogs",
   >   "params": [
   >     {
   >       "topics": []
   >     }
   >   ]
   > }
[2021/09/13 13:35:11.171] - eth_subscribe
[2021/09/13 13:35:11.171] -    > {
   >   "jsonrpc": "2.0",
   >   "id": 6,
   >   "method": "eth_subscribe",
   >   "params": [
   >     "logs",
   >     {
   >       "topics": []
   >     }
   >   ]
   > }
[2021/09/13 13:35:11.172] -  <   {
 <     "id": 4,
 <     "jsonrpc": "2.0",
 <     "result": "0x3"
 <   }
[2021/09/13 13:35:11.175] -  <   {
 <     "id": 5,
 <     "jsonrpc": "2.0",
 <     "result": []
 <   }
[2021/09/13 13:35:11.177] -  <   {
 <     "id": 6,
 <     "jsonrpc": "2.0",
 <     "result": "0x4"
 <   }
[2021/09/13 13:35:11.261] - eth_blockNumber
[2021/09/13 13:35:11.261] -    > {
   >   "jsonrpc": "2.0",
   >   "id": 1,
   >   "method": "eth_blockNumber",
   >   "params": [],
   >   "internal": true
   > }
[2021/09/13 13:35:11.262] - eth_accounts
[2021/09/13 13:35:11.262] -    > {
   >   "jsonrpc": "2.0",
   >   "id": 2,
   >   "method": "eth_accounts",
   >   "params": [],
   >   "internal": true
   > }
[2021/09/13 13:35:11.263] - eth_gasPrice
[2021/09/13 13:35:11.263] -    > {
   >   "jsonrpc": "2.0",
   >   "id": 3,
   >   "method": "eth_gasPrice",
   >   "params": [],
   >   "internal": true
   > }
[2021/09/13 13:35:11.264] -  <   {
 <     "id": 1,
 <     "jsonrpc": "2.0",
 <     "result": "0x0"
 <   }
[2021/09/13 13:35:11.264] - eth_getBlockByNumber
[2021/09/13 13:35:11.264] -    > {
   >   "jsonrpc": "2.0",
   >   "id": 4,
   >   "method": "eth_getBlockByNumber",
   >   "params": [
   >     "latest",
   >     false
   >   ],
   >   "internal": true
   > }
[2021/09/13 13:35:11.265] - eth_subscribe
[2021/09/13 13:35:11.265] -    > {
   >   "jsonrpc": "2.0",
   >   "id": 5,
   >   "method": "eth_subscribe",
   >   "params": [
   >     "newHeads"
   >   ],
   >   "internal": true
   > }
[2021/09/13 13:35:11.266] -  <   {
 <     "id": 2,
 <     "jsonrpc": "2.0",
 <     "result": [
 <       "0x73a00f9c26a51cf990ec83455765883f2d417178",
 <       "0x5ea70c34a61fa6c9787b2f4d76cad30b702b3417",
 <       "0x626e44d99932515f5c57867d55f0ee202d568fa5",
 <       "0xbc32a698379bf3d9c3dbbaa49cb51ef6c39bd627",
 <       "0xab67e385111e313df974ea970d96aee76256c705",
 <       "0x600e1c861ecbbe6fd38268adbd1bc082cc773862",
 <       "0x98cbdc5e5bfdf9fbf968127e0583ab751ecc4598",
 <       "0x8146bbcb3ff3bf96f13b2d33d214009a5cf0d712",
 <       "0xca7800156f4e3cd173c46fd6654b9f9d4bf26148",
 <       "0x78bf455d14a9fc7351226c64e84776db049a5971"
 <     ]
 <   }
[2021/09/13 13:35:11.268] -  <   {
 <     "id": 3,
 <     "jsonrpc": "2.0",
 <     "result": "0x4a817c800"
 <   }
[2021/09/13 13:35:11.271] -  <   {
 <     "id": 4,
 <     "jsonrpc": "2.0",
 <     "result": {
 <       "number": "0x0",
 <       "hash": "0xcabf2178214057c118f4f3d7af83c15ae432fd7f9ca203ef73c93e1d6f8a1c64",
 <       "parentHash": "0x0000000000000000000000000000000000000000000000000000000000000000",
 <       "mixHash": "0x0000000000000000000000000000000000000000000000000000000000000000",
 <       "nonce": "0x0000000000000000",
 <       "sha3Uncles": "0x1dcc4de8dec75d7aab85b567b6ccd41ad312451b948a7413f0a142fd40d49347",
 <       "logsBloom": "0x00000000000000000000000000000000000000000000000000000000000000000000000000000000000000000000000000000000000000000000000000000000000000000000000000000000000000000000000000000000000000000000000000000000000000000000000000000000000000000000000000000000000000000000000000000000000000000000000000000000000000000000000000000000000000000000000000000000000000000000000000000000000000000000000000000000000000000000000000000000000000000000000000000000000000000000000000000000000000000000000000000000000000000000000000000000",
 <       "transactionsRoot": "0x56e81f171bcc55a6ff8345e692c0f86e5b48e01b996cadc001622fb5e363b421",
 <       "stateRoot": "0x230bf207bd2edeb25ad47beafcce51fae191b5451b5e7f492e9dcadbee7be30d",
 <       "receiptsRoot": "0x56e81f171bcc55a6ff8345e692c0f86e5b48e01b996cadc001622fb5e363b421",
 <       "miner": "0x0000000000000000000000000000000000000000",
 <       "difficulty": "0x0",
 <       "totalDifficulty": "0x0",
 <       "extraData": "0x",
 <       "size": "0x3e8",
 <       "gasLimit": "0x98967f",
 <       "gasUsed": "0x0",
 <       "timestamp": "0x613f7dbc",
 <       "transactions": [],
 <       "uncles": []
 <     }
 <   }
[2021/09/13 13:35:11.273] -  <   {
 <     "id": 5,
 <     "jsonrpc": "2.0",
 <     "result": "0x5"
 <   }
[2021/09/13 13:35:11.290] - eth_accounts
[2021/09/13 13:35:11.290] -    > {
   >   "jsonrpc": "2.0",
   >   "id": 11,
   >   "method": "eth_accounts",
   >   "params": [],
   >   "internal": true
   > }
[2021/09/13 13:35:11.292] -  <   {
 <     "id": 11,
 <     "jsonrpc": "2.0",
 <     "result": [
 <       "0x73a00f9c26a51cf990ec83455765883f2d417178",
 <       "0x5ea70c34a61fa6c9787b2f4d76cad30b702b3417",
 <       "0x626e44d99932515f5c57867d55f0ee202d568fa5",
 <       "0xbc32a698379bf3d9c3dbbaa49cb51ef6c39bd627",
 <       "0xab67e385111e313df974ea970d96aee76256c705",
 <       "0x600e1c861ecbbe6fd38268adbd1bc082cc773862",
 <       "0x98cbdc5e5bfdf9fbf968127e0583ab751ecc4598",
 <       "0x8146bbcb3ff3bf96f13b2d33d214009a5cf0d712",
 <       "0xca7800156f4e3cd173c46fd6654b9f9d4bf26148",
 <       "0x78bf455d14a9fc7351226c64e84776db049a5971"
 <     ]
 <   }
[2021/09/13 13:35:11.340] - eth_getBalance
[2021/09/13 13:35:11.341] -    > {
   >   "jsonrpc": "2.0",
   >   "id": 12,
   >   "method": "eth_getBalance",
   >   "params": [
   >     "0x73a00f9c26a51cf990ec83455765883f2d417178",
   >     "latest"
   >   ],
   >   "internal": true
   > }
[2021/09/13 13:35:11.344] -  <   {
 <     "id": 12,
 <     "jsonrpc": "2.0",
 <     "result": "0x3635c9adc5dea00000"
 <   }
[2021/09/13 13:35:11.347] - eth_getTransactionCount
[2021/09/13 13:35:11.348] -    > {
   >   "jsonrpc": "2.0",
   >   "id": 13,
   >   "method": "eth_getTransactionCount",
   >   "params": [
   >     "0x73a00f9c26a51cf990ec83455765883f2d417178",
   >     "latest"
   >   ],
   >   "internal": true
   > }
[2021/09/13 13:35:11.352] -  <   {
 <     "id": 13,
 <     "jsonrpc": "2.0",
 <     "result": "0x0"
 <   }
[2021/09/13 13:35:11.355] - eth_getBalance
[2021/09/13 13:35:11.356] -    > {
   >   "jsonrpc": "2.0",
   >   "id": 14,
   >   "method": "eth_getBalance",
   >   "params": [
   >     "0x5ea70c34a61fa6c9787b2f4d76cad30b702b3417",
   >     "latest"
   >   ],
   >   "internal": true
   > }
[2021/09/13 13:35:11.359] -  <   {
 <     "id": 14,
 <     "jsonrpc": "2.0",
 <     "result": "0x3635c9adc5dea00000"
 <   }
[2021/09/13 13:35:11.363] - eth_getTransactionCount
[2021/09/13 13:35:11.364] -    > {
   >   "jsonrpc": "2.0",
   >   "id": 15,
   >   "method": "eth_getTransactionCount",
   >   "params": [
   >     "0x5ea70c34a61fa6c9787b2f4d76cad30b702b3417",
   >     "latest"
   >   ],
   >   "internal": true
   > }
[2021/09/13 13:35:11.367] -  <   {
 <     "id": 15,
 <     "jsonrpc": "2.0",
 <     "result": "0x0"
 <   }
[2021/09/13 13:35:11.372] - eth_getBalance
[2021/09/13 13:35:11.373] -    > {
   >   "jsonrpc": "2.0",
   >   "id": 16,
   >   "method": "eth_getBalance",
   >   "params": [
   >     "0x626e44d99932515f5c57867d55f0ee202d568fa5",
   >     "latest"
   >   ],
   >   "internal": true
   > }
[2021/09/13 13:35:11.376] -  <   {
 <     "id": 16,
 <     "jsonrpc": "2.0",
 <     "result": "0x3635c9adc5dea00000"
 <   }
[2021/09/13 13:35:11.378] - eth_getTransactionCount
[2021/09/13 13:35:11.379] -    > {
   >   "jsonrpc": "2.0",
   >   "id": 17,
   >   "method": "eth_getTransactionCount",
   >   "params": [
   >     "0x626e44d99932515f5c57867d55f0ee202d568fa5",
   >     "latest"
   >   ],
   >   "internal": true
   > }
[2021/09/13 13:35:11.383] -  <   {
 <     "id": 17,
 <     "jsonrpc": "2.0",
 <     "result": "0x0"
 <   }
[2021/09/13 13:35:11.386] - eth_getBalance
[2021/09/13 13:35:11.386] -    > {
   >   "jsonrpc": "2.0",
   >   "id": 18,
   >   "method": "eth_getBalance",
   >   "params": [
   >     "0xbc32a698379bf3d9c3dbbaa49cb51ef6c39bd627",
   >     "latest"
   >   ],
   >   "internal": true
   > }
[2021/09/13 13:35:11.390] -  <   {
 <     "id": 18,
 <     "jsonrpc": "2.0",
 <     "result": "0x3635c9adc5dea00000"
 <   }
[2021/09/13 13:35:11.394] - eth_getTransactionCount
[2021/09/13 13:35:11.395] -    > {
   >   "jsonrpc": "2.0",
   >   "id": 19,
   >   "method": "eth_getTransactionCount",
   >   "params": [
   >     "0xbc32a698379bf3d9c3dbbaa49cb51ef6c39bd627",
   >     "latest"
   >   ],
   >   "internal": true
   > }
[2021/09/13 13:35:11.397] -  <   {
 <     "id": 19,
 <     "jsonrpc": "2.0",
 <     "result": "0x0"
 <   }
[2021/09/13 13:35:11.402] - eth_getBalance
[2021/09/13 13:35:11.402] -    > {
   >   "jsonrpc": "2.0",
   >   "id": 20,
   >   "method": "eth_getBalance",
   >   "params": [
   >     "0xab67e385111e313df974ea970d96aee76256c705",
   >     "latest"
   >   ],
   >   "internal": true
   > }
[2021/09/13 13:35:11.405] -  <   {
 <     "id": 20,
 <     "jsonrpc": "2.0",
 <     "result": "0x3635c9adc5dea00000"
 <   }
[2021/09/13 13:35:11.410] - eth_getTransactionCount
[2021/09/13 13:35:11.410] -    > {
   >   "jsonrpc": "2.0",
   >   "id": 21,
   >   "method": "eth_getTransactionCount",
   >   "params": [
   >     "0xab67e385111e313df974ea970d96aee76256c705",
   >     "latest"
   >   ],
   >   "internal": true
   > }
[2021/09/13 13:35:11.413] -  <   {
 <     "id": 21,
 <     "jsonrpc": "2.0",
 <     "result": "0x0"
 <   }
[2021/09/13 13:35:11.414] - eth_getBalance
[2021/09/13 13:35:11.414] -    > {
   >   "jsonrpc": "2.0",
   >   "id": 22,
   >   "method": "eth_getBalance",
   >   "params": [
   >     "0x600e1c861ecbbe6fd38268adbd1bc082cc773862",
   >     "latest"
   >   ],
   >   "internal": true
   > }
[2021/09/13 13:35:11.417] -  <   {
 <     "id": 22,
 <     "jsonrpc": "2.0",
 <     "result": "0x3635c9adc5dea00000"
 <   }
[2021/09/13 13:35:11.419] - eth_getTransactionCount
[2021/09/13 13:35:11.419] -    > {
   >   "jsonrpc": "2.0",
   >   "id": 23,
   >   "method": "eth_getTransactionCount",
   >   "params": [
   >     "0x600e1c861ecbbe6fd38268adbd1bc082cc773862",
   >     "latest"
   >   ],
   >   "internal": true
   > }
[2021/09/13 13:35:11.423] -  <   {
 <     "id": 23,
 <     "jsonrpc": "2.0",
 <     "result": "0x0"
 <   }
[2021/09/13 13:35:11.428] - eth_getBalance
[2021/09/13 13:35:11.429] -    > {
   >   "jsonrpc": "2.0",
   >   "id": 24,
   >   "method": "eth_getBalance",
   >   "params": [
   >     "0x98cbdc5e5bfdf9fbf968127e0583ab751ecc4598",
   >     "latest"
   >   ],
   >   "internal": true
   > }
[2021/09/13 13:35:11.431] -  <   {
 <     "id": 24,
 <     "jsonrpc": "2.0",
 <     "result": "0x3635c9adc5dea00000"
 <   }
[2021/09/13 13:35:11.435] - eth_getTransactionCount
[2021/09/13 13:35:11.435] -    > {
   >   "jsonrpc": "2.0",
   >   "id": 25,
   >   "method": "eth_getTransactionCount",
   >   "params": [
   >     "0x98cbdc5e5bfdf9fbf968127e0583ab751ecc4598",
   >     "latest"
   >   ],
   >   "internal": true
   > }
[2021/09/13 13:35:11.439] -  <   {
 <     "id": 25,
 <     "jsonrpc": "2.0",
 <     "result": "0x0"
 <   }
[2021/09/13 13:35:11.446] - eth_getBalance
[2021/09/13 13:35:11.446] -    > {
   >   "jsonrpc": "2.0",
   >   "id": 26,
   >   "method": "eth_getBalance",
   >   "params": [
   >     "0x8146bbcb3ff3bf96f13b2d33d214009a5cf0d712",
   >     "latest"
   >   ],
   >   "internal": true
   > }
[2021/09/13 13:35:11.450] -  <   {
 <     "id": 26,
 <     "jsonrpc": "2.0",
 <     "result": "0x3635c9adc5dea00000"
 <   }
[2021/09/13 13:35:11.451] - eth_getTransactionCount
[2021/09/13 13:35:11.452] -    > {
   >   "jsonrpc": "2.0",
   >   "id": 27,
   >   "method": "eth_getTransactionCount",
   >   "params": [
   >     "0x8146bbcb3ff3bf96f13b2d33d214009a5cf0d712",
   >     "latest"
   >   ],
   >   "internal": true
   > }
[2021/09/13 13:35:11.455] -  <   {
 <     "id": 27,
 <     "jsonrpc": "2.0",
 <     "result": "0x0"
 <   }
[2021/09/13 13:35:11.457] - eth_getBalance
[2021/09/13 13:35:11.457] -    > {
   >   "jsonrpc": "2.0",
   >   "id": 28,
   >   "method": "eth_getBalance",
   >   "params": [
   >     "0xca7800156f4e3cd173c46fd6654b9f9d4bf26148",
   >     "latest"
   >   ],
   >   "internal": true
   > }
[2021/09/13 13:35:11.460] -  <   {
 <     "id": 28,
 <     "jsonrpc": "2.0",
 <     "result": "0x3635c9adc5dea00000"
 <   }
[2021/09/13 13:35:11.461] - eth_getTransactionCount
[2021/09/13 13:35:11.461] -    > {
   >   "jsonrpc": "2.0",
   >   "id": 29,
   >   "method": "eth_getTransactionCount",
   >   "params": [
   >     "0xca7800156f4e3cd173c46fd6654b9f9d4bf26148",
   >     "latest"
   >   ],
   >   "internal": true
   > }
[2021/09/13 13:35:11.464] -  <   {
 <     "id": 29,
 <     "jsonrpc": "2.0",
 <     "result": "0x0"
 <   }
[2021/09/13 13:35:11.465] - eth_getBalance
[2021/09/13 13:35:11.465] -    > {
   >   "jsonrpc": "2.0",
   >   "id": 30,
   >   "method": "eth_getBalance",
   >   "params": [
   >     "0x78bf455d14a9fc7351226c64e84776db049a5971",
   >     "latest"
   >   ],
   >   "internal": true
   > }
[2021/09/13 13:35:11.468] -  <   {
 <     "id": 30,
 <     "jsonrpc": "2.0",
 <     "result": "0x3635c9adc5dea00000"
 <   }
[2021/09/13 13:35:11.470] - eth_getTransactionCount
[2021/09/13 13:35:11.470] -    > {
   >   "jsonrpc": "2.0",
   >   "id": 31,
   >   "method": "eth_getTransactionCount",
   >   "params": [
   >     "0x78bf455d14a9fc7351226c64e84776db049a5971",
   >     "latest"
   >   ],
   >   "internal": true
   > }
[2021/09/13 13:35:11.473] -  <   {
 <     "id": 31,
 <     "jsonrpc": "2.0",
 <     "result": "0x0"
 <   }
[2021/09/13 13:35:11.475] - eth_blockNumber
[2021/09/13 13:35:11.475] -    > {
   >   "jsonrpc": "2.0",
   >   "id": 6,
   >   "method": "eth_blockNumber",
   >   "params": [],
   >   "internal": true
   > }
[2021/09/13 13:35:11.475] - eth_accounts
[2021/09/13 13:35:11.476] -    > {
   >   "jsonrpc": "2.0",
   >   "id": 7,
   >   "method": "eth_accounts",
   >   "params": [],
   >   "internal": true
   > }
[2021/09/13 13:35:11.476] - eth_gasPrice
[2021/09/13 13:35:11.476] -    > {
   >   "jsonrpc": "2.0",
   >   "id": 8,
   >   "method": "eth_gasPrice",
   >   "params": [],
   >   "internal": true
   > }
[2021/09/13 13:35:11.477] -  <   {
 <     "id": 6,
 <     "jsonrpc": "2.0",
 <     "result": "0x0"
 <   }
[2021/09/13 13:35:11.479] -  <   {
 <     "id": 7,
 <     "jsonrpc": "2.0",
 <     "result": [
 <       "0x73a00f9c26a51cf990ec83455765883f2d417178",
 <       "0x5ea70c34a61fa6c9787b2f4d76cad30b702b3417",
 <       "0x626e44d99932515f5c57867d55f0ee202d568fa5",
 <       "0xbc32a698379bf3d9c3dbbaa49cb51ef6c39bd627",
 <       "0xab67e385111e313df974ea970d96aee76256c705",
 <       "0x600e1c861ecbbe6fd38268adbd1bc082cc773862",
 <       "0x98cbdc5e5bfdf9fbf968127e0583ab751ecc4598",
 <       "0x8146bbcb3ff3bf96f13b2d33d214009a5cf0d712",
 <       "0xca7800156f4e3cd173c46fd6654b9f9d4bf26148",
 <       "0x78bf455d14a9fc7351226c64e84776db049a5971"
 <     ]
 <   }
[2021/09/13 13:35:11.480] -  <   {
 <     "id": 8,
 <     "jsonrpc": "2.0",
 <     "result": "0x4a817c800"
 <   }
[2021/09/13 13:35:11.488] - eth_getBlockByNumber
[2021/09/13 13:35:11.488] -    > {
   >   "jsonrpc": "2.0",
   >   "id": 9,
   >   "method": "eth_getBlockByNumber",
   >   "params": [
   >     "latest",
   >     false
   >   ],
   >   "internal": true
   > }
[2021/09/13 13:35:11.489] - eth_subscribe
[2021/09/13 13:35:11.489] -    > {
   >   "jsonrpc": "2.0",
   >   "id": 10,
   >   "method": "eth_subscribe",
   >   "params": [
   >     "newHeads"
   >   ],
   >   "internal": true
   > }
[2021/09/13 13:35:11.491] -  <   {
 <     "id": 9,
 <     "jsonrpc": "2.0",
 <     "result": {
 <       "number": "0x0",
 <       "hash": "0xcabf2178214057c118f4f3d7af83c15ae432fd7f9ca203ef73c93e1d6f8a1c64",
 <       "parentHash": "0x0000000000000000000000000000000000000000000000000000000000000000",
 <       "mixHash": "0x0000000000000000000000000000000000000000000000000000000000000000",
 <       "nonce": "0x0000000000000000",
 <       "sha3Uncles": "0x1dcc4de8dec75d7aab85b567b6ccd41ad312451b948a7413f0a142fd40d49347",
 <       "logsBloom": "0x00000000000000000000000000000000000000000000000000000000000000000000000000000000000000000000000000000000000000000000000000000000000000000000000000000000000000000000000000000000000000000000000000000000000000000000000000000000000000000000000000000000000000000000000000000000000000000000000000000000000000000000000000000000000000000000000000000000000000000000000000000000000000000000000000000000000000000000000000000000000000000000000000000000000000000000000000000000000000000000000000000000000000000000000000000000",
 <       "transactionsRoot": "0x56e81f171bcc55a6ff8345e692c0f86e5b48e01b996cadc001622fb5e363b421",
 <       "stateRoot": "0x230bf207bd2edeb25ad47beafcce51fae191b5451b5e7f492e9dcadbee7be30d",
 <       "receiptsRoot": "0x56e81f171bcc55a6ff8345e692c0f86e5b48e01b996cadc001622fb5e363b421",
 <       "miner": "0x0000000000000000000000000000000000000000",
 <       "difficulty": "0x0",
 <       "totalDifficulty": "0x0",
 <       "extraData": "0x",
 <       "size": "0x3e8",
 <       "gasLimit": "0x98967f",
 <       "gasUsed": "0x0",
 <       "timestamp": "0x613f7dbc",
 <       "transactions": [],
 <       "uncles": []
 <     }
 <   }
[2021/09/13 13:35:11.492] -  <   {
 <     "id": 10,
 <     "jsonrpc": "2.0",
 <     "result": "0x6"
 <   }
[2021/09/13 13:35:11.525] - eth_getTransactionCount
[2021/09/13 13:35:11.525] -    > {
   >   "jsonrpc": "2.0",
   >   "id": 33,
   >   "method": "eth_getTransactionCount",
   >   "params": [
   >     "0x73a00f9c26a51cf990ec83455765883f2d417178",
   >     "latest"
   >   ],
   >   "internal": true
   > }
[2021/09/13 13:35:11.528] -  <   {
 <     "id": 33,
 <     "jsonrpc": "2.0",
 <     "result": "0x0"
 <   }
[2021/09/13 13:35:11.529] - eth_getBalance
[2021/09/13 13:35:11.529] -    > {
   >   "jsonrpc": "2.0",
   >   "id": 34,
   >   "method": "eth_getBalance",
   >   "params": [
   >     "0x5ea70c34a61fa6c9787b2f4d76cad30b702b3417",
   >     "latest"
   >   ],
   >   "internal": true
   > }
[2021/09/13 13:35:11.532] -  <   {
 <     "id": 34,
 <     "jsonrpc": "2.0",
 <     "result": "0x3635c9adc5dea00000"
 <   }
[2021/09/13 13:35:11.533] - eth_getTransactionCount
[2021/09/13 13:35:11.534] -    > {
   >   "jsonrpc": "2.0",
   >   "id": 35,
   >   "method": "eth_getTransactionCount",
   >   "params": [
   >     "0x5ea70c34a61fa6c9787b2f4d76cad30b702b3417",
   >     "latest"
   >   ],
   >   "internal": true
   > }
[2021/09/13 13:35:11.536] -  <   {
 <     "id": 35,
 <     "jsonrpc": "2.0",
 <     "result": "0x0"
 <   }
[2021/09/13 13:35:11.538] - eth_getBalance
[2021/09/13 13:35:11.539] -    > {
   >   "jsonrpc": "2.0",
   >   "id": 36,
   >   "method": "eth_getBalance",
   >   "params": [
   >     "0x626e44d99932515f5c57867d55f0ee202d568fa5",
   >     "latest"
   >   ],
   >   "internal": true
   > }
[2021/09/13 13:35:11.541] -  <   {
 <     "id": 36,
 <     "jsonrpc": "2.0",
 <     "result": "0x3635c9adc5dea00000"
 <   }
[2021/09/13 13:35:11.542] - eth_getTransactionCount
[2021/09/13 13:35:11.543] -    > {
   >   "jsonrpc": "2.0",
   >   "id": 37,
   >   "method": "eth_getTransactionCount",
   >   "params": [
   >     "0x626e44d99932515f5c57867d55f0ee202d568fa5",
   >     "latest"
   >   ],
   >   "internal": true
   > }
[2021/09/13 13:35:11.546] -  <   {
 <     "id": 37,
 <     "jsonrpc": "2.0",
 <     "result": "0x0"
 <   }
[2021/09/13 13:35:11.547] - eth_getBalance
[2021/09/13 13:35:11.547] -    > {
   >   "jsonrpc": "2.0",
   >   "id": 38,
   >   "method": "eth_getBalance",
   >   "params": [
   >     "0xbc32a698379bf3d9c3dbbaa49cb51ef6c39bd627",
   >     "latest"
   >   ],
   >   "internal": true
   > }
[2021/09/13 13:35:11.551] -  <   {
 <     "id": 38,
 <     "jsonrpc": "2.0",
 <     "result": "0x3635c9adc5dea00000"
 <   }
[2021/09/13 13:35:11.553] - eth_getTransactionCount
[2021/09/13 13:35:11.553] -    > {
   >   "jsonrpc": "2.0",
   >   "id": 39,
   >   "method": "eth_getTransactionCount",
   >   "params": [
   >     "0xbc32a698379bf3d9c3dbbaa49cb51ef6c39bd627",
   >     "latest"
   >   ],
   >   "internal": true
   > }
[2021/09/13 13:35:11.557] -  <   {
 <     "id": 39,
 <     "jsonrpc": "2.0",
 <     "result": "0x0"
 <   }
[2021/09/13 13:35:11.558] - eth_getBalance
[2021/09/13 13:35:11.558] -    > {
   >   "jsonrpc": "2.0",
   >   "id": 40,
   >   "method": "eth_getBalance",
   >   "params": [
   >     "0xab67e385111e313df974ea970d96aee76256c705",
   >     "latest"
   >   ],
   >   "internal": true
   > }
[2021/09/13 13:35:11.562] -  <   {
 <     "id": 40,
 <     "jsonrpc": "2.0",
 <     "result": "0x3635c9adc5dea00000"
 <   }
[2021/09/13 13:35:11.563] - eth_getTransactionCount
[2021/09/13 13:35:11.563] -    > {
   >   "jsonrpc": "2.0",
   >   "id": 41,
   >   "method": "eth_getTransactionCount",
   >   "params": [
   >     "0xab67e385111e313df974ea970d96aee76256c705",
   >     "latest"
   >   ],
   >   "internal": true
   > }
[2021/09/13 13:35:11.567] -  <   {
 <     "id": 41,
 <     "jsonrpc": "2.0",
 <     "result": "0x0"
 <   }
[2021/09/13 13:35:11.568] - eth_getBalance
[2021/09/13 13:35:11.569] -    > {
   >   "jsonrpc": "2.0",
   >   "id": 42,
   >   "method": "eth_getBalance",
   >   "params": [
   >     "0x600e1c861ecbbe6fd38268adbd1bc082cc773862",
   >     "latest"
   >   ],
   >   "internal": true
   > }
[2021/09/13 13:35:11.572] -  <   {
 <     "id": 42,
 <     "jsonrpc": "2.0",
 <     "result": "0x3635c9adc5dea00000"
 <   }
[2021/09/13 13:35:11.574] - eth_getTransactionCount
[2021/09/13 13:35:11.574] -    > {
   >   "jsonrpc": "2.0",
   >   "id": 43,
   >   "method": "eth_getTransactionCount",
   >   "params": [
   >     "0x600e1c861ecbbe6fd38268adbd1bc082cc773862",
   >     "latest"
   >   ],
   >   "internal": true
   > }
[2021/09/13 13:35:11.578] -  <   {
 <     "id": 43,
 <     "jsonrpc": "2.0",
 <     "result": "0x0"
 <   }
[2021/09/13 13:35:11.579] - eth_getBalance
[2021/09/13 13:35:11.579] -    > {
   >   "jsonrpc": "2.0",
   >   "id": 44,
   >   "method": "eth_getBalance",
   >   "params": [
   >     "0x98cbdc5e5bfdf9fbf968127e0583ab751ecc4598",
   >     "latest"
   >   ],
   >   "internal": true
   > }
[2021/09/13 13:35:11.583] -  <   {
 <     "id": 44,
 <     "jsonrpc": "2.0",
 <     "result": "0x3635c9adc5dea00000"
 <   }
[2021/09/13 13:35:11.585] - eth_getTransactionCount
[2021/09/13 13:35:11.585] -    > {
   >   "jsonrpc": "2.0",
   >   "id": 45,
   >   "method": "eth_getTransactionCount",
   >   "params": [
   >     "0x98cbdc5e5bfdf9fbf968127e0583ab751ecc4598",
   >     "latest"
   >   ],
   >   "internal": true
   > }
[2021/09/13 13:35:11.588] -  <   {
 <     "id": 45,
 <     "jsonrpc": "2.0",
 <     "result": "0x0"
 <   }
[2021/09/13 13:35:11.590] - eth_getBalance
[2021/09/13 13:35:11.590] -    > {
   >   "jsonrpc": "2.0",
   >   "id": 46,
   >   "method": "eth_getBalance",
   >   "params": [
   >     "0x8146bbcb3ff3bf96f13b2d33d214009a5cf0d712",
   >     "latest"
   >   ],
   >   "internal": true
   > }
[2021/09/13 13:35:11.593] -  <   {
 <     "id": 46,
 <     "jsonrpc": "2.0",
 <     "result": "0x3635c9adc5dea00000"
 <   }
[2021/09/13 13:35:11.595] - eth_getTransactionCount
[2021/09/13 13:35:11.595] -    > {
   >   "jsonrpc": "2.0",
   >   "id": 47,
   >   "method": "eth_getTransactionCount",
   >   "params": [
   >     "0x8146bbcb3ff3bf96f13b2d33d214009a5cf0d712",
   >     "latest"
   >   ],
   >   "internal": true
   > }
[2021/09/13 13:35:11.598] -  <   {
 <     "id": 47,
 <     "jsonrpc": "2.0",
 <     "result": "0x0"
 <   }
[2021/09/13 13:35:11.600] - eth_getBalance
[2021/09/13 13:35:11.600] -    > {
   >   "jsonrpc": "2.0",
   >   "id": 48,
   >   "method": "eth_getBalance",
   >   "params": [
   >     "0xca7800156f4e3cd173c46fd6654b9f9d4bf26148",
   >     "latest"
   >   ],
   >   "internal": true
   > }
[2021/09/13 13:35:11.603] -  <   {
 <     "id": 48,
 <     "jsonrpc": "2.0",
 <     "result": "0x3635c9adc5dea00000"
 <   }
[2021/09/13 13:35:11.606] - eth_getTransactionCount
[2021/09/13 13:35:11.606] -    > {
   >   "jsonrpc": "2.0",
   >   "id": 49,
   >   "method": "eth_getTransactionCount",
   >   "params": [
   >     "0xca7800156f4e3cd173c46fd6654b9f9d4bf26148",
   >     "latest"
   >   ],
   >   "internal": true
   > }
[2021/09/13 13:35:11.609] -  <   {
 <     "id": 49,
 <     "jsonrpc": "2.0",
 <     "result": "0x0"
 <   }
[2021/09/13 13:35:11.610] - eth_getBalance
[2021/09/13 13:35:11.611] -    > {
   >   "jsonrpc": "2.0",
   >   "id": 50,
   >   "method": "eth_getBalance",
   >   "params": [
   >     "0x78bf455d14a9fc7351226c64e84776db049a5971",
   >     "latest"
   >   ],
   >   "internal": true
   > }
[2021/09/13 13:35:11.615] -  <   {
 <     "id": 50,
 <     "jsonrpc": "2.0",
 <     "result": "0x3635c9adc5dea00000"
 <   }
[2021/09/13 13:35:11.616] - eth_getTransactionCount
[2021/09/13 13:35:11.616] -    > {
   >   "jsonrpc": "2.0",
   >   "id": 51,
   >   "method": "eth_getTransactionCount",
   >   "params": [
   >     "0x78bf455d14a9fc7351226c64e84776db049a5971",
   >     "latest"
   >   ],
   >   "internal": true
   > }
[2021/09/13 13:35:11.619] -  <   {
 <     "id": 51,
 <     "jsonrpc": "2.0",
 <     "result": "0x0"
 <   }
[2021/09/13 13:35:11.876] - eth_getBalance
[2021/09/13 13:35:11.877] -    > {
   >   "jsonrpc": "2.0",
   >   "id": 53,
   >   "method": "eth_getBalance",
   >   "params": [
   >     "0x73a00f9c26a51cf990ec83455765883f2d417178",
   >     "latest"
   >   ],
   >   "internal": true
   > }
[2021/09/13 13:35:11.880] -  <   {
 <     "id": 53,
 <     "jsonrpc": "2.0",
 <     "result": "0x3635c9adc5dea00000"
 <   }
[2021/09/13 13:35:11.882] - eth_getTransactionCount
[2021/09/13 13:35:11.882] -    > {
   >   "jsonrpc": "2.0",
   >   "id": 54,
   >   "method": "eth_getTransactionCount",
   >   "params": [
   >     "0x73a00f9c26a51cf990ec83455765883f2d417178",
   >     "latest"
   >   ],
   >   "internal": true
   > }
[2021/09/13 13:35:11.886] -  <   {
 <     "id": 54,
 <     "jsonrpc": "2.0",
 <     "result": "0x0"
 <   }
[2021/09/13 13:35:11.889] - eth_getBalance
[2021/09/13 13:35:11.890] -    > {
   >   "jsonrpc": "2.0",
   >   "id": 55,
   >   "method": "eth_getBalance",
   >   "params": [
   >     "0x5ea70c34a61fa6c9787b2f4d76cad30b702b3417",
   >     "latest"
   >   ],
   >   "internal": true
   > }
[2021/09/13 13:35:11.893] -  <   {
 <     "id": 55,
 <     "jsonrpc": "2.0",
 <     "result": "0x3635c9adc5dea00000"
 <   }
[2021/09/13 13:35:11.894] - eth_getTransactionCount
[2021/09/13 13:35:11.895] -    > {
   >   "jsonrpc": "2.0",
   >   "id": 56,
   >   "method": "eth_getTransactionCount",
   >   "params": [
   >     "0x5ea70c34a61fa6c9787b2f4d76cad30b702b3417",
   >     "latest"
   >   ],
   >   "internal": true
   > }
[2021/09/13 13:35:11.898] -  <   {
 <     "id": 56,
 <     "jsonrpc": "2.0",
 <     "result": "0x0"
 <   }
[2021/09/13 13:35:11.899] - eth_getBalance
[2021/09/13 13:35:11.900] -    > {
   >   "jsonrpc": "2.0",
   >   "id": 57,
   >   "method": "eth_getBalance",
   >   "params": [
   >     "0x626e44d99932515f5c57867d55f0ee202d568fa5",
   >     "latest"
   >   ],
   >   "internal": true
   > }
[2021/09/13 13:35:11.903] -  <   {
 <     "id": 57,
 <     "jsonrpc": "2.0",
 <     "result": "0x3635c9adc5dea00000"
 <   }
[2021/09/13 13:35:11.905] - eth_getTransactionCount
[2021/09/13 13:35:11.905] -    > {
   >   "jsonrpc": "2.0",
   >   "id": 58,
   >   "method": "eth_getTransactionCount",
   >   "params": [
   >     "0x626e44d99932515f5c57867d55f0ee202d568fa5",
   >     "latest"
   >   ],
   >   "internal": true
   > }
[2021/09/13 13:35:11.908] -  <   {
 <     "id": 58,
 <     "jsonrpc": "2.0",
 <     "result": "0x0"
 <   }
[2021/09/13 13:35:11.909] - eth_getBalance
[2021/09/13 13:35:11.909] -    > {
   >   "jsonrpc": "2.0",
   >   "id": 59,
   >   "method": "eth_getBalance",
   >   "params": [
   >     "0xbc32a698379bf3d9c3dbbaa49cb51ef6c39bd627",
   >     "latest"
   >   ],
   >   "internal": true
   > }
[2021/09/13 13:35:11.912] -  <   {
 <     "id": 59,
 <     "jsonrpc": "2.0",
 <     "result": "0x3635c9adc5dea00000"
 <   }
[2021/09/13 13:35:11.913] - eth_getTransactionCount
[2021/09/13 13:35:11.913] -    > {
   >   "jsonrpc": "2.0",
   >   "id": 60,
   >   "method": "eth_getTransactionCount",
   >   "params": [
   >     "0xbc32a698379bf3d9c3dbbaa49cb51ef6c39bd627",
   >     "latest"
   >   ],
   >   "internal": true
   > }
[2021/09/13 13:35:11.916] -  <   {
 <     "id": 60,
 <     "jsonrpc": "2.0",
 <     "result": "0x0"
 <   }
[2021/09/13 13:35:11.917] - eth_getBalance
[2021/09/13 13:35:11.918] -    > {
   >   "jsonrpc": "2.0",
   >   "id": 61,
   >   "method": "eth_getBalance",
   >   "params": [
   >     "0xab67e385111e313df974ea970d96aee76256c705",
   >     "latest"
   >   ],
   >   "internal": true
   > }
[2021/09/13 13:35:11.920] -  <   {
 <     "id": 61,
 <     "jsonrpc": "2.0",
 <     "result": "0x3635c9adc5dea00000"
 <   }
[2021/09/13 13:35:11.921] - eth_getTransactionCount
[2021/09/13 13:35:11.921] -    > {
   >   "jsonrpc": "2.0",
   >   "id": 62,
   >   "method": "eth_getTransactionCount",
   >   "params": [
   >     "0xab67e385111e313df974ea970d96aee76256c705",
   >     "latest"
   >   ],
   >   "internal": true
   > }
[2021/09/13 13:35:11.924] -  <   {
 <     "id": 62,
 <     "jsonrpc": "2.0",
 <     "result": "0x0"
 <   }
[2021/09/13 13:35:11.925] - eth_getBalance
[2021/09/13 13:35:11.925] -    > {
   >   "jsonrpc": "2.0",
   >   "id": 63,
   >   "method": "eth_getBalance",
   >   "params": [
   >     "0x600e1c861ecbbe6fd38268adbd1bc082cc773862",
   >     "latest"
   >   ],
   >   "internal": true
   > }
[2021/09/13 13:35:11.928] -  <   {
 <     "id": 63,
 <     "jsonrpc": "2.0",
 <     "result": "0x3635c9adc5dea00000"
 <   }
[2021/09/13 13:35:11.928] - eth_getTransactionCount
[2021/09/13 13:35:11.929] -    > {
   >   "jsonrpc": "2.0",
   >   "id": 64,
   >   "method": "eth_getTransactionCount",
   >   "params": [
   >     "0x600e1c861ecbbe6fd38268adbd1bc082cc773862",
   >     "latest"
   >   ],
   >   "internal": true
   > }
[2021/09/13 13:35:11.932] -  <   {
 <     "id": 64,
 <     "jsonrpc": "2.0",
 <     "result": "0x0"
 <   }
[2021/09/13 13:35:11.934] - eth_getBalance
[2021/09/13 13:35:11.934] -    > {
   >   "jsonrpc": "2.0",
   >   "id": 65,
   >   "method": "eth_getBalance",
   >   "params": [
   >     "0x98cbdc5e5bfdf9fbf968127e0583ab751ecc4598",
   >     "latest"
   >   ],
   >   "internal": true
   > }
[2021/09/13 13:35:11.937] -  <   {
 <     "id": 65,
 <     "jsonrpc": "2.0",
 <     "result": "0x3635c9adc5dea00000"
 <   }
[2021/09/13 13:35:11.938] - eth_getTransactionCount
[2021/09/13 13:35:11.938] -    > {
   >   "jsonrpc": "2.0",
   >   "id": 66,
   >   "method": "eth_getTransactionCount",
   >   "params": [
   >     "0x98cbdc5e5bfdf9fbf968127e0583ab751ecc4598",
   >     "latest"
   >   ],
   >   "internal": true
   > }
[2021/09/13 13:35:11.941] -  <   {
 <     "id": 66,
 <     "jsonrpc": "2.0",
 <     "result": "0x0"
 <   }
[2021/09/13 13:35:11.943] - eth_getBalance
[2021/09/13 13:35:11.943] -    > {
   >   "jsonrpc": "2.0",
   >   "id": 67,
   >   "method": "eth_getBalance",
   >   "params": [
   >     "0x8146bbcb3ff3bf96f13b2d33d214009a5cf0d712",
   >     "latest"
   >   ],
   >   "internal": true
   > }
[2021/09/13 13:35:11.946] -  <   {
 <     "id": 67,
 <     "jsonrpc": "2.0",
 <     "result": "0x3635c9adc5dea00000"
 <   }
[2021/09/13 13:35:11.946] - eth_getTransactionCount
[2021/09/13 13:35:11.946] -    > {
   >   "jsonrpc": "2.0",
   >   "id": 68,
   >   "method": "eth_getTransactionCount",
   >   "params": [
   >     "0x8146bbcb3ff3bf96f13b2d33d214009a5cf0d712",
   >     "latest"
   >   ],
   >   "internal": true
   > }
[2021/09/13 13:35:11.949] -  <   {
 <     "id": 68,
 <     "jsonrpc": "2.0",
 <     "result": "0x0"
 <   }
[2021/09/13 13:35:11.953] - eth_getBalance
[2021/09/13 13:35:11.953] -    > {
   >   "jsonrpc": "2.0",
   >   "id": 69,
   >   "method": "eth_getBalance",
   >   "params": [
   >     "0xca7800156f4e3cd173c46fd6654b9f9d4bf26148",
   >     "latest"
   >   ],
   >   "internal": true
   > }
[2021/09/13 13:35:11.956] -  <   {
 <     "id": 69,
 <     "jsonrpc": "2.0",
 <     "result": "0x3635c9adc5dea00000"
 <   }
[2021/09/13 13:35:11.957] - eth_getTransactionCount
[2021/09/13 13:35:11.957] -    > {
   >   "jsonrpc": "2.0",
   >   "id": 70,
   >   "method": "eth_getTransactionCount",
   >   "params": [
   >     "0xca7800156f4e3cd173c46fd6654b9f9d4bf26148",
   >     "latest"
   >   ],
   >   "internal": true
   > }
[2021/09/13 13:35:11.960] -  <   {
 <     "id": 70,
 <     "jsonrpc": "2.0",
 <     "result": "0x0"
 <   }
[2021/09/13 13:35:11.961] - eth_getBalance
[2021/09/13 13:35:11.961] -    > {
   >   "jsonrpc": "2.0",
   >   "id": 71,
   >   "method": "eth_getBalance",
   >   "params": [
   >     "0x78bf455d14a9fc7351226c64e84776db049a5971",
   >     "latest"
   >   ],
   >   "internal": true
   > }
[2021/09/13 13:35:11.965] -  <   {
 <     "id": 71,
 <     "jsonrpc": "2.0",
 <     "result": "0x3635c9adc5dea00000"
 <   }
[2021/09/13 13:35:11.965] - eth_getTransactionCount
[2021/09/13 13:35:11.966] -    > {
   >   "jsonrpc": "2.0",
   >   "id": 72,
   >   "method": "eth_getTransactionCount",
   >   "params": [
   >     "0x78bf455d14a9fc7351226c64e84776db049a5971",
   >     "latest"
   >   ],
   >   "internal": true
   > }
[2021/09/13 13:35:11.969] -  <   {
 <     "id": 72,
 <     "jsonrpc": "2.0",
 <     "result": "0x0"
 <   }
[2021/09/13 13:35:11.970] - eth_getBalance
[2021/09/13 13:35:11.971] -    > {
   >   "jsonrpc": "2.0",
   >   "id": 73,
   >   "method": "eth_getBalance",
   >   "params": [
   >     "0x73a00f9c26a51cf990ec83455765883f2d417178",
   >     "latest"
   >   ],
   >   "internal": true
   > }
[2021/09/13 13:35:11.974] -  <   {
 <     "id": 73,
 <     "jsonrpc": "2.0",
 <     "result": "0x3635c9adc5dea00000"
 <   }
[2021/09/13 13:35:11.974] - eth_getTransactionCount
[2021/09/13 13:35:11.975] -    > {
   >   "jsonrpc": "2.0",
   >   "id": 74,
   >   "method": "eth_getTransactionCount",
   >   "params": [
   >     "0x73a00f9c26a51cf990ec83455765883f2d417178",
   >     "latest"
   >   ],
   >   "internal": true
   > }
[2021/09/13 13:35:11.977] -  <   {
 <     "id": 74,
 <     "jsonrpc": "2.0",
 <     "result": "0x0"
 <   }
[2021/09/13 13:35:11.978] - eth_getBalance
[2021/09/13 13:35:11.979] -    > {
   >   "jsonrpc": "2.0",
   >   "id": 75,
   >   "method": "eth_getBalance",
   >   "params": [
   >     "0x5ea70c34a61fa6c9787b2f4d76cad30b702b3417",
   >     "latest"
   >   ],
   >   "internal": true
   > }
[2021/09/13 13:35:11.982] -  <   {
 <     "id": 75,
 <     "jsonrpc": "2.0",
 <     "result": "0x3635c9adc5dea00000"
 <   }
[2021/09/13 13:35:11.984] - eth_getTransactionCount
[2021/09/13 13:35:11.984] -    > {
   >   "jsonrpc": "2.0",
   >   "id": 76,
   >   "method": "eth_getTransactionCount",
   >   "params": [
   >     "0x5ea70c34a61fa6c9787b2f4d76cad30b702b3417",
   >     "latest"
   >   ],
   >   "internal": true
   > }
[2021/09/13 13:35:11.987] -  <   {
 <     "id": 76,
 <     "jsonrpc": "2.0",
 <     "result": "0x0"
 <   }
[2021/09/13 13:35:11.989] - eth_getBalance
[2021/09/13 13:35:11.989] -    > {
   >   "jsonrpc": "2.0",
   >   "id": 77,
   >   "method": "eth_getBalance",
   >   "params": [
   >     "0x626e44d99932515f5c57867d55f0ee202d568fa5",
   >     "latest"
   >   ],
   >   "internal": true
   > }
[2021/09/13 13:35:11.994] -  <   {
 <     "id": 77,
 <     "jsonrpc": "2.0",
 <     "result": "0x3635c9adc5dea00000"
 <   }
[2021/09/13 13:35:11.995] - eth_getTransactionCount
[2021/09/13 13:35:11.995] -    > {
   >   "jsonrpc": "2.0",
   >   "id": 78,
   >   "method": "eth_getTransactionCount",
   >   "params": [
   >     "0x626e44d99932515f5c57867d55f0ee202d568fa5",
   >     "latest"
   >   ],
   >   "internal": true
   > }
[2021/09/13 13:35:11.999] -  <   {
 <     "id": 78,
 <     "jsonrpc": "2.0",
 <     "result": "0x0"
 <   }
[2021/09/13 13:35:11.999] - eth_getBalance
[2021/09/13 13:35:12.000] -    > {
   >   "jsonrpc": "2.0",
   >   "id": 79,
   >   "method": "eth_getBalance",
   >   "params": [
   >     "0xbc32a698379bf3d9c3dbbaa49cb51ef6c39bd627",
   >     "latest"
   >   ],
   >   "internal": true
   > }
[2021/09/13 13:35:12.002] -  <   {
 <     "id": 79,
 <     "jsonrpc": "2.0",
 <     "result": "0x3635c9adc5dea00000"
 <   }
[2021/09/13 13:35:12.004] - eth_getTransactionCount
[2021/09/13 13:35:12.004] -    > {
   >   "jsonrpc": "2.0",
   >   "id": 80,
   >   "method": "eth_getTransactionCount",
   >   "params": [
   >     "0xbc32a698379bf3d9c3dbbaa49cb51ef6c39bd627",
   >     "latest"
   >   ],
   >   "internal": true
   > }
[2021/09/13 13:35:12.007] -  <   {
 <     "id": 80,
 <     "jsonrpc": "2.0",
 <     "result": "0x0"
 <   }
[2021/09/13 13:35:12.009] - eth_getBalance
[2021/09/13 13:35:12.009] -    > {
   >   "jsonrpc": "2.0",
   >   "id": 81,
   >   "method": "eth_getBalance",
   >   "params": [
   >     "0xab67e385111e313df974ea970d96aee76256c705",
   >     "latest"
   >   ],
   >   "internal": true
   > }
[2021/09/13 13:35:12.011] -  <   {
 <     "id": 81,
 <     "jsonrpc": "2.0",
 <     "result": "0x3635c9adc5dea00000"
 <   }
[2021/09/13 13:35:12.012] - eth_getTransactionCount
[2021/09/13 13:35:12.012] -    > {
   >   "jsonrpc": "2.0",
   >   "id": 82,
   >   "method": "eth_getTransactionCount",
   >   "params": [
   >     "0xab67e385111e313df974ea970d96aee76256c705",
   >     "latest"
   >   ],
   >   "internal": true
   > }
[2021/09/13 13:35:12.015] -  <   {
 <     "id": 82,
 <     "jsonrpc": "2.0",
 <     "result": "0x0"
 <   }
[2021/09/13 13:35:12.015] - eth_getBalance
[2021/09/13 13:35:12.015] -    > {
   >   "jsonrpc": "2.0",
   >   "id": 83,
   >   "method": "eth_getBalance",
   >   "params": [
   >     "0x600e1c861ecbbe6fd38268adbd1bc082cc773862",
   >     "latest"
   >   ],
   >   "internal": true
   > }
[2021/09/13 13:35:12.018] -  <   {
 <     "id": 83,
 <     "jsonrpc": "2.0",
 <     "result": "0x3635c9adc5dea00000"
 <   }
[2021/09/13 13:35:12.019] - eth_getTransactionCount
[2021/09/13 13:35:12.019] -    > {
   >   "jsonrpc": "2.0",
   >   "id": 84,
   >   "method": "eth_getTransactionCount",
   >   "params": [
   >     "0x600e1c861ecbbe6fd38268adbd1bc082cc773862",
   >     "latest"
   >   ],
   >   "internal": true
   > }
[2021/09/13 13:35:12.022] -  <   {
 <     "id": 84,
 <     "jsonrpc": "2.0",
 <     "result": "0x0"
 <   }
[2021/09/13 13:35:12.022] - eth_getBalance
[2021/09/13 13:35:12.023] -    > {
   >   "jsonrpc": "2.0",
   >   "id": 85,
   >   "method": "eth_getBalance",
   >   "params": [
   >     "0x98cbdc5e5bfdf9fbf968127e0583ab751ecc4598",
   >     "latest"
   >   ],
   >   "internal": true
   > }
[2021/09/13 13:35:12.024] -  <   {
 <     "id": 85,
 <     "jsonrpc": "2.0",
 <     "result": "0x3635c9adc5dea00000"
 <   }
[2021/09/13 13:35:12.026] - eth_getTransactionCount
[2021/09/13 13:35:12.026] -    > {
   >   "jsonrpc": "2.0",
   >   "id": 86,
   >   "method": "eth_getTransactionCount",
   >   "params": [
   >     "0x98cbdc5e5bfdf9fbf968127e0583ab751ecc4598",
   >     "latest"
   >   ],
   >   "internal": true
   > }
[2021/09/13 13:35:12.028] -  <   {
 <     "id": 86,
 <     "jsonrpc": "2.0",
 <     "result": "0x0"
 <   }
[2021/09/13 13:35:12.029] - eth_getBalance
[2021/09/13 13:35:12.029] -    > {
   >   "jsonrpc": "2.0",
   >   "id": 87,
   >   "method": "eth_getBalance",
   >   "params": [
   >     "0x8146bbcb3ff3bf96f13b2d33d214009a5cf0d712",
   >     "latest"
   >   ],
   >   "internal": true
   > }
[2021/09/13 13:35:12.032] -  <   {
 <     "id": 87,
 <     "jsonrpc": "2.0",
 <     "result": "0x3635c9adc5dea00000"
 <   }
[2021/09/13 13:35:12.032] - eth_getTransactionCount
[2021/09/13 13:35:12.033] -    > {
   >   "jsonrpc": "2.0",
   >   "id": 88,
   >   "method": "eth_getTransactionCount",
   >   "params": [
   >     "0x8146bbcb3ff3bf96f13b2d33d214009a5cf0d712",
   >     "latest"
   >   ],
   >   "internal": true
   > }
[2021/09/13 13:35:12.036] -  <   {
 <     "id": 88,
 <     "jsonrpc": "2.0",
 <     "result": "0x0"
 <   }
[2021/09/13 13:35:12.038] - eth_getBalance
[2021/09/13 13:35:12.038] -    > {
   >   "jsonrpc": "2.0",
   >   "id": 89,
   >   "method": "eth_getBalance",
   >   "params": [
   >     "0xca7800156f4e3cd173c46fd6654b9f9d4bf26148",
   >     "latest"
   >   ],
   >   "internal": true
   > }
[2021/09/13 13:35:12.041] -  <   {
 <     "id": 89,
 <     "jsonrpc": "2.0",
 <     "result": "0x3635c9adc5dea00000"
 <   }
[2021/09/13 13:35:12.042] - eth_getTransactionCount
[2021/09/13 13:35:12.043] -    > {
   >   "jsonrpc": "2.0",
   >   "id": 90,
   >   "method": "eth_getTransactionCount",
   >   "params": [
   >     "0xca7800156f4e3cd173c46fd6654b9f9d4bf26148",
   >     "latest"
   >   ],
   >   "internal": true
   > }
[2021/09/13 13:35:12.045] -  <   {
 <     "id": 90,
 <     "jsonrpc": "2.0",
 <     "result": "0x0"
 <   }
[2021/09/13 13:35:12.047] - eth_getBalance
[2021/09/13 13:35:12.047] -    > {
   >   "jsonrpc": "2.0",
   >   "id": 91,
   >   "method": "eth_getBalance",
   >   "params": [
   >     "0x78bf455d14a9fc7351226c64e84776db049a5971",
   >     "latest"
   >   ],
   >   "internal": true
   > }
[2021/09/13 13:35:12.050] -  <   {
 <     "id": 91,
 <     "jsonrpc": "2.0",
 <     "result": "0x3635c9adc5dea00000"
 <   }
[2021/09/13 13:35:12.051] - eth_getTransactionCount
[2021/09/13 13:35:12.051] -    > {
   >   "jsonrpc": "2.0",
   >   "id": 92,
   >   "method": "eth_getTransactionCount",
   >   "params": [
   >     "0x78bf455d14a9fc7351226c64e84776db049a5971",
   >     "latest"
   >   ],
   >   "internal": true
   > }
[2021/09/13 13:35:12.057] -  <   {
 <     "id": 92,
 <     "jsonrpc": "2.0",
 <     "result": "0x0"
 <   }
[2021/09/13 13:36:53.533] - eth_getBlockByNumber
[2021/09/13 13:36:53.534] -    > {
   >   "jsonrpc": "2.0",
   >   "id": 93,
   >   "method": "eth_getBlockByNumber",
   >   "params": [
   >     "0x0",
   >     true
   >   ],
   >   "internal": true
   > }
[2021/09/13 13:36:53.538] -  <   {
 <     "id": 93,
 <     "jsonrpc": "2.0",
 <     "result": {
 <       "number": "0x0",
 <       "hash": "0xcabf2178214057c118f4f3d7af83c15ae432fd7f9ca203ef73c93e1d6f8a1c64",
 <       "parentHash": "0x0000000000000000000000000000000000000000000000000000000000000000",
 <       "mixHash": "0x0000000000000000000000000000000000000000000000000000000000000000",
 <       "nonce": "0x0000000000000000",
 <       "sha3Uncles": "0x1dcc4de8dec75d7aab85b567b6ccd41ad312451b948a7413f0a142fd40d49347",
 <       "logsBloom": "0x00000000000000000000000000000000000000000000000000000000000000000000000000000000000000000000000000000000000000000000000000000000000000000000000000000000000000000000000000000000000000000000000000000000000000000000000000000000000000000000000000000000000000000000000000000000000000000000000000000000000000000000000000000000000000000000000000000000000000000000000000000000000000000000000000000000000000000000000000000000000000000000000000000000000000000000000000000000000000000000000000000000000000000000000000000000",
 <       "transactionsRoot": "0x56e81f171bcc55a6ff8345e692c0f86e5b48e01b996cadc001622fb5e363b421",
 <       "stateRoot": "0x230bf207bd2edeb25ad47beafcce51fae191b5451b5e7f492e9dcadbee7be30d",
 <       "receiptsRoot": "0x56e81f171bcc55a6ff8345e692c0f86e5b48e01b996cadc001622fb5e363b421",
 <       "miner": "0x0000000000000000000000000000000000000000",
 <       "difficulty": "0x0",
 <       "totalDifficulty": "0x0",
 <       "extraData": "0x",
 <       "size": "0x3e8",
 <       "gasLimit": "0x98967f",
 <       "gasUsed": "0x0",
 <       "timestamp": "0x613f7dbc",
 <       "transactions": [],
 <       "uncles": []
 <     }
 <   }
[2021/09/13 13:37:33.741] - eth_unsubscribe
[2021/09/13 13:37:33.742] -    > {
   >   "jsonrpc": "2.0",
   >   "id": 7,
   >   "method": "eth_unsubscribe",
   >   "params": [
   >     "0x3"
   >   ]
   > }
[2021/09/13 13:37:33.743] - eth_unsubscribe
[2021/09/13 13:37:33.744] -    > {
   >   "jsonrpc": "2.0",
   >   "id": 8,
   >   "method": "eth_unsubscribe",
   >   "params": [
   >     "0x4"
   >   ]
   > }
[2021/09/13 13:37:33.746] -  <   {
 <     "id": 7,
 <     "jsonrpc": "2.0",
 <     "result": true
 <   }
[2021/09/13 13:37:33.749] -  <   {
 <     "id": 8,
 <     "jsonrpc": "2.0",
 <     "result": true
 <   }
[2021/09/13 13:37:35.677] -    > {
   >   "jsonrpc": "2.0",
   >   "method": "eth_unsubscribe",
   >   "params": [
   >     "0x6"
   >   ],
   >   "id": 1631551055676
   > }
[2021/09/13 13:37:35.678] -    > {
   >   "jsonrpc": "2.0",
   >   "method": "eth_unsubscribe",
   >   "params": [
   >     "0x5"
   >   ],
   >   "id": 1631551055678
   > }
[2021/09/13 13:37:35.680] -    > {
   >   "jsonrpc": "2.0",
   >   "method": "eth_unsubscribe",
   >   "params": [
   >     "0x1"
   >   ],
   >   "id": 1631551055679
   > }
[2021/09/13 13:37:35.680] -    > {
   >   "jsonrpc": "2.0",
   >   "method": "eth_unsubscribe",
   >   "params": [
   >     "0x2"
   >   ],
   >   "id": 1631551055680
   > }
[2021/09/13 13:37:35.683] -  <   {
 <     "id": 1631551055676,
 <     "jsonrpc": "2.0",
 <     "result": true
 <   }
[2021/09/13 13:37:35.685] -  <   {
 <     "id": 1631551055678,
 <     "jsonrpc": "2.0",
 <     "result": true
 <   }
[2021/09/13 13:37:35.687] -  <   {
 <     "id": 1631551055679,
 <     "jsonrpc": "2.0",
 <     "result": true
 <   }
[2021/09/13 13:37:35.690] -  <   {
 <     "id": 1631551055680,
 <     "jsonrpc": "2.0",
 <     "result": true
 <   }
