[2021/09/13 13:53:14.023] - Starting server with initial configuration: {"gasLimit":9999999,"gasPrice":20000000000,"hardfork":"muirGlacier","hostname":"127.0.0.1","port":8545,"network_id":5777,"default_balance_ether":1000,"total_accounts":10,"unlocked_accounts":[],"locked":true,"vmErrorsOnRPCResponse":true,"verbose":true,"db_path":"/home/lenovo/.config/Ganache/workspaces/Quickstart/chaindata","logDirectory":"/home/lenovo/dev/udacity/flightsurety/logs"}
[2021/09/13 13:53:14.604] - eth_subscribe
[2021/09/13 13:53:14.605] -    > {
   >   "jsonrpc": "2.0",
   >   "id": 1,
   >   "method": "eth_subscribe",
   >   "params": [
   >     "newHeads"
   >   ]
   > }
[2021/09/13 13:53:14.607] - eth_getLogs
[2021/09/13 13:53:14.608] -    > {
   >   "jsonrpc": "2.0",
   >   "id": 2,
   >   "method": "eth_getLogs",
   >   "params": [
   >     {
   >       "topics": []
   >     }
   >   ]
   > }
[2021/09/13 13:53:14.609] - eth_subscribe
[2021/09/13 13:53:14.609] -    > {
   >   "jsonrpc": "2.0",
   >   "id": 3,
   >   "method": "eth_subscribe",
   >   "params": [
   >     "logs",
   >     {
   >       "topics": []
   >     }
   >   ]
   > }
[2021/09/13 13:53:14.612] -  <   {
 <     "id": 1,
 <     "jsonrpc": "2.0",
 <     "result": "0x1"
 <   }
[2021/09/13 13:53:14.626] -  <   {
 <     "id": 2,
 <     "jsonrpc": "2.0",
 <     "result": []
 <   }
[2021/09/13 13:53:14.635] -  <   {
 <     "id": 3,
 <     "jsonrpc": "2.0",
 <     "result": "0x2"
 <   }
[2021/09/13 13:53:14.658] - eth_subscribe
[2021/09/13 13:53:14.659] -    > {
   >   "jsonrpc": "2.0",
   >   "id": 4,
   >   "method": "eth_subscribe",
   >   "params": [
   >     "newHeads"
   >   ]
   > }
[2021/09/13 13:53:14.660] - eth_getLogs
[2021/09/13 13:53:14.666] -    > {
   >   "jsonrpc": "2.0",
   >   "id": 5,
   >   "method": "eth_getLogs",
   >   "params": [
   >     {
   >       "topics": []
   >     }
   >   ]
   > }
[2021/09/13 13:53:14.667] - eth_subscribe
[2021/09/13 13:53:14.667] -    > {
   >   "jsonrpc": "2.0",
   >   "id": 6,
   >   "method": "eth_subscribe",
   >   "params": [
   >     "logs",
   >     {
   >       "topics": []
   >     }
   >   ]
   > }
[2021/09/13 13:53:14.668] -  <   {
 <     "id": 4,
 <     "jsonrpc": "2.0",
 <     "result": "0x3"
 <   }
[2021/09/13 13:53:14.675] -  <   {
 <     "id": 5,
 <     "jsonrpc": "2.0",
 <     "result": []
 <   }
[2021/09/13 13:53:14.676] -  <   {
 <     "id": 6,
 <     "jsonrpc": "2.0",
 <     "result": "0x4"
 <   }
[2021/09/13 13:53:14.758] - eth_blockNumber
[2021/09/13 13:53:14.758] -    > {
   >   "jsonrpc": "2.0",
   >   "id": 1,
   >   "method": "eth_blockNumber",
   >   "params": [],
   >   "internal": true
   > }
[2021/09/13 13:53:14.759] - eth_accounts
[2021/09/13 13:53:14.759] -    > {
   >   "jsonrpc": "2.0",
   >   "id": 2,
   >   "method": "eth_accounts",
   >   "params": [],
   >   "internal": true
   > }
[2021/09/13 13:53:14.760] -  <   {
 <     "id": 1,
 <     "jsonrpc": "2.0",
 <     "result": "0x0"
 <   }
[2021/09/13 13:53:14.760] - eth_gasPrice
[2021/09/13 13:53:14.761] -    > {
   >   "jsonrpc": "2.0",
   >   "id": 3,
   >   "method": "eth_gasPrice",
   >   "params": [],
   >   "internal": true
   > }
[2021/09/13 13:53:14.761] - eth_getBlockByNumber
[2021/09/13 13:53:14.761] -    > {
   >   "jsonrpc": "2.0",
   >   "id": 4,
   >   "method": "eth_getBlockByNumber",
   >   "params": [
   >     "latest",
   >     false
   >   ],
   >   "internal": true
   > }
[2021/09/13 13:53:14.761] -  <   {
 <     "id": 2,
 <     "jsonrpc": "2.0",
 <     "result": [
 <       "0x8102e83858cfafb6337837b5d41a3c66920b4a09",
 <       "0xc4176e65db50d5677e1b7e6ec75f98dc7541723c",
 <       "0x9a574465c7ce234245b7c06be23ed75eca43ce80",
 <       "0x6d319e5aa9f6431e35e3028bec1198e90e7da935",
 <       "0xb07696ca1d5411a719429e1ba55be78400d08d3b",
 <       "0x148de66a8a9cf77b469b5c8b2d13ab2a21878217",
 <       "0x1f6f27b8bfcddfc9087896149c2e867fd0e59ab4",
 <       "0x64d9b8c798a3be53907d4ef16fca3c18f373ee28",
 <       "0x3a24b414dda5cd7878cb78c656546cfcc972fdb0",
 <       "0x5177c50893792d9b2051124b2d9786f22b22f947"
 <     ]
 <   }
[2021/09/13 13:53:14.762] - eth_subscribe
[2021/09/13 13:53:14.762] -    > {
   >   "jsonrpc": "2.0",
   >   "id": 5,
   >   "method": "eth_subscribe",
   >   "params": [
   >     "newHeads"
   >   ],
   >   "internal": true
   > }
[2021/09/13 13:53:14.764] -  <   {
 <     "id": 3,
 <     "jsonrpc": "2.0",
 <     "result": "0x4a817c800"
 <   }
[2021/09/13 13:53:14.767] -  <   {
 <     "id": 4,
 <     "jsonrpc": "2.0",
 <     "result": {
 <       "number": "0x0",
 <       "hash": "0x553be98f4d1acdd69663744b5f06bc77cabb777df1df1b561f8e7eaa4be0d0ee",
 <       "parentHash": "0x0000000000000000000000000000000000000000000000000000000000000000",
 <       "mixHash": "0x0000000000000000000000000000000000000000000000000000000000000000",
 <       "nonce": "0x0000000000000000",
 <       "sha3Uncles": "0x1dcc4de8dec75d7aab85b567b6ccd41ad312451b948a7413f0a142fd40d49347",
 <       "logsBloom": "0x00000000000000000000000000000000000000000000000000000000000000000000000000000000000000000000000000000000000000000000000000000000000000000000000000000000000000000000000000000000000000000000000000000000000000000000000000000000000000000000000000000000000000000000000000000000000000000000000000000000000000000000000000000000000000000000000000000000000000000000000000000000000000000000000000000000000000000000000000000000000000000000000000000000000000000000000000000000000000000000000000000000000000000000000000000000",
 <       "transactionsRoot": "0x56e81f171bcc55a6ff8345e692c0f86e5b48e01b996cadc001622fb5e363b421",
 <       "stateRoot": "0xc6656033ce23e3a471ff20ac1d16d476fe6cd210f6bf9a2b9d42de67f528b783",
 <       "receiptsRoot": "0x56e81f171bcc55a6ff8345e692c0f86e5b48e01b996cadc001622fb5e363b421",
 <       "miner": "0x0000000000000000000000000000000000000000",
 <       "difficulty": "0x0",
 <       "totalDifficulty": "0x0",
 <       "extraData": "0x",
 <       "size": "0x3e8",
 <       "gasLimit": "0x98967f",
 <       "gasUsed": "0x0",
 <       "timestamp": "0x613f81fa",
 <       "transactions": [],
 <       "uncles": []
 <     }
 <   }
[2021/09/13 13:53:14.768] -  <   {
 <     "id": 5,
 <     "jsonrpc": "2.0",
 <     "result": "0x5"
 <   }
[2021/09/13 13:53:14.780] - eth_accounts
[2021/09/13 13:53:14.780] -    > {
   >   "jsonrpc": "2.0",
   >   "id": 11,
   >   "method": "eth_accounts",
   >   "params": [],
   >   "internal": true
   > }
[2021/09/13 13:53:14.782] -  <   {
 <     "id": 11,
 <     "jsonrpc": "2.0",
 <     "result": [
 <       "0x8102e83858cfafb6337837b5d41a3c66920b4a09",
 <       "0xc4176e65db50d5677e1b7e6ec75f98dc7541723c",
 <       "0x9a574465c7ce234245b7c06be23ed75eca43ce80",
 <       "0x6d319e5aa9f6431e35e3028bec1198e90e7da935",
 <       "0xb07696ca1d5411a719429e1ba55be78400d08d3b",
 <       "0x148de66a8a9cf77b469b5c8b2d13ab2a21878217",
 <       "0x1f6f27b8bfcddfc9087896149c2e867fd0e59ab4",
 <       "0x64d9b8c798a3be53907d4ef16fca3c18f373ee28",
 <       "0x3a24b414dda5cd7878cb78c656546cfcc972fdb0",
 <       "0x5177c50893792d9b2051124b2d9786f22b22f947"
 <     ]
 <   }
[2021/09/13 13:53:14.824] - eth_getBalance
[2021/09/13 13:53:14.825] -    > {
   >   "jsonrpc": "2.0",
   >   "id": 12,
   >   "method": "eth_getBalance",
   >   "params": [
   >     "0x8102e83858cfafb6337837b5d41a3c66920b4a09",
   >     "latest"
   >   ],
   >   "internal": true
   > }
[2021/09/13 13:53:14.828] -  <   {
 <     "id": 12,
 <     "jsonrpc": "2.0",
 <     "result": "0x3635c9adc5dea00000"
 <   }
[2021/09/13 13:53:14.830] - eth_getTransactionCount
[2021/09/13 13:53:14.830] -    > {
   >   "jsonrpc": "2.0",
   >   "id": 13,
   >   "method": "eth_getTransactionCount",
   >   "params": [
   >     "0x8102e83858cfafb6337837b5d41a3c66920b4a09",
   >     "latest"
   >   ],
   >   "internal": true
   > }
[2021/09/13 13:53:14.833] -  <   {
 <     "id": 13,
 <     "jsonrpc": "2.0",
 <     "result": "0x0"
 <   }
[2021/09/13 13:53:14.836] - eth_getBalance
[2021/09/13 13:53:14.837] -    > {
   >   "jsonrpc": "2.0",
   >   "id": 14,
   >   "method": "eth_getBalance",
   >   "params": [
   >     "0xc4176e65db50d5677e1b7e6ec75f98dc7541723c",
   >     "latest"
   >   ],
   >   "internal": true
   > }
[2021/09/13 13:53:14.839] -  <   {
 <     "id": 14,
 <     "jsonrpc": "2.0",
 <     "result": "0x3635c9adc5dea00000"
 <   }
[2021/09/13 13:53:14.841] - eth_getTransactionCount
[2021/09/13 13:53:14.842] -    > {
   >   "jsonrpc": "2.0",
   >   "id": 15,
   >   "method": "eth_getTransactionCount",
   >   "params": [
   >     "0xc4176e65db50d5677e1b7e6ec75f98dc7541723c",
   >     "latest"
   >   ],
   >   "internal": true
   > }
[2021/09/13 13:53:14.844] -  <   {
 <     "id": 15,
 <     "jsonrpc": "2.0",
 <     "result": "0x0"
 <   }
[2021/09/13 13:53:14.848] - eth_getBalance
[2021/09/13 13:53:14.848] -    > {
   >   "jsonrpc": "2.0",
   >   "id": 16,
   >   "method": "eth_getBalance",
   >   "params": [
   >     "0x9a574465c7ce234245b7c06be23ed75eca43ce80",
   >     "latest"
   >   ],
   >   "internal": true
   > }
[2021/09/13 13:53:14.851] -  <   {
 <     "id": 16,
 <     "jsonrpc": "2.0",
 <     "result": "0x3635c9adc5dea00000"
 <   }
[2021/09/13 13:53:14.852] - eth_getTransactionCount
[2021/09/13 13:53:14.852] -    > {
   >   "jsonrpc": "2.0",
   >   "id": 17,
   >   "method": "eth_getTransactionCount",
   >   "params": [
   >     "0x9a574465c7ce234245b7c06be23ed75eca43ce80",
   >     "latest"
   >   ],
   >   "internal": true
   > }
[2021/09/13 13:53:14.855] -  <   {
 <     "id": 17,
 <     "jsonrpc": "2.0",
 <     "result": "0x0"
 <   }
[2021/09/13 13:53:14.857] - eth_getBalance
[2021/09/13 13:53:14.857] -    > {
   >   "jsonrpc": "2.0",
   >   "id": 18,
   >   "method": "eth_getBalance",
   >   "params": [
   >     "0x6d319e5aa9f6431e35e3028bec1198e90e7da935",
   >     "latest"
   >   ],
   >   "internal": true
   > }
[2021/09/13 13:53:14.860] -  <   {
 <     "id": 18,
 <     "jsonrpc": "2.0",
 <     "result": "0x3635c9adc5dea00000"
 <   }
[2021/09/13 13:53:14.863] - eth_getTransactionCount
[2021/09/13 13:53:14.863] -    > {
   >   "jsonrpc": "2.0",
   >   "id": 19,
   >   "method": "eth_getTransactionCount",
   >   "params": [
   >     "0x6d319e5aa9f6431e35e3028bec1198e90e7da935",
   >     "latest"
   >   ],
   >   "internal": true
   > }
[2021/09/13 13:53:14.866] -  <   {
 <     "id": 19,
 <     "jsonrpc": "2.0",
 <     "result": "0x0"
 <   }
[2021/09/13 13:53:14.867] - eth_getBalance
[2021/09/13 13:53:14.867] -    > {
   >   "jsonrpc": "2.0",
   >   "id": 20,
   >   "method": "eth_getBalance",
   >   "params": [
   >     "0xb07696ca1d5411a719429e1ba55be78400d08d3b",
   >     "latest"
   >   ],
   >   "internal": true
   > }
[2021/09/13 13:53:14.870] -  <   {
 <     "id": 20,
 <     "jsonrpc": "2.0",
 <     "result": "0x3635c9adc5dea00000"
 <   }
[2021/09/13 13:53:14.872] - eth_getTransactionCount
[2021/09/13 13:53:14.873] -    > {
   >   "jsonrpc": "2.0",
   >   "id": 21,
   >   "method": "eth_getTransactionCount",
   >   "params": [
   >     "0xb07696ca1d5411a719429e1ba55be78400d08d3b",
   >     "latest"
   >   ],
   >   "internal": true
   > }
[2021/09/13 13:53:14.875] -  <   {
 <     "id": 21,
 <     "jsonrpc": "2.0",
 <     "result": "0x0"
 <   }
[2021/09/13 13:53:14.877] - eth_getBalance
[2021/09/13 13:53:14.877] -    > {
   >   "jsonrpc": "2.0",
   >   "id": 22,
   >   "method": "eth_getBalance",
   >   "params": [
   >     "0x148de66a8a9cf77b469b5c8b2d13ab2a21878217",
   >     "latest"
   >   ],
   >   "internal": true
   > }
[2021/09/13 13:53:14.880] -  <   {
 <     "id": 22,
 <     "jsonrpc": "2.0",
 <     "result": "0x3635c9adc5dea00000"
 <   }
[2021/09/13 13:53:14.881] - eth_getTransactionCount
[2021/09/13 13:53:14.881] -    > {
   >   "jsonrpc": "2.0",
   >   "id": 23,
   >   "method": "eth_getTransactionCount",
   >   "params": [
   >     "0x148de66a8a9cf77b469b5c8b2d13ab2a21878217",
   >     "latest"
   >   ],
   >   "internal": true
   > }
[2021/09/13 13:53:14.884] -  <   {
 <     "id": 23,
 <     "jsonrpc": "2.0",
 <     "result": "0x0"
 <   }
[2021/09/13 13:53:14.887] - eth_getBalance
[2021/09/13 13:53:14.887] -    > {
   >   "jsonrpc": "2.0",
   >   "id": 24,
   >   "method": "eth_getBalance",
   >   "params": [
   >     "0x1f6f27b8bfcddfc9087896149c2e867fd0e59ab4",
   >     "latest"
   >   ],
   >   "internal": true
   > }
[2021/09/13 13:53:14.891] -  <   {
 <     "id": 24,
 <     "jsonrpc": "2.0",
 <     "result": "0x3635c9adc5dea00000"
 <   }
[2021/09/13 13:53:14.892] - eth_getTransactionCount
[2021/09/13 13:53:14.892] -    > {
   >   "jsonrpc": "2.0",
   >   "id": 25,
   >   "method": "eth_getTransactionCount",
   >   "params": [
   >     "0x1f6f27b8bfcddfc9087896149c2e867fd0e59ab4",
   >     "latest"
   >   ],
   >   "internal": true
   > }
[2021/09/13 13:53:14.895] -  <   {
 <     "id": 25,
 <     "jsonrpc": "2.0",
 <     "result": "0x0"
 <   }
[2021/09/13 13:53:14.898] - eth_getBalance
[2021/09/13 13:53:14.898] -    > {
   >   "jsonrpc": "2.0",
   >   "id": 26,
   >   "method": "eth_getBalance",
   >   "params": [
   >     "0x64d9b8c798a3be53907d4ef16fca3c18f373ee28",
   >     "latest"
   >   ],
   >   "internal": true
   > }
[2021/09/13 13:53:14.901] -  <   {
 <     "id": 26,
 <     "jsonrpc": "2.0",
 <     "result": "0x3635c9adc5dea00000"
 <   }
[2021/09/13 13:53:14.902] - eth_getTransactionCount
[2021/09/13 13:53:14.902] -    > {
   >   "jsonrpc": "2.0",
   >   "id": 27,
   >   "method": "eth_getTransactionCount",
   >   "params": [
   >     "0x64d9b8c798a3be53907d4ef16fca3c18f373ee28",
   >     "latest"
   >   ],
   >   "internal": true
   > }
[2021/09/13 13:53:14.905] -  <   {
 <     "id": 27,
 <     "jsonrpc": "2.0",
 <     "result": "0x0"
 <   }
[2021/09/13 13:53:14.906] - eth_getBalance
[2021/09/13 13:53:14.906] -    > {
   >   "jsonrpc": "2.0",
   >   "id": 28,
   >   "method": "eth_getBalance",
   >   "params": [
   >     "0x3a24b414dda5cd7878cb78c656546cfcc972fdb0",
   >     "latest"
   >   ],
   >   "internal": true
   > }
[2021/09/13 13:53:14.908] -  <   {
 <     "id": 28,
 <     "jsonrpc": "2.0",
 <     "result": "0x3635c9adc5dea00000"
 <   }
[2021/09/13 13:53:14.909] - eth_getTransactionCount
[2021/09/13 13:53:14.909] -    > {
   >   "jsonrpc": "2.0",
   >   "id": 29,
   >   "method": "eth_getTransactionCount",
   >   "params": [
   >     "0x3a24b414dda5cd7878cb78c656546cfcc972fdb0",
   >     "latest"
   >   ],
   >   "internal": true
   > }
[2021/09/13 13:53:14.912] -  <   {
 <     "id": 29,
 <     "jsonrpc": "2.0",
 <     "result": "0x0"
 <   }
[2021/09/13 13:53:14.912] - eth_getBalance
[2021/09/13 13:53:14.913] -    > {
   >   "jsonrpc": "2.0",
   >   "id": 30,
   >   "method": "eth_getBalance",
   >   "params": [
   >     "0x5177c50893792d9b2051124b2d9786f22b22f947",
   >     "latest"
   >   ],
   >   "internal": true
   > }
[2021/09/13 13:53:14.915] -  <   {
 <     "id": 30,
 <     "jsonrpc": "2.0",
 <     "result": "0x3635c9adc5dea00000"
 <   }
[2021/09/13 13:53:14.916] - eth_getTransactionCount
[2021/09/13 13:53:14.916] -    > {
   >   "jsonrpc": "2.0",
   >   "id": 31,
   >   "method": "eth_getTransactionCount",
   >   "params": [
   >     "0x5177c50893792d9b2051124b2d9786f22b22f947",
   >     "latest"
   >   ],
   >   "internal": true
   > }
[2021/09/13 13:53:14.919] -  <   {
 <     "id": 31,
 <     "jsonrpc": "2.0",
 <     "result": "0x0"
 <   }
[2021/09/13 13:53:14.931] - eth_blockNumber
[2021/09/13 13:53:14.931] -    > {
   >   "jsonrpc": "2.0",
   >   "id": 6,
   >   "method": "eth_blockNumber",
   >   "params": [],
   >   "internal": true
   > }
[2021/09/13 13:53:14.932] - eth_accounts
[2021/09/13 13:53:14.932] -    > {
   >   "jsonrpc": "2.0",
   >   "id": 7,
   >   "method": "eth_accounts",
   >   "params": [],
   >   "internal": true
   > }
[2021/09/13 13:53:14.932] - eth_gasPrice
[2021/09/13 13:53:14.932] -    > {
   >   "jsonrpc": "2.0",
   >   "id": 8,
   >   "method": "eth_gasPrice",
   >   "params": [],
   >   "internal": true
   > }
[2021/09/13 13:53:14.933] -  <   {
 <     "id": 6,
 <     "jsonrpc": "2.0",
 <     "result": "0x0"
 <   }
[2021/09/13 13:53:14.935] -  <   {
 <     "id": 7,
 <     "jsonrpc": "2.0",
 <     "result": [
 <       "0x8102e83858cfafb6337837b5d41a3c66920b4a09",
 <       "0xc4176e65db50d5677e1b7e6ec75f98dc7541723c",
 <       "0x9a574465c7ce234245b7c06be23ed75eca43ce80",
 <       "0x6d319e5aa9f6431e35e3028bec1198e90e7da935",
 <       "0xb07696ca1d5411a719429e1ba55be78400d08d3b",
 <       "0x148de66a8a9cf77b469b5c8b2d13ab2a21878217",
 <       "0x1f6f27b8bfcddfc9087896149c2e867fd0e59ab4",
 <       "0x64d9b8c798a3be53907d4ef16fca3c18f373ee28",
 <       "0x3a24b414dda5cd7878cb78c656546cfcc972fdb0",
 <       "0x5177c50893792d9b2051124b2d9786f22b22f947"
 <     ]
 <   }
[2021/09/13 13:53:14.936] -  <   {
 <     "id": 8,
 <     "jsonrpc": "2.0",
 <     "result": "0x4a817c800"
 <   }
[2021/09/13 13:53:14.965] - eth_getTransactionCount
[2021/09/13 13:53:14.965] -    > {
   >   "jsonrpc": "2.0",
   >   "id": 33,
   >   "method": "eth_getTransactionCount",
   >   "params": [
   >     "0x8102e83858cfafb6337837b5d41a3c66920b4a09",
   >     "latest"
   >   ],
   >   "internal": true
   > }
[2021/09/13 13:53:14.967] -  <   {
 <     "id": 33,
 <     "jsonrpc": "2.0",
 <     "result": "0x0"
 <   }
[2021/09/13 13:53:14.968] - eth_getBalance
[2021/09/13 13:53:14.968] -    > {
   >   "jsonrpc": "2.0",
   >   "id": 34,
   >   "method": "eth_getBalance",
   >   "params": [
   >     "0xc4176e65db50d5677e1b7e6ec75f98dc7541723c",
   >     "latest"
   >   ],
   >   "internal": true
   > }
[2021/09/13 13:53:14.971] -  <   {
 <     "id": 34,
 <     "jsonrpc": "2.0",
 <     "result": "0x3635c9adc5dea00000"
 <   }
[2021/09/13 13:53:14.971] - eth_getTransactionCount
[2021/09/13 13:53:14.971] -    > {
   >   "jsonrpc": "2.0",
   >   "id": 35,
   >   "method": "eth_getTransactionCount",
   >   "params": [
   >     "0xc4176e65db50d5677e1b7e6ec75f98dc7541723c",
   >     "latest"
   >   ],
   >   "internal": true
   > }
[2021/09/13 13:53:14.974] -  <   {
 <     "id": 35,
 <     "jsonrpc": "2.0",
 <     "result": "0x0"
 <   }
[2021/09/13 13:53:14.975] - eth_getBalance
[2021/09/13 13:53:14.975] -    > {
   >   "jsonrpc": "2.0",
   >   "id": 36,
   >   "method": "eth_getBalance",
   >   "params": [
   >     "0x9a574465c7ce234245b7c06be23ed75eca43ce80",
   >     "latest"
   >   ],
   >   "internal": true
   > }
[2021/09/13 13:53:14.978] -  <   {
 <     "id": 36,
 <     "jsonrpc": "2.0",
 <     "result": "0x3635c9adc5dea00000"
 <   }
[2021/09/13 13:53:14.978] - eth_getTransactionCount
[2021/09/13 13:53:14.978] -    > {
   >   "jsonrpc": "2.0",
   >   "id": 37,
   >   "method": "eth_getTransactionCount",
   >   "params": [
   >     "0x9a574465c7ce234245b7c06be23ed75eca43ce80",
   >     "latest"
   >   ],
   >   "internal": true
   > }
[2021/09/13 13:53:14.981] -  <   {
 <     "id": 37,
 <     "jsonrpc": "2.0",
 <     "result": "0x0"
 <   }
[2021/09/13 13:53:14.982] - eth_getBalance
[2021/09/13 13:53:14.982] -    > {
   >   "jsonrpc": "2.0",
   >   "id": 38,
   >   "method": "eth_getBalance",
   >   "params": [
   >     "0x6d319e5aa9f6431e35e3028bec1198e90e7da935",
   >     "latest"
   >   ],
   >   "internal": true
   > }
[2021/09/13 13:53:14.984] -  <   {
 <     "id": 38,
 <     "jsonrpc": "2.0",
 <     "result": "0x3635c9adc5dea00000"
 <   }
[2021/09/13 13:53:14.985] - eth_getTransactionCount
[2021/09/13 13:53:14.986] -    > {
   >   "jsonrpc": "2.0",
   >   "id": 39,
   >   "method": "eth_getTransactionCount",
   >   "params": [
   >     "0x6d319e5aa9f6431e35e3028bec1198e90e7da935",
   >     "latest"
   >   ],
   >   "internal": true
   > }
[2021/09/13 13:53:14.988] -  <   {
 <     "id": 39,
 <     "jsonrpc": "2.0",
 <     "result": "0x0"
 <   }
[2021/09/13 13:53:14.989] - eth_getBalance
[2021/09/13 13:53:14.989] -    > {
   >   "jsonrpc": "2.0",
   >   "id": 40,
   >   "method": "eth_getBalance",
   >   "params": [
   >     "0xb07696ca1d5411a719429e1ba55be78400d08d3b",
   >     "latest"
   >   ],
   >   "internal": true
   > }
[2021/09/13 13:53:14.992] -  <   {
 <     "id": 40,
 <     "jsonrpc": "2.0",
 <     "result": "0x3635c9adc5dea00000"
 <   }
[2021/09/13 13:53:14.992] - eth_getTransactionCount
[2021/09/13 13:53:14.992] -    > {
   >   "jsonrpc": "2.0",
   >   "id": 41,
   >   "method": "eth_getTransactionCount",
   >   "params": [
   >     "0xb07696ca1d5411a719429e1ba55be78400d08d3b",
   >     "latest"
   >   ],
   >   "internal": true
   > }
[2021/09/13 13:53:14.995] -  <   {
 <     "id": 41,
 <     "jsonrpc": "2.0",
 <     "result": "0x0"
 <   }
[2021/09/13 13:53:14.996] - eth_getBalance
[2021/09/13 13:53:14.996] -    > {
   >   "jsonrpc": "2.0",
   >   "id": 42,
   >   "method": "eth_getBalance",
   >   "params": [
   >     "0x148de66a8a9cf77b469b5c8b2d13ab2a21878217",
   >     "latest"
   >   ],
   >   "internal": true
   > }
[2021/09/13 13:53:14.999] -  <   {
 <     "id": 42,
 <     "jsonrpc": "2.0",
 <     "result": "0x3635c9adc5dea00000"
 <   }
[2021/09/13 13:53:14.999] - eth_getTransactionCount
[2021/09/13 13:53:15.000] -    > {
   >   "jsonrpc": "2.0",
   >   "id": 43,
   >   "method": "eth_getTransactionCount",
   >   "params": [
   >     "0x148de66a8a9cf77b469b5c8b2d13ab2a21878217",
   >     "latest"
   >   ],
   >   "internal": true
   > }
[2021/09/13 13:53:15.001] -  <   {
 <     "id": 43,
 <     "jsonrpc": "2.0",
 <     "result": "0x0"
 <   }
[2021/09/13 13:53:15.005] - eth_getBalance
[2021/09/13 13:53:15.005] -    > {
   >   "jsonrpc": "2.0",
   >   "id": 44,
   >   "method": "eth_getBalance",
   >   "params": [
   >     "0x1f6f27b8bfcddfc9087896149c2e867fd0e59ab4",
   >     "latest"
   >   ],
   >   "internal": true
   > }
[2021/09/13 13:53:15.008] -  <   {
 <     "id": 44,
 <     "jsonrpc": "2.0",
 <     "result": "0x3635c9adc5dea00000"
 <   }
[2021/09/13 13:53:15.009] - eth_getTransactionCount
[2021/09/13 13:53:15.010] -    > {
   >   "jsonrpc": "2.0",
   >   "id": 45,
   >   "method": "eth_getTransactionCount",
   >   "params": [
   >     "0x1f6f27b8bfcddfc9087896149c2e867fd0e59ab4",
   >     "latest"
   >   ],
   >   "internal": true
   > }
[2021/09/13 13:53:15.013] -  <   {
 <     "id": 45,
 <     "jsonrpc": "2.0",
 <     "result": "0x0"
 <   }
[2021/09/13 13:53:15.014] - eth_getBalance
[2021/09/13 13:53:15.015] -    > {
   >   "jsonrpc": "2.0",
   >   "id": 46,
   >   "method": "eth_getBalance",
   >   "params": [
   >     "0x64d9b8c798a3be53907d4ef16fca3c18f373ee28",
   >     "latest"
   >   ],
   >   "internal": true
   > }
[2021/09/13 13:53:15.018] -  <   {
 <     "id": 46,
 <     "jsonrpc": "2.0",
 <     "result": "0x3635c9adc5dea00000"
 <   }
[2021/09/13 13:53:15.019] - eth_getTransactionCount
[2021/09/13 13:53:15.019] -    > {
   >   "jsonrpc": "2.0",
   >   "id": 47,
   >   "method": "eth_getTransactionCount",
   >   "params": [
   >     "0x64d9b8c798a3be53907d4ef16fca3c18f373ee28",
   >     "latest"
   >   ],
   >   "internal": true
   > }
[2021/09/13 13:53:15.023] -  <   {
 <     "id": 47,
 <     "jsonrpc": "2.0",
 <     "result": "0x0"
 <   }
[2021/09/13 13:53:15.024] - eth_getBalance
[2021/09/13 13:53:15.024] -    > {
   >   "jsonrpc": "2.0",
   >   "id": 48,
   >   "method": "eth_getBalance",
   >   "params": [
   >     "0x3a24b414dda5cd7878cb78c656546cfcc972fdb0",
   >     "latest"
   >   ],
   >   "internal": true
   > }
[2021/09/13 13:53:15.027] -  <   {
 <     "id": 48,
 <     "jsonrpc": "2.0",
 <     "result": "0x3635c9adc5dea00000"
 <   }
[2021/09/13 13:53:15.029] - eth_getTransactionCount
[2021/09/13 13:53:15.029] -    > {
   >   "jsonrpc": "2.0",
   >   "id": 49,
   >   "method": "eth_getTransactionCount",
   >   "params": [
   >     "0x3a24b414dda5cd7878cb78c656546cfcc972fdb0",
   >     "latest"
   >   ],
   >   "internal": true
   > }
[2021/09/13 13:53:15.032] -  <   {
 <     "id": 49,
 <     "jsonrpc": "2.0",
 <     "result": "0x0"
 <   }
[2021/09/13 13:53:15.033] - eth_getBalance
[2021/09/13 13:53:15.034] -    > {
   >   "jsonrpc": "2.0",
   >   "id": 50,
   >   "method": "eth_getBalance",
   >   "params": [
   >     "0x5177c50893792d9b2051124b2d9786f22b22f947",
   >     "latest"
   >   ],
   >   "internal": true
   > }
[2021/09/13 13:53:15.037] -  <   {
 <     "id": 50,
 <     "jsonrpc": "2.0",
 <     "result": "0x3635c9adc5dea00000"
 <   }
[2021/09/13 13:53:15.038] - eth_getTransactionCount
[2021/09/13 13:53:15.038] -    > {
   >   "jsonrpc": "2.0",
   >   "id": 51,
   >   "method": "eth_getTransactionCount",
   >   "params": [
   >     "0x5177c50893792d9b2051124b2d9786f22b22f947",
   >     "latest"
   >   ],
   >   "internal": true
   > }
[2021/09/13 13:53:15.041] -  <   {
 <     "id": 51,
 <     "jsonrpc": "2.0",
 <     "result": "0x0"
 <   }
[2021/09/13 13:53:15.047] - eth_getBlockByNumber
[2021/09/13 13:53:15.048] -    > {
   >   "jsonrpc": "2.0",
   >   "id": 9,
   >   "method": "eth_getBlockByNumber",
   >   "params": [
   >     "latest",
   >     false
   >   ],
   >   "internal": true
   > }
[2021/09/13 13:53:15.048] - eth_subscribe
[2021/09/13 13:53:15.049] -    > {
   >   "jsonrpc": "2.0",
   >   "id": 10,
   >   "method": "eth_subscribe",
   >   "params": [
   >     "newHeads"
   >   ],
   >   "internal": true
   > }
[2021/09/13 13:53:15.051] -  <   {
 <     "id": 9,
 <     "jsonrpc": "2.0",
 <     "result": {
 <       "number": "0x0",
 <       "hash": "0x553be98f4d1acdd69663744b5f06bc77cabb777df1df1b561f8e7eaa4be0d0ee",
 <       "parentHash": "0x0000000000000000000000000000000000000000000000000000000000000000",
 <       "mixHash": "0x0000000000000000000000000000000000000000000000000000000000000000",
 <       "nonce": "0x0000000000000000",
 <       "sha3Uncles": "0x1dcc4de8dec75d7aab85b567b6ccd41ad312451b948a7413f0a142fd40d49347",
 <       "logsBloom": "0x00000000000000000000000000000000000000000000000000000000000000000000000000000000000000000000000000000000000000000000000000000000000000000000000000000000000000000000000000000000000000000000000000000000000000000000000000000000000000000000000000000000000000000000000000000000000000000000000000000000000000000000000000000000000000000000000000000000000000000000000000000000000000000000000000000000000000000000000000000000000000000000000000000000000000000000000000000000000000000000000000000000000000000000000000000000",
 <       "transactionsRoot": "0x56e81f171bcc55a6ff8345e692c0f86e5b48e01b996cadc001622fb5e363b421",
 <       "stateRoot": "0xc6656033ce23e3a471ff20ac1d16d476fe6cd210f6bf9a2b9d42de67f528b783",
 <       "receiptsRoot": "0x56e81f171bcc55a6ff8345e692c0f86e5b48e01b996cadc001622fb5e363b421",
 <       "miner": "0x0000000000000000000000000000000000000000",
 <       "difficulty": "0x0",
 <       "totalDifficulty": "0x0",
 <       "extraData": "0x",
 <       "size": "0x3e8",
 <       "gasLimit": "0x98967f",
 <       "gasUsed": "0x0",
 <       "timestamp": "0x613f81fa",
 <       "transactions": [],
 <       "uncles": []
 <     }
 <   }
[2021/09/13 13:53:15.052] -  <   {
 <     "id": 10,
 <     "jsonrpc": "2.0",
 <     "result": "0x6"
 <   }
[2021/09/13 13:53:15.154] - eth_blockNumber
[2021/09/13 13:53:15.155] -    > {
   >   "id": 7314046975172515,
   >   "jsonrpc": "2.0",
   >   "method": "eth_blockNumber",
   >   "params": []
   > }
[2021/09/13 13:53:15.156] -  <   {
 <     "id": 7314046975172515,
 <     "jsonrpc": "2.0",
 <     "result": "0x0"
 <   }
[2021/09/13 13:53:15.167] - eth_getBalance
[2021/09/13 13:53:15.168] -    > {
   >   "id": 4966565219072293,
   >   "jsonrpc": "2.0",
   >   "method": "eth_getBalance",
   >   "params": [
   >     "0x620616c50dd2fa7c2c622295a59058d0fa371c26",
   >     "0x0"
   >   ]
   > }
[2021/09/13 13:53:15.171] -  <   {
 <     "id": 4966565219072293,
 <     "jsonrpc": "2.0",
 <     "result": "0x0"
 <   }
[2021/09/13 13:53:15.310] - eth_getBalance
[2021/09/13 13:53:15.310] -    > {
   >   "jsonrpc": "2.0",
   >   "id": 53,
   >   "method": "eth_getBalance",
   >   "params": [
   >     "0x8102e83858cfafb6337837b5d41a3c66920b4a09",
   >     "latest"
   >   ],
   >   "internal": true
   > }
[2021/09/13 13:53:15.312] -  <   {
 <     "id": 53,
 <     "jsonrpc": "2.0",
 <     "result": "0x3635c9adc5dea00000"
 <   }
[2021/09/13 13:53:15.314] - eth_getTransactionCount
[2021/09/13 13:53:15.314] -    > {
   >   "jsonrpc": "2.0",
   >   "id": 54,
   >   "method": "eth_getTransactionCount",
   >   "params": [
   >     "0x8102e83858cfafb6337837b5d41a3c66920b4a09",
   >     "latest"
   >   ],
   >   "internal": true
   > }
[2021/09/13 13:53:15.317] -  <   {
 <     "id": 54,
 <     "jsonrpc": "2.0",
 <     "result": "0x0"
 <   }
[2021/09/13 13:53:15.318] - eth_getBalance
[2021/09/13 13:53:15.318] -    > {
   >   "jsonrpc": "2.0",
   >   "id": 55,
   >   "method": "eth_getBalance",
   >   "params": [
   >     "0xc4176e65db50d5677e1b7e6ec75f98dc7541723c",
   >     "latest"
   >   ],
   >   "internal": true
   > }
[2021/09/13 13:53:15.320] -  <   {
 <     "id": 55,
 <     "jsonrpc": "2.0",
 <     "result": "0x3635c9adc5dea00000"
 <   }
[2021/09/13 13:53:15.321] - eth_getTransactionCount
[2021/09/13 13:53:15.322] -    > {
   >   "jsonrpc": "2.0",
   >   "id": 56,
   >   "method": "eth_getTransactionCount",
   >   "params": [
   >     "0xc4176e65db50d5677e1b7e6ec75f98dc7541723c",
   >     "latest"
   >   ],
   >   "internal": true
   > }
[2021/09/13 13:53:15.324] -  <   {
 <     "id": 56,
 <     "jsonrpc": "2.0",
 <     "result": "0x0"
 <   }
[2021/09/13 13:53:15.325] - eth_getBalance
[2021/09/13 13:53:15.325] -    > {
   >   "jsonrpc": "2.0",
   >   "id": 57,
   >   "method": "eth_getBalance",
   >   "params": [
   >     "0x9a574465c7ce234245b7c06be23ed75eca43ce80",
   >     "latest"
   >   ],
   >   "internal": true
   > }
[2021/09/13 13:53:15.328] -  <   {
 <     "id": 57,
 <     "jsonrpc": "2.0",
 <     "result": "0x3635c9adc5dea00000"
 <   }
[2021/09/13 13:53:15.329] - eth_getTransactionCount
[2021/09/13 13:53:15.329] -    > {
   >   "jsonrpc": "2.0",
   >   "id": 58,
   >   "method": "eth_getTransactionCount",
   >   "params": [
   >     "0x9a574465c7ce234245b7c06be23ed75eca43ce80",
   >     "latest"
   >   ],
   >   "internal": true
   > }
[2021/09/13 13:53:15.331] -  <   {
 <     "id": 58,
 <     "jsonrpc": "2.0",
 <     "result": "0x0"
 <   }
[2021/09/13 13:53:15.332] - eth_getBalance
[2021/09/13 13:53:15.332] -    > {
   >   "jsonrpc": "2.0",
   >   "id": 59,
   >   "method": "eth_getBalance",
   >   "params": [
   >     "0x6d319e5aa9f6431e35e3028bec1198e90e7da935",
   >     "latest"
   >   ],
   >   "internal": true
   > }
[2021/09/13 13:53:15.335] -  <   {
 <     "id": 59,
 <     "jsonrpc": "2.0",
 <     "result": "0x3635c9adc5dea00000"
 <   }
[2021/09/13 13:53:15.336] - eth_getTransactionCount
[2021/09/13 13:53:15.336] -    > {
   >   "jsonrpc": "2.0",
   >   "id": 60,
   >   "method": "eth_getTransactionCount",
   >   "params": [
   >     "0x6d319e5aa9f6431e35e3028bec1198e90e7da935",
   >     "latest"
   >   ],
   >   "internal": true
   > }
[2021/09/13 13:53:15.339] -  <   {
 <     "id": 60,
 <     "jsonrpc": "2.0",
 <     "result": "0x0"
 <   }
[2021/09/13 13:53:15.341] - eth_getBalance
[2021/09/13 13:53:15.341] -    > {
   >   "jsonrpc": "2.0",
   >   "id": 61,
   >   "method": "eth_getBalance",
   >   "params": [
   >     "0xb07696ca1d5411a719429e1ba55be78400d08d3b",
   >     "latest"
   >   ],
   >   "internal": true
   > }
[2021/09/13 13:53:15.344] -  <   {
 <     "id": 61,
 <     "jsonrpc": "2.0",
 <     "result": "0x3635c9adc5dea00000"
 <   }
[2021/09/13 13:53:15.346] - eth_getTransactionCount
[2021/09/13 13:53:15.346] -    > {
   >   "jsonrpc": "2.0",
   >   "id": 62,
   >   "method": "eth_getTransactionCount",
   >   "params": [
   >     "0xb07696ca1d5411a719429e1ba55be78400d08d3b",
   >     "latest"
   >   ],
   >   "internal": true
   > }
[2021/09/13 13:53:15.349] -  <   {
 <     "id": 62,
 <     "jsonrpc": "2.0",
 <     "result": "0x0"
 <   }
[2021/09/13 13:53:15.351] - eth_getBalance
[2021/09/13 13:53:15.351] -    > {
   >   "jsonrpc": "2.0",
   >   "id": 63,
   >   "method": "eth_getBalance",
   >   "params": [
   >     "0x148de66a8a9cf77b469b5c8b2d13ab2a21878217",
   >     "latest"
   >   ],
   >   "internal": true
   > }
[2021/09/13 13:53:15.354] -  <   {
 <     "id": 63,
 <     "jsonrpc": "2.0",
 <     "result": "0x3635c9adc5dea00000"
 <   }
[2021/09/13 13:53:15.356] - eth_getTransactionCount
[2021/09/13 13:53:15.356] -    > {
   >   "jsonrpc": "2.0",
   >   "id": 64,
   >   "method": "eth_getTransactionCount",
   >   "params": [
   >     "0x148de66a8a9cf77b469b5c8b2d13ab2a21878217",
   >     "latest"
   >   ],
   >   "internal": true
   > }
[2021/09/13 13:53:15.359] -  <   {
 <     "id": 64,
 <     "jsonrpc": "2.0",
 <     "result": "0x0"
 <   }
[2021/09/13 13:53:15.359] - eth_getBalance
[2021/09/13 13:53:15.360] -    > {
   >   "jsonrpc": "2.0",
   >   "id": 65,
   >   "method": "eth_getBalance",
   >   "params": [
   >     "0x1f6f27b8bfcddfc9087896149c2e867fd0e59ab4",
   >     "latest"
   >   ],
   >   "internal": true
   > }
[2021/09/13 13:53:15.363] -  <   {
 <     "id": 65,
 <     "jsonrpc": "2.0",
 <     "result": "0x3635c9adc5dea00000"
 <   }
[2021/09/13 13:53:15.365] - eth_getTransactionCount
[2021/09/13 13:53:15.365] -    > {
   >   "jsonrpc": "2.0",
   >   "id": 66,
   >   "method": "eth_getTransactionCount",
   >   "params": [
   >     "0x1f6f27b8bfcddfc9087896149c2e867fd0e59ab4",
   >     "latest"
   >   ],
   >   "internal": true
   > }
[2021/09/13 13:53:15.369] -  <   {
 <     "id": 66,
 <     "jsonrpc": "2.0",
 <     "result": "0x0"
 <   }
[2021/09/13 13:53:15.369] - eth_getBalance
[2021/09/13 13:53:15.370] -    > {
   >   "jsonrpc": "2.0",
   >   "id": 67,
   >   "method": "eth_getBalance",
   >   "params": [
   >     "0x64d9b8c798a3be53907d4ef16fca3c18f373ee28",
   >     "latest"
   >   ],
   >   "internal": true
   > }
[2021/09/13 13:53:15.373] -  <   {
 <     "id": 67,
 <     "jsonrpc": "2.0",
 <     "result": "0x3635c9adc5dea00000"
 <   }
[2021/09/13 13:53:15.375] - eth_getTransactionCount
[2021/09/13 13:53:15.376] -    > {
   >   "jsonrpc": "2.0",
   >   "id": 68,
   >   "method": "eth_getTransactionCount",
   >   "params": [
   >     "0x64d9b8c798a3be53907d4ef16fca3c18f373ee28",
   >     "latest"
   >   ],
   >   "internal": true
   > }
[2021/09/13 13:53:15.378] -  <   {
 <     "id": 68,
 <     "jsonrpc": "2.0",
 <     "result": "0x0"
 <   }
[2021/09/13 13:53:15.381] - eth_getBalance
[2021/09/13 13:53:15.382] -    > {
   >   "jsonrpc": "2.0",
   >   "id": 69,
   >   "method": "eth_getBalance",
   >   "params": [
   >     "0x3a24b414dda5cd7878cb78c656546cfcc972fdb0",
   >     "latest"
   >   ],
   >   "internal": true
   > }
[2021/09/13 13:53:15.385] -  <   {
 <     "id": 69,
 <     "jsonrpc": "2.0",
 <     "result": "0x3635c9adc5dea00000"
 <   }
[2021/09/13 13:53:15.393] - eth_getTransactionCount
[2021/09/13 13:53:15.394] -    > {
   >   "jsonrpc": "2.0",
   >   "id": 70,
   >   "method": "eth_getTransactionCount",
   >   "params": [
   >     "0x3a24b414dda5cd7878cb78c656546cfcc972fdb0",
   >     "latest"
   >   ],
   >   "internal": true
   > }
[2021/09/13 13:53:15.396] -  <   {
 <     "id": 70,
 <     "jsonrpc": "2.0",
 <     "result": "0x0"
 <   }
[2021/09/13 13:53:15.398] - eth_getBalance
[2021/09/13 13:53:15.398] -    > {
   >   "jsonrpc": "2.0",
   >   "id": 71,
   >   "method": "eth_getBalance",
   >   "params": [
   >     "0x5177c50893792d9b2051124b2d9786f22b22f947",
   >     "latest"
   >   ],
   >   "internal": true
   > }
[2021/09/13 13:53:15.400] -  <   {
 <     "id": 71,
 <     "jsonrpc": "2.0",
 <     "result": "0x3635c9adc5dea00000"
 <   }
[2021/09/13 13:53:15.401] - eth_getTransactionCount
[2021/09/13 13:53:15.401] -    > {
   >   "jsonrpc": "2.0",
   >   "id": 72,
   >   "method": "eth_getTransactionCount",
   >   "params": [
   >     "0x5177c50893792d9b2051124b2d9786f22b22f947",
   >     "latest"
   >   ],
   >   "internal": true
   > }
[2021/09/13 13:53:15.404] -  <   {
 <     "id": 72,
 <     "jsonrpc": "2.0",
 <     "result": "0x0"
 <   }
[2021/09/13 13:53:15.407] - eth_getBalance
[2021/09/13 13:53:15.407] -    > {
   >   "jsonrpc": "2.0",
   >   "id": 73,
   >   "method": "eth_getBalance",
   >   "params": [
   >     "0x8102e83858cfafb6337837b5d41a3c66920b4a09",
   >     "latest"
   >   ],
   >   "internal": true
   > }
[2021/09/13 13:53:15.410] -  <   {
 <     "id": 73,
 <     "jsonrpc": "2.0",
 <     "result": "0x3635c9adc5dea00000"
 <   }
[2021/09/13 13:53:15.412] - eth_getTransactionCount
[2021/09/13 13:53:15.413] -    > {
   >   "jsonrpc": "2.0",
   >   "id": 74,
   >   "method": "eth_getTransactionCount",
   >   "params": [
   >     "0x8102e83858cfafb6337837b5d41a3c66920b4a09",
   >     "latest"
   >   ],
   >   "internal": true
   > }
[2021/09/13 13:53:15.416] -  <   {
 <     "id": 74,
 <     "jsonrpc": "2.0",
 <     "result": "0x0"
 <   }
[2021/09/13 13:53:15.417] - eth_getBalance
[2021/09/13 13:53:15.417] -    > {
   >   "jsonrpc": "2.0",
   >   "id": 75,
   >   "method": "eth_getBalance",
   >   "params": [
   >     "0xc4176e65db50d5677e1b7e6ec75f98dc7541723c",
   >     "latest"
   >   ],
   >   "internal": true
   > }
[2021/09/13 13:53:15.421] -  <   {
 <     "id": 75,
 <     "jsonrpc": "2.0",
 <     "result": "0x3635c9adc5dea00000"
 <   }
[2021/09/13 13:53:15.421] - eth_getTransactionCount
[2021/09/13 13:53:15.422] -    > {
   >   "jsonrpc": "2.0",
   >   "id": 76,
   >   "method": "eth_getTransactionCount",
   >   "params": [
   >     "0xc4176e65db50d5677e1b7e6ec75f98dc7541723c",
   >     "latest"
   >   ],
   >   "internal": true
   > }
[2021/09/13 13:53:15.425] -  <   {
 <     "id": 76,
 <     "jsonrpc": "2.0",
 <     "result": "0x0"
 <   }
[2021/09/13 13:53:15.428] - eth_getBalance
[2021/09/13 13:53:15.428] -    > {
   >   "jsonrpc": "2.0",
   >   "id": 77,
   >   "method": "eth_getBalance",
   >   "params": [
   >     "0x9a574465c7ce234245b7c06be23ed75eca43ce80",
   >     "latest"
   >   ],
   >   "internal": true
   > }
[2021/09/13 13:53:15.431] -  <   {
 <     "id": 77,
 <     "jsonrpc": "2.0",
 <     "result": "0x3635c9adc5dea00000"
 <   }
[2021/09/13 13:53:15.431] - eth_getTransactionCount
[2021/09/13 13:53:15.431] -    > {
   >   "jsonrpc": "2.0",
   >   "id": 78,
   >   "method": "eth_getTransactionCount",
   >   "params": [
   >     "0x9a574465c7ce234245b7c06be23ed75eca43ce80",
   >     "latest"
   >   ],
   >   "internal": true
   > }
[2021/09/13 13:53:15.434] -  <   {
 <     "id": 78,
 <     "jsonrpc": "2.0",
 <     "result": "0x0"
 <   }
[2021/09/13 13:53:15.434] - eth_getBalance
[2021/09/13 13:53:15.435] -    > {
   >   "jsonrpc": "2.0",
   >   "id": 79,
   >   "method": "eth_getBalance",
   >   "params": [
   >     "0x6d319e5aa9f6431e35e3028bec1198e90e7da935",
   >     "latest"
   >   ],
   >   "internal": true
   > }
[2021/09/13 13:53:15.437] -  <   {
 <     "id": 79,
 <     "jsonrpc": "2.0",
 <     "result": "0x3635c9adc5dea00000"
 <   }
[2021/09/13 13:53:15.439] - eth_getTransactionCount
[2021/09/13 13:53:15.439] -    > {
   >   "jsonrpc": "2.0",
   >   "id": 80,
   >   "method": "eth_getTransactionCount",
   >   "params": [
   >     "0x6d319e5aa9f6431e35e3028bec1198e90e7da935",
   >     "latest"
   >   ],
   >   "internal": true
   > }
[2021/09/13 13:53:15.442] -  <   {
 <     "id": 80,
 <     "jsonrpc": "2.0",
 <     "result": "0x0"
 <   }
[2021/09/13 13:53:15.443] - eth_getBalance
[2021/09/13 13:53:15.443] -    > {
   >   "jsonrpc": "2.0",
   >   "id": 81,
   >   "method": "eth_getBalance",
   >   "params": [
   >     "0xb07696ca1d5411a719429e1ba55be78400d08d3b",
   >     "latest"
   >   ],
   >   "internal": true
   > }
[2021/09/13 13:53:15.446] -  <   {
 <     "id": 81,
 <     "jsonrpc": "2.0",
 <     "result": "0x3635c9adc5dea00000"
 <   }
[2021/09/13 13:53:15.447] - eth_getTransactionCount
[2021/09/13 13:53:15.448] -    > {
   >   "jsonrpc": "2.0",
   >   "id": 82,
   >   "method": "eth_getTransactionCount",
   >   "params": [
   >     "0xb07696ca1d5411a719429e1ba55be78400d08d3b",
   >     "latest"
   >   ],
   >   "internal": true
   > }
[2021/09/13 13:53:15.450] -  <   {
 <     "id": 82,
 <     "jsonrpc": "2.0",
 <     "result": "0x0"
 <   }
[2021/09/13 13:53:15.451] - eth_getBalance
[2021/09/13 13:53:15.451] -    > {
   >   "jsonrpc": "2.0",
   >   "id": 83,
   >   "method": "eth_getBalance",
   >   "params": [
   >     "0x148de66a8a9cf77b469b5c8b2d13ab2a21878217",
   >     "latest"
   >   ],
   >   "internal": true
   > }
[2021/09/13 13:53:15.454] -  <   {
 <     "id": 83,
 <     "jsonrpc": "2.0",
 <     "result": "0x3635c9adc5dea00000"
 <   }
[2021/09/13 13:53:15.454] - eth_getTransactionCount
[2021/09/13 13:53:15.454] -    > {
   >   "jsonrpc": "2.0",
   >   "id": 84,
   >   "method": "eth_getTransactionCount",
   >   "params": [
   >     "0x148de66a8a9cf77b469b5c8b2d13ab2a21878217",
   >     "latest"
   >   ],
   >   "internal": true
   > }
[2021/09/13 13:53:15.457] -  <   {
 <     "id": 84,
 <     "jsonrpc": "2.0",
 <     "result": "0x0"
 <   }
[2021/09/13 13:53:15.458] - eth_getBalance
[2021/09/13 13:53:15.458] -    > {
   >   "jsonrpc": "2.0",
   >   "id": 85,
   >   "method": "eth_getBalance",
   >   "params": [
   >     "0x1f6f27b8bfcddfc9087896149c2e867fd0e59ab4",
   >     "latest"
   >   ],
   >   "internal": true
   > }
[2021/09/13 13:53:15.461] -  <   {
 <     "id": 85,
 <     "jsonrpc": "2.0",
 <     "result": "0x3635c9adc5dea00000"
 <   }
[2021/09/13 13:53:15.462] - eth_getTransactionCount
[2021/09/13 13:53:15.463] -    > {
   >   "jsonrpc": "2.0",
   >   "id": 86,
   >   "method": "eth_getTransactionCount",
   >   "params": [
   >     "0x1f6f27b8bfcddfc9087896149c2e867fd0e59ab4",
   >     "latest"
   >   ],
   >   "internal": true
   > }
[2021/09/13 13:53:15.465] -  <   {
 <     "id": 86,
 <     "jsonrpc": "2.0",
 <     "result": "0x0"
 <   }
[2021/09/13 13:53:15.467] - eth_getBalance
[2021/09/13 13:53:15.467] -    > {
   >   "jsonrpc": "2.0",
   >   "id": 87,
   >   "method": "eth_getBalance",
   >   "params": [
   >     "0x64d9b8c798a3be53907d4ef16fca3c18f373ee28",
   >     "latest"
   >   ],
   >   "internal": true
   > }
[2021/09/13 13:53:15.470] -  <   {
 <     "id": 87,
 <     "jsonrpc": "2.0",
 <     "result": "0x3635c9adc5dea00000"
 <   }
[2021/09/13 13:53:15.471] - eth_getTransactionCount
[2021/09/13 13:53:15.471] -    > {
   >   "jsonrpc": "2.0",
   >   "id": 88,
   >   "method": "eth_getTransactionCount",
   >   "params": [
   >     "0x64d9b8c798a3be53907d4ef16fca3c18f373ee28",
   >     "latest"
   >   ],
   >   "internal": true
   > }
[2021/09/13 13:53:15.474] -  <   {
 <     "id": 88,
 <     "jsonrpc": "2.0",
 <     "result": "0x0"
 <   }
[2021/09/13 13:53:15.475] - eth_getBalance
[2021/09/13 13:53:15.475] -    > {
   >   "jsonrpc": "2.0",
   >   "id": 89,
   >   "method": "eth_getBalance",
   >   "params": [
   >     "0x3a24b414dda5cd7878cb78c656546cfcc972fdb0",
   >     "latest"
   >   ],
   >   "internal": true
   > }
[2021/09/13 13:53:15.477] -  <   {
 <     "id": 89,
 <     "jsonrpc": "2.0",
 <     "result": "0x3635c9adc5dea00000"
 <   }
[2021/09/13 13:53:15.478] - eth_getTransactionCount
[2021/09/13 13:53:15.478] -    > {
   >   "jsonrpc": "2.0",
   >   "id": 90,
   >   "method": "eth_getTransactionCount",
   >   "params": [
   >     "0x3a24b414dda5cd7878cb78c656546cfcc972fdb0",
   >     "latest"
   >   ],
   >   "internal": true
   > }
[2021/09/13 13:53:15.483] -  <   {
 <     "id": 90,
 <     "jsonrpc": "2.0",
 <     "result": "0x0"
 <   }
[2021/09/13 13:53:15.499] - eth_getBalance
[2021/09/13 13:53:15.500] -    > {
   >   "jsonrpc": "2.0",
   >   "id": 91,
   >   "method": "eth_getBalance",
   >   "params": [
   >     "0x5177c50893792d9b2051124b2d9786f22b22f947",
   >     "latest"
   >   ],
   >   "internal": true
   > }
[2021/09/13 13:53:15.500] - eth_getTransactionCount
[2021/09/13 13:53:15.500] -    > {
   >   "jsonrpc": "2.0",
   >   "id": 92,
   >   "method": "eth_getTransactionCount",
   >   "params": [
   >     "0x5177c50893792d9b2051124b2d9786f22b22f947",
   >     "latest"
   >   ],
   >   "internal": true
   > }
[2021/09/13 13:53:15.503] -  <   {
 <     "id": 91,
 <     "jsonrpc": "2.0",
 <     "result": "0x3635c9adc5dea00000"
 <   }
[2021/09/13 13:53:15.505] -  <   {
 <     "id": 92,
 <     "jsonrpc": "2.0",
 <     "result": "0x0"
 <   }
[2021/09/13 13:53:35.168] - eth_blockNumber
[2021/09/13 13:53:35.169] -    > {
   >   "id": 7314046975172516,
   >   "jsonrpc": "2.0",
   >   "method": "eth_blockNumber",
   >   "params": []
   > }
[2021/09/13 13:53:35.171] -  <   {
 <     "id": 7314046975172516,
 <     "jsonrpc": "2.0",
 <     "result": "0x0"
 <   }
[2021/09/13 13:53:55.185] - eth_blockNumber
[2021/09/13 13:53:55.186] -    > {
   >   "id": 7314046975172517,
   >   "jsonrpc": "2.0",
   >   "method": "eth_blockNumber",
   >   "params": []
   > }
[2021/09/13 13:53:55.188] -  <   {
 <     "id": 7314046975172517,
 <     "jsonrpc": "2.0",
 <     "result": "0x0"
 <   }
[2021/09/13 13:54:15.198] - eth_blockNumber
[2021/09/13 13:54:15.198] -    > {
   >   "id": 7314046975172518,
   >   "jsonrpc": "2.0",
   >   "method": "eth_blockNumber",
   >   "params": []
   > }
[2021/09/13 13:54:15.200] -  <   {
 <     "id": 7314046975172518,
 <     "jsonrpc": "2.0",
 <     "result": "0x0"
 <   }
[2021/09/13 13:54:35.208] - eth_blockNumber
[2021/09/13 13:54:35.209] -    > {
   >   "id": 7314046975172519,
   >   "jsonrpc": "2.0",
   >   "method": "eth_blockNumber",
   >   "params": []
   > }
[2021/09/13 13:54:35.210] -  <   {
 <     "id": 7314046975172519,
 <     "jsonrpc": "2.0",
 <     "result": "0x0"
 <   }
[2021/09/13 13:54:55.226] - eth_blockNumber
[2021/09/13 13:54:55.227] -    > {
   >   "id": 7314046975172520,
   >   "jsonrpc": "2.0",
   >   "method": "eth_blockNumber",
   >   "params": []
   > }
[2021/09/13 13:54:55.230] -  <   {
 <     "id": 7314046975172520,
 <     "jsonrpc": "2.0",
 <     "result": "0x0"
 <   }
[2021/09/13 13:55:07.140] - eth_unsubscribe
[2021/09/13 13:55:07.141] -    > {
   >   "jsonrpc": "2.0",
   >   "id": 7,
   >   "method": "eth_unsubscribe",
   >   "params": [
   >     "0x3"
   >   ]
   > }
[2021/09/13 13:55:07.142] - eth_unsubscribe
[2021/09/13 13:55:07.143] -    > {
   >   "jsonrpc": "2.0",
   >   "id": 8,
   >   "method": "eth_unsubscribe",
   >   "params": [
   >     "0x4"
   >   ]
   > }
[2021/09/13 13:55:07.145] -  <   {
 <     "id": 7,
 <     "jsonrpc": "2.0",
 <     "result": true
 <   }
[2021/09/13 13:55:07.147] -  <   {
 <     "id": 8,
 <     "jsonrpc": "2.0",
 <     "result": true
 <   }
[2021/09/13 13:55:07.184] -    > {
   >   "jsonrpc": "2.0",
   >   "method": "eth_unsubscribe",
   >   "params": [
   >     "0x6"
   >   ],
   >   "id": 1631552107184
   > }
[2021/09/13 13:55:07.186] -    > {
   >   "jsonrpc": "2.0",
   >   "method": "eth_unsubscribe",
   >   "params": [
   >     "0x5"
   >   ],
   >   "id": 1631552107185
   > }
[2021/09/13 13:55:07.187] -    > {
   >   "jsonrpc": "2.0",
   >   "method": "eth_unsubscribe",
   >   "params": [
   >     "0x1"
   >   ],
   >   "id": 1631552107186
   > }
[2021/09/13 13:55:07.187] -    > {
   >   "jsonrpc": "2.0",
   >   "method": "eth_unsubscribe",
   >   "params": [
   >     "0x2"
   >   ],
   >   "id": 1631552107187
   > }
[2021/09/13 13:55:07.189] -  <   {
 <     "id": 1631552107184,
 <     "jsonrpc": "2.0",
 <     "result": true
 <   }
[2021/09/13 13:55:07.192] -  <   {
 <     "id": 1631552107185,
 <     "jsonrpc": "2.0",
 <     "result": true
 <   }
[2021/09/13 13:55:07.194] -  <   {
 <     "id": 1631552107186,
 <     "jsonrpc": "2.0",
 <     "result": true
 <   }
[2021/09/13 13:55:07.196] -  <   {
 <     "id": 1631552107187,
 <     "jsonrpc": "2.0",
 <     "result": true
 <   }
