[2021/09/13 21:04:10.984] - Starting server with initial configuration: {"gasLimit":9999999,"gasPrice":20000000000,"hardfork":"muirGlacier","hostname":"127.0.0.1","port":8545,"network_id":5778,"default_balance_ether":1000,"total_accounts":10,"unlocked_accounts":[],"locked":true,"vmErrorsOnRPCResponse":true,"verbose":true,"db_path":"/home/lenovo/.config/Ganache/workspaces/Quickstart/chaindata","logDirectory":"/home/lenovo/dev/udacity/flightsurety/logs"}
[2021/09/13 21:04:11.395] - eth_subscribe
[2021/09/13 21:04:11.396] -    > {
   >   "jsonrpc": "2.0",
   >   "id": 1,
   >   "method": "eth_subscribe",
   >   "params": [
   >     "newHeads"
   >   ]
   > }
[2021/09/13 21:04:11.396] - eth_getLogs
[2021/09/13 21:04:11.396] -    > {
   >   "jsonrpc": "2.0",
   >   "id": 2,
   >   "method": "eth_getLogs",
   >   "params": [
   >     {
   >       "topics": []
   >     }
   >   ]
   > }
[2021/09/13 21:04:11.397] - eth_subscribe
[2021/09/13 21:04:11.397] -    > {
   >   "jsonrpc": "2.0",
   >   "id": 3,
   >   "method": "eth_subscribe",
   >   "params": [
   >     "logs",
   >     {
   >       "topics": []
   >     }
   >   ]
   > }
[2021/09/13 21:04:11.398] -  <   {
 <     "id": 1,
 <     "jsonrpc": "2.0",
 <     "result": "0x1"
 <   }
[2021/09/13 21:04:11.401] -  <   {
 <     "id": 2,
 <     "jsonrpc": "2.0",
 <     "result": []
 <   }
[2021/09/13 21:04:11.403] -  <   {
 <     "id": 3,
 <     "jsonrpc": "2.0",
 <     "result": "0x2"
 <   }
[2021/09/13 21:04:11.420] - eth_subscribe
[2021/09/13 21:04:11.421] -    > {
   >   "jsonrpc": "2.0",
   >   "id": 4,
   >   "method": "eth_subscribe",
   >   "params": [
   >     "newHeads"
   >   ]
   > }
[2021/09/13 21:04:11.421] - eth_getLogs
[2021/09/13 21:04:11.421] -    > {
   >   "jsonrpc": "2.0",
   >   "id": 5,
   >   "method": "eth_getLogs",
   >   "params": [
   >     {
   >       "topics": []
   >     }
   >   ]
   > }
[2021/09/13 21:04:11.421] - eth_subscribe
[2021/09/13 21:04:11.421] -    > {
   >   "jsonrpc": "2.0",
   >   "id": 6,
   >   "method": "eth_subscribe",
   >   "params": [
   >     "logs",
   >     {
   >       "topics": []
   >     }
   >   ]
   > }
[2021/09/13 21:04:11.422] -  <   {
 <     "id": 4,
 <     "jsonrpc": "2.0",
 <     "result": "0x3"
 <   }
[2021/09/13 21:04:11.424] -  <   {
 <     "id": 5,
 <     "jsonrpc": "2.0",
 <     "result": []
 <   }
[2021/09/13 21:04:11.425] -  <   {
 <     "id": 6,
 <     "jsonrpc": "2.0",
 <     "result": "0x4"
 <   }
[2021/09/13 21:04:11.465] - eth_blockNumber
[2021/09/13 21:04:11.465] -    > {
   >   "jsonrpc": "2.0",
   >   "id": 1,
   >   "method": "eth_blockNumber",
   >   "params": [],
   >   "internal": true
   > }
[2021/09/13 21:04:11.466] - eth_accounts
[2021/09/13 21:04:11.466] -    > {
   >   "jsonrpc": "2.0",
   >   "id": 2,
   >   "method": "eth_accounts",
   >   "params": [],
   >   "internal": true
   > }
[2021/09/13 21:04:11.466] - eth_gasPrice
[2021/09/13 21:04:11.466] -    > {
   >   "jsonrpc": "2.0",
   >   "id": 3,
   >   "method": "eth_gasPrice",
   >   "params": [],
   >   "internal": true
   > }
[2021/09/13 21:04:11.466] - eth_getBlockByNumber
[2021/09/13 21:04:11.466] -    > {
   >   "jsonrpc": "2.0",
   >   "id": 4,
   >   "method": "eth_getBlockByNumber",
   >   "params": [
   >     "latest",
   >     false
   >   ],
   >   "internal": true
   > }
[2021/09/13 21:04:11.466] -  <   {
 <     "id": 1,
 <     "jsonrpc": "2.0",
 <     "result": "0x0"
 <   }
[2021/09/13 21:04:11.467] - eth_subscribe
[2021/09/13 21:04:11.467] -    > {
   >   "jsonrpc": "2.0",
   >   "id": 5,
   >   "method": "eth_subscribe",
   >   "params": [
   >     "newHeads"
   >   ],
   >   "internal": true
   > }
[2021/09/13 21:04:11.468] -  <   {
 <     "id": 2,
 <     "jsonrpc": "2.0",
 <     "result": [
 <       "0x8ba1d05c844d219b15de09871f26273b510f38c7",
 <       "0xc2983c6f8d1d5779db8bb9b3be0d3a299b7c7c86",
 <       "0xbf8dd614f43844a7fa69d0b975a0361f9a9062cc",
 <       "0x9bbec802731e78704c70df08c16c80802509349b",
 <       "0x894f5c62f5207bc9ca71aca3f3775fe3a744320f",
 <       "0x6451383562fefc0b6b7ee5ea1e6cf7a4ab58327e",
 <       "0x8f702f274636e7139aa88ae46588fea5b09a4927",
 <       "0x3caffff50640485e65af484e13a963bf137e1e20",
 <       "0x7ffa8fcc06cf9c50ced0cb89a8b96108f8b8b7c8",
 <       "0x35aacebff57583177e00f43ce30d6aa17889b590"
 <     ]
 <   }
[2021/09/13 21:04:11.470] -  <   {
 <     "id": 3,
 <     "jsonrpc": "2.0",
 <     "result": "0x4a817c800"
 <   }
[2021/09/13 21:04:11.472] -  <   {
 <     "id": 4,
 <     "jsonrpc": "2.0",
 <     "result": {
 <       "number": "0x0",
 <       "hash": "0x25e08f3e28733550f60772ef930288d374eeff805e144c140368039fcb99614c",
 <       "parentHash": "0x0000000000000000000000000000000000000000000000000000000000000000",
 <       "mixHash": "0x0000000000000000000000000000000000000000000000000000000000000000",
 <       "nonce": "0x0000000000000000",
 <       "sha3Uncles": "0x1dcc4de8dec75d7aab85b567b6ccd41ad312451b948a7413f0a142fd40d49347",
 <       "logsBloom": "0x00000000000000000000000000000000000000000000000000000000000000000000000000000000000000000000000000000000000000000000000000000000000000000000000000000000000000000000000000000000000000000000000000000000000000000000000000000000000000000000000000000000000000000000000000000000000000000000000000000000000000000000000000000000000000000000000000000000000000000000000000000000000000000000000000000000000000000000000000000000000000000000000000000000000000000000000000000000000000000000000000000000000000000000000000000000",
 <       "transactionsRoot": "0x56e81f171bcc55a6ff8345e692c0f86e5b48e01b996cadc001622fb5e363b421",
 <       "stateRoot": "0xaf4f866419b11280ecc4d825d1da8da47840ac35e3273b30bc25148fa16ec4c5",
 <       "receiptsRoot": "0x56e81f171bcc55a6ff8345e692c0f86e5b48e01b996cadc001622fb5e363b421",
 <       "miner": "0x0000000000000000000000000000000000000000",
 <       "difficulty": "0x0",
 <       "totalDifficulty": "0x0",
 <       "extraData": "0x",
 <       "size": "0x3e8",
 <       "gasLimit": "0x98967f",
 <       "gasUsed": "0x0",
 <       "timestamp": "0x613fe6fb",
 <       "transactions": [],
 <       "uncles": []
 <     }
 <   }
[2021/09/13 21:04:11.473] -  <   {
 <     "id": 5,
 <     "jsonrpc": "2.0",
 <     "result": "0x5"
 <   }
[2021/09/13 21:04:11.477] - eth_accounts
[2021/09/13 21:04:11.477] -    > {
   >   "jsonrpc": "2.0",
   >   "id": 11,
   >   "method": "eth_accounts",
   >   "params": [],
   >   "internal": true
   > }
[2021/09/13 21:04:11.478] -  <   {
 <     "id": 11,
 <     "jsonrpc": "2.0",
 <     "result": [
 <       "0x8ba1d05c844d219b15de09871f26273b510f38c7",
 <       "0xc2983c6f8d1d5779db8bb9b3be0d3a299b7c7c86",
 <       "0xbf8dd614f43844a7fa69d0b975a0361f9a9062cc",
 <       "0x9bbec802731e78704c70df08c16c80802509349b",
 <       "0x894f5c62f5207bc9ca71aca3f3775fe3a744320f",
 <       "0x6451383562fefc0b6b7ee5ea1e6cf7a4ab58327e",
 <       "0x8f702f274636e7139aa88ae46588fea5b09a4927",
 <       "0x3caffff50640485e65af484e13a963bf137e1e20",
 <       "0x7ffa8fcc06cf9c50ced0cb89a8b96108f8b8b7c8",
 <       "0x35aacebff57583177e00f43ce30d6aa17889b590"
 <     ]
 <   }
[2021/09/13 21:04:11.501] - eth_getBalance
[2021/09/13 21:04:11.501] -    > {
   >   "jsonrpc": "2.0",
   >   "id": 12,
   >   "method": "eth_getBalance",
   >   "params": [
   >     "0x8ba1d05c844d219b15de09871f26273b510f38c7",
   >     "latest"
   >   ],
   >   "internal": true
   > }
[2021/09/13 21:04:11.504] -  <   {
 <     "id": 12,
 <     "jsonrpc": "2.0",
 <     "result": "0x3635c9adc5dea00000"
 <   }
[2021/09/13 21:04:11.504] - eth_getTransactionCount
[2021/09/13 21:04:11.504] -    > {
   >   "jsonrpc": "2.0",
   >   "id": 13,
   >   "method": "eth_getTransactionCount",
   >   "params": [
   >     "0x8ba1d05c844d219b15de09871f26273b510f38c7",
   >     "latest"
   >   ],
   >   "internal": true
   > }
[2021/09/13 21:04:11.506] -  <   {
 <     "id": 13,
 <     "jsonrpc": "2.0",
 <     "result": "0x0"
 <   }
[2021/09/13 21:04:11.508] - eth_getBalance
[2021/09/13 21:04:11.508] -    > {
   >   "jsonrpc": "2.0",
   >   "id": 14,
   >   "method": "eth_getBalance",
   >   "params": [
   >     "0xc2983c6f8d1d5779db8bb9b3be0d3a299b7c7c86",
   >     "latest"
   >   ],
   >   "internal": true
   > }
[2021/09/13 21:04:11.510] -  <   {
 <     "id": 14,
 <     "jsonrpc": "2.0",
 <     "result": "0x3635c9adc5dea00000"
 <   }
[2021/09/13 21:04:11.511] - eth_getTransactionCount
[2021/09/13 21:04:11.512] -    > {
   >   "jsonrpc": "2.0",
   >   "id": 15,
   >   "method": "eth_getTransactionCount",
   >   "params": [
   >     "0xc2983c6f8d1d5779db8bb9b3be0d3a299b7c7c86",
   >     "latest"
   >   ],
   >   "internal": true
   > }
[2021/09/13 21:04:11.514] -  <   {
 <     "id": 15,
 <     "jsonrpc": "2.0",
 <     "result": "0x0"
 <   }
[2021/09/13 21:04:11.515] - eth_getBalance
[2021/09/13 21:04:11.515] -    > {
   >   "jsonrpc": "2.0",
   >   "id": 16,
   >   "method": "eth_getBalance",
   >   "params": [
   >     "0xbf8dd614f43844a7fa69d0b975a0361f9a9062cc",
   >     "latest"
   >   ],
   >   "internal": true
   > }
[2021/09/13 21:04:11.517] -  <   {
 <     "id": 16,
 <     "jsonrpc": "2.0",
 <     "result": "0x3635c9adc5dea00000"
 <   }
[2021/09/13 21:04:11.518] - eth_getTransactionCount
[2021/09/13 21:04:11.518] -    > {
   >   "jsonrpc": "2.0",
   >   "id": 17,
   >   "method": "eth_getTransactionCount",
   >   "params": [
   >     "0xbf8dd614f43844a7fa69d0b975a0361f9a9062cc",
   >     "latest"
   >   ],
   >   "internal": true
   > }
[2021/09/13 21:04:11.520] -  <   {
 <     "id": 17,
 <     "jsonrpc": "2.0",
 <     "result": "0x0"
 <   }
[2021/09/13 21:04:11.520] - eth_getBalance
[2021/09/13 21:04:11.520] -    > {
   >   "jsonrpc": "2.0",
   >   "id": 18,
   >   "method": "eth_getBalance",
   >   "params": [
   >     "0x9bbec802731e78704c70df08c16c80802509349b",
   >     "latest"
   >   ],
   >   "internal": true
   > }
[2021/09/13 21:04:11.522] -  <   {
 <     "id": 18,
 <     "jsonrpc": "2.0",
 <     "result": "0x3635c9adc5dea00000"
 <   }
[2021/09/13 21:04:11.523] - eth_getTransactionCount
[2021/09/13 21:04:11.523] -    > {
   >   "jsonrpc": "2.0",
   >   "id": 19,
   >   "method": "eth_getTransactionCount",
   >   "params": [
   >     "0x9bbec802731e78704c70df08c16c80802509349b",
   >     "latest"
   >   ],
   >   "internal": true
   > }
[2021/09/13 21:04:11.525] -  <   {
 <     "id": 19,
 <     "jsonrpc": "2.0",
 <     "result": "0x0"
 <   }
[2021/09/13 21:04:11.526] - eth_getBalance
[2021/09/13 21:04:11.526] -    > {
   >   "jsonrpc": "2.0",
   >   "id": 20,
   >   "method": "eth_getBalance",
   >   "params": [
   >     "0x894f5c62f5207bc9ca71aca3f3775fe3a744320f",
   >     "latest"
   >   ],
   >   "internal": true
   > }
[2021/09/13 21:04:11.528] -  <   {
 <     "id": 20,
 <     "jsonrpc": "2.0",
 <     "result": "0x3635c9adc5dea00000"
 <   }
[2021/09/13 21:04:11.529] - eth_getTransactionCount
[2021/09/13 21:04:11.530] -    > {
   >   "jsonrpc": "2.0",
   >   "id": 21,
   >   "method": "eth_getTransactionCount",
   >   "params": [
   >     "0x894f5c62f5207bc9ca71aca3f3775fe3a744320f",
   >     "latest"
   >   ],
   >   "internal": true
   > }
[2021/09/13 21:04:11.532] -  <   {
 <     "id": 21,
 <     "jsonrpc": "2.0",
 <     "result": "0x0"
 <   }
[2021/09/13 21:04:11.532] - eth_getBalance
[2021/09/13 21:04:11.532] -    > {
   >   "jsonrpc": "2.0",
   >   "id": 22,
   >   "method": "eth_getBalance",
   >   "params": [
   >     "0x6451383562fefc0b6b7ee5ea1e6cf7a4ab58327e",
   >     "latest"
   >   ],
   >   "internal": true
   > }
[2021/09/13 21:04:11.534] -  <   {
 <     "id": 22,
 <     "jsonrpc": "2.0",
 <     "result": "0x3635c9adc5dea00000"
 <   }
[2021/09/13 21:04:11.534] - eth_getTransactionCount
[2021/09/13 21:04:11.534] -    > {
   >   "jsonrpc": "2.0",
   >   "id": 23,
   >   "method": "eth_getTransactionCount",
   >   "params": [
   >     "0x6451383562fefc0b6b7ee5ea1e6cf7a4ab58327e",
   >     "latest"
   >   ],
   >   "internal": true
   > }
[2021/09/13 21:04:11.536] -  <   {
 <     "id": 23,
 <     "jsonrpc": "2.0",
 <     "result": "0x0"
 <   }
[2021/09/13 21:04:11.537] - eth_getBalance
[2021/09/13 21:04:11.538] -    > {
   >   "jsonrpc": "2.0",
   >   "id": 24,
   >   "method": "eth_getBalance",
   >   "params": [
   >     "0x8f702f274636e7139aa88ae46588fea5b09a4927",
   >     "latest"
   >   ],
   >   "internal": true
   > }
[2021/09/13 21:04:11.540] -  <   {
 <     "id": 24,
 <     "jsonrpc": "2.0",
 <     "result": "0x3635c9adc5dea00000"
 <   }
[2021/09/13 21:04:11.540] - eth_getTransactionCount
[2021/09/13 21:04:11.540] -    > {
   >   "jsonrpc": "2.0",
   >   "id": 25,
   >   "method": "eth_getTransactionCount",
   >   "params": [
   >     "0x8f702f274636e7139aa88ae46588fea5b09a4927",
   >     "latest"
   >   ],
   >   "internal": true
   > }
[2021/09/13 21:04:11.543] -  <   {
 <     "id": 25,
 <     "jsonrpc": "2.0",
 <     "result": "0x0"
 <   }
[2021/09/13 21:04:11.543] - eth_getBalance
[2021/09/13 21:04:11.543] -    > {
   >   "jsonrpc": "2.0",
   >   "id": 26,
   >   "method": "eth_getBalance",
   >   "params": [
   >     "0x3caffff50640485e65af484e13a963bf137e1e20",
   >     "latest"
   >   ],
   >   "internal": true
   > }
[2021/09/13 21:04:11.546] -  <   {
 <     "id": 26,
 <     "jsonrpc": "2.0",
 <     "result": "0x3635c9adc5dea00000"
 <   }
[2021/09/13 21:04:11.546] - eth_getTransactionCount
[2021/09/13 21:04:11.546] -    > {
   >   "jsonrpc": "2.0",
   >   "id": 27,
   >   "method": "eth_getTransactionCount",
   >   "params": [
   >     "0x3caffff50640485e65af484e13a963bf137e1e20",
   >     "latest"
   >   ],
   >   "internal": true
   > }
[2021/09/13 21:04:11.548] -  <   {
 <     "id": 27,
 <     "jsonrpc": "2.0",
 <     "result": "0x0"
 <   }
[2021/09/13 21:04:11.548] - eth_getBalance
[2021/09/13 21:04:11.549] -    > {
   >   "jsonrpc": "2.0",
   >   "id": 28,
   >   "method": "eth_getBalance",
   >   "params": [
   >     "0x7ffa8fcc06cf9c50ced0cb89a8b96108f8b8b7c8",
   >     "latest"
   >   ],
   >   "internal": true
   > }
[2021/09/13 21:04:11.550] -  <   {
 <     "id": 28,
 <     "jsonrpc": "2.0",
 <     "result": "0x3635c9adc5dea00000"
 <   }
[2021/09/13 21:04:11.551] - eth_getTransactionCount
[2021/09/13 21:04:11.551] -    > {
   >   "jsonrpc": "2.0",
   >   "id": 29,
   >   "method": "eth_getTransactionCount",
   >   "params": [
   >     "0x7ffa8fcc06cf9c50ced0cb89a8b96108f8b8b7c8",
   >     "latest"
   >   ],
   >   "internal": true
   > }
[2021/09/13 21:04:11.552] - eth_getBalance
[2021/09/13 21:04:11.552] -    > {
   >   "jsonrpc": "2.0",
   >   "id": 30,
   >   "method": "eth_getBalance",
   >   "params": [
   >     "0x35aacebff57583177e00f43ce30d6aa17889b590",
   >     "latest"
   >   ],
   >   "internal": true
   > }
[2021/09/13 21:04:11.552] -  <   {
 <     "id": 29,
 <     "jsonrpc": "2.0",
 <     "result": "0x0"
 <   }
[2021/09/13 21:04:11.554] - eth_getTransactionCount
[2021/09/13 21:04:11.554] -    > {
   >   "jsonrpc": "2.0",
   >   "id": 31,
   >   "method": "eth_getTransactionCount",
   >   "params": [
   >     "0x35aacebff57583177e00f43ce30d6aa17889b590",
   >     "latest"
   >   ],
   >   "internal": true
   > }
[2021/09/13 21:04:11.555] -  <   {
 <     "id": 30,
 <     "jsonrpc": "2.0",
 <     "result": "0x3635c9adc5dea00000"
 <   }
[2021/09/13 21:04:11.556] - eth_blockNumber
[2021/09/13 21:04:11.556] -    > {
   >   "jsonrpc": "2.0",
   >   "id": 6,
   >   "method": "eth_blockNumber",
   >   "params": [],
   >   "internal": true
   > }
[2021/09/13 21:04:11.557] -  <   {
 <     "id": 31,
 <     "jsonrpc": "2.0",
 <     "result": "0x0"
 <   }
[2021/09/13 21:04:11.557] - eth_accounts
[2021/09/13 21:04:11.557] -    > {
   >   "jsonrpc": "2.0",
   >   "id": 7,
   >   "method": "eth_accounts",
   >   "params": [],
   >   "internal": true
   > }
[2021/09/13 21:04:11.557] - eth_gasPrice
[2021/09/13 21:04:11.557] -    > {
   >   "jsonrpc": "2.0",
   >   "id": 8,
   >   "method": "eth_gasPrice",
   >   "params": [],
   >   "internal": true
   > }
[2021/09/13 21:04:11.557] -  <   {
 <     "id": 6,
 <     "jsonrpc": "2.0",
 <     "result": "0x0"
 <   }
[2021/09/13 21:04:11.559] -  <   {
 <     "id": 7,
 <     "jsonrpc": "2.0",
 <     "result": [
 <       "0x8ba1d05c844d219b15de09871f26273b510f38c7",
 <       "0xc2983c6f8d1d5779db8bb9b3be0d3a299b7c7c86",
 <       "0xbf8dd614f43844a7fa69d0b975a0361f9a9062cc",
 <       "0x9bbec802731e78704c70df08c16c80802509349b",
 <       "0x894f5c62f5207bc9ca71aca3f3775fe3a744320f",
 <       "0x6451383562fefc0b6b7ee5ea1e6cf7a4ab58327e",
 <       "0x8f702f274636e7139aa88ae46588fea5b09a4927",
 <       "0x3caffff50640485e65af484e13a963bf137e1e20",
 <       "0x7ffa8fcc06cf9c50ced0cb89a8b96108f8b8b7c8",
 <       "0x35aacebff57583177e00f43ce30d6aa17889b590"
 <     ]
 <   }
[2021/09/13 21:04:11.560] -  <   {
 <     "id": 8,
 <     "jsonrpc": "2.0",
 <     "result": "0x4a817c800"
 <   }
[2021/09/13 21:04:11.562] - eth_getBlockByNumber
[2021/09/13 21:04:11.562] -    > {
   >   "jsonrpc": "2.0",
   >   "id": 9,
   >   "method": "eth_getBlockByNumber",
   >   "params": [
   >     "latest",
   >     false
   >   ],
   >   "internal": true
   > }
[2021/09/13 21:04:11.562] - eth_subscribe
[2021/09/13 21:04:11.562] -    > {
   >   "jsonrpc": "2.0",
   >   "id": 10,
   >   "method": "eth_subscribe",
   >   "params": [
   >     "newHeads"
   >   ],
   >   "internal": true
   > }
[2021/09/13 21:04:11.563] -  <   {
 <     "id": 9,
 <     "jsonrpc": "2.0",
 <     "result": {
 <       "number": "0x0",
 <       "hash": "0x25e08f3e28733550f60772ef930288d374eeff805e144c140368039fcb99614c",
 <       "parentHash": "0x0000000000000000000000000000000000000000000000000000000000000000",
 <       "mixHash": "0x0000000000000000000000000000000000000000000000000000000000000000",
 <       "nonce": "0x0000000000000000",
 <       "sha3Uncles": "0x1dcc4de8dec75d7aab85b567b6ccd41ad312451b948a7413f0a142fd40d49347",
 <       "logsBloom": "0x00000000000000000000000000000000000000000000000000000000000000000000000000000000000000000000000000000000000000000000000000000000000000000000000000000000000000000000000000000000000000000000000000000000000000000000000000000000000000000000000000000000000000000000000000000000000000000000000000000000000000000000000000000000000000000000000000000000000000000000000000000000000000000000000000000000000000000000000000000000000000000000000000000000000000000000000000000000000000000000000000000000000000000000000000000000",
 <       "transactionsRoot": "0x56e81f171bcc55a6ff8345e692c0f86e5b48e01b996cadc001622fb5e363b421",
 <       "stateRoot": "0xaf4f866419b11280ecc4d825d1da8da47840ac35e3273b30bc25148fa16ec4c5",
 <       "receiptsRoot": "0x56e81f171bcc55a6ff8345e692c0f86e5b48e01b996cadc001622fb5e363b421",
 <       "miner": "0x0000000000000000000000000000000000000000",
 <       "difficulty": "0x0",
 <       "totalDifficulty": "0x0",
 <       "extraData": "0x",
 <       "size": "0x3e8",
 <       "gasLimit": "0x98967f",
 <       "gasUsed": "0x0",
 <       "timestamp": "0x613fe6fb",
 <       "transactions": [],
 <       "uncles": []
 <     }
 <   }
[2021/09/13 21:04:11.564] -  <   {
 <     "id": 10,
 <     "jsonrpc": "2.0",
 <     "result": "0x6"
 <   }
[2021/09/13 21:04:11.581] - eth_getTransactionCount
[2021/09/13 21:04:11.581] -    > {
   >   "jsonrpc": "2.0",
   >   "id": 33,
   >   "method": "eth_getTransactionCount",
   >   "params": [
   >     "0x8ba1d05c844d219b15de09871f26273b510f38c7",
   >     "latest"
   >   ],
   >   "internal": true
   > }
[2021/09/13 21:04:11.583] -  <   {
 <     "id": 33,
 <     "jsonrpc": "2.0",
 <     "result": "0x0"
 <   }
[2021/09/13 21:04:11.583] - eth_getBalance
[2021/09/13 21:04:11.583] -    > {
   >   "jsonrpc": "2.0",
   >   "id": 34,
   >   "method": "eth_getBalance",
   >   "params": [
   >     "0xc2983c6f8d1d5779db8bb9b3be0d3a299b7c7c86",
   >     "latest"
   >   ],
   >   "internal": true
   > }
[2021/09/13 21:04:11.584] - eth_getTransactionCount
[2021/09/13 21:04:11.584] -    > {
   >   "jsonrpc": "2.0",
   >   "id": 35,
   >   "method": "eth_getTransactionCount",
   >   "params": [
   >     "0xc2983c6f8d1d5779db8bb9b3be0d3a299b7c7c86",
   >     "latest"
   >   ],
   >   "internal": true
   > }
[2021/09/13 21:04:11.585] -  <   {
 <     "id": 34,
 <     "jsonrpc": "2.0",
 <     "result": "0x3635c9adc5dea00000"
 <   }
[2021/09/13 21:04:11.586] - eth_getBalance
[2021/09/13 21:04:11.586] -    > {
   >   "jsonrpc": "2.0",
   >   "id": 36,
   >   "method": "eth_getBalance",
   >   "params": [
   >     "0xbf8dd614f43844a7fa69d0b975a0361f9a9062cc",
   >     "latest"
   >   ],
   >   "internal": true
   > }
[2021/09/13 21:04:11.587] -  <   {
 <     "id": 35,
 <     "jsonrpc": "2.0",
 <     "result": "0x0"
 <   }
[2021/09/13 21:04:11.588] - eth_getTransactionCount
[2021/09/13 21:04:11.589] -    > {
   >   "jsonrpc": "2.0",
   >   "id": 37,
   >   "method": "eth_getTransactionCount",
   >   "params": [
   >     "0xbf8dd614f43844a7fa69d0b975a0361f9a9062cc",
   >     "latest"
   >   ],
   >   "internal": true
   > }
[2021/09/13 21:04:11.589] -  <   {
 <     "id": 36,
 <     "jsonrpc": "2.0",
 <     "result": "0x3635c9adc5dea00000"
 <   }
[2021/09/13 21:04:11.591] -  <   {
 <     "id": 37,
 <     "jsonrpc": "2.0",
 <     "result": "0x0"
 <   }
[2021/09/13 21:04:11.592] - eth_getBalance
[2021/09/13 21:04:11.592] -    > {
   >   "jsonrpc": "2.0",
   >   "id": 38,
   >   "method": "eth_getBalance",
   >   "params": [
   >     "0x9bbec802731e78704c70df08c16c80802509349b",
   >     "latest"
   >   ],
   >   "internal": true
   > }
[2021/09/13 21:04:11.594] -  <   {
 <     "id": 38,
 <     "jsonrpc": "2.0",
 <     "result": "0x3635c9adc5dea00000"
 <   }
[2021/09/13 21:04:11.594] - eth_getTransactionCount
[2021/09/13 21:04:11.594] -    > {
   >   "jsonrpc": "2.0",
   >   "id": 39,
   >   "method": "eth_getTransactionCount",
   >   "params": [
   >     "0x9bbec802731e78704c70df08c16c80802509349b",
   >     "latest"
   >   ],
   >   "internal": true
   > }
[2021/09/13 21:04:11.595] - eth_getBalance
[2021/09/13 21:04:11.595] -    > {
   >   "jsonrpc": "2.0",
   >   "id": 40,
   >   "method": "eth_getBalance",
   >   "params": [
   >     "0x894f5c62f5207bc9ca71aca3f3775fe3a744320f",
   >     "latest"
   >   ],
   >   "internal": true
   > }
[2021/09/13 21:04:11.596] -  <   {
 <     "id": 39,
 <     "jsonrpc": "2.0",
 <     "result": "0x0"
 <   }
[2021/09/13 21:04:11.597] - eth_getTransactionCount
[2021/09/13 21:04:11.597] -    > {
   >   "jsonrpc": "2.0",
   >   "id": 41,
   >   "method": "eth_getTransactionCount",
   >   "params": [
   >     "0x894f5c62f5207bc9ca71aca3f3775fe3a744320f",
   >     "latest"
   >   ],
   >   "internal": true
   > }
[2021/09/13 21:04:11.598] -  <   {
 <     "id": 40,
 <     "jsonrpc": "2.0",
 <     "result": "0x3635c9adc5dea00000"
 <   }
[2021/09/13 21:04:11.599] - eth_getBalance
[2021/09/13 21:04:11.599] -    > {
   >   "jsonrpc": "2.0",
   >   "id": 42,
   >   "method": "eth_getBalance",
   >   "params": [
   >     "0x6451383562fefc0b6b7ee5ea1e6cf7a4ab58327e",
   >     "latest"
   >   ],
   >   "internal": true
   > }
[2021/09/13 21:04:11.599] -  <   {
 <     "id": 41,
 <     "jsonrpc": "2.0",
 <     "result": "0x0"
 <   }
[2021/09/13 21:04:11.600] - eth_getTransactionCount
[2021/09/13 21:04:11.601] -    > {
   >   "jsonrpc": "2.0",
   >   "id": 43,
   >   "method": "eth_getTransactionCount",
   >   "params": [
   >     "0x6451383562fefc0b6b7ee5ea1e6cf7a4ab58327e",
   >     "latest"
   >   ],
   >   "internal": true
   > }
[2021/09/13 21:04:11.601] -  <   {
 <     "id": 42,
 <     "jsonrpc": "2.0",
 <     "result": "0x3635c9adc5dea00000"
 <   }
[2021/09/13 21:04:11.602] - eth_getBalance
[2021/09/13 21:04:11.603] -    > {
   >   "jsonrpc": "2.0",
   >   "id": 44,
   >   "method": "eth_getBalance",
   >   "params": [
   >     "0x8f702f274636e7139aa88ae46588fea5b09a4927",
   >     "latest"
   >   ],
   >   "internal": true
   > }
[2021/09/13 21:04:11.603] -  <   {
 <     "id": 43,
 <     "jsonrpc": "2.0",
 <     "result": "0x0"
 <   }
[2021/09/13 21:04:11.607] -  <   {
 <     "id": 44,
 <     "jsonrpc": "2.0",
 <     "result": "0x3635c9adc5dea00000"
 <   }
[2021/09/13 21:04:11.607] - eth_blockNumber
[2021/09/13 21:04:11.608] -    > {
   >   "id": 8044648605214829,
   >   "jsonrpc": "2.0",
   >   "method": "eth_blockNumber",
   >   "params": []
   > }
[2021/09/13 21:04:11.608] - eth_getTransactionCount
[2021/09/13 21:04:11.608] -    > {
   >   "jsonrpc": "2.0",
   >   "id": 45,
   >   "method": "eth_getTransactionCount",
   >   "params": [
   >     "0x8f702f274636e7139aa88ae46588fea5b09a4927",
   >     "latest"
   >   ],
   >   "internal": true
   > }
[2021/09/13 21:04:11.608] - eth_getBalance
[2021/09/13 21:04:11.608] -    > {
   >   "jsonrpc": "2.0",
   >   "id": 46,
   >   "method": "eth_getBalance",
   >   "params": [
   >     "0x3caffff50640485e65af484e13a963bf137e1e20",
   >     "latest"
   >   ],
   >   "internal": true
   > }
[2021/09/13 21:04:11.608] -  <   {
 <     "id": 8044648605214829,
 <     "jsonrpc": "2.0",
 <     "result": "0x0"
 <   }
[2021/09/13 21:04:11.610] - eth_getTransactionCount
[2021/09/13 21:04:11.610] -    > {
   >   "jsonrpc": "2.0",
   >   "id": 47,
   >   "method": "eth_getTransactionCount",
   >   "params": [
   >     "0x3caffff50640485e65af484e13a963bf137e1e20",
   >     "latest"
   >   ],
   >   "internal": true
   > }
[2021/09/13 21:04:11.611] -  <   {
 <     "id": 45,
 <     "jsonrpc": "2.0",
 <     "result": "0x0"
 <   }
[2021/09/13 21:04:11.612] - eth_getBalance
[2021/09/13 21:04:11.612] -    > {
   >   "jsonrpc": "2.0",
   >   "id": 48,
   >   "method": "eth_getBalance",
   >   "params": [
   >     "0x7ffa8fcc06cf9c50ced0cb89a8b96108f8b8b7c8",
   >     "latest"
   >   ],
   >   "internal": true
   > }
[2021/09/13 21:04:11.613] -  <   {
 <     "id": 46,
 <     "jsonrpc": "2.0",
 <     "result": "0x3635c9adc5dea00000"
 <   }
[2021/09/13 21:04:11.615] -  <   {
 <     "id": 47,
 <     "jsonrpc": "2.0",
 <     "result": "0x0"
 <   }
[2021/09/13 21:04:11.615] - eth_getTransactionCount
[2021/09/13 21:04:11.615] -    > {
   >   "jsonrpc": "2.0",
   >   "id": 49,
   >   "method": "eth_getTransactionCount",
   >   "params": [
   >     "0x7ffa8fcc06cf9c50ced0cb89a8b96108f8b8b7c8",
   >     "latest"
   >   ],
   >   "internal": true
   > }
[2021/09/13 21:04:11.616] - eth_getBalance
[2021/09/13 21:04:11.616] -    > {
   >   "jsonrpc": "2.0",
   >   "id": 50,
   >   "method": "eth_getBalance",
   >   "params": [
   >     "0x35aacebff57583177e00f43ce30d6aa17889b590",
   >     "latest"
   >   ],
   >   "internal": true
   > }
[2021/09/13 21:04:11.617] -  <   {
 <     "id": 48,
 <     "jsonrpc": "2.0",
 <     "result": "0x3635c9adc5dea00000"
 <   }
[2021/09/13 21:04:11.618] - eth_getTransactionCount
[2021/09/13 21:04:11.618] -    > {
   >   "jsonrpc": "2.0",
   >   "id": 51,
   >   "method": "eth_getTransactionCount",
   >   "params": [
   >     "0x35aacebff57583177e00f43ce30d6aa17889b590",
   >     "latest"
   >   ],
   >   "internal": true
   > }
[2021/09/13 21:04:11.619] -  <   {
 <     "id": 49,
 <     "jsonrpc": "2.0",
 <     "result": "0x0"
 <   }
[2021/09/13 21:04:11.621] -  <   {
 <     "id": 50,
 <     "jsonrpc": "2.0",
 <     "result": "0x3635c9adc5dea00000"
 <   }
[2021/09/13 21:04:11.624] -  <   {
 <     "id": 51,
 <     "jsonrpc": "2.0",
 <     "result": "0x0"
 <   }
[2021/09/13 21:04:11.749] - eth_getBalance
[2021/09/13 21:04:11.749] -    > {
   >   "jsonrpc": "2.0",
   >   "id": 53,
   >   "method": "eth_getBalance",
   >   "params": [
   >     "0x8ba1d05c844d219b15de09871f26273b510f38c7",
   >     "latest"
   >   ],
   >   "internal": true
   > }
[2021/09/13 21:04:11.751] -  <   {
 <     "id": 53,
 <     "jsonrpc": "2.0",
 <     "result": "0x3635c9adc5dea00000"
 <   }
[2021/09/13 21:04:11.751] - eth_getTransactionCount
[2021/09/13 21:04:11.752] -    > {
   >   "jsonrpc": "2.0",
   >   "id": 54,
   >   "method": "eth_getTransactionCount",
   >   "params": [
   >     "0x8ba1d05c844d219b15de09871f26273b510f38c7",
   >     "latest"
   >   ],
   >   "internal": true
   > }
[2021/09/13 21:04:11.753] - eth_getBalance
[2021/09/13 21:04:11.753] -    > {
   >   "jsonrpc": "2.0",
   >   "id": 55,
   >   "method": "eth_getBalance",
   >   "params": [
   >     "0xc2983c6f8d1d5779db8bb9b3be0d3a299b7c7c86",
   >     "latest"
   >   ],
   >   "internal": true
   > }
[2021/09/13 21:04:11.754] -  <   {
 <     "id": 54,
 <     "jsonrpc": "2.0",
 <     "result": "0x0"
 <   }
[2021/09/13 21:04:11.755] - eth_getTransactionCount
[2021/09/13 21:04:11.755] -    > {
   >   "jsonrpc": "2.0",
   >   "id": 56,
   >   "method": "eth_getTransactionCount",
   >   "params": [
   >     "0xc2983c6f8d1d5779db8bb9b3be0d3a299b7c7c86",
   >     "latest"
   >   ],
   >   "internal": true
   > }
[2021/09/13 21:04:11.757] -  <   {
 <     "id": 55,
 <     "jsonrpc": "2.0",
 <     "result": "0x3635c9adc5dea00000"
 <   }
[2021/09/13 21:04:11.757] - eth_getBalance
[2021/09/13 21:04:11.757] -    > {
   >   "jsonrpc": "2.0",
   >   "id": 57,
   >   "method": "eth_getBalance",
   >   "params": [
   >     "0xbf8dd614f43844a7fa69d0b975a0361f9a9062cc",
   >     "latest"
   >   ],
   >   "internal": true
   > }
[2021/09/13 21:04:11.759] -  <   {
 <     "id": 56,
 <     "jsonrpc": "2.0",
 <     "result": "0x0"
 <   }
[2021/09/13 21:04:11.759] - eth_getTransactionCount
[2021/09/13 21:04:11.759] -    > {
   >   "jsonrpc": "2.0",
   >   "id": 58,
   >   "method": "eth_getTransactionCount",
   >   "params": [
   >     "0xbf8dd614f43844a7fa69d0b975a0361f9a9062cc",
   >     "latest"
   >   ],
   >   "internal": true
   > }
[2021/09/13 21:04:11.760] - eth_getBalance
[2021/09/13 21:04:11.761] -    > {
   >   "jsonrpc": "2.0",
   >   "id": 59,
   >   "method": "eth_getBalance",
   >   "params": [
   >     "0x9bbec802731e78704c70df08c16c80802509349b",
   >     "latest"
   >   ],
   >   "internal": true
   > }
[2021/09/13 21:04:11.761] -  <   {
 <     "id": 57,
 <     "jsonrpc": "2.0",
 <     "result": "0x3635c9adc5dea00000"
 <   }
[2021/09/13 21:04:11.762] - eth_getTransactionCount
[2021/09/13 21:04:11.762] -    > {
   >   "jsonrpc": "2.0",
   >   "id": 60,
   >   "method": "eth_getTransactionCount",
   >   "params": [
   >     "0x9bbec802731e78704c70df08c16c80802509349b",
   >     "latest"
   >   ],
   >   "internal": true
   > }
[2021/09/13 21:04:11.763] -  <   {
 <     "id": 58,
 <     "jsonrpc": "2.0",
 <     "result": "0x0"
 <   }
[2021/09/13 21:04:11.764] - eth_getBalance
[2021/09/13 21:04:11.764] -    > {
   >   "jsonrpc": "2.0",
   >   "id": 61,
   >   "method": "eth_getBalance",
   >   "params": [
   >     "0x894f5c62f5207bc9ca71aca3f3775fe3a744320f",
   >     "latest"
   >   ],
   >   "internal": true
   > }
[2021/09/13 21:04:11.765] -  <   {
 <     "id": 59,
 <     "jsonrpc": "2.0",
 <     "result": "0x3635c9adc5dea00000"
 <   }
[2021/09/13 21:04:11.767] -  <   {
 <     "id": 60,
 <     "jsonrpc": "2.0",
 <     "result": "0x0"
 <   }
[2021/09/13 21:04:11.767] - eth_getTransactionCount
[2021/09/13 21:04:11.767] -    > {
   >   "jsonrpc": "2.0",
   >   "id": 62,
   >   "method": "eth_getTransactionCount",
   >   "params": [
   >     "0x894f5c62f5207bc9ca71aca3f3775fe3a744320f",
   >     "latest"
   >   ],
   >   "internal": true
   > }
[2021/09/13 21:04:11.768] - eth_getBalance
[2021/09/13 21:04:11.768] -    > {
   >   "jsonrpc": "2.0",
   >   "id": 63,
   >   "method": "eth_getBalance",
   >   "params": [
   >     "0x6451383562fefc0b6b7ee5ea1e6cf7a4ab58327e",
   >     "latest"
   >   ],
   >   "internal": true
   > }
[2021/09/13 21:04:11.769] -  <   {
 <     "id": 61,
 <     "jsonrpc": "2.0",
 <     "result": "0x3635c9adc5dea00000"
 <   }
[2021/09/13 21:04:11.770] - eth_getTransactionCount
[2021/09/13 21:04:11.770] -    > {
   >   "jsonrpc": "2.0",
   >   "id": 64,
   >   "method": "eth_getTransactionCount",
   >   "params": [
   >     "0x6451383562fefc0b6b7ee5ea1e6cf7a4ab58327e",
   >     "latest"
   >   ],
   >   "internal": true
   > }
[2021/09/13 21:04:11.771] -  <   {
 <     "id": 62,
 <     "jsonrpc": "2.0",
 <     "result": "0x0"
 <   }
[2021/09/13 21:04:11.772] - eth_getBalance
[2021/09/13 21:04:11.773] -    > {
   >   "jsonrpc": "2.0",
   >   "id": 65,
   >   "method": "eth_getBalance",
   >   "params": [
   >     "0x8f702f274636e7139aa88ae46588fea5b09a4927",
   >     "latest"
   >   ],
   >   "internal": true
   > }
[2021/09/13 21:04:11.773] -  <   {
 <     "id": 63,
 <     "jsonrpc": "2.0",
 <     "result": "0x3635c9adc5dea00000"
 <   }
[2021/09/13 21:04:11.774] - eth_getTransactionCount
[2021/09/13 21:04:11.774] -    > {
   >   "jsonrpc": "2.0",
   >   "id": 66,
   >   "method": "eth_getTransactionCount",
   >   "params": [
   >     "0x8f702f274636e7139aa88ae46588fea5b09a4927",
   >     "latest"
   >   ],
   >   "internal": true
   > }
[2021/09/13 21:04:11.775] -  <   {
 <     "id": 64,
 <     "jsonrpc": "2.0",
 <     "result": "0x0"
 <   }
[2021/09/13 21:04:11.777] -  <   {
 <     "id": 65,
 <     "jsonrpc": "2.0",
 <     "result": "0x3635c9adc5dea00000"
 <   }
[2021/09/13 21:04:11.777] - eth_getBalance
[2021/09/13 21:04:11.777] -    > {
   >   "jsonrpc": "2.0",
   >   "id": 67,
   >   "method": "eth_getBalance",
   >   "params": [
   >     "0x3caffff50640485e65af484e13a963bf137e1e20",
   >     "latest"
   >   ],
   >   "internal": true
   > }
[2021/09/13 21:04:11.779] -  <   {
 <     "id": 66,
 <     "jsonrpc": "2.0",
 <     "result": "0x0"
 <   }
[2021/09/13 21:04:11.780] - eth_getTransactionCount
[2021/09/13 21:04:11.780] -    > {
   >   "jsonrpc": "2.0",
   >   "id": 68,
   >   "method": "eth_getTransactionCount",
   >   "params": [
   >     "0x3caffff50640485e65af484e13a963bf137e1e20",
   >     "latest"
   >   ],
   >   "internal": true
   > }
[2021/09/13 21:04:11.781] - eth_getBalance
[2021/09/13 21:04:11.781] -    > {
   >   "jsonrpc": "2.0",
   >   "id": 69,
   >   "method": "eth_getBalance",
   >   "params": [
   >     "0x7ffa8fcc06cf9c50ced0cb89a8b96108f8b8b7c8",
   >     "latest"
   >   ],
   >   "internal": true
   > }
[2021/09/13 21:04:11.782] -  <   {
 <     "id": 67,
 <     "jsonrpc": "2.0",
 <     "result": "0x3635c9adc5dea00000"
 <   }
[2021/09/13 21:04:11.782] - eth_getTransactionCount
[2021/09/13 21:04:11.783] -    > {
   >   "jsonrpc": "2.0",
   >   "id": 70,
   >   "method": "eth_getTransactionCount",
   >   "params": [
   >     "0x7ffa8fcc06cf9c50ced0cb89a8b96108f8b8b7c8",
   >     "latest"
   >   ],
   >   "internal": true
   > }
[2021/09/13 21:04:11.783] -  <   {
 <     "id": 68,
 <     "jsonrpc": "2.0",
 <     "result": "0x0"
 <   }
[2021/09/13 21:04:11.785] -  <   {
 <     "id": 69,
 <     "jsonrpc": "2.0",
 <     "result": "0x3635c9adc5dea00000"
 <   }
[2021/09/13 21:04:11.786] - eth_getBalance
[2021/09/13 21:04:11.786] -    > {
   >   "jsonrpc": "2.0",
   >   "id": 71,
   >   "method": "eth_getBalance",
   >   "params": [
   >     "0x35aacebff57583177e00f43ce30d6aa17889b590",
   >     "latest"
   >   ],
   >   "internal": true
   > }
[2021/09/13 21:04:11.788] -  <   {
 <     "id": 70,
 <     "jsonrpc": "2.0",
 <     "result": "0x0"
 <   }
[2021/09/13 21:04:11.788] - eth_getTransactionCount
[2021/09/13 21:04:11.788] -    > {
   >   "jsonrpc": "2.0",
   >   "id": 72,
   >   "method": "eth_getTransactionCount",
   >   "params": [
   >     "0x35aacebff57583177e00f43ce30d6aa17889b590",
   >     "latest"
   >   ],
   >   "internal": true
   > }
[2021/09/13 21:04:11.790] -  <   {
 <     "id": 71,
 <     "jsonrpc": "2.0",
 <     "result": "0x3635c9adc5dea00000"
 <   }
[2021/09/13 21:04:11.790] - eth_getBalance
[2021/09/13 21:04:11.790] -    > {
   >   "jsonrpc": "2.0",
   >   "id": 73,
   >   "method": "eth_getBalance",
   >   "params": [
   >     "0x8ba1d05c844d219b15de09871f26273b510f38c7",
   >     "latest"
   >   ],
   >   "internal": true
   > }
[2021/09/13 21:04:11.791] - eth_getTransactionCount
[2021/09/13 21:04:11.792] -    > {
   >   "jsonrpc": "2.0",
   >   "id": 74,
   >   "method": "eth_getTransactionCount",
   >   "params": [
   >     "0x8ba1d05c844d219b15de09871f26273b510f38c7",
   >     "latest"
   >   ],
   >   "internal": true
   > }
[2021/09/13 21:04:11.792] -  <   {
 <     "id": 72,
 <     "jsonrpc": "2.0",
 <     "result": "0x0"
 <   }
[2021/09/13 21:04:11.793] - eth_getBalance
[2021/09/13 21:04:11.793] -    > {
   >   "jsonrpc": "2.0",
   >   "id": 75,
   >   "method": "eth_getBalance",
   >   "params": [
   >     "0xc2983c6f8d1d5779db8bb9b3be0d3a299b7c7c86",
   >     "latest"
   >   ],
   >   "internal": true
   > }
[2021/09/13 21:04:11.794] -  <   {
 <     "id": 73,
 <     "jsonrpc": "2.0",
 <     "result": "0x3635c9adc5dea00000"
 <   }
[2021/09/13 21:04:11.795] - eth_getTransactionCount
[2021/09/13 21:04:11.795] -    > {
   >   "jsonrpc": "2.0",
   >   "id": 76,
   >   "method": "eth_getTransactionCount",
   >   "params": [
   >     "0xc2983c6f8d1d5779db8bb9b3be0d3a299b7c7c86",
   >     "latest"
   >   ],
   >   "internal": true
   > }
[2021/09/13 21:04:11.796] -  <   {
 <     "id": 74,
 <     "jsonrpc": "2.0",
 <     "result": "0x0"
 <   }
[2021/09/13 21:04:11.797] - eth_getBalance
[2021/09/13 21:04:11.797] -    > {
   >   "jsonrpc": "2.0",
   >   "id": 77,
   >   "method": "eth_getBalance",
   >   "params": [
   >     "0xbf8dd614f43844a7fa69d0b975a0361f9a9062cc",
   >     "latest"
   >   ],
   >   "internal": true
   > }
[2021/09/13 21:04:11.798] -  <   {
 <     "id": 75,
 <     "jsonrpc": "2.0",
 <     "result": "0x3635c9adc5dea00000"
 <   }
[2021/09/13 21:04:11.799] - eth_getTransactionCount
[2021/09/13 21:04:11.799] -    > {
   >   "jsonrpc": "2.0",
   >   "id": 78,
   >   "method": "eth_getTransactionCount",
   >   "params": [
   >     "0xbf8dd614f43844a7fa69d0b975a0361f9a9062cc",
   >     "latest"
   >   ],
   >   "internal": true
   > }
[2021/09/13 21:04:11.800] -  <   {
 <     "id": 76,
 <     "jsonrpc": "2.0",
 <     "result": "0x0"
 <   }
[2021/09/13 21:04:11.801] - eth_getBalance
[2021/09/13 21:04:11.801] -    > {
   >   "jsonrpc": "2.0",
   >   "id": 79,
   >   "method": "eth_getBalance",
   >   "params": [
   >     "0x9bbec802731e78704c70df08c16c80802509349b",
   >     "latest"
   >   ],
   >   "internal": true
   > }
[2021/09/13 21:04:11.802] -  <   {
 <     "id": 77,
 <     "jsonrpc": "2.0",
 <     "result": "0x3635c9adc5dea00000"
 <   }
[2021/09/13 21:04:11.804] - eth_getTransactionCount
[2021/09/13 21:04:11.804] -    > {
   >   "jsonrpc": "2.0",
   >   "id": 80,
   >   "method": "eth_getTransactionCount",
   >   "params": [
   >     "0x9bbec802731e78704c70df08c16c80802509349b",
   >     "latest"
   >   ],
   >   "internal": true
   > }
[2021/09/13 21:04:11.804] - eth_getBalance
[2021/09/13 21:04:11.804] -    > {
   >   "jsonrpc": "2.0",
   >   "id": 81,
   >   "method": "eth_getBalance",
   >   "params": [
   >     "0x894f5c62f5207bc9ca71aca3f3775fe3a744320f",
   >     "latest"
   >   ],
   >   "internal": true
   > }
[2021/09/13 21:04:11.805] -  <   {
 <     "id": 78,
 <     "jsonrpc": "2.0",
 <     "result": "0x0"
 <   }
[2021/09/13 21:04:11.806] - eth_getTransactionCount
[2021/09/13 21:04:11.806] -    > {
   >   "jsonrpc": "2.0",
   >   "id": 82,
   >   "method": "eth_getTransactionCount",
   >   "params": [
   >     "0x894f5c62f5207bc9ca71aca3f3775fe3a744320f",
   >     "latest"
   >   ],
   >   "internal": true
   > }
[2021/09/13 21:04:11.808] -  <   {
 <     "id": 79,
 <     "jsonrpc": "2.0",
 <     "result": "0x3635c9adc5dea00000"
 <   }
[2021/09/13 21:04:11.808] - eth_getBalance
[2021/09/13 21:04:11.808] -    > {
   >   "jsonrpc": "2.0",
   >   "id": 83,
   >   "method": "eth_getBalance",
   >   "params": [
   >     "0x6451383562fefc0b6b7ee5ea1e6cf7a4ab58327e",
   >     "latest"
   >   ],
   >   "internal": true
   > }
[2021/09/13 21:04:11.809] - eth_getTransactionCount
[2021/09/13 21:04:11.809] -    > {
   >   "jsonrpc": "2.0",
   >   "id": 84,
   >   "method": "eth_getTransactionCount",
   >   "params": [
   >     "0x6451383562fefc0b6b7ee5ea1e6cf7a4ab58327e",
   >     "latest"
   >   ],
   >   "internal": true
   > }
[2021/09/13 21:04:11.810] -  <   {
 <     "id": 80,
 <     "jsonrpc": "2.0",
 <     "result": "0x0"
 <   }
[2021/09/13 21:04:11.811] - eth_getBalance
[2021/09/13 21:04:11.811] -    > {
   >   "jsonrpc": "2.0",
   >   "id": 85,
   >   "method": "eth_getBalance",
   >   "params": [
   >     "0x8f702f274636e7139aa88ae46588fea5b09a4927",
   >     "latest"
   >   ],
   >   "internal": true
   > }
[2021/09/13 21:04:11.811] -  <   {
 <     "id": 81,
 <     "jsonrpc": "2.0",
 <     "result": "0x3635c9adc5dea00000"
 <   }
[2021/09/13 21:04:11.812] - eth_getTransactionCount
[2021/09/13 21:04:11.812] -    > {
   >   "jsonrpc": "2.0",
   >   "id": 86,
   >   "method": "eth_getTransactionCount",
   >   "params": [
   >     "0x8f702f274636e7139aa88ae46588fea5b09a4927",
   >     "latest"
   >   ],
   >   "internal": true
   > }
[2021/09/13 21:04:11.813] -  <   {
 <     "id": 82,
 <     "jsonrpc": "2.0",
 <     "result": "0x0"
 <   }
[2021/09/13 21:04:11.815] -  <   {
 <     "id": 83,
 <     "jsonrpc": "2.0",
 <     "result": "0x3635c9adc5dea00000"
 <   }
[2021/09/13 21:04:11.815] - eth_getBalance
[2021/09/13 21:04:11.815] -    > {
   >   "jsonrpc": "2.0",
   >   "id": 87,
   >   "method": "eth_getBalance",
   >   "params": [
   >     "0x3caffff50640485e65af484e13a963bf137e1e20",
   >     "latest"
   >   ],
   >   "internal": true
   > }
[2021/09/13 21:04:11.816] - eth_getTransactionCount
[2021/09/13 21:04:11.816] -    > {
   >   "jsonrpc": "2.0",
   >   "id": 88,
   >   "method": "eth_getTransactionCount",
   >   "params": [
   >     "0x3caffff50640485e65af484e13a963bf137e1e20",
   >     "latest"
   >   ],
   >   "internal": true
   > }
[2021/09/13 21:04:11.817] -  <   {
 <     "id": 84,
 <     "jsonrpc": "2.0",
 <     "result": "0x0"
 <   }
[2021/09/13 21:04:11.818] - eth_getBalance
[2021/09/13 21:04:11.818] -    > {
   >   "jsonrpc": "2.0",
   >   "id": 89,
   >   "method": "eth_getBalance",
   >   "params": [
   >     "0x7ffa8fcc06cf9c50ced0cb89a8b96108f8b8b7c8",
   >     "latest"
   >   ],
   >   "internal": true
   > }
[2021/09/13 21:04:11.820] -  <   {
 <     "id": 85,
 <     "jsonrpc": "2.0",
 <     "result": "0x3635c9adc5dea00000"
 <   }
[2021/09/13 21:04:11.821] - eth_getTransactionCount
[2021/09/13 21:04:11.822] -    > {
   >   "jsonrpc": "2.0",
   >   "id": 90,
   >   "method": "eth_getTransactionCount",
   >   "params": [
   >     "0x7ffa8fcc06cf9c50ced0cb89a8b96108f8b8b7c8",
   >     "latest"
   >   ],
   >   "internal": true
   > }
[2021/09/13 21:04:11.823] -  <   {
 <     "id": 86,
 <     "jsonrpc": "2.0",
 <     "result": "0x0"
 <   }
[2021/09/13 21:04:11.824] - eth_getBalance
[2021/09/13 21:04:11.824] -    > {
   >   "jsonrpc": "2.0",
   >   "id": 91,
   >   "method": "eth_getBalance",
   >   "params": [
   >     "0x35aacebff57583177e00f43ce30d6aa17889b590",
   >     "latest"
   >   ],
   >   "internal": true
   > }
[2021/09/13 21:04:11.826] -  <   {
 <     "id": 87,
 <     "jsonrpc": "2.0",
 <     "result": "0x3635c9adc5dea00000"
 <   }
[2021/09/13 21:04:11.831] -  <   {
 <     "id": 88,
 <     "jsonrpc": "2.0",
 <     "result": "0x0"
 <   }
[2021/09/13 21:04:11.847] - eth_getTransactionCount
[2021/09/13 21:04:11.847] -    > {
   >   "jsonrpc": "2.0",
   >   "id": 92,
   >   "method": "eth_getTransactionCount",
   >   "params": [
   >     "0x35aacebff57583177e00f43ce30d6aa17889b590",
   >     "latest"
   >   ],
   >   "internal": true
   > }
[2021/09/13 21:04:11.849] -  <   {
 <     "id": 89,
 <     "jsonrpc": "2.0",
 <     "result": "0x3635c9adc5dea00000"
 <   }
[2021/09/13 21:04:11.852] -  <   {
 <     "id": 90,
 <     "jsonrpc": "2.0",
 <     "result": "0x0"
 <   }
[2021/09/13 21:04:11.855] -  <   {
 <     "id": 91,
 <     "jsonrpc": "2.0",
 <     "result": "0x3635c9adc5dea00000"
 <   }
[2021/09/13 21:04:11.858] -  <   {
 <     "id": 92,
 <     "jsonrpc": "2.0",
 <     "result": "0x0"
 <   }
[2021/09/13 21:26:35.042] - eth_unsubscribe
[2021/09/13 21:26:35.043] -    > {
   >   "jsonrpc": "2.0",
   >   "id": 7,
   >   "method": "eth_unsubscribe",
   >   "params": [
   >     "0x3"
   >   ]
   > }
[2021/09/13 21:26:35.043] - eth_unsubscribe
[2021/09/13 21:26:35.043] -    > {
   >   "jsonrpc": "2.0",
   >   "id": 8,
   >   "method": "eth_unsubscribe",
   >   "params": [
   >     "0x4"
   >   ]
   > }
[2021/09/13 21:26:35.044] -  <   {
 <     "id": 7,
 <     "jsonrpc": "2.0",
 <     "result": true
 <   }
[2021/09/13 21:26:35.046] -  <   {
 <     "id": 8,
 <     "jsonrpc": "2.0",
 <     "result": true
 <   }
[2021/09/13 21:26:35.376] -    > {
   >   "jsonrpc": "2.0",
   >   "method": "eth_unsubscribe",
   >   "params": [
   >     "0x6"
   >   ],
   >   "id": 1631579195375
   > }
[2021/09/13 21:26:35.378] -    > {
   >   "jsonrpc": "2.0",
   >   "method": "eth_unsubscribe",
   >   "params": [
   >     "0x5"
   >   ],
   >   "id": 1631579195377
   > }
[2021/09/13 21:26:35.379] -    > {
   >   "jsonrpc": "2.0",
   >   "method": "eth_unsubscribe",
   >   "params": [
   >     "0x1"
   >   ],
   >   "id": 1631579195379
   > }
[2021/09/13 21:26:35.380] -    > {
   >   "jsonrpc": "2.0",
   >   "method": "eth_unsubscribe",
   >   "params": [
   >     "0x2"
   >   ],
   >   "id": 1631579195380
   > }
[2021/09/13 21:26:35.383] -  <   {
 <     "id": 1631579195375,
 <     "jsonrpc": "2.0",
 <     "result": true
 <   }
[2021/09/13 21:26:35.385] -  <   {
 <     "id": 1631579195377,
 <     "jsonrpc": "2.0",
 <     "result": true
 <   }
[2021/09/13 21:26:35.387] -  <   {
 <     "id": 1631579195379,
 <     "jsonrpc": "2.0",
 <     "result": true
 <   }
[2021/09/13 21:26:35.390] -  <   {
 <     "id": 1631579195380,
 <     "jsonrpc": "2.0",
 <     "result": true
 <   }
