[2021/09/14 17:23:38.940] - Starting server with initial configuration: {"gasLimit":9999999,"gasPrice":20000000000,"hardfork":"muirGlacier","hostname":"127.0.0.1","port":8545,"network_id":5778,"default_balance_ether":1000,"total_accounts":10,"unlocked_accounts":[],"locked":true,"vmErrorsOnRPCResponse":true,"verbose":true,"db_path":"/home/lenovo/.config/Ganache/workspaces/Quickstart/chaindata","logDirectory":"/home/lenovo/dev/udacity/flightsurety/logs"}
[2021/09/14 17:23:39.279] - eth_subscribe
[2021/09/14 17:23:39.280] -    > {
   >   "jsonrpc": "2.0",
   >   "id": 1,
   >   "method": "eth_subscribe",
   >   "params": [
   >     "newHeads"
   >   ]
   > }
[2021/09/14 17:23:39.281] - eth_getLogs
[2021/09/14 17:23:39.281] -    > {
   >   "jsonrpc": "2.0",
   >   "id": 2,
   >   "method": "eth_getLogs",
   >   "params": [
   >     {
   >       "topics": []
   >     }
   >   ]
   > }
[2021/09/14 17:23:39.282] - eth_subscribe
[2021/09/14 17:23:39.282] -    > {
   >   "jsonrpc": "2.0",
   >   "id": 3,
   >   "method": "eth_subscribe",
   >   "params": [
   >     "logs",
   >     {
   >       "topics": []
   >     }
   >   ]
   > }
[2021/09/14 17:23:39.284] -  <   {
 <     "id": 1,
 <     "jsonrpc": "2.0",
 <     "result": "0x1"
 <   }
[2021/09/14 17:23:39.289] -  <   {
 <     "id": 2,
 <     "jsonrpc": "2.0",
 <     "result": []
 <   }
[2021/09/14 17:23:39.291] -  <   {
 <     "id": 3,
 <     "jsonrpc": "2.0",
 <     "result": "0x2"
 <   }
[2021/09/14 17:23:39.316] - eth_subscribe
[2021/09/14 17:23:39.317] -    > {
   >   "jsonrpc": "2.0",
   >   "id": 4,
   >   "method": "eth_subscribe",
   >   "params": [
   >     "newHeads"
   >   ]
   > }
[2021/09/14 17:23:39.317] - eth_getLogs
[2021/09/14 17:23:39.318] -    > {
   >   "jsonrpc": "2.0",
   >   "id": 5,
   >   "method": "eth_getLogs",
   >   "params": [
   >     {
   >       "topics": []
   >     }
   >   ]
   > }
[2021/09/14 17:23:39.318] - eth_subscribe
[2021/09/14 17:23:39.319] -    > {
   >   "jsonrpc": "2.0",
   >   "id": 6,
   >   "method": "eth_subscribe",
   >   "params": [
   >     "logs",
   >     {
   >       "topics": []
   >     }
   >   ]
   > }
[2021/09/14 17:23:39.319] -  <   {
 <     "id": 4,
 <     "jsonrpc": "2.0",
 <     "result": "0x3"
 <   }
[2021/09/14 17:23:39.323] -  <   {
 <     "id": 5,
 <     "jsonrpc": "2.0",
 <     "result": []
 <   }
[2021/09/14 17:23:39.325] -  <   {
 <     "id": 6,
 <     "jsonrpc": "2.0",
 <     "result": "0x4"
 <   }
[2021/09/14 17:23:39.390] - eth_blockNumber
[2021/09/14 17:23:39.391] -    > {
   >   "jsonrpc": "2.0",
   >   "id": 1,
   >   "method": "eth_blockNumber",
   >   "params": [],
   >   "internal": true
   > }
[2021/09/14 17:23:39.391] - eth_accounts
[2021/09/14 17:23:39.392] -    > {
   >   "jsonrpc": "2.0",
   >   "id": 2,
   >   "method": "eth_accounts",
   >   "params": [],
   >   "internal": true
   > }
[2021/09/14 17:23:39.392] - eth_gasPrice
[2021/09/14 17:23:39.392] -    > {
   >   "jsonrpc": "2.0",
   >   "id": 3,
   >   "method": "eth_gasPrice",
   >   "params": [],
   >   "internal": true
   > }
[2021/09/14 17:23:39.393] -  <   {
 <     "id": 1,
 <     "jsonrpc": "2.0",
 <     "result": "0x0"
 <   }
[2021/09/14 17:23:39.393] - eth_getBlockByNumber
[2021/09/14 17:23:39.394] -    > {
   >   "jsonrpc": "2.0",
   >   "id": 4,
   >   "method": "eth_getBlockByNumber",
   >   "params": [
   >     "latest",
   >     false
   >   ],
   >   "internal": true
   > }
[2021/09/14 17:23:39.394] - eth_subscribe
[2021/09/14 17:23:39.394] -    > {
   >   "jsonrpc": "2.0",
   >   "id": 5,
   >   "method": "eth_subscribe",
   >   "params": [
   >     "newHeads"
   >   ],
   >   "internal": true
   > }
[2021/09/14 17:23:39.395] -  <   {
 <     "id": 2,
 <     "jsonrpc": "2.0",
 <     "result": [
 <       "0x327fe39515ea6a7c66a9b9646a4fff9ed3937a4d",
 <       "0x961546cee980c9fb28c7d097bd81d1bd51ac6028",
 <       "0x4226d6d190dfccc736325433a5a8ab2ef36b16be",
 <       "0x070af09d45366b1e0b4d03c18850836816b94041",
 <       "0xb1749767eb95a9023b55419350e03fed3e14e79f",
 <       "0xd08d93925fcab1f8156efa29e82d972bd0e7867d",
 <       "0xbc18069459c72fc3ece0488c26c4b440c4d556f8",
 <       "0xc3dfec8824b798f8e423faa46dfecb12ead0d430",
 <       "0x5a402427f428161d0ac469f306f88feebf08e617",
 <       "0x1ccca0dddd105098416425aee65221a03fef4201"
 <     ]
 <   }
[2021/09/14 17:23:39.397] -  <   {
 <     "id": 3,
 <     "jsonrpc": "2.0",
 <     "result": "0x4a817c800"
 <   }
[2021/09/14 17:23:39.401] -  <   {
 <     "id": 4,
 <     "jsonrpc": "2.0",
 <     "result": {
 <       "number": "0x0",
 <       "hash": "0x9e2a5f786d73d3e46589c3ab47490a5e62c1ed56f12507267111081c43f8c764",
 <       "parentHash": "0x0000000000000000000000000000000000000000000000000000000000000000",
 <       "mixHash": "0x0000000000000000000000000000000000000000000000000000000000000000",
 <       "nonce": "0x0000000000000000",
 <       "sha3Uncles": "0x1dcc4de8dec75d7aab85b567b6ccd41ad312451b948a7413f0a142fd40d49347",
 <       "logsBloom": "0x00000000000000000000000000000000000000000000000000000000000000000000000000000000000000000000000000000000000000000000000000000000000000000000000000000000000000000000000000000000000000000000000000000000000000000000000000000000000000000000000000000000000000000000000000000000000000000000000000000000000000000000000000000000000000000000000000000000000000000000000000000000000000000000000000000000000000000000000000000000000000000000000000000000000000000000000000000000000000000000000000000000000000000000000000000000",
 <       "transactionsRoot": "0x56e81f171bcc55a6ff8345e692c0f86e5b48e01b996cadc001622fb5e363b421",
 <       "stateRoot": "0x504abcd81275c2ca278148daf1114ca76018f5d1af602b2a887afcb99c78bf4d",
 <       "receiptsRoot": "0x56e81f171bcc55a6ff8345e692c0f86e5b48e01b996cadc001622fb5e363b421",
 <       "miner": "0x0000000000000000000000000000000000000000",
 <       "difficulty": "0x0",
 <       "totalDifficulty": "0x0",
 <       "extraData": "0x",
 <       "size": "0x3e8",
 <       "gasLimit": "0x98967f",
 <       "gasUsed": "0x0",
 <       "timestamp": "0x614104cb",
 <       "transactions": [],
 <       "uncles": []
 <     }
 <   }
[2021/09/14 17:23:39.403] -  <   {
 <     "id": 5,
 <     "jsonrpc": "2.0",
 <     "result": "0x5"
 <   }
[2021/09/14 17:23:39.412] - eth_accounts
[2021/09/14 17:23:39.412] -    > {
   >   "jsonrpc": "2.0",
   >   "id": 11,
   >   "method": "eth_accounts",
   >   "params": [],
   >   "internal": true
   > }
[2021/09/14 17:23:39.414] -  <   {
 <     "id": 11,
 <     "jsonrpc": "2.0",
 <     "result": [
 <       "0x327fe39515ea6a7c66a9b9646a4fff9ed3937a4d",
 <       "0x961546cee980c9fb28c7d097bd81d1bd51ac6028",
 <       "0x4226d6d190dfccc736325433a5a8ab2ef36b16be",
 <       "0x070af09d45366b1e0b4d03c18850836816b94041",
 <       "0xb1749767eb95a9023b55419350e03fed3e14e79f",
 <       "0xd08d93925fcab1f8156efa29e82d972bd0e7867d",
 <       "0xbc18069459c72fc3ece0488c26c4b440c4d556f8",
 <       "0xc3dfec8824b798f8e423faa46dfecb12ead0d430",
 <       "0x5a402427f428161d0ac469f306f88feebf08e617",
 <       "0x1ccca0dddd105098416425aee65221a03fef4201"
 <     ]
 <   }
[2021/09/14 17:23:39.457] - eth_getBalance
[2021/09/14 17:23:39.458] -    > {
   >   "jsonrpc": "2.0",
   >   "id": 12,
   >   "method": "eth_getBalance",
   >   "params": [
   >     "0x327fe39515ea6a7c66a9b9646a4fff9ed3937a4d",
   >     "latest"
   >   ],
   >   "internal": true
   > }
[2021/09/14 17:23:39.462] -  <   {
 <     "id": 12,
 <     "jsonrpc": "2.0",
 <     "result": "0x3635c9adc5dea00000"
 <   }
[2021/09/14 17:23:39.464] - eth_getTransactionCount
[2021/09/14 17:23:39.465] -    > {
   >   "jsonrpc": "2.0",
   >   "id": 13,
   >   "method": "eth_getTransactionCount",
   >   "params": [
   >     "0x327fe39515ea6a7c66a9b9646a4fff9ed3937a4d",
   >     "latest"
   >   ],
   >   "internal": true
   > }
[2021/09/14 17:23:39.468] -  <   {
 <     "id": 13,
 <     "jsonrpc": "2.0",
 <     "result": "0x0"
 <   }
[2021/09/14 17:23:39.472] - eth_getBalance
[2021/09/14 17:23:39.472] -    > {
   >   "jsonrpc": "2.0",
   >   "id": 14,
   >   "method": "eth_getBalance",
   >   "params": [
   >     "0x961546cee980c9fb28c7d097bd81d1bd51ac6028",
   >     "latest"
   >   ],
   >   "internal": true
   > }
[2021/09/14 17:23:39.476] -  <   {
 <     "id": 14,
 <     "jsonrpc": "2.0",
 <     "result": "0x3635c9adc5dea00000"
 <   }
[2021/09/14 17:23:39.479] - eth_getTransactionCount
[2021/09/14 17:23:39.479] -    > {
   >   "jsonrpc": "2.0",
   >   "id": 15,
   >   "method": "eth_getTransactionCount",
   >   "params": [
   >     "0x961546cee980c9fb28c7d097bd81d1bd51ac6028",
   >     "latest"
   >   ],
   >   "internal": true
   > }
[2021/09/14 17:23:39.483] -  <   {
 <     "id": 15,
 <     "jsonrpc": "2.0",
 <     "result": "0x0"
 <   }
[2021/09/14 17:23:39.486] - eth_getBalance
[2021/09/14 17:23:39.487] -    > {
   >   "jsonrpc": "2.0",
   >   "id": 16,
   >   "method": "eth_getBalance",
   >   "params": [
   >     "0x4226d6d190dfccc736325433a5a8ab2ef36b16be",
   >     "latest"
   >   ],
   >   "internal": true
   > }
[2021/09/14 17:23:39.490] -  <   {
 <     "id": 16,
 <     "jsonrpc": "2.0",
 <     "result": "0x3635c9adc5dea00000"
 <   }
[2021/09/14 17:23:39.492] - eth_getTransactionCount
[2021/09/14 17:23:39.493] -    > {
   >   "jsonrpc": "2.0",
   >   "id": 17,
   >   "method": "eth_getTransactionCount",
   >   "params": [
   >     "0x4226d6d190dfccc736325433a5a8ab2ef36b16be",
   >     "latest"
   >   ],
   >   "internal": true
   > }
[2021/09/14 17:23:39.496] -  <   {
 <     "id": 17,
 <     "jsonrpc": "2.0",
 <     "result": "0x0"
 <   }
[2021/09/14 17:23:39.498] - eth_getBalance
[2021/09/14 17:23:39.498] -    > {
   >   "jsonrpc": "2.0",
   >   "id": 18,
   >   "method": "eth_getBalance",
   >   "params": [
   >     "0x070af09d45366b1e0b4d03c18850836816b94041",
   >     "latest"
   >   ],
   >   "internal": true
   > }
[2021/09/14 17:23:39.502] -  <   {
 <     "id": 18,
 <     "jsonrpc": "2.0",
 <     "result": "0x3635c9adc5dea00000"
 <   }
[2021/09/14 17:23:39.503] - eth_getTransactionCount
[2021/09/14 17:23:39.504] -    > {
   >   "jsonrpc": "2.0",
   >   "id": 19,
   >   "method": "eth_getTransactionCount",
   >   "params": [
   >     "0x070af09d45366b1e0b4d03c18850836816b94041",
   >     "latest"
   >   ],
   >   "internal": true
   > }
[2021/09/14 17:23:39.507] -  <   {
 <     "id": 19,
 <     "jsonrpc": "2.0",
 <     "result": "0x0"
 <   }
[2021/09/14 17:23:39.509] - eth_getBalance
[2021/09/14 17:23:39.510] -    > {
   >   "jsonrpc": "2.0",
   >   "id": 20,
   >   "method": "eth_getBalance",
   >   "params": [
   >     "0xb1749767eb95a9023b55419350e03fed3e14e79f",
   >     "latest"
   >   ],
   >   "internal": true
   > }
[2021/09/14 17:23:39.513] -  <   {
 <     "id": 20,
 <     "jsonrpc": "2.0",
 <     "result": "0x3635c9adc5dea00000"
 <   }
[2021/09/14 17:23:39.515] - eth_getTransactionCount
[2021/09/14 17:23:39.515] -    > {
   >   "jsonrpc": "2.0",
   >   "id": 21,
   >   "method": "eth_getTransactionCount",
   >   "params": [
   >     "0xb1749767eb95a9023b55419350e03fed3e14e79f",
   >     "latest"
   >   ],
   >   "internal": true
   > }
[2021/09/14 17:23:39.518] -  <   {
 <     "id": 21,
 <     "jsonrpc": "2.0",
 <     "result": "0x0"
 <   }
[2021/09/14 17:23:39.519] - eth_getBalance
[2021/09/14 17:23:39.519] -    > {
   >   "jsonrpc": "2.0",
   >   "id": 22,
   >   "method": "eth_getBalance",
   >   "params": [
   >     "0xd08d93925fcab1f8156efa29e82d972bd0e7867d",
   >     "latest"
   >   ],
   >   "internal": true
   > }
[2021/09/14 17:23:39.523] -  <   {
 <     "id": 22,
 <     "jsonrpc": "2.0",
 <     "result": "0x3635c9adc5dea00000"
 <   }
[2021/09/14 17:23:39.523] - eth_getTransactionCount
[2021/09/14 17:23:39.524] -    > {
   >   "jsonrpc": "2.0",
   >   "id": 23,
   >   "method": "eth_getTransactionCount",
   >   "params": [
   >     "0xd08d93925fcab1f8156efa29e82d972bd0e7867d",
   >     "latest"
   >   ],
   >   "internal": true
   > }
[2021/09/14 17:23:39.527] -  <   {
 <     "id": 23,
 <     "jsonrpc": "2.0",
 <     "result": "0x0"
 <   }
[2021/09/14 17:23:39.528] - eth_getBalance
[2021/09/14 17:23:39.528] -    > {
   >   "jsonrpc": "2.0",
   >   "id": 24,
   >   "method": "eth_getBalance",
   >   "params": [
   >     "0xbc18069459c72fc3ece0488c26c4b440c4d556f8",
   >     "latest"
   >   ],
   >   "internal": true
   > }
[2021/09/14 17:23:39.532] -  <   {
 <     "id": 24,
 <     "jsonrpc": "2.0",
 <     "result": "0x3635c9adc5dea00000"
 <   }
[2021/09/14 17:23:39.534] - eth_getTransactionCount
[2021/09/14 17:23:39.534] -    > {
   >   "jsonrpc": "2.0",
   >   "id": 25,
   >   "method": "eth_getTransactionCount",
   >   "params": [
   >     "0xbc18069459c72fc3ece0488c26c4b440c4d556f8",
   >     "latest"
   >   ],
   >   "internal": true
   > }
[2021/09/14 17:23:39.538] -  <   {
 <     "id": 25,
 <     "jsonrpc": "2.0",
 <     "result": "0x0"
 <   }
[2021/09/14 17:23:39.541] - eth_getBalance
[2021/09/14 17:23:39.541] -    > {
   >   "jsonrpc": "2.0",
   >   "id": 26,
   >   "method": "eth_getBalance",
   >   "params": [
   >     "0xc3dfec8824b798f8e423faa46dfecb12ead0d430",
   >     "latest"
   >   ],
   >   "internal": true
   > }
[2021/09/14 17:23:39.545] -  <   {
 <     "id": 26,
 <     "jsonrpc": "2.0",
 <     "result": "0x3635c9adc5dea00000"
 <   }
[2021/09/14 17:23:39.547] - eth_getTransactionCount
[2021/09/14 17:23:39.547] -    > {
   >   "jsonrpc": "2.0",
   >   "id": 27,
   >   "method": "eth_getTransactionCount",
   >   "params": [
   >     "0xc3dfec8824b798f8e423faa46dfecb12ead0d430",
   >     "latest"
   >   ],
   >   "internal": true
   > }
[2021/09/14 17:23:39.551] -  <   {
 <     "id": 27,
 <     "jsonrpc": "2.0",
 <     "result": "0x0"
 <   }
[2021/09/14 17:23:39.553] - eth_getBalance
[2021/09/14 17:23:39.553] -    > {
   >   "jsonrpc": "2.0",
   >   "id": 28,
   >   "method": "eth_getBalance",
   >   "params": [
   >     "0x5a402427f428161d0ac469f306f88feebf08e617",
   >     "latest"
   >   ],
   >   "internal": true
   > }
[2021/09/14 17:23:39.556] -  <   {
 <     "id": 28,
 <     "jsonrpc": "2.0",
 <     "result": "0x3635c9adc5dea00000"
 <   }
[2021/09/14 17:23:39.557] - eth_getTransactionCount
[2021/09/14 17:23:39.557] -    > {
   >   "jsonrpc": "2.0",
   >   "id": 29,
   >   "method": "eth_getTransactionCount",
   >   "params": [
   >     "0x5a402427f428161d0ac469f306f88feebf08e617",
   >     "latest"
   >   ],
   >   "internal": true
   > }
[2021/09/14 17:23:39.560] -  <   {
 <     "id": 29,
 <     "jsonrpc": "2.0",
 <     "result": "0x0"
 <   }
[2021/09/14 17:23:39.561] - eth_getBalance
[2021/09/14 17:23:39.562] -    > {
   >   "jsonrpc": "2.0",
   >   "id": 30,
   >   "method": "eth_getBalance",
   >   "params": [
   >     "0x1ccca0dddd105098416425aee65221a03fef4201",
   >     "latest"
   >   ],
   >   "internal": true
   > }
[2021/09/14 17:23:39.565] -  <   {
 <     "id": 30,
 <     "jsonrpc": "2.0",
 <     "result": "0x3635c9adc5dea00000"
 <   }
[2021/09/14 17:23:39.566] - eth_getTransactionCount
[2021/09/14 17:23:39.566] -    > {
   >   "jsonrpc": "2.0",
   >   "id": 31,
   >   "method": "eth_getTransactionCount",
   >   "params": [
   >     "0x1ccca0dddd105098416425aee65221a03fef4201",
   >     "latest"
   >   ],
   >   "internal": true
   > }
[2021/09/14 17:23:39.570] -  <   {
 <     "id": 31,
 <     "jsonrpc": "2.0",
 <     "result": "0x0"
 <   }
[2021/09/14 17:23:39.570] - eth_blockNumber
[2021/09/14 17:23:39.571] -    > {
   >   "jsonrpc": "2.0",
   >   "id": 6,
   >   "method": "eth_blockNumber",
   >   "params": [],
   >   "internal": true
   > }
[2021/09/14 17:23:39.571] - eth_accounts
[2021/09/14 17:23:39.571] -    > {
   >   "jsonrpc": "2.0",
   >   "id": 7,
   >   "method": "eth_accounts",
   >   "params": [],
   >   "internal": true
   > }
[2021/09/14 17:23:39.572] - eth_gasPrice
[2021/09/14 17:23:39.572] -    > {
   >   "jsonrpc": "2.0",
   >   "id": 8,
   >   "method": "eth_gasPrice",
   >   "params": [],
   >   "internal": true
   > }
[2021/09/14 17:23:39.573] -  <   {
 <     "id": 6,
 <     "jsonrpc": "2.0",
 <     "result": "0x0"
 <   }
[2021/09/14 17:23:39.574] -  <   {
 <     "id": 7,
 <     "jsonrpc": "2.0",
 <     "result": [
 <       "0x327fe39515ea6a7c66a9b9646a4fff9ed3937a4d",
 <       "0x961546cee980c9fb28c7d097bd81d1bd51ac6028",
 <       "0x4226d6d190dfccc736325433a5a8ab2ef36b16be",
 <       "0x070af09d45366b1e0b4d03c18850836816b94041",
 <       "0xb1749767eb95a9023b55419350e03fed3e14e79f",
 <       "0xd08d93925fcab1f8156efa29e82d972bd0e7867d",
 <       "0xbc18069459c72fc3ece0488c26c4b440c4d556f8",
 <       "0xc3dfec8824b798f8e423faa46dfecb12ead0d430",
 <       "0x5a402427f428161d0ac469f306f88feebf08e617",
 <       "0x1ccca0dddd105098416425aee65221a03fef4201"
 <     ]
 <   }
[2021/09/14 17:23:39.576] -  <   {
 <     "id": 8,
 <     "jsonrpc": "2.0",
 <     "result": "0x4a817c800"
 <   }
[2021/09/14 17:23:39.581] - eth_getBlockByNumber
[2021/09/14 17:23:39.582] -    > {
   >   "jsonrpc": "2.0",
   >   "id": 9,
   >   "method": "eth_getBlockByNumber",
   >   "params": [
   >     "latest",
   >     false
   >   ],
   >   "internal": true
   > }
[2021/09/14 17:23:39.582] - eth_subscribe
[2021/09/14 17:23:39.583] -    > {
   >   "jsonrpc": "2.0",
   >   "id": 10,
   >   "method": "eth_subscribe",
   >   "params": [
   >     "newHeads"
   >   ],
   >   "internal": true
   > }
[2021/09/14 17:23:39.585] -  <   {
 <     "id": 9,
 <     "jsonrpc": "2.0",
 <     "result": {
 <       "number": "0x0",
 <       "hash": "0x9e2a5f786d73d3e46589c3ab47490a5e62c1ed56f12507267111081c43f8c764",
 <       "parentHash": "0x0000000000000000000000000000000000000000000000000000000000000000",
 <       "mixHash": "0x0000000000000000000000000000000000000000000000000000000000000000",
 <       "nonce": "0x0000000000000000",
 <       "sha3Uncles": "0x1dcc4de8dec75d7aab85b567b6ccd41ad312451b948a7413f0a142fd40d49347",
 <       "logsBloom": "0x00000000000000000000000000000000000000000000000000000000000000000000000000000000000000000000000000000000000000000000000000000000000000000000000000000000000000000000000000000000000000000000000000000000000000000000000000000000000000000000000000000000000000000000000000000000000000000000000000000000000000000000000000000000000000000000000000000000000000000000000000000000000000000000000000000000000000000000000000000000000000000000000000000000000000000000000000000000000000000000000000000000000000000000000000000000",
 <       "transactionsRoot": "0x56e81f171bcc55a6ff8345e692c0f86e5b48e01b996cadc001622fb5e363b421",
 <       "stateRoot": "0x504abcd81275c2ca278148daf1114ca76018f5d1af602b2a887afcb99c78bf4d",
 <       "receiptsRoot": "0x56e81f171bcc55a6ff8345e692c0f86e5b48e01b996cadc001622fb5e363b421",
 <       "miner": "0x0000000000000000000000000000000000000000",
 <       "difficulty": "0x0",
 <       "totalDifficulty": "0x0",
 <       "extraData": "0x",
 <       "size": "0x3e8",
 <       "gasLimit": "0x98967f",
 <       "gasUsed": "0x0",
 <       "timestamp": "0x614104cb",
 <       "transactions": [],
 <       "uncles": []
 <     }
 <   }
[2021/09/14 17:23:39.587] -  <   {
 <     "id": 10,
 <     "jsonrpc": "2.0",
 <     "result": "0x6"
 <   }
[2021/09/14 17:23:39.615] - eth_getTransactionCount
[2021/09/14 17:23:39.615] -    > {
   >   "jsonrpc": "2.0",
   >   "id": 33,
   >   "method": "eth_getTransactionCount",
   >   "params": [
   >     "0x327fe39515ea6a7c66a9b9646a4fff9ed3937a4d",
   >     "latest"
   >   ],
   >   "internal": true
   > }
[2021/09/14 17:23:39.617] -  <   {
 <     "id": 33,
 <     "jsonrpc": "2.0",
 <     "result": "0x0"
 <   }
[2021/09/14 17:23:39.619] - eth_getBalance
[2021/09/14 17:23:39.619] -    > {
   >   "jsonrpc": "2.0",
   >   "id": 34,
   >   "method": "eth_getBalance",
   >   "params": [
   >     "0x961546cee980c9fb28c7d097bd81d1bd51ac6028",
   >     "latest"
   >   ],
   >   "internal": true
   > }
[2021/09/14 17:23:39.622] -  <   {
 <     "id": 34,
 <     "jsonrpc": "2.0",
 <     "result": "0x3635c9adc5dea00000"
 <   }
[2021/09/14 17:23:39.623] - eth_getTransactionCount
[2021/09/14 17:23:39.623] -    > {
   >   "jsonrpc": "2.0",
   >   "id": 35,
   >   "method": "eth_getTransactionCount",
   >   "params": [
   >     "0x961546cee980c9fb28c7d097bd81d1bd51ac6028",
   >     "latest"
   >   ],
   >   "internal": true
   > }
[2021/09/14 17:23:39.625] -  <   {
 <     "id": 35,
 <     "jsonrpc": "2.0",
 <     "result": "0x0"
 <   }
[2021/09/14 17:23:39.626] - eth_getBalance
[2021/09/14 17:23:39.626] -    > {
   >   "jsonrpc": "2.0",
   >   "id": 36,
   >   "method": "eth_getBalance",
   >   "params": [
   >     "0x4226d6d190dfccc736325433a5a8ab2ef36b16be",
   >     "latest"
   >   ],
   >   "internal": true
   > }
[2021/09/14 17:23:39.629] -  <   {
 <     "id": 36,
 <     "jsonrpc": "2.0",
 <     "result": "0x3635c9adc5dea00000"
 <   }
[2021/09/14 17:23:39.630] - eth_getTransactionCount
[2021/09/14 17:23:39.630] -    > {
   >   "jsonrpc": "2.0",
   >   "id": 37,
   >   "method": "eth_getTransactionCount",
   >   "params": [
   >     "0x4226d6d190dfccc736325433a5a8ab2ef36b16be",
   >     "latest"
   >   ],
   >   "internal": true
   > }
[2021/09/14 17:23:39.633] -  <   {
 <     "id": 37,
 <     "jsonrpc": "2.0",
 <     "result": "0x0"
 <   }
[2021/09/14 17:23:39.633] - eth_getBalance
[2021/09/14 17:23:39.634] -    > {
   >   "jsonrpc": "2.0",
   >   "id": 38,
   >   "method": "eth_getBalance",
   >   "params": [
   >     "0x070af09d45366b1e0b4d03c18850836816b94041",
   >     "latest"
   >   ],
   >   "internal": true
   > }
[2021/09/14 17:23:39.636] -  <   {
 <     "id": 38,
 <     "jsonrpc": "2.0",
 <     "result": "0x3635c9adc5dea00000"
 <   }
[2021/09/14 17:23:39.637] - eth_getTransactionCount
[2021/09/14 17:23:39.638] -    > {
   >   "jsonrpc": "2.0",
   >   "id": 39,
   >   "method": "eth_getTransactionCount",
   >   "params": [
   >     "0x070af09d45366b1e0b4d03c18850836816b94041",
   >     "latest"
   >   ],
   >   "internal": true
   > }
[2021/09/14 17:23:39.640] -  <   {
 <     "id": 39,
 <     "jsonrpc": "2.0",
 <     "result": "0x0"
 <   }
[2021/09/14 17:23:39.641] - eth_getBalance
[2021/09/14 17:23:39.641] -    > {
   >   "jsonrpc": "2.0",
   >   "id": 40,
   >   "method": "eth_getBalance",
   >   "params": [
   >     "0xb1749767eb95a9023b55419350e03fed3e14e79f",
   >     "latest"
   >   ],
   >   "internal": true
   > }
[2021/09/14 17:23:39.644] -  <   {
 <     "id": 40,
 <     "jsonrpc": "2.0",
 <     "result": "0x3635c9adc5dea00000"
 <   }
[2021/09/14 17:23:39.644] - eth_getTransactionCount
[2021/09/14 17:23:39.645] -    > {
   >   "jsonrpc": "2.0",
   >   "id": 41,
   >   "method": "eth_getTransactionCount",
   >   "params": [
   >     "0xb1749767eb95a9023b55419350e03fed3e14e79f",
   >     "latest"
   >   ],
   >   "internal": true
   > }
[2021/09/14 17:23:39.646] -  <   {
 <     "id": 41,
 <     "jsonrpc": "2.0",
 <     "result": "0x0"
 <   }
[2021/09/14 17:23:39.648] - eth_getBalance
[2021/09/14 17:23:39.648] -    > {
   >   "jsonrpc": "2.0",
   >   "id": 42,
   >   "method": "eth_getBalance",
   >   "params": [
   >     "0xd08d93925fcab1f8156efa29e82d972bd0e7867d",
   >     "latest"
   >   ],
   >   "internal": true
   > }
[2021/09/14 17:23:39.650] -  <   {
 <     "id": 42,
 <     "jsonrpc": "2.0",
 <     "result": "0x3635c9adc5dea00000"
 <   }
[2021/09/14 17:23:39.651] - eth_getTransactionCount
[2021/09/14 17:23:39.651] -    > {
   >   "jsonrpc": "2.0",
   >   "id": 43,
   >   "method": "eth_getTransactionCount",
   >   "params": [
   >     "0xd08d93925fcab1f8156efa29e82d972bd0e7867d",
   >     "latest"
   >   ],
   >   "internal": true
   > }
[2021/09/14 17:23:39.654] -  <   {
 <     "id": 43,
 <     "jsonrpc": "2.0",
 <     "result": "0x0"
 <   }
[2021/09/14 17:23:39.656] - eth_getBalance
[2021/09/14 17:23:39.656] -    > {
   >   "jsonrpc": "2.0",
   >   "id": 44,
   >   "method": "eth_getBalance",
   >   "params": [
   >     "0xbc18069459c72fc3ece0488c26c4b440c4d556f8",
   >     "latest"
   >   ],
   >   "internal": true
   > }
[2021/09/14 17:23:39.659] -  <   {
 <     "id": 44,
 <     "jsonrpc": "2.0",
 <     "result": "0x3635c9adc5dea00000"
 <   }
[2021/09/14 17:23:39.660] - eth_getTransactionCount
[2021/09/14 17:23:39.660] -    > {
   >   "jsonrpc": "2.0",
   >   "id": 45,
   >   "method": "eth_getTransactionCount",
   >   "params": [
   >     "0xbc18069459c72fc3ece0488c26c4b440c4d556f8",
   >     "latest"
   >   ],
   >   "internal": true
   > }
[2021/09/14 17:23:39.662] -  <   {
 <     "id": 45,
 <     "jsonrpc": "2.0",
 <     "result": "0x0"
 <   }
[2021/09/14 17:23:39.664] - eth_getBalance
[2021/09/14 17:23:39.664] -    > {
   >   "jsonrpc": "2.0",
   >   "id": 46,
   >   "method": "eth_getBalance",
   >   "params": [
   >     "0xc3dfec8824b798f8e423faa46dfecb12ead0d430",
   >     "latest"
   >   ],
   >   "internal": true
   > }
[2021/09/14 17:23:39.667] -  <   {
 <     "id": 46,
 <     "jsonrpc": "2.0",
 <     "result": "0x3635c9adc5dea00000"
 <   }
[2021/09/14 17:23:39.667] - eth_getTransactionCount
[2021/09/14 17:23:39.668] -    > {
   >   "jsonrpc": "2.0",
   >   "id": 47,
   >   "method": "eth_getTransactionCount",
   >   "params": [
   >     "0xc3dfec8824b798f8e423faa46dfecb12ead0d430",
   >     "latest"
   >   ],
   >   "internal": true
   > }
[2021/09/14 17:23:39.670] -  <   {
 <     "id": 47,
 <     "jsonrpc": "2.0",
 <     "result": "0x0"
 <   }
[2021/09/14 17:23:39.671] - eth_getBalance
[2021/09/14 17:23:39.671] -    > {
   >   "jsonrpc": "2.0",
   >   "id": 48,
   >   "method": "eth_getBalance",
   >   "params": [
   >     "0x5a402427f428161d0ac469f306f88feebf08e617",
   >     "latest"
   >   ],
   >   "internal": true
   > }
[2021/09/14 17:23:39.674] -  <   {
 <     "id": 48,
 <     "jsonrpc": "2.0",
 <     "result": "0x3635c9adc5dea00000"
 <   }
[2021/09/14 17:23:39.674] - eth_getTransactionCount
[2021/09/14 17:23:39.674] -    > {
   >   "jsonrpc": "2.0",
   >   "id": 49,
   >   "method": "eth_getTransactionCount",
   >   "params": [
   >     "0x5a402427f428161d0ac469f306f88feebf08e617",
   >     "latest"
   >   ],
   >   "internal": true
   > }
[2021/09/14 17:23:39.677] -  <   {
 <     "id": 49,
 <     "jsonrpc": "2.0",
 <     "result": "0x0"
 <   }
[2021/09/14 17:23:39.679] - eth_getBalance
[2021/09/14 17:23:39.680] -    > {
   >   "jsonrpc": "2.0",
   >   "id": 50,
   >   "method": "eth_getBalance",
   >   "params": [
   >     "0x1ccca0dddd105098416425aee65221a03fef4201",
   >     "latest"
   >   ],
   >   "internal": true
   > }
[2021/09/14 17:23:39.683] -  <   {
 <     "id": 50,
 <     "jsonrpc": "2.0",
 <     "result": "0x3635c9adc5dea00000"
 <   }
[2021/09/14 17:23:39.684] - eth_getTransactionCount
[2021/09/14 17:23:39.684] -    > {
   >   "jsonrpc": "2.0",
   >   "id": 51,
   >   "method": "eth_getTransactionCount",
   >   "params": [
   >     "0x1ccca0dddd105098416425aee65221a03fef4201",
   >     "latest"
   >   ],
   >   "internal": true
   > }
[2021/09/14 17:23:39.687] -  <   {
 <     "id": 51,
 <     "jsonrpc": "2.0",
 <     "result": "0x0"
 <   }
[2021/09/14 17:23:39.931] - eth_getBalance
[2021/09/14 17:23:39.932] -    > {
   >   "jsonrpc": "2.0",
   >   "id": 53,
   >   "method": "eth_getBalance",
   >   "params": [
   >     "0x327fe39515ea6a7c66a9b9646a4fff9ed3937a4d",
   >     "latest"
   >   ],
   >   "internal": true
   > }
[2021/09/14 17:23:39.934] -  <   {
 <     "id": 53,
 <     "jsonrpc": "2.0",
 <     "result": "0x3635c9adc5dea00000"
 <   }
[2021/09/14 17:23:39.935] - eth_getTransactionCount
[2021/09/14 17:23:39.935] -    > {
   >   "jsonrpc": "2.0",
   >   "id": 54,
   >   "method": "eth_getTransactionCount",
   >   "params": [
   >     "0x327fe39515ea6a7c66a9b9646a4fff9ed3937a4d",
   >     "latest"
   >   ],
   >   "internal": true
   > }
[2021/09/14 17:23:39.937] -  <   {
 <     "id": 54,
 <     "jsonrpc": "2.0",
 <     "result": "0x0"
 <   }
[2021/09/14 17:23:39.938] - eth_getBalance
[2021/09/14 17:23:39.939] -    > {
   >   "jsonrpc": "2.0",
   >   "id": 55,
   >   "method": "eth_getBalance",
   >   "params": [
   >     "0x961546cee980c9fb28c7d097bd81d1bd51ac6028",
   >     "latest"
   >   ],
   >   "internal": true
   > }
[2021/09/14 17:23:39.941] -  <   {
 <     "id": 55,
 <     "jsonrpc": "2.0",
 <     "result": "0x3635c9adc5dea00000"
 <   }
[2021/09/14 17:23:39.942] - eth_getTransactionCount
[2021/09/14 17:23:39.942] -    > {
   >   "jsonrpc": "2.0",
   >   "id": 56,
   >   "method": "eth_getTransactionCount",
   >   "params": [
   >     "0x961546cee980c9fb28c7d097bd81d1bd51ac6028",
   >     "latest"
   >   ],
   >   "internal": true
   > }
[2021/09/14 17:23:39.945] -  <   {
 <     "id": 56,
 <     "jsonrpc": "2.0",
 <     "result": "0x0"
 <   }
[2021/09/14 17:23:39.945] - eth_getBalance
[2021/09/14 17:23:39.946] -    > {
   >   "jsonrpc": "2.0",
   >   "id": 57,
   >   "method": "eth_getBalance",
   >   "params": [
   >     "0x4226d6d190dfccc736325433a5a8ab2ef36b16be",
   >     "latest"
   >   ],
   >   "internal": true
   > }
[2021/09/14 17:23:39.948] -  <   {
 <     "id": 57,
 <     "jsonrpc": "2.0",
 <     "result": "0x3635c9adc5dea00000"
 <   }
[2021/09/14 17:23:39.950] - eth_getTransactionCount
[2021/09/14 17:23:39.950] -    > {
   >   "jsonrpc": "2.0",
   >   "id": 58,
   >   "method": "eth_getTransactionCount",
   >   "params": [
   >     "0x4226d6d190dfccc736325433a5a8ab2ef36b16be",
   >     "latest"
   >   ],
   >   "internal": true
   > }
[2021/09/14 17:23:39.953] -  <   {
 <     "id": 58,
 <     "jsonrpc": "2.0",
 <     "result": "0x0"
 <   }
[2021/09/14 17:23:39.954] - eth_getBalance
[2021/09/14 17:23:39.954] -    > {
   >   "jsonrpc": "2.0",
   >   "id": 59,
   >   "method": "eth_getBalance",
   >   "params": [
   >     "0x070af09d45366b1e0b4d03c18850836816b94041",
   >     "latest"
   >   ],
   >   "internal": true
   > }
[2021/09/14 17:23:39.957] -  <   {
 <     "id": 59,
 <     "jsonrpc": "2.0",
 <     "result": "0x3635c9adc5dea00000"
 <   }
[2021/09/14 17:23:39.957] - eth_getTransactionCount
[2021/09/14 17:23:39.957] -    > {
   >   "jsonrpc": "2.0",
   >   "id": 60,
   >   "method": "eth_getTransactionCount",
   >   "params": [
   >     "0x070af09d45366b1e0b4d03c18850836816b94041",
   >     "latest"
   >   ],
   >   "internal": true
   > }
[2021/09/14 17:23:39.960] -  <   {
 <     "id": 60,
 <     "jsonrpc": "2.0",
 <     "result": "0x0"
 <   }
[2021/09/14 17:23:39.961] - eth_getBalance
[2021/09/14 17:23:39.961] -    > {
   >   "jsonrpc": "2.0",
   >   "id": 61,
   >   "method": "eth_getBalance",
   >   "params": [
   >     "0xb1749767eb95a9023b55419350e03fed3e14e79f",
   >     "latest"
   >   ],
   >   "internal": true
   > }
[2021/09/14 17:23:39.964] -  <   {
 <     "id": 61,
 <     "jsonrpc": "2.0",
 <     "result": "0x3635c9adc5dea00000"
 <   }
[2021/09/14 17:23:39.964] - eth_getTransactionCount
[2021/09/14 17:23:39.965] -    > {
   >   "jsonrpc": "2.0",
   >   "id": 62,
   >   "method": "eth_getTransactionCount",
   >   "params": [
   >     "0xb1749767eb95a9023b55419350e03fed3e14e79f",
   >     "latest"
   >   ],
   >   "internal": true
   > }
[2021/09/14 17:23:39.967] -  <   {
 <     "id": 62,
 <     "jsonrpc": "2.0",
 <     "result": "0x0"
 <   }
[2021/09/14 17:23:39.968] - eth_getBalance
[2021/09/14 17:23:39.968] -    > {
   >   "jsonrpc": "2.0",
   >   "id": 63,
   >   "method": "eth_getBalance",
   >   "params": [
   >     "0xd08d93925fcab1f8156efa29e82d972bd0e7867d",
   >     "latest"
   >   ],
   >   "internal": true
   > }
[2021/09/14 17:23:39.970] -  <   {
 <     "id": 63,
 <     "jsonrpc": "2.0",
 <     "result": "0x3635c9adc5dea00000"
 <   }
[2021/09/14 17:23:39.971] - eth_getTransactionCount
[2021/09/14 17:23:39.972] -    > {
   >   "jsonrpc": "2.0",
   >   "id": 64,
   >   "method": "eth_getTransactionCount",
   >   "params": [
   >     "0xd08d93925fcab1f8156efa29e82d972bd0e7867d",
   >     "latest"
   >   ],
   >   "internal": true
   > }
[2021/09/14 17:23:39.974] -  <   {
 <     "id": 64,
 <     "jsonrpc": "2.0",
 <     "result": "0x0"
 <   }
[2021/09/14 17:23:39.976] - eth_getBalance
[2021/09/14 17:23:39.976] -    > {
   >   "jsonrpc": "2.0",
   >   "id": 65,
   >   "method": "eth_getBalance",
   >   "params": [
   >     "0xbc18069459c72fc3ece0488c26c4b440c4d556f8",
   >     "latest"
   >   ],
   >   "internal": true
   > }
[2021/09/14 17:23:39.978] -  <   {
 <     "id": 65,
 <     "jsonrpc": "2.0",
 <     "result": "0x3635c9adc5dea00000"
 <   }
[2021/09/14 17:23:39.980] - eth_getTransactionCount
[2021/09/14 17:23:39.980] -    > {
   >   "jsonrpc": "2.0",
   >   "id": 66,
   >   "method": "eth_getTransactionCount",
   >   "params": [
   >     "0xbc18069459c72fc3ece0488c26c4b440c4d556f8",
   >     "latest"
   >   ],
   >   "internal": true
   > }
[2021/09/14 17:23:39.983] -  <   {
 <     "id": 66,
 <     "jsonrpc": "2.0",
 <     "result": "0x0"
 <   }
[2021/09/14 17:23:39.983] - eth_getBalance
[2021/09/14 17:23:39.984] -    > {
   >   "jsonrpc": "2.0",
   >   "id": 67,
   >   "method": "eth_getBalance",
   >   "params": [
   >     "0xc3dfec8824b798f8e423faa46dfecb12ead0d430",
   >     "latest"
   >   ],
   >   "internal": true
   > }
[2021/09/14 17:23:39.986] -  <   {
 <     "id": 67,
 <     "jsonrpc": "2.0",
 <     "result": "0x3635c9adc5dea00000"
 <   }
[2021/09/14 17:23:39.987] - eth_getTransactionCount
[2021/09/14 17:23:39.987] -    > {
   >   "jsonrpc": "2.0",
   >   "id": 68,
   >   "method": "eth_getTransactionCount",
   >   "params": [
   >     "0xc3dfec8824b798f8e423faa46dfecb12ead0d430",
   >     "latest"
   >   ],
   >   "internal": true
   > }
[2021/09/14 17:23:39.990] -  <   {
 <     "id": 68,
 <     "jsonrpc": "2.0",
 <     "result": "0x0"
 <   }
[2021/09/14 17:23:39.992] - eth_getBalance
[2021/09/14 17:23:39.992] -    > {
   >   "jsonrpc": "2.0",
   >   "id": 69,
   >   "method": "eth_getBalance",
   >   "params": [
   >     "0x5a402427f428161d0ac469f306f88feebf08e617",
   >     "latest"
   >   ],
   >   "internal": true
   > }
[2021/09/14 17:23:39.995] -  <   {
 <     "id": 69,
 <     "jsonrpc": "2.0",
 <     "result": "0x3635c9adc5dea00000"
 <   }
[2021/09/14 17:23:39.996] - eth_getTransactionCount
[2021/09/14 17:23:39.996] -    > {
   >   "jsonrpc": "2.0",
   >   "id": 70,
   >   "method": "eth_getTransactionCount",
   >   "params": [
   >     "0x5a402427f428161d0ac469f306f88feebf08e617",
   >     "latest"
   >   ],
   >   "internal": true
   > }
[2021/09/14 17:23:40.001] -  <   {
 <     "id": 70,
 <     "jsonrpc": "2.0",
 <     "result": "0x0"
 <   }
[2021/09/14 17:23:40.012] - eth_getBalance
[2021/09/14 17:23:40.013] -    > {
   >   "jsonrpc": "2.0",
   >   "id": 71,
   >   "method": "eth_getBalance",
   >   "params": [
   >     "0x1ccca0dddd105098416425aee65221a03fef4201",
   >     "latest"
   >   ],
   >   "internal": true
   > }
[2021/09/14 17:23:40.013] - eth_getTransactionCount
[2021/09/14 17:23:40.013] -    > {
   >   "jsonrpc": "2.0",
   >   "id": 72,
   >   "method": "eth_getTransactionCount",
   >   "params": [
   >     "0x1ccca0dddd105098416425aee65221a03fef4201",
   >     "latest"
   >   ],
   >   "internal": true
   > }
[2021/09/14 17:23:40.014] - eth_getBalance
[2021/09/14 17:23:40.014] -    > {
   >   "jsonrpc": "2.0",
   >   "id": 73,
   >   "method": "eth_getBalance",
   >   "params": [
   >     "0x327fe39515ea6a7c66a9b9646a4fff9ed3937a4d",
   >     "latest"
   >   ],
   >   "internal": true
   > }
[2021/09/14 17:23:40.015] - eth_getTransactionCount
[2021/09/14 17:23:40.015] -    > {
   >   "jsonrpc": "2.0",
   >   "id": 74,
   >   "method": "eth_getTransactionCount",
   >   "params": [
   >     "0x327fe39515ea6a7c66a9b9646a4fff9ed3937a4d",
   >     "latest"
   >   ],
   >   "internal": true
   > }
[2021/09/14 17:23:40.017] -  <   {
 <     "id": 71,
 <     "jsonrpc": "2.0",
 <     "result": "0x3635c9adc5dea00000"
 <   }
[2021/09/14 17:23:40.018] - eth_getBalance
[2021/09/14 17:23:40.018] -    > {
   >   "jsonrpc": "2.0",
   >   "id": 75,
   >   "method": "eth_getBalance",
   >   "params": [
   >     "0x961546cee980c9fb28c7d097bd81d1bd51ac6028",
   >     "latest"
   >   ],
   >   "internal": true
   > }
[2021/09/14 17:23:40.021] -  <   {
 <     "id": 72,
 <     "jsonrpc": "2.0",
 <     "result": "0x0"
 <   }
[2021/09/14 17:23:40.022] - eth_getTransactionCount
[2021/09/14 17:23:40.023] -    > {
   >   "jsonrpc": "2.0",
   >   "id": 76,
   >   "method": "eth_getTransactionCount",
   >   "params": [
   >     "0x961546cee980c9fb28c7d097bd81d1bd51ac6028",
   >     "latest"
   >   ],
   >   "internal": true
   > }
[2021/09/14 17:23:40.025] -  <   {
 <     "id": 73,
 <     "jsonrpc": "2.0",
 <     "result": "0x3635c9adc5dea00000"
 <   }
[2021/09/14 17:23:40.026] - eth_getBalance
[2021/09/14 17:23:40.026] -    > {
   >   "jsonrpc": "2.0",
   >   "id": 77,
   >   "method": "eth_getBalance",
   >   "params": [
   >     "0x4226d6d190dfccc736325433a5a8ab2ef36b16be",
   >     "latest"
   >   ],
   >   "internal": true
   > }
[2021/09/14 17:23:40.028] -  <   {
 <     "id": 74,
 <     "jsonrpc": "2.0",
 <     "result": "0x0"
 <   }
[2021/09/14 17:23:40.030] - eth_getTransactionCount
[2021/09/14 17:23:40.030] -    > {
   >   "jsonrpc": "2.0",
   >   "id": 78,
   >   "method": "eth_getTransactionCount",
   >   "params": [
   >     "0x4226d6d190dfccc736325433a5a8ab2ef36b16be",
   >     "latest"
   >   ],
   >   "internal": true
   > }
[2021/09/14 17:23:40.032] -  <   {
 <     "id": 75,
 <     "jsonrpc": "2.0",
 <     "result": "0x3635c9adc5dea00000"
 <   }
[2021/09/14 17:23:40.034] - eth_getBalance
[2021/09/14 17:23:40.034] -    > {
   >   "jsonrpc": "2.0",
   >   "id": 79,
   >   "method": "eth_getBalance",
   >   "params": [
   >     "0x070af09d45366b1e0b4d03c18850836816b94041",
   >     "latest"
   >   ],
   >   "internal": true
   > }
[2021/09/14 17:23:40.036] -  <   {
 <     "id": 76,
 <     "jsonrpc": "2.0",
 <     "result": "0x0"
 <   }
[2021/09/14 17:23:40.041] -  <   {
 <     "id": 77,
 <     "jsonrpc": "2.0",
 <     "result": "0x3635c9adc5dea00000"
 <   }
[2021/09/14 17:23:40.044] - eth_getTransactionCount
[2021/09/14 17:23:40.044] -    > {
   >   "jsonrpc": "2.0",
   >   "id": 80,
   >   "method": "eth_getTransactionCount",
   >   "params": [
   >     "0x070af09d45366b1e0b4d03c18850836816b94041",
   >     "latest"
   >   ],
   >   "internal": true
   > }
[2021/09/14 17:23:40.044] - eth_getBalance
[2021/09/14 17:23:40.045] -    > {
   >   "jsonrpc": "2.0",
   >   "id": 81,
   >   "method": "eth_getBalance",
   >   "params": [
   >     "0xb1749767eb95a9023b55419350e03fed3e14e79f",
   >     "latest"
   >   ],
   >   "internal": true
   > }
[2021/09/14 17:23:40.047] -  <   {
 <     "id": 78,
 <     "jsonrpc": "2.0",
 <     "result": "0x0"
 <   }
[2021/09/14 17:23:40.048] - eth_getTransactionCount
[2021/09/14 17:23:40.048] -    > {
   >   "jsonrpc": "2.0",
   >   "id": 82,
   >   "method": "eth_getTransactionCount",
   >   "params": [
   >     "0xb1749767eb95a9023b55419350e03fed3e14e79f",
   >     "latest"
   >   ],
   >   "internal": true
   > }
[2021/09/14 17:23:40.050] -  <   {
 <     "id": 79,
 <     "jsonrpc": "2.0",
 <     "result": "0x3635c9adc5dea00000"
 <   }
[2021/09/14 17:23:40.054] -  <   {
 <     "id": 80,
 <     "jsonrpc": "2.0",
 <     "result": "0x0"
 <   }
[2021/09/14 17:23:40.055] - eth_getBalance
[2021/09/14 17:23:40.055] -    > {
   >   "jsonrpc": "2.0",
   >   "id": 83,
   >   "method": "eth_getBalance",
   >   "params": [
   >     "0xd08d93925fcab1f8156efa29e82d972bd0e7867d",
   >     "latest"
   >   ],
   >   "internal": true
   > }
[2021/09/14 17:23:40.058] -  <   {
 <     "id": 81,
 <     "jsonrpc": "2.0",
 <     "result": "0x3635c9adc5dea00000"
 <   }
[2021/09/14 17:23:40.059] - eth_getTransactionCount
[2021/09/14 17:23:40.059] -    > {
   >   "jsonrpc": "2.0",
   >   "id": 84,
   >   "method": "eth_getTransactionCount",
   >   "params": [
   >     "0xd08d93925fcab1f8156efa29e82d972bd0e7867d",
   >     "latest"
   >   ],
   >   "internal": true
   > }
[2021/09/14 17:23:40.062] -  <   {
 <     "id": 82,
 <     "jsonrpc": "2.0",
 <     "result": "0x0"
 <   }
[2021/09/14 17:23:40.063] - eth_getBalance
[2021/09/14 17:23:40.063] -    > {
   >   "jsonrpc": "2.0",
   >   "id": 85,
   >   "method": "eth_getBalance",
   >   "params": [
   >     "0xbc18069459c72fc3ece0488c26c4b440c4d556f8",
   >     "latest"
   >   ],
   >   "internal": true
   > }
[2021/09/14 17:23:40.067] -  <   {
 <     "id": 83,
 <     "jsonrpc": "2.0",
 <     "result": "0x3635c9adc5dea00000"
 <   }
[2021/09/14 17:23:40.067] - eth_getTransactionCount
[2021/09/14 17:23:40.068] -    > {
   >   "jsonrpc": "2.0",
   >   "id": 86,
   >   "method": "eth_getTransactionCount",
   >   "params": [
   >     "0xbc18069459c72fc3ece0488c26c4b440c4d556f8",
   >     "latest"
   >   ],
   >   "internal": true
   > }
[2021/09/14 17:23:40.071] -  <   {
 <     "id": 84,
 <     "jsonrpc": "2.0",
 <     "result": "0x0"
 <   }
[2021/09/14 17:23:40.071] - eth_getBalance
[2021/09/14 17:23:40.072] -    > {
   >   "jsonrpc": "2.0",
   >   "id": 87,
   >   "method": "eth_getBalance",
   >   "params": [
   >     "0xc3dfec8824b798f8e423faa46dfecb12ead0d430",
   >     "latest"
   >   ],
   >   "internal": true
   > }
[2021/09/14 17:23:40.075] -  <   {
 <     "id": 85,
 <     "jsonrpc": "2.0",
 <     "result": "0x3635c9adc5dea00000"
 <   }
[2021/09/14 17:23:40.076] - eth_getTransactionCount
[2021/09/14 17:23:40.076] -    > {
   >   "jsonrpc": "2.0",
   >   "id": 88,
   >   "method": "eth_getTransactionCount",
   >   "params": [
   >     "0xc3dfec8824b798f8e423faa46dfecb12ead0d430",
   >     "latest"
   >   ],
   >   "internal": true
   > }
[2021/09/14 17:23:40.079] -  <   {
 <     "id": 86,
 <     "jsonrpc": "2.0",
 <     "result": "0x0"
 <   }
[2021/09/14 17:23:40.079] - eth_getBalance
[2021/09/14 17:23:40.080] -    > {
   >   "jsonrpc": "2.0",
   >   "id": 89,
   >   "method": "eth_getBalance",
   >   "params": [
   >     "0x5a402427f428161d0ac469f306f88feebf08e617",
   >     "latest"
   >   ],
   >   "internal": true
   > }
[2021/09/14 17:23:40.082] -  <   {
 <     "id": 87,
 <     "jsonrpc": "2.0",
 <     "result": "0x3635c9adc5dea00000"
 <   }
[2021/09/14 17:23:40.083] - eth_getTransactionCount
[2021/09/14 17:23:40.083] -    > {
   >   "jsonrpc": "2.0",
   >   "id": 90,
   >   "method": "eth_getTransactionCount",
   >   "params": [
   >     "0x5a402427f428161d0ac469f306f88feebf08e617",
   >     "latest"
   >   ],
   >   "internal": true
   > }
[2021/09/14 17:23:40.085] -  <   {
 <     "id": 88,
 <     "jsonrpc": "2.0",
 <     "result": "0x0"
 <   }
[2021/09/14 17:23:40.086] - eth_getBalance
[2021/09/14 17:23:40.086] -    > {
   >   "jsonrpc": "2.0",
   >   "id": 91,
   >   "method": "eth_getBalance",
   >   "params": [
   >     "0x1ccca0dddd105098416425aee65221a03fef4201",
   >     "latest"
   >   ],
   >   "internal": true
   > }
[2021/09/14 17:23:40.088] -  <   {
 <     "id": 89,
 <     "jsonrpc": "2.0",
 <     "result": "0x3635c9adc5dea00000"
 <   }
[2021/09/14 17:23:40.089] - eth_getTransactionCount
[2021/09/14 17:23:40.089] -    > {
   >   "jsonrpc": "2.0",
   >   "id": 92,
   >   "method": "eth_getTransactionCount",
   >   "params": [
   >     "0x1ccca0dddd105098416425aee65221a03fef4201",
   >     "latest"
   >   ],
   >   "internal": true
   > }
[2021/09/14 17:23:40.092] -  <   {
 <     "id": 90,
 <     "jsonrpc": "2.0",
 <     "result": "0x0"
 <   }
[2021/09/14 17:23:40.094] -  <   {
 <     "id": 91,
 <     "jsonrpc": "2.0",
 <     "result": "0x3635c9adc5dea00000"
 <   }
[2021/09/14 17:23:40.097] -  <   {
 <     "id": 92,
 <     "jsonrpc": "2.0",
 <     "result": "0x0"
 <   }
[2021/09/14 17:24:18.750] - eth_unsubscribe
[2021/09/14 17:24:18.752] -    > {
   >   "jsonrpc": "2.0",
   >   "id": 7,
   >   "method": "eth_unsubscribe",
   >   "params": [
   >     "0x3"
   >   ]
   > }
[2021/09/14 17:24:18.753] - eth_unsubscribe
[2021/09/14 17:24:18.754] -    > {
   >   "jsonrpc": "2.0",
   >   "id": 8,
   >   "method": "eth_unsubscribe",
   >   "params": [
   >     "0x4"
   >   ]
   > }
[2021/09/14 17:24:18.755] -  <   {
 <     "id": 7,
 <     "jsonrpc": "2.0",
 <     "result": true
 <   }
[2021/09/14 17:24:18.757] -  <   {
 <     "id": 8,
 <     "jsonrpc": "2.0",
 <     "result": true
 <   }
[2021/09/14 17:24:18.795] -    > {
   >   "jsonrpc": "2.0",
   >   "method": "eth_unsubscribe",
   >   "params": [
   >     "0x6"
   >   ],
   >   "id": 1631651058795
   > }
[2021/09/14 17:24:18.797] -    > {
   >   "jsonrpc": "2.0",
   >   "method": "eth_unsubscribe",
   >   "params": [
   >     "0x5"
   >   ],
   >   "id": 1631651058796
   > }
[2021/09/14 17:24:18.798] -    > {
   >   "jsonrpc": "2.0",
   >   "method": "eth_unsubscribe",
   >   "params": [
   >     "0x1"
   >   ],
   >   "id": 1631651058798
   > }
[2021/09/14 17:24:18.799] -    > {
   >   "jsonrpc": "2.0",
   >   "method": "eth_unsubscribe",
   >   "params": [
   >     "0x2"
   >   ],
   >   "id": 1631651058798
   > }
[2021/09/14 17:24:18.801] -  <   {
 <     "id": 1631651058795,
 <     "jsonrpc": "2.0",
 <     "result": true
 <   }
[2021/09/14 17:24:18.803] -  <   {
 <     "id": 1631651058796,
 <     "jsonrpc": "2.0",
 <     "result": true
 <   }
[2021/09/14 17:24:18.805] -  <   {
 <     "id": 1631651058798,
 <     "jsonrpc": "2.0",
 <     "result": true
 <   }
[2021/09/14 17:24:18.808] -  <   {
 <     "id": 1631651058798,
 <     "jsonrpc": "2.0",
 <     "result": true
 <   }
