[2021/09/13 14:04:30.931] - Starting server with initial configuration: {"gasLimit":9999999,"gasPrice":20000000000,"hardfork":"muirGlacier","hostname":"127.0.0.1","port":8545,"network_id":5770,"default_balance_ether":1000,"total_accounts":10,"unlocked_accounts":[],"locked":true,"vmErrorsOnRPCResponse":true,"verbose":true,"db_path":"/home/lenovo/.config/Ganache/workspaces/Quickstart/chaindata","logDirectory":"/home/lenovo/dev/udacity/flightsurety/logs"}
[2021/09/13 14:04:31.151] - eth_subscribe
[2021/09/13 14:04:31.152] -    > {
   >   "jsonrpc": "2.0",
   >   "id": 31,
   >   "method": "eth_subscribe",
   >   "params": [
   >     "newHeads"
   >   ]
   > }
[2021/09/13 14:04:31.152] - eth_getLogs
[2021/09/13 14:04:31.152] -    > {
   >   "jsonrpc": "2.0",
   >   "id": 32,
   >   "method": "eth_getLogs",
   >   "params": [
   >     {
   >       "topics": []
   >     }
   >   ]
   > }
[2021/09/13 14:04:31.153] - eth_subscribe
[2021/09/13 14:04:31.153] -    > {
   >   "jsonrpc": "2.0",
   >   "id": 33,
   >   "method": "eth_subscribe",
   >   "params": [
   >     "logs",
   >     {
   >       "topics": []
   >     }
   >   ]
   > }
[2021/09/13 14:04:31.154] -  <   {
 <     "id": 31,
 <     "jsonrpc": "2.0",
 <     "result": "0x1"
 <   }
[2021/09/13 14:04:31.156] -  <   {
 <     "id": 32,
 <     "jsonrpc": "2.0",
 <     "result": []
 <   }
[2021/09/13 14:04:31.158] -  <   {
 <     "id": 33,
 <     "jsonrpc": "2.0",
 <     "result": "0x2"
 <   }
[2021/09/13 14:04:31.193] - eth_subscribe
[2021/09/13 14:04:31.193] -    > {
   >   "jsonrpc": "2.0",
   >   "id": 34,
   >   "method": "eth_subscribe",
   >   "params": [
   >     "newHeads"
   >   ]
   > }
[2021/09/13 14:04:31.194] - eth_getLogs
[2021/09/13 14:04:31.194] -    > {
   >   "jsonrpc": "2.0",
   >   "id": 35,
   >   "method": "eth_getLogs",
   >   "params": [
   >     {
   >       "topics": []
   >     }
   >   ]
   > }
[2021/09/13 14:04:31.194] - eth_subscribe
[2021/09/13 14:04:31.195] -    > {
   >   "jsonrpc": "2.0",
   >   "id": 36,
   >   "method": "eth_subscribe",
   >   "params": [
   >     "logs",
   >     {
   >       "topics": []
   >     }
   >   ]
   > }
[2021/09/13 14:04:31.195] -  <   {
 <     "id": 34,
 <     "jsonrpc": "2.0",
 <     "result": "0x3"
 <   }
[2021/09/13 14:04:31.197] -  <   {
 <     "id": 35,
 <     "jsonrpc": "2.0",
 <     "result": []
 <   }
[2021/09/13 14:04:31.199] -  <   {
 <     "id": 36,
 <     "jsonrpc": "2.0",
 <     "result": "0x4"
 <   }
[2021/09/13 14:04:31.229] - eth_blockNumber
[2021/09/13 14:04:31.230] -    > {
   >   "jsonrpc": "2.0",
   >   "id": 521,
   >   "method": "eth_blockNumber",
   >   "params": [],
   >   "internal": true
   > }
[2021/09/13 14:04:31.230] - eth_accounts
[2021/09/13 14:04:31.230] -    > {
   >   "jsonrpc": "2.0",
   >   "id": 522,
   >   "method": "eth_accounts",
   >   "params": [],
   >   "internal": true
   > }
[2021/09/13 14:04:31.230] - eth_gasPrice
[2021/09/13 14:04:31.230] -    > {
   >   "jsonrpc": "2.0",
   >   "id": 523,
   >   "method": "eth_gasPrice",
   >   "params": [],
   >   "internal": true
   > }
[2021/09/13 14:04:31.230] -  <   {
 <     "id": 521,
 <     "jsonrpc": "2.0",
 <     "result": "0x0"
 <   }
[2021/09/13 14:04:31.231] - eth_getBlockByNumber
[2021/09/13 14:04:31.231] -    > {
   >   "jsonrpc": "2.0",
   >   "id": 524,
   >   "method": "eth_getBlockByNumber",
   >   "params": [
   >     "latest",
   >     false
   >   ],
   >   "internal": true
   > }
[2021/09/13 14:04:31.231] - eth_subscribe
[2021/09/13 14:04:31.231] -    > {
   >   "jsonrpc": "2.0",
   >   "id": 525,
   >   "method": "eth_subscribe",
   >   "params": [
   >     "newHeads"
   >   ],
   >   "internal": true
   > }
[2021/09/13 14:04:31.232] -  <   {
 <     "id": 522,
 <     "jsonrpc": "2.0",
 <     "result": [
 <       "0x27d8d15cbc94527cadf5ec14b69519ae23288b95",
 <       "0x018c2dabef4904ecbd7118350a0c54dbeae3549a",
 <       "0xce5144391b4ab80668965f2cc4f2cc102380ef0a",
 <       "0x460c31107dd048e34971e57da2f99f659add4f02",
 <       "0xd37b7b8c62be2fdde8daa9816483aebdbd356088",
 <       "0x27f184bdc0e7a931b507ddd689d76dba10514bcb",
 <       "0xfe0df793060c49edca5ac9c104dd8e3375349978",
 <       "0xbd58a85c96cc6727859d853086fe8560bc137632",
 <       "0xe07b5ee5f738b2f87f88b99aac9c64ff1e0c7917",
 <       "0xbd3ff2e3aded055244d66544c9c059fa0851da44"
 <     ]
 <   }
[2021/09/13 14:04:31.234] -  <   {
 <     "id": 523,
 <     "jsonrpc": "2.0",
 <     "result": "0x4a817c800"
 <   }
[2021/09/13 14:04:31.236] -  <   {
 <     "id": 524,
 <     "jsonrpc": "2.0",
 <     "result": {
 <       "number": "0x0",
 <       "hash": "0x539273429be671e9e3e65b783c594be90b38e15b9d5290201d62f3349b0096bf",
 <       "parentHash": "0x0000000000000000000000000000000000000000000000000000000000000000",
 <       "mixHash": "0x0000000000000000000000000000000000000000000000000000000000000000",
 <       "nonce": "0x0000000000000000",
 <       "sha3Uncles": "0x1dcc4de8dec75d7aab85b567b6ccd41ad312451b948a7413f0a142fd40d49347",
 <       "logsBloom": "0x00000000000000000000000000000000000000000000000000000000000000000000000000000000000000000000000000000000000000000000000000000000000000000000000000000000000000000000000000000000000000000000000000000000000000000000000000000000000000000000000000000000000000000000000000000000000000000000000000000000000000000000000000000000000000000000000000000000000000000000000000000000000000000000000000000000000000000000000000000000000000000000000000000000000000000000000000000000000000000000000000000000000000000000000000000000",
 <       "transactionsRoot": "0x56e81f171bcc55a6ff8345e692c0f86e5b48e01b996cadc001622fb5e363b421",
 <       "stateRoot": "0x405421b5dd8e2439a1c2da379de4eba6398b664ccb4acf9fae8407dce076020a",
 <       "receiptsRoot": "0x56e81f171bcc55a6ff8345e692c0f86e5b48e01b996cadc001622fb5e363b421",
 <       "miner": "0x0000000000000000000000000000000000000000",
 <       "difficulty": "0x0",
 <       "totalDifficulty": "0x0",
 <       "extraData": "0x",
 <       "size": "0x3e8",
 <       "gasLimit": "0x98967f",
 <       "gasUsed": "0x0",
 <       "timestamp": "0x613f849e",
 <       "transactions": [],
 <       "uncles": []
 <     }
 <   }
[2021/09/13 14:04:31.237] -  <   {
 <     "id": 525,
 <     "jsonrpc": "2.0",
 <     "result": "0x5"
 <   }
[2021/09/13 14:04:31.242] - eth_accounts
[2021/09/13 14:04:31.243] -    > {
   >   "jsonrpc": "2.0",
   >   "id": 531,
   >   "method": "eth_accounts",
   >   "params": [],
   >   "internal": true
   > }
[2021/09/13 14:04:31.244] -  <   {
 <     "id": 531,
 <     "jsonrpc": "2.0",
 <     "result": [
 <       "0x27d8d15cbc94527cadf5ec14b69519ae23288b95",
 <       "0x018c2dabef4904ecbd7118350a0c54dbeae3549a",
 <       "0xce5144391b4ab80668965f2cc4f2cc102380ef0a",
 <       "0x460c31107dd048e34971e57da2f99f659add4f02",
 <       "0xd37b7b8c62be2fdde8daa9816483aebdbd356088",
 <       "0x27f184bdc0e7a931b507ddd689d76dba10514bcb",
 <       "0xfe0df793060c49edca5ac9c104dd8e3375349978",
 <       "0xbd58a85c96cc6727859d853086fe8560bc137632",
 <       "0xe07b5ee5f738b2f87f88b99aac9c64ff1e0c7917",
 <       "0xbd3ff2e3aded055244d66544c9c059fa0851da44"
 <     ]
 <   }
[2021/09/13 14:04:31.261] - eth_getBalance
[2021/09/13 14:04:31.261] -    > {
   >   "jsonrpc": "2.0",
   >   "id": 532,
   >   "method": "eth_getBalance",
   >   "params": [
   >     "0x27d8d15cbc94527cadf5ec14b69519ae23288b95",
   >     "latest"
   >   ],
   >   "internal": true
   > }
[2021/09/13 14:04:31.263] -  <   {
 <     "id": 532,
 <     "jsonrpc": "2.0",
 <     "result": "0x3635c9adc5dea00000"
 <   }
[2021/09/13 14:04:31.264] - eth_getTransactionCount
[2021/09/13 14:04:31.264] -    > {
   >   "jsonrpc": "2.0",
   >   "id": 533,
   >   "method": "eth_getTransactionCount",
   >   "params": [
   >     "0x27d8d15cbc94527cadf5ec14b69519ae23288b95",
   >     "latest"
   >   ],
   >   "internal": true
   > }
[2021/09/13 14:04:31.266] -  <   {
 <     "id": 533,
 <     "jsonrpc": "2.0",
 <     "result": "0x0"
 <   }
[2021/09/13 14:04:31.267] - eth_getBalance
[2021/09/13 14:04:31.267] -    > {
   >   "jsonrpc": "2.0",
   >   "id": 534,
   >   "method": "eth_getBalance",
   >   "params": [
   >     "0x018c2dabef4904ecbd7118350a0c54dbeae3549a",
   >     "latest"
   >   ],
   >   "internal": true
   > }
[2021/09/13 14:04:31.269] -  <   {
 <     "id": 534,
 <     "jsonrpc": "2.0",
 <     "result": "0x3635c9adc5dea00000"
 <   }
[2021/09/13 14:04:31.271] - eth_getTransactionCount
[2021/09/13 14:04:31.271] -    > {
   >   "jsonrpc": "2.0",
   >   "id": 535,
   >   "method": "eth_getTransactionCount",
   >   "params": [
   >     "0x018c2dabef4904ecbd7118350a0c54dbeae3549a",
   >     "latest"
   >   ],
   >   "internal": true
   > }
[2021/09/13 14:04:31.273] -  <   {
 <     "id": 535,
 <     "jsonrpc": "2.0",
 <     "result": "0x0"
 <   }
[2021/09/13 14:04:31.274] - eth_getBalance
[2021/09/13 14:04:31.274] -    > {
   >   "jsonrpc": "2.0",
   >   "id": 536,
   >   "method": "eth_getBalance",
   >   "params": [
   >     "0xce5144391b4ab80668965f2cc4f2cc102380ef0a",
   >     "latest"
   >   ],
   >   "internal": true
   > }
[2021/09/13 14:04:31.276] -  <   {
 <     "id": 536,
 <     "jsonrpc": "2.0",
 <     "result": "0x3635c9adc5dea00000"
 <   }
[2021/09/13 14:04:31.277] - eth_getTransactionCount
[2021/09/13 14:04:31.277] -    > {
   >   "jsonrpc": "2.0",
   >   "id": 537,
   >   "method": "eth_getTransactionCount",
   >   "params": [
   >     "0xce5144391b4ab80668965f2cc4f2cc102380ef0a",
   >     "latest"
   >   ],
   >   "internal": true
   > }
[2021/09/13 14:04:31.279] -  <   {
 <     "id": 537,
 <     "jsonrpc": "2.0",
 <     "result": "0x0"
 <   }
[2021/09/13 14:04:31.281] - eth_getBalance
[2021/09/13 14:04:31.282] -    > {
   >   "jsonrpc": "2.0",
   >   "id": 538,
   >   "method": "eth_getBalance",
   >   "params": [
   >     "0x460c31107dd048e34971e57da2f99f659add4f02",
   >     "latest"
   >   ],
   >   "internal": true
   > }
[2021/09/13 14:04:31.283] -  <   {
 <     "id": 538,
 <     "jsonrpc": "2.0",
 <     "result": "0x3635c9adc5dea00000"
 <   }
[2021/09/13 14:04:31.284] - eth_getTransactionCount
[2021/09/13 14:04:31.285] -    > {
   >   "jsonrpc": "2.0",
   >   "id": 539,
   >   "method": "eth_getTransactionCount",
   >   "params": [
   >     "0x460c31107dd048e34971e57da2f99f659add4f02",
   >     "latest"
   >   ],
   >   "internal": true
   > }
[2021/09/13 14:04:31.286] -  <   {
 <     "id": 539,
 <     "jsonrpc": "2.0",
 <     "result": "0x0"
 <   }
[2021/09/13 14:04:31.287] - eth_getBalance
[2021/09/13 14:04:31.288] -    > {
   >   "jsonrpc": "2.0",
   >   "id": 540,
   >   "method": "eth_getBalance",
   >   "params": [
   >     "0xd37b7b8c62be2fdde8daa9816483aebdbd356088",
   >     "latest"
   >   ],
   >   "internal": true
   > }
[2021/09/13 14:04:31.289] -  <   {
 <     "id": 540,
 <     "jsonrpc": "2.0",
 <     "result": "0x3635c9adc5dea00000"
 <   }
[2021/09/13 14:04:31.291] - eth_getTransactionCount
[2021/09/13 14:04:31.292] -    > {
   >   "jsonrpc": "2.0",
   >   "id": 541,
   >   "method": "eth_getTransactionCount",
   >   "params": [
   >     "0xd37b7b8c62be2fdde8daa9816483aebdbd356088",
   >     "latest"
   >   ],
   >   "internal": true
   > }
[2021/09/13 14:04:31.293] -  <   {
 <     "id": 541,
 <     "jsonrpc": "2.0",
 <     "result": "0x0"
 <   }
[2021/09/13 14:04:31.294] - eth_getBalance
[2021/09/13 14:04:31.294] -    > {
   >   "jsonrpc": "2.0",
   >   "id": 542,
   >   "method": "eth_getBalance",
   >   "params": [
   >     "0x27f184bdc0e7a931b507ddd689d76dba10514bcb",
   >     "latest"
   >   ],
   >   "internal": true
   > }
[2021/09/13 14:04:31.296] -  <   {
 <     "id": 542,
 <     "jsonrpc": "2.0",
 <     "result": "0x3635c9adc5dea00000"
 <   }
[2021/09/13 14:04:31.297] - eth_getTransactionCount
[2021/09/13 14:04:31.297] -    > {
   >   "jsonrpc": "2.0",
   >   "id": 543,
   >   "method": "eth_getTransactionCount",
   >   "params": [
   >     "0x27f184bdc0e7a931b507ddd689d76dba10514bcb",
   >     "latest"
   >   ],
   >   "internal": true
   > }
[2021/09/13 14:04:31.303] -  <   {
 <     "id": 543,
 <     "jsonrpc": "2.0",
 <     "result": "0x0"
 <   }
[2021/09/13 14:04:31.318] - eth_getBalance
[2021/09/13 14:04:31.318] -    > {
   >   "jsonrpc": "2.0",
   >   "id": 544,
   >   "method": "eth_getBalance",
   >   "params": [
   >     "0xfe0df793060c49edca5ac9c104dd8e3375349978",
   >     "latest"
   >   ],
   >   "internal": true
   > }
[2021/09/13 14:04:31.318] - eth_getTransactionCount
[2021/09/13 14:04:31.319] -    > {
   >   "jsonrpc": "2.0",
   >   "id": 545,
   >   "method": "eth_getTransactionCount",
   >   "params": [
   >     "0xfe0df793060c49edca5ac9c104dd8e3375349978",
   >     "latest"
   >   ],
   >   "internal": true
   > }
[2021/09/13 14:04:31.319] - eth_getBalance
[2021/09/13 14:04:31.319] -    > {
   >   "jsonrpc": "2.0",
   >   "id": 546,
   >   "method": "eth_getBalance",
   >   "params": [
   >     "0xbd58a85c96cc6727859d853086fe8560bc137632",
   >     "latest"
   >   ],
   >   "internal": true
   > }
[2021/09/13 14:04:31.320] -  <   {
 <     "id": 544,
 <     "jsonrpc": "2.0",
 <     "result": "0x3635c9adc5dea00000"
 <   }
[2021/09/13 14:04:31.320] - eth_getTransactionCount
[2021/09/13 14:04:31.323] -    > {
   >   "jsonrpc": "2.0",
   >   "id": 547,
   >   "method": "eth_getTransactionCount",
   >   "params": [
   >     "0xbd58a85c96cc6727859d853086fe8560bc137632",
   >     "latest"
   >   ],
   >   "internal": true
   > }
[2021/09/13 14:04:31.333] -  <   {
 <     "id": 545,
 <     "jsonrpc": "2.0",
 <     "result": "0x0"
 <   }
[2021/09/13 14:04:31.334] - eth_getBalance
[2021/09/13 14:04:31.334] -    > {
   >   "jsonrpc": "2.0",
   >   "id": 548,
   >   "method": "eth_getBalance",
   >   "params": [
   >     "0xe07b5ee5f738b2f87f88b99aac9c64ff1e0c7917",
   >     "latest"
   >   ],
   >   "internal": true
   > }
[2021/09/13 14:04:31.334] - eth_getTransactionCount
[2021/09/13 14:04:31.335] -    > {
   >   "jsonrpc": "2.0",
   >   "id": 549,
   >   "method": "eth_getTransactionCount",
   >   "params": [
   >     "0xe07b5ee5f738b2f87f88b99aac9c64ff1e0c7917",
   >     "latest"
   >   ],
   >   "internal": true
   > }
[2021/09/13 14:04:31.335] - eth_getBalance
[2021/09/13 14:04:31.335] -    > {
   >   "jsonrpc": "2.0",
   >   "id": 550,
   >   "method": "eth_getBalance",
   >   "params": [
   >     "0xbd3ff2e3aded055244d66544c9c059fa0851da44",
   >     "latest"
   >   ],
   >   "internal": true
   > }
[2021/09/13 14:04:31.341] -  <   {
 <     "id": 546,
 <     "jsonrpc": "2.0",
 <     "result": "0x3635c9adc5dea00000"
 <   }
[2021/09/13 14:04:31.342] - eth_getTransactionCount
[2021/09/13 14:04:31.342] -    > {
   >   "jsonrpc": "2.0",
   >   "id": 551,
   >   "method": "eth_getTransactionCount",
   >   "params": [
   >     "0xbd3ff2e3aded055244d66544c9c059fa0851da44",
   >     "latest"
   >   ],
   >   "internal": true
   > }
[2021/09/13 14:04:31.342] - eth_blockNumber
[2021/09/13 14:04:31.342] -    > {
   >   "jsonrpc": "2.0",
   >   "id": 526,
   >   "method": "eth_blockNumber",
   >   "params": [],
   >   "internal": true
   > }
[2021/09/13 14:04:31.343] - eth_accounts
[2021/09/13 14:04:31.343] -    > {
   >   "jsonrpc": "2.0",
   >   "id": 527,
   >   "method": "eth_accounts",
   >   "params": [],
   >   "internal": true
   > }
[2021/09/13 14:04:31.344] -  <   {
 <     "id": 547,
 <     "jsonrpc": "2.0",
 <     "result": "0x0"
 <   }
[2021/09/13 14:04:31.344] - eth_gasPrice
[2021/09/13 14:04:31.345] -    > {
   >   "jsonrpc": "2.0",
   >   "id": 528,
   >   "method": "eth_gasPrice",
   >   "params": [],
   >   "internal": true
   > }
[2021/09/13 14:04:31.347] -  <   {
 <     "id": 548,
 <     "jsonrpc": "2.0",
 <     "result": "0x3635c9adc5dea00000"
 <   }
[2021/09/13 14:04:31.349] -  <   {
 <     "id": 549,
 <     "jsonrpc": "2.0",
 <     "result": "0x0"
 <   }
[2021/09/13 14:04:31.351] -  <   {
 <     "id": 550,
 <     "jsonrpc": "2.0",
 <     "result": "0x3635c9adc5dea00000"
 <   }
[2021/09/13 14:04:31.354] -  <   {
 <     "id": 551,
 <     "jsonrpc": "2.0",
 <     "result": "0x0"
 <   }
[2021/09/13 14:04:31.355] - eth_getTransactionCount
[2021/09/13 14:04:31.355] -    > {
   >   "jsonrpc": "2.0",
   >   "id": 553,
   >   "method": "eth_getTransactionCount",
   >   "params": [
   >     "0x27d8d15cbc94527cadf5ec14b69519ae23288b95",
   >     "latest"
   >   ],
   >   "internal": true
   > }
[2021/09/13 14:04:31.356] -  <   {
 <     "id": 526,
 <     "jsonrpc": "2.0",
 <     "result": "0x0"
 <   }
[2021/09/13 14:04:31.357] -  <   {
 <     "id": 527,
 <     "jsonrpc": "2.0",
 <     "result": [
 <       "0x27d8d15cbc94527cadf5ec14b69519ae23288b95",
 <       "0x018c2dabef4904ecbd7118350a0c54dbeae3549a",
 <       "0xce5144391b4ab80668965f2cc4f2cc102380ef0a",
 <       "0x460c31107dd048e34971e57da2f99f659add4f02",
 <       "0xd37b7b8c62be2fdde8daa9816483aebdbd356088",
 <       "0x27f184bdc0e7a931b507ddd689d76dba10514bcb",
 <       "0xfe0df793060c49edca5ac9c104dd8e3375349978",
 <       "0xbd58a85c96cc6727859d853086fe8560bc137632",
 <       "0xe07b5ee5f738b2f87f88b99aac9c64ff1e0c7917",
 <       "0xbd3ff2e3aded055244d66544c9c059fa0851da44"
 <     ]
 <   }
[2021/09/13 14:04:31.358] - eth_getBalance
[2021/09/13 14:04:31.358] -    > {
   >   "jsonrpc": "2.0",
   >   "id": 554,
   >   "method": "eth_getBalance",
   >   "params": [
   >     "0x018c2dabef4904ecbd7118350a0c54dbeae3549a",
   >     "latest"
   >   ],
   >   "internal": true
   > }
[2021/09/13 14:04:31.359] -  <   {
 <     "id": 528,
 <     "jsonrpc": "2.0",
 <     "result": "0x4a817c800"
 <   }
[2021/09/13 14:04:31.360] - eth_getTransactionCount
[2021/09/13 14:04:31.360] -    > {
   >   "jsonrpc": "2.0",
   >   "id": 555,
   >   "method": "eth_getTransactionCount",
   >   "params": [
   >     "0x018c2dabef4904ecbd7118350a0c54dbeae3549a",
   >     "latest"
   >   ],
   >   "internal": true
   > }
[2021/09/13 14:04:31.362] -  <   {
 <     "id": 553,
 <     "jsonrpc": "2.0",
 <     "result": "0x0"
 <   }
[2021/09/13 14:04:31.363] - eth_getBalance
[2021/09/13 14:04:31.363] -    > {
   >   "jsonrpc": "2.0",
   >   "id": 556,
   >   "method": "eth_getBalance",
   >   "params": [
   >     "0xce5144391b4ab80668965f2cc4f2cc102380ef0a",
   >     "latest"
   >   ],
   >   "internal": true
   > }
[2021/09/13 14:04:31.366] -  <   {
 <     "id": 554,
 <     "jsonrpc": "2.0",
 <     "result": "0x3635c9adc5dea00000"
 <   }
[2021/09/13 14:04:31.373] - eth_getTransactionCount
[2021/09/13 14:04:31.374] -    > {
   >   "jsonrpc": "2.0",
   >   "id": 557,
   >   "method": "eth_getTransactionCount",
   >   "params": [
   >     "0xce5144391b4ab80668965f2cc4f2cc102380ef0a",
   >     "latest"
   >   ],
   >   "internal": true
   > }
[2021/09/13 14:04:31.374] - eth_getBalance
[2021/09/13 14:04:31.377] -    > {
   >   "jsonrpc": "2.0",
   >   "id": 558,
   >   "method": "eth_getBalance",
   >   "params": [
   >     "0x460c31107dd048e34971e57da2f99f659add4f02",
   >     "latest"
   >   ],
   >   "internal": true
   > }
[2021/09/13 14:04:31.378] -  <   {
 <     "id": 555,
 <     "jsonrpc": "2.0",
 <     "result": "0x0"
 <   }
[2021/09/13 14:04:31.397] - eth_getTransactionCount
[2021/09/13 14:04:31.397] -    > {
   >   "jsonrpc": "2.0",
   >   "id": 559,
   >   "method": "eth_getTransactionCount",
   >   "params": [
   >     "0x460c31107dd048e34971e57da2f99f659add4f02",
   >     "latest"
   >   ],
   >   "internal": true
   > }
[2021/09/13 14:04:31.397] - eth_getBalance
[2021/09/13 14:04:31.397] -    > {
   >   "jsonrpc": "2.0",
   >   "id": 560,
   >   "method": "eth_getBalance",
   >   "params": [
   >     "0xd37b7b8c62be2fdde8daa9816483aebdbd356088",
   >     "latest"
   >   ],
   >   "internal": true
   > }
[2021/09/13 14:04:31.398] - eth_getTransactionCount
[2021/09/13 14:04:31.398] -    > {
   >   "jsonrpc": "2.0",
   >   "id": 561,
   >   "method": "eth_getTransactionCount",
   >   "params": [
   >     "0xd37b7b8c62be2fdde8daa9816483aebdbd356088",
   >     "latest"
   >   ],
   >   "internal": true
   > }
[2021/09/13 14:04:31.399] -  <   {
 <     "id": 556,
 <     "jsonrpc": "2.0",
 <     "result": "0x3635c9adc5dea00000"
 <   }
[2021/09/13 14:04:31.399] - eth_getBalance
[2021/09/13 14:04:31.400] -    > {
   >   "jsonrpc": "2.0",
   >   "id": 562,
   >   "method": "eth_getBalance",
   >   "params": [
   >     "0x27f184bdc0e7a931b507ddd689d76dba10514bcb",
   >     "latest"
   >   ],
   >   "internal": true
   > }
[2021/09/13 14:04:31.400] - eth_getTransactionCount
[2021/09/13 14:04:31.400] -    > {
   >   "jsonrpc": "2.0",
   >   "id": 563,
   >   "method": "eth_getTransactionCount",
   >   "params": [
   >     "0x27f184bdc0e7a931b507ddd689d76dba10514bcb",
   >     "latest"
   >   ],
   >   "internal": true
   > }
[2021/09/13 14:04:31.400] - eth_getBalance
[2021/09/13 14:04:31.400] -    > {
   >   "jsonrpc": "2.0",
   >   "id": 564,
   >   "method": "eth_getBalance",
   >   "params": [
   >     "0xfe0df793060c49edca5ac9c104dd8e3375349978",
   >     "latest"
   >   ],
   >   "internal": true
   > }
[2021/09/13 14:04:31.401] - eth_getTransactionCount
[2021/09/13 14:04:31.401] -    > {
   >   "jsonrpc": "2.0",
   >   "id": 565,
   >   "method": "eth_getTransactionCount",
   >   "params": [
   >     "0xfe0df793060c49edca5ac9c104dd8e3375349978",
   >     "latest"
   >   ],
   >   "internal": true
   > }
[2021/09/13 14:04:31.402] -  <   {
 <     "id": 557,
 <     "jsonrpc": "2.0",
 <     "result": "0x0"
 <   }
[2021/09/13 14:04:31.402] - eth_getBalance
[2021/09/13 14:04:31.402] -    > {
   >   "jsonrpc": "2.0",
   >   "id": 566,
   >   "method": "eth_getBalance",
   >   "params": [
   >     "0xbd58a85c96cc6727859d853086fe8560bc137632",
   >     "latest"
   >   ],
   >   "internal": true
   > }
[2021/09/13 14:04:31.403] - eth_getTransactionCount
[2021/09/13 14:04:31.403] -    > {
   >   "jsonrpc": "2.0",
   >   "id": 567,
   >   "method": "eth_getTransactionCount",
   >   "params": [
   >     "0xbd58a85c96cc6727859d853086fe8560bc137632",
   >     "latest"
   >   ],
   >   "internal": true
   > }
[2021/09/13 14:04:31.405] -  <   {
 <     "id": 558,
 <     "jsonrpc": "2.0",
 <     "result": "0x3635c9adc5dea00000"
 <   }
[2021/09/13 14:04:31.405] - eth_getBalance
[2021/09/13 14:04:31.405] -    > {
   >   "jsonrpc": "2.0",
   >   "id": 568,
   >   "method": "eth_getBalance",
   >   "params": [
   >     "0xe07b5ee5f738b2f87f88b99aac9c64ff1e0c7917",
   >     "latest"
   >   ],
   >   "internal": true
   > }
[2021/09/13 14:04:31.407] -  <   {
 <     "id": 559,
 <     "jsonrpc": "2.0",
 <     "result": "0x0"
 <   }
[2021/09/13 14:04:31.408] - eth_getTransactionCount
[2021/09/13 14:04:31.408] -    > {
   >   "jsonrpc": "2.0",
   >   "id": 569,
   >   "method": "eth_getTransactionCount",
   >   "params": [
   >     "0xe07b5ee5f738b2f87f88b99aac9c64ff1e0c7917",
   >     "latest"
   >   ],
   >   "internal": true
   > }
[2021/09/13 14:04:31.410] -  <   {
 <     "id": 560,
 <     "jsonrpc": "2.0",
 <     "result": "0x3635c9adc5dea00000"
 <   }
[2021/09/13 14:04:31.410] - eth_getBalance
[2021/09/13 14:04:31.410] -    > {
   >   "jsonrpc": "2.0",
   >   "id": 570,
   >   "method": "eth_getBalance",
   >   "params": [
   >     "0xbd3ff2e3aded055244d66544c9c059fa0851da44",
   >     "latest"
   >   ],
   >   "internal": true
   > }
[2021/09/13 14:04:31.412] -  <   {
 <     "id": 561,
 <     "jsonrpc": "2.0",
 <     "result": "0x0"
 <   }
[2021/09/13 14:04:31.413] - eth_getTransactionCount
[2021/09/13 14:04:31.413] -    > {
   >   "jsonrpc": "2.0",
   >   "id": 571,
   >   "method": "eth_getTransactionCount",
   >   "params": [
   >     "0xbd3ff2e3aded055244d66544c9c059fa0851da44",
   >     "latest"
   >   ],
   >   "internal": true
   > }
[2021/09/13 14:04:31.415] -  <   {
 <     "id": 562,
 <     "jsonrpc": "2.0",
 <     "result": "0x3635c9adc5dea00000"
 <   }
[2021/09/13 14:04:31.417] -  <   {
 <     "id": 563,
 <     "jsonrpc": "2.0",
 <     "result": "0x0"
 <   }
[2021/09/13 14:04:31.417] - eth_getBlockByNumber
[2021/09/13 14:04:31.417] -    > {
   >   "jsonrpc": "2.0",
   >   "id": 529,
   >   "method": "eth_getBlockByNumber",
   >   "params": [
   >     "latest",
   >     false
   >   ],
   >   "internal": true
   > }
[2021/09/13 14:04:31.417] - eth_subscribe
[2021/09/13 14:04:31.417] -    > {
   >   "jsonrpc": "2.0",
   >   "id": 530,
   >   "method": "eth_subscribe",
   >   "params": [
   >     "newHeads"
   >   ],
   >   "internal": true
   > }
[2021/09/13 14:04:31.419] -  <   {
 <     "id": 564,
 <     "jsonrpc": "2.0",
 <     "result": "0x3635c9adc5dea00000"
 <   }
[2021/09/13 14:04:31.421] -  <   {
 <     "id": 565,
 <     "jsonrpc": "2.0",
 <     "result": "0x0"
 <   }
[2021/09/13 14:04:31.423] -  <   {
 <     "id": 566,
 <     "jsonrpc": "2.0",
 <     "result": "0x3635c9adc5dea00000"
 <   }
[2021/09/13 14:04:31.428] -  <   {
 <     "id": 567,
 <     "jsonrpc": "2.0",
 <     "result": "0x0"
 <   }
[2021/09/13 14:04:31.431] -  <   {
 <     "id": 568,
 <     "jsonrpc": "2.0",
 <     "result": "0x3635c9adc5dea00000"
 <   }
[2021/09/13 14:04:31.433] -  <   {
 <     "id": 569,
 <     "jsonrpc": "2.0",
 <     "result": "0x0"
 <   }
[2021/09/13 14:04:31.435] -  <   {
 <     "id": 570,
 <     "jsonrpc": "2.0",
 <     "result": "0x3635c9adc5dea00000"
 <   }
[2021/09/13 14:04:31.437] -  <   {
 <     "id": 571,
 <     "jsonrpc": "2.0",
 <     "result": "0x0"
 <   }
[2021/09/13 14:04:31.439] -  <   {
 <     "id": 529,
 <     "jsonrpc": "2.0",
 <     "result": {
 <       "number": "0x0",
 <       "hash": "0x539273429be671e9e3e65b783c594be90b38e15b9d5290201d62f3349b0096bf",
 <       "parentHash": "0x0000000000000000000000000000000000000000000000000000000000000000",
 <       "mixHash": "0x0000000000000000000000000000000000000000000000000000000000000000",
 <       "nonce": "0x0000000000000000",
 <       "sha3Uncles": "0x1dcc4de8dec75d7aab85b567b6ccd41ad312451b948a7413f0a142fd40d49347",
 <       "logsBloom": "0x00000000000000000000000000000000000000000000000000000000000000000000000000000000000000000000000000000000000000000000000000000000000000000000000000000000000000000000000000000000000000000000000000000000000000000000000000000000000000000000000000000000000000000000000000000000000000000000000000000000000000000000000000000000000000000000000000000000000000000000000000000000000000000000000000000000000000000000000000000000000000000000000000000000000000000000000000000000000000000000000000000000000000000000000000000000",
 <       "transactionsRoot": "0x56e81f171bcc55a6ff8345e692c0f86e5b48e01b996cadc001622fb5e363b421",
 <       "stateRoot": "0x405421b5dd8e2439a1c2da379de4eba6398b664ccb4acf9fae8407dce076020a",
 <       "receiptsRoot": "0x56e81f171bcc55a6ff8345e692c0f86e5b48e01b996cadc001622fb5e363b421",
 <       "miner": "0x0000000000000000000000000000000000000000",
 <       "difficulty": "0x0",
 <       "totalDifficulty": "0x0",
 <       "extraData": "0x",
 <       "size": "0x3e8",
 <       "gasLimit": "0x98967f",
 <       "gasUsed": "0x0",
 <       "timestamp": "0x613f849e",
 <       "transactions": [],
 <       "uncles": []
 <     }
 <   }
[2021/09/13 14:04:31.441] -  <   {
 <     "id": 530,
 <     "jsonrpc": "2.0",
 <     "result": "0x6"
 <   }
[2021/09/13 14:04:31.596] - eth_getBalance
[2021/09/13 14:04:31.596] -    > {
   >   "jsonrpc": "2.0",
   >   "id": 573,
   >   "method": "eth_getBalance",
   >   "params": [
   >     "0x27d8d15cbc94527cadf5ec14b69519ae23288b95",
   >     "latest"
   >   ],
   >   "internal": true
   > }
[2021/09/13 14:04:31.598] -  <   {
 <     "id": 573,
 <     "jsonrpc": "2.0",
 <     "result": "0x3635c9adc5dea00000"
 <   }
[2021/09/13 14:04:31.599] - eth_getTransactionCount
[2021/09/13 14:04:31.599] -    > {
   >   "jsonrpc": "2.0",
   >   "id": 574,
   >   "method": "eth_getTransactionCount",
   >   "params": [
   >     "0x27d8d15cbc94527cadf5ec14b69519ae23288b95",
   >     "latest"
   >   ],
   >   "internal": true
   > }
[2021/09/13 14:04:31.601] -  <   {
 <     "id": 574,
 <     "jsonrpc": "2.0",
 <     "result": "0x0"
 <   }
[2021/09/13 14:04:31.601] - eth_getBalance
[2021/09/13 14:04:31.601] -    > {
   >   "jsonrpc": "2.0",
   >   "id": 575,
   >   "method": "eth_getBalance",
   >   "params": [
   >     "0x018c2dabef4904ecbd7118350a0c54dbeae3549a",
   >     "latest"
   >   ],
   >   "internal": true
   > }
[2021/09/13 14:04:31.603] -  <   {
 <     "id": 575,
 <     "jsonrpc": "2.0",
 <     "result": "0x3635c9adc5dea00000"
 <   }
[2021/09/13 14:04:31.605] - eth_getTransactionCount
[2021/09/13 14:04:31.605] -    > {
   >   "jsonrpc": "2.0",
   >   "id": 576,
   >   "method": "eth_getTransactionCount",
   >   "params": [
   >     "0x018c2dabef4904ecbd7118350a0c54dbeae3549a",
   >     "latest"
   >   ],
   >   "internal": true
   > }
[2021/09/13 14:04:31.607] -  <   {
 <     "id": 576,
 <     "jsonrpc": "2.0",
 <     "result": "0x0"
 <   }
[2021/09/13 14:04:31.609] - eth_getBalance
[2021/09/13 14:04:31.609] -    > {
   >   "jsonrpc": "2.0",
   >   "id": 577,
   >   "method": "eth_getBalance",
   >   "params": [
   >     "0xce5144391b4ab80668965f2cc4f2cc102380ef0a",
   >     "latest"
   >   ],
   >   "internal": true
   > }
[2021/09/13 14:04:31.612] -  <   {
 <     "id": 577,
 <     "jsonrpc": "2.0",
 <     "result": "0x3635c9adc5dea00000"
 <   }
[2021/09/13 14:04:31.614] - eth_getTransactionCount
[2021/09/13 14:04:31.614] -    > {
   >   "jsonrpc": "2.0",
   >   "id": 578,
   >   "method": "eth_getTransactionCount",
   >   "params": [
   >     "0xce5144391b4ab80668965f2cc4f2cc102380ef0a",
   >     "latest"
   >   ],
   >   "internal": true
   > }
[2021/09/13 14:04:31.615] - eth_getBalance
[2021/09/13 14:04:31.615] -    > {
   >   "jsonrpc": "2.0",
   >   "id": 579,
   >   "method": "eth_getBalance",
   >   "params": [
   >     "0x460c31107dd048e34971e57da2f99f659add4f02",
   >     "latest"
   >   ],
   >   "internal": true
   > }
[2021/09/13 14:04:31.616] -  <   {
 <     "id": 578,
 <     "jsonrpc": "2.0",
 <     "result": "0x0"
 <   }
[2021/09/13 14:04:31.618] -  <   {
 <     "id": 579,
 <     "jsonrpc": "2.0",
 <     "result": "0x3635c9adc5dea00000"
 <   }
[2021/09/13 14:04:31.618] - eth_getTransactionCount
[2021/09/13 14:04:31.619] -    > {
   >   "jsonrpc": "2.0",
   >   "id": 580,
   >   "method": "eth_getTransactionCount",
   >   "params": [
   >     "0x460c31107dd048e34971e57da2f99f659add4f02",
   >     "latest"
   >   ],
   >   "internal": true
   > }
[2021/09/13 14:04:31.620] -  <   {
 <     "id": 580,
 <     "jsonrpc": "2.0",
 <     "result": "0x0"
 <   }
[2021/09/13 14:04:31.621] - eth_getBalance
[2021/09/13 14:04:31.621] -    > {
   >   "jsonrpc": "2.0",
   >   "id": 581,
   >   "method": "eth_getBalance",
   >   "params": [
   >     "0xd37b7b8c62be2fdde8daa9816483aebdbd356088",
   >     "latest"
   >   ],
   >   "internal": true
   > }
[2021/09/13 14:04:31.623] -  <   {
 <     "id": 581,
 <     "jsonrpc": "2.0",
 <     "result": "0x3635c9adc5dea00000"
 <   }
[2021/09/13 14:04:31.624] - eth_getTransactionCount
[2021/09/13 14:04:31.624] -    > {
   >   "jsonrpc": "2.0",
   >   "id": 582,
   >   "method": "eth_getTransactionCount",
   >   "params": [
   >     "0xd37b7b8c62be2fdde8daa9816483aebdbd356088",
   >     "latest"
   >   ],
   >   "internal": true
   > }
[2021/09/13 14:04:31.626] -  <   {
 <     "id": 582,
 <     "jsonrpc": "2.0",
 <     "result": "0x0"
 <   }
[2021/09/13 14:04:31.627] - eth_getBalance
[2021/09/13 14:04:31.627] -    > {
   >   "jsonrpc": "2.0",
   >   "id": 583,
   >   "method": "eth_getBalance",
   >   "params": [
   >     "0x27f184bdc0e7a931b507ddd689d76dba10514bcb",
   >     "latest"
   >   ],
   >   "internal": true
   > }
[2021/09/13 14:04:31.629] -  <   {
 <     "id": 583,
 <     "jsonrpc": "2.0",
 <     "result": "0x3635c9adc5dea00000"
 <   }
[2021/09/13 14:04:31.629] - eth_getTransactionCount
[2021/09/13 14:04:31.630] -    > {
   >   "jsonrpc": "2.0",
   >   "id": 584,
   >   "method": "eth_getTransactionCount",
   >   "params": [
   >     "0x27f184bdc0e7a931b507ddd689d76dba10514bcb",
   >     "latest"
   >   ],
   >   "internal": true
   > }
[2021/09/13 14:04:31.631] -  <   {
 <     "id": 584,
 <     "jsonrpc": "2.0",
 <     "result": "0x0"
 <   }
[2021/09/13 14:04:31.632] - eth_getBalance
[2021/09/13 14:04:31.633] -    > {
   >   "jsonrpc": "2.0",
   >   "id": 585,
   >   "method": "eth_getBalance",
   >   "params": [
   >     "0xfe0df793060c49edca5ac9c104dd8e3375349978",
   >     "latest"
   >   ],
   >   "internal": true
   > }
[2021/09/13 14:04:31.634] -  <   {
 <     "id": 585,
 <     "jsonrpc": "2.0",
 <     "result": "0x3635c9adc5dea00000"
 <   }
[2021/09/13 14:04:31.636] - eth_getTransactionCount
[2021/09/13 14:04:31.636] -    > {
   >   "jsonrpc": "2.0",
   >   "id": 586,
   >   "method": "eth_getTransactionCount",
   >   "params": [
   >     "0xfe0df793060c49edca5ac9c104dd8e3375349978",
   >     "latest"
   >   ],
   >   "internal": true
   > }
[2021/09/13 14:04:31.639] -  <   {
 <     "id": 586,
 <     "jsonrpc": "2.0",
 <     "result": "0x0"
 <   }
[2021/09/13 14:04:31.640] - eth_getBalance
[2021/09/13 14:04:31.640] -    > {
   >   "jsonrpc": "2.0",
   >   "id": 587,
   >   "method": "eth_getBalance",
   >   "params": [
   >     "0xbd58a85c96cc6727859d853086fe8560bc137632",
   >     "latest"
   >   ],
   >   "internal": true
   > }
[2021/09/13 14:04:31.642] -  <   {
 <     "id": 587,
 <     "jsonrpc": "2.0",
 <     "result": "0x3635c9adc5dea00000"
 <   }
[2021/09/13 14:04:31.643] - eth_getTransactionCount
[2021/09/13 14:04:31.643] -    > {
   >   "jsonrpc": "2.0",
   >   "id": 588,
   >   "method": "eth_getTransactionCount",
   >   "params": [
   >     "0xbd58a85c96cc6727859d853086fe8560bc137632",
   >     "latest"
   >   ],
   >   "internal": true
   > }
[2021/09/13 14:04:31.645] -  <   {
 <     "id": 588,
 <     "jsonrpc": "2.0",
 <     "result": "0x0"
 <   }
[2021/09/13 14:04:31.649] - eth_getBalance
[2021/09/13 14:04:31.650] -    > {
   >   "jsonrpc": "2.0",
   >   "id": 589,
   >   "method": "eth_getBalance",
   >   "params": [
   >     "0xe07b5ee5f738b2f87f88b99aac9c64ff1e0c7917",
   >     "latest"
   >   ],
   >   "internal": true
   > }
[2021/09/13 14:04:31.652] -  <   {
 <     "id": 589,
 <     "jsonrpc": "2.0",
 <     "result": "0x3635c9adc5dea00000"
 <   }
[2021/09/13 14:04:31.653] - eth_getTransactionCount
[2021/09/13 14:04:31.653] -    > {
   >   "jsonrpc": "2.0",
   >   "id": 590,
   >   "method": "eth_getTransactionCount",
   >   "params": [
   >     "0xe07b5ee5f738b2f87f88b99aac9c64ff1e0c7917",
   >     "latest"
   >   ],
   >   "internal": true
   > }
[2021/09/13 14:04:31.656] -  <   {
 <     "id": 590,
 <     "jsonrpc": "2.0",
 <     "result": "0x0"
 <   }
[2021/09/13 14:04:31.666] - eth_getBalance
[2021/09/13 14:04:31.667] -    > {
   >   "jsonrpc": "2.0",
   >   "id": 591,
   >   "method": "eth_getBalance",
   >   "params": [
   >     "0xbd3ff2e3aded055244d66544c9c059fa0851da44",
   >     "latest"
   >   ],
   >   "internal": true
   > }
[2021/09/13 14:04:31.667] - eth_getTransactionCount
[2021/09/13 14:04:31.667] -    > {
   >   "jsonrpc": "2.0",
   >   "id": 592,
   >   "method": "eth_getTransactionCount",
   >   "params": [
   >     "0xbd3ff2e3aded055244d66544c9c059fa0851da44",
   >     "latest"
   >   ],
   >   "internal": true
   > }
[2021/09/13 14:04:31.667] - eth_getBalance
[2021/09/13 14:04:31.667] -    > {
   >   "jsonrpc": "2.0",
   >   "id": 593,
   >   "method": "eth_getBalance",
   >   "params": [
   >     "0x27d8d15cbc94527cadf5ec14b69519ae23288b95",
   >     "latest"
   >   ],
   >   "internal": true
   > }
[2021/09/13 14:04:31.667] - eth_getTransactionCount
[2021/09/13 14:04:31.668] -    > {
   >   "jsonrpc": "2.0",
   >   "id": 594,
   >   "method": "eth_getTransactionCount",
   >   "params": [
   >     "0x27d8d15cbc94527cadf5ec14b69519ae23288b95",
   >     "latest"
   >   ],
   >   "internal": true
   > }
[2021/09/13 14:04:31.668] - eth_getBalance
[2021/09/13 14:04:31.668] -    > {
   >   "jsonrpc": "2.0",
   >   "id": 595,
   >   "method": "eth_getBalance",
   >   "params": [
   >     "0x018c2dabef4904ecbd7118350a0c54dbeae3549a",
   >     "latest"
   >   ],
   >   "internal": true
   > }
[2021/09/13 14:04:31.669] -  <   {
 <     "id": 591,
 <     "jsonrpc": "2.0",
 <     "result": "0x3635c9adc5dea00000"
 <   }
[2021/09/13 14:04:31.671] -  <   {
 <     "id": 592,
 <     "jsonrpc": "2.0",
 <     "result": "0x0"
 <   }
[2021/09/13 14:04:31.671] - eth_getTransactionCount
[2021/09/13 14:04:31.671] -    > {
   >   "jsonrpc": "2.0",
   >   "id": 596,
   >   "method": "eth_getTransactionCount",
   >   "params": [
   >     "0x018c2dabef4904ecbd7118350a0c54dbeae3549a",
   >     "latest"
   >   ],
   >   "internal": true
   > }
[2021/09/13 14:04:31.673] -  <   {
 <     "id": 593,
 <     "jsonrpc": "2.0",
 <     "result": "0x3635c9adc5dea00000"
 <   }
[2021/09/13 14:04:31.673] - eth_getBalance
[2021/09/13 14:04:31.674] -    > {
   >   "jsonrpc": "2.0",
   >   "id": 597,
   >   "method": "eth_getBalance",
   >   "params": [
   >     "0xce5144391b4ab80668965f2cc4f2cc102380ef0a",
   >     "latest"
   >   ],
   >   "internal": true
   > }
[2021/09/13 14:04:31.676] -  <   {
 <     "id": 594,
 <     "jsonrpc": "2.0",
 <     "result": "0x0"
 <   }
[2021/09/13 14:04:31.676] - eth_getTransactionCount
[2021/09/13 14:04:31.676] -    > {
   >   "jsonrpc": "2.0",
   >   "id": 598,
   >   "method": "eth_getTransactionCount",
   >   "params": [
   >     "0xce5144391b4ab80668965f2cc4f2cc102380ef0a",
   >     "latest"
   >   ],
   >   "internal": true
   > }
[2021/09/13 14:04:31.679] -  <   {
 <     "id": 595,
 <     "jsonrpc": "2.0",
 <     "result": "0x3635c9adc5dea00000"
 <   }
[2021/09/13 14:04:31.680] - eth_getBalance
[2021/09/13 14:04:31.680] -    > {
   >   "jsonrpc": "2.0",
   >   "id": 599,
   >   "method": "eth_getBalance",
   >   "params": [
   >     "0x460c31107dd048e34971e57da2f99f659add4f02",
   >     "latest"
   >   ],
   >   "internal": true
   > }
[2021/09/13 14:04:31.682] -  <   {
 <     "id": 596,
 <     "jsonrpc": "2.0",
 <     "result": "0x0"
 <   }
[2021/09/13 14:04:31.683] - eth_getTransactionCount
[2021/09/13 14:04:31.683] -    > {
   >   "jsonrpc": "2.0",
   >   "id": 600,
   >   "method": "eth_getTransactionCount",
   >   "params": [
   >     "0x460c31107dd048e34971e57da2f99f659add4f02",
   >     "latest"
   >   ],
   >   "internal": true
   > }
[2021/09/13 14:04:31.683] -  <   {
 <     "id": 597,
 <     "jsonrpc": "2.0",
 <     "result": "0x3635c9adc5dea00000"
 <   }
[2021/09/13 14:04:31.685] -  <   {
 <     "id": 598,
 <     "jsonrpc": "2.0",
 <     "result": "0x0"
 <   }
[2021/09/13 14:04:31.686] - eth_getBalance
[2021/09/13 14:04:31.686] -    > {
   >   "jsonrpc": "2.0",
   >   "id": 601,
   >   "method": "eth_getBalance",
   >   "params": [
   >     "0xd37b7b8c62be2fdde8daa9816483aebdbd356088",
   >     "latest"
   >   ],
   >   "internal": true
   > }
[2021/09/13 14:04:31.688] -  <   {
 <     "id": 599,
 <     "jsonrpc": "2.0",
 <     "result": "0x3635c9adc5dea00000"
 <   }
[2021/09/13 14:04:31.689] - eth_getTransactionCount
[2021/09/13 14:04:31.689] -    > {
   >   "jsonrpc": "2.0",
   >   "id": 602,
   >   "method": "eth_getTransactionCount",
   >   "params": [
   >     "0xd37b7b8c62be2fdde8daa9816483aebdbd356088",
   >     "latest"
   >   ],
   >   "internal": true
   > }
[2021/09/13 14:04:31.689] -  <   {
 <     "id": 600,
 <     "jsonrpc": "2.0",
 <     "result": "0x0"
 <   }
[2021/09/13 14:04:31.691] -  <   {
 <     "id": 601,
 <     "jsonrpc": "2.0",
 <     "result": "0x3635c9adc5dea00000"
 <   }
[2021/09/13 14:04:31.692] - eth_getBalance
[2021/09/13 14:04:31.692] -    > {
   >   "jsonrpc": "2.0",
   >   "id": 603,
   >   "method": "eth_getBalance",
   >   "params": [
   >     "0x27f184bdc0e7a931b507ddd689d76dba10514bcb",
   >     "latest"
   >   ],
   >   "internal": true
   > }
[2021/09/13 14:04:31.694] -  <   {
 <     "id": 602,
 <     "jsonrpc": "2.0",
 <     "result": "0x0"
 <   }
[2021/09/13 14:04:31.695] - eth_getTransactionCount
[2021/09/13 14:04:31.695] -    > {
   >   "jsonrpc": "2.0",
   >   "id": 604,
   >   "method": "eth_getTransactionCount",
   >   "params": [
   >     "0x27f184bdc0e7a931b507ddd689d76dba10514bcb",
   >     "latest"
   >   ],
   >   "internal": true
   > }
[2021/09/13 14:04:31.696] -  <   {
 <     "id": 603,
 <     "jsonrpc": "2.0",
 <     "result": "0x3635c9adc5dea00000"
 <   }
[2021/09/13 14:04:31.698] -  <   {
 <     "id": 604,
 <     "jsonrpc": "2.0",
 <     "result": "0x0"
 <   }
[2021/09/13 14:04:31.701] - eth_getBalance
[2021/09/13 14:04:31.701] -    > {
   >   "jsonrpc": "2.0",
   >   "id": 605,
   >   "method": "eth_getBalance",
   >   "params": [
   >     "0xfe0df793060c49edca5ac9c104dd8e3375349978",
   >     "latest"
   >   ],
   >   "internal": true
   > }
[2021/09/13 14:04:31.703] -  <   {
 <     "id": 605,
 <     "jsonrpc": "2.0",
 <     "result": "0x3635c9adc5dea00000"
 <   }
[2021/09/13 14:04:31.705] - eth_getTransactionCount
[2021/09/13 14:04:31.705] -    > {
   >   "jsonrpc": "2.0",
   >   "id": 606,
   >   "method": "eth_getTransactionCount",
   >   "params": [
   >     "0xfe0df793060c49edca5ac9c104dd8e3375349978",
   >     "latest"
   >   ],
   >   "internal": true
   > }
[2021/09/13 14:04:31.707] -  <   {
 <     "id": 606,
 <     "jsonrpc": "2.0",
 <     "result": "0x0"
 <   }
[2021/09/13 14:04:31.708] - eth_getBalance
[2021/09/13 14:04:31.709] -    > {
   >   "jsonrpc": "2.0",
   >   "id": 607,
   >   "method": "eth_getBalance",
   >   "params": [
   >     "0xbd58a85c96cc6727859d853086fe8560bc137632",
   >     "latest"
   >   ],
   >   "internal": true
   > }
[2021/09/13 14:04:31.711] - eth_getTransactionCount
[2021/09/13 14:04:31.711] -    > {
   >   "jsonrpc": "2.0",
   >   "id": 608,
   >   "method": "eth_getTransactionCount",
   >   "params": [
   >     "0xbd58a85c96cc6727859d853086fe8560bc137632",
   >     "latest"
   >   ],
   >   "internal": true
   > }
[2021/09/13 14:04:31.712] -  <   {
 <     "id": 607,
 <     "jsonrpc": "2.0",
 <     "result": "0x3635c9adc5dea00000"
 <   }
[2021/09/13 14:04:31.714] -  <   {
 <     "id": 608,
 <     "jsonrpc": "2.0",
 <     "result": "0x0"
 <   }
[2021/09/13 14:04:31.715] - eth_getBalance
[2021/09/13 14:04:31.715] -    > {
   >   "jsonrpc": "2.0",
   >   "id": 609,
   >   "method": "eth_getBalance",
   >   "params": [
   >     "0xe07b5ee5f738b2f87f88b99aac9c64ff1e0c7917",
   >     "latest"
   >   ],
   >   "internal": true
   > }
[2021/09/13 14:04:31.717] -  <   {
 <     "id": 609,
 <     "jsonrpc": "2.0",
 <     "result": "0x3635c9adc5dea00000"
 <   }
[2021/09/13 14:04:31.717] - eth_getTransactionCount
[2021/09/13 14:04:31.717] -    > {
   >   "jsonrpc": "2.0",
   >   "id": 610,
   >   "method": "eth_getTransactionCount",
   >   "params": [
   >     "0xe07b5ee5f738b2f87f88b99aac9c64ff1e0c7917",
   >     "latest"
   >   ],
   >   "internal": true
   > }
[2021/09/13 14:04:31.719] -  <   {
 <     "id": 610,
 <     "jsonrpc": "2.0",
 <     "result": "0x0"
 <   }
[2021/09/13 14:04:31.720] - eth_getBalance
[2021/09/13 14:04:31.720] -    > {
   >   "jsonrpc": "2.0",
   >   "id": 611,
   >   "method": "eth_getBalance",
   >   "params": [
   >     "0xbd3ff2e3aded055244d66544c9c059fa0851da44",
   >     "latest"
   >   ],
   >   "internal": true
   > }
[2021/09/13 14:04:31.722] -  <   {
 <     "id": 611,
 <     "jsonrpc": "2.0",
 <     "result": "0x3635c9adc5dea00000"
 <   }
[2021/09/13 14:04:31.723] - eth_getTransactionCount
[2021/09/13 14:04:31.723] -    > {
   >   "jsonrpc": "2.0",
   >   "id": 612,
   >   "method": "eth_getTransactionCount",
   >   "params": [
   >     "0xbd3ff2e3aded055244d66544c9c059fa0851da44",
   >     "latest"
   >   ],
   >   "internal": true
   > }
[2021/09/13 14:04:31.725] -  <   {
 <     "id": 612,
 <     "jsonrpc": "2.0",
 <     "result": "0x0"
 <   }
[2021/09/13 14:04:35.854] - eth_unsubscribe
[2021/09/13 14:04:35.855] -    > {
   >   "jsonrpc": "2.0",
   >   "id": 37,
   >   "method": "eth_unsubscribe",
   >   "params": [
   >     "0x3"
   >   ]
   > }
[2021/09/13 14:04:35.855] - eth_unsubscribe
[2021/09/13 14:04:35.856] -    > {
   >   "jsonrpc": "2.0",
   >   "id": 38,
   >   "method": "eth_unsubscribe",
   >   "params": [
   >     "0x4"
   >   ]
   > }
[2021/09/13 14:04:35.856] -  <   {
 <     "id": 37,
 <     "jsonrpc": "2.0",
 <     "result": true
 <   }
[2021/09/13 14:04:35.858] -  <   {
 <     "id": 38,
 <     "jsonrpc": "2.0",
 <     "result": true
 <   }
[2021/09/13 14:04:35.864] -    > {
   >   "jsonrpc": "2.0",
   >   "method": "eth_unsubscribe",
   >   "params": [
   >     "0x6"
   >   ],
   >   "id": 1631552675863
   > }
[2021/09/13 14:04:35.864] -    > {
   >   "jsonrpc": "2.0",
   >   "method": "eth_unsubscribe",
   >   "params": [
   >     "0x5"
   >   ],
   >   "id": 1631552675864
   > }
[2021/09/13 14:04:35.864] -    > {
   >   "jsonrpc": "2.0",
   >   "method": "eth_unsubscribe",
   >   "params": [
   >     "0x1"
   >   ],
   >   "id": 1631552675864
   > }
[2021/09/13 14:04:35.865] -    > {
   >   "jsonrpc": "2.0",
   >   "method": "eth_unsubscribe",
   >   "params": [
   >     "0x2"
   >   ],
   >   "id": 1631552675864
   > }
