[2021/09/14 11:16:25.844] - Starting server with initial configuration: {"gasLimit":9999999,"gasPrice":20000000000,"hardfork":"muirGlacier","hostname":"127.0.0.1","port":8545,"network_id":5778,"default_balance_ether":1000,"total_accounts":10,"unlocked_accounts":[],"locked":true,"vmErrorsOnRPCResponse":true,"verbose":true,"db_path":"/home/lenovo/.config/Ganache/workspaces/Quickstart/chaindata","logDirectory":"/home/lenovo/dev/udacity/flightsurety/logs"}
[2021/09/14 11:16:26.489] - eth_subscribe
[2021/09/14 11:16:26.490] -    > {
   >   "jsonrpc": "2.0",
   >   "id": 1,
   >   "method": "eth_subscribe",
   >   "params": [
   >     "newHeads"
   >   ]
   > }
[2021/09/14 11:16:26.490] - eth_getLogs
[2021/09/14 11:16:26.491] -    > {
   >   "jsonrpc": "2.0",
   >   "id": 2,
   >   "method": "eth_getLogs",
   >   "params": [
   >     {
   >       "topics": []
   >     }
   >   ]
   > }
[2021/09/14 11:16:26.491] - eth_subscribe
[2021/09/14 11:16:26.491] -    > {
   >   "jsonrpc": "2.0",
   >   "id": 3,
   >   "method": "eth_subscribe",
   >   "params": [
   >     "logs",
   >     {
   >       "topics": []
   >     }
   >   ]
   > }
[2021/09/14 11:16:26.493] -  <   {
 <     "id": 1,
 <     "jsonrpc": "2.0",
 <     "result": "0x1"
 <   }
[2021/09/14 11:16:26.496] -  <   {
 <     "id": 2,
 <     "jsonrpc": "2.0",
 <     "result": []
 <   }
[2021/09/14 11:16:26.498] -  <   {
 <     "id": 3,
 <     "jsonrpc": "2.0",
 <     "result": "0x2"
 <   }
[2021/09/14 11:16:26.523] - eth_subscribe
[2021/09/14 11:16:26.524] -    > {
   >   "jsonrpc": "2.0",
   >   "id": 4,
   >   "method": "eth_subscribe",
   >   "params": [
   >     "newHeads"
   >   ]
   > }
[2021/09/14 11:16:26.524] - eth_getLogs
[2021/09/14 11:16:26.524] -    > {
   >   "jsonrpc": "2.0",
   >   "id": 5,
   >   "method": "eth_getLogs",
   >   "params": [
   >     {
   >       "topics": []
   >     }
   >   ]
   > }
[2021/09/14 11:16:26.525] - eth_subscribe
[2021/09/14 11:16:26.525] -    > {
   >   "jsonrpc": "2.0",
   >   "id": 6,
   >   "method": "eth_subscribe",
   >   "params": [
   >     "logs",
   >     {
   >       "topics": []
   >     }
   >   ]
   > }
[2021/09/14 11:16:26.525] -  <   {
 <     "id": 4,
 <     "jsonrpc": "2.0",
 <     "result": "0x3"
 <   }
[2021/09/14 11:16:26.527] -  <   {
 <     "id": 5,
 <     "jsonrpc": "2.0",
 <     "result": []
 <   }
[2021/09/14 11:16:26.529] -  <   {
 <     "id": 6,
 <     "jsonrpc": "2.0",
 <     "result": "0x4"
 <   }
[2021/09/14 11:16:26.575] - eth_blockNumber
[2021/09/14 11:16:26.576] -    > {
   >   "jsonrpc": "2.0",
   >   "id": 1,
   >   "method": "eth_blockNumber",
   >   "params": [],
   >   "internal": true
   > }
[2021/09/14 11:16:26.576] - eth_accounts
[2021/09/14 11:16:26.576] -    > {
   >   "jsonrpc": "2.0",
   >   "id": 2,
   >   "method": "eth_accounts",
   >   "params": [],
   >   "internal": true
   > }
[2021/09/14 11:16:26.576] - eth_gasPrice
[2021/09/14 11:16:26.576] -    > {
   >   "jsonrpc": "2.0",
   >   "id": 3,
   >   "method": "eth_gasPrice",
   >   "params": [],
   >   "internal": true
   > }
[2021/09/14 11:16:26.576] - eth_getBlockByNumber
[2021/09/14 11:16:26.577] -    > {
   >   "jsonrpc": "2.0",
   >   "id": 4,
   >   "method": "eth_getBlockByNumber",
   >   "params": [
   >     "latest",
   >     false
   >   ],
   >   "internal": true
   > }
[2021/09/14 11:16:26.577] -  <   {
 <     "id": 1,
 <     "jsonrpc": "2.0",
 <     "result": "0x0"
 <   }
[2021/09/14 11:16:26.577] - eth_subscribe
[2021/09/14 11:16:26.577] -    > {
   >   "jsonrpc": "2.0",
   >   "id": 5,
   >   "method": "eth_subscribe",
   >   "params": [
   >     "newHeads"
   >   ],
   >   "internal": true
   > }
[2021/09/14 11:16:26.579] -  <   {
 <     "id": 2,
 <     "jsonrpc": "2.0",
 <     "result": [
 <       "0x5e260f787f3117f7f9573eb88bbfddc6385801ee",
 <       "0x755a0fc74e9133e0c11047362ee0206d578716a8",
 <       "0xa13e95804433394d499d7b1b26d13a56a29987ba",
 <       "0xba9bc86cdd9a4693185e72ef8d4b9412aca45a60",
 <       "0x52772e8755f21db71b7a17049976973e600ebbe3",
 <       "0xbc3f71add914064352751371fff2a474a10c073c",
 <       "0x7112f408a5e4ad3fc565e08a0d38f1cb0bbdc957",
 <       "0x5b0fc1aed71429b696106fd54457fc1ef92e9d8f",
 <       "0xf004ff659fc46b572d1e2420a9d5ce8012fc2fb0",
 <       "0x0c5b5c28460b0b4a18aa2c7a47861fb30449592e"
 <     ]
 <   }
[2021/09/14 11:16:26.580] -  <   {
 <     "id": 3,
 <     "jsonrpc": "2.0",
 <     "result": "0x4a817c800"
 <   }
[2021/09/14 11:16:26.583] -  <   {
 <     "id": 4,
 <     "jsonrpc": "2.0",
 <     "result": {
 <       "number": "0x0",
 <       "hash": "0x78191e17c72898f6695d071c0c71254b43200999f7670cde8f99647011f3cd99",
 <       "parentHash": "0x0000000000000000000000000000000000000000000000000000000000000000",
 <       "mixHash": "0x0000000000000000000000000000000000000000000000000000000000000000",
 <       "nonce": "0x0000000000000000",
 <       "sha3Uncles": "0x1dcc4de8dec75d7aab85b567b6ccd41ad312451b948a7413f0a142fd40d49347",
 <       "logsBloom": "0x00000000000000000000000000000000000000000000000000000000000000000000000000000000000000000000000000000000000000000000000000000000000000000000000000000000000000000000000000000000000000000000000000000000000000000000000000000000000000000000000000000000000000000000000000000000000000000000000000000000000000000000000000000000000000000000000000000000000000000000000000000000000000000000000000000000000000000000000000000000000000000000000000000000000000000000000000000000000000000000000000000000000000000000000000000000",
 <       "transactionsRoot": "0x56e81f171bcc55a6ff8345e692c0f86e5b48e01b996cadc001622fb5e363b421",
 <       "stateRoot": "0x93250c539330ba52b2d0acd75154610bee9c8d255da9e28740077c12454ca049",
 <       "receiptsRoot": "0x56e81f171bcc55a6ff8345e692c0f86e5b48e01b996cadc001622fb5e363b421",
 <       "miner": "0x0000000000000000000000000000000000000000",
 <       "difficulty": "0x0",
 <       "totalDifficulty": "0x0",
 <       "extraData": "0x",
 <       "size": "0x3e8",
 <       "gasLimit": "0x98967f",
 <       "gasUsed": "0x0",
 <       "timestamp": "0x6140aeb9",
 <       "transactions": [],
 <       "uncles": []
 <     }
 <   }
[2021/09/14 11:16:26.584] -  <   {
 <     "id": 5,
 <     "jsonrpc": "2.0",
 <     "result": "0x5"
 <   }
[2021/09/14 11:16:26.590] - eth_accounts
[2021/09/14 11:16:26.590] -    > {
   >   "jsonrpc": "2.0",
   >   "id": 11,
   >   "method": "eth_accounts",
   >   "params": [],
   >   "internal": true
   > }
[2021/09/14 11:16:26.592] -  <   {
 <     "id": 11,
 <     "jsonrpc": "2.0",
 <     "result": [
 <       "0x5e260f787f3117f7f9573eb88bbfddc6385801ee",
 <       "0x755a0fc74e9133e0c11047362ee0206d578716a8",
 <       "0xa13e95804433394d499d7b1b26d13a56a29987ba",
 <       "0xba9bc86cdd9a4693185e72ef8d4b9412aca45a60",
 <       "0x52772e8755f21db71b7a17049976973e600ebbe3",
 <       "0xbc3f71add914064352751371fff2a474a10c073c",
 <       "0x7112f408a5e4ad3fc565e08a0d38f1cb0bbdc957",
 <       "0x5b0fc1aed71429b696106fd54457fc1ef92e9d8f",
 <       "0xf004ff659fc46b572d1e2420a9d5ce8012fc2fb0",
 <       "0x0c5b5c28460b0b4a18aa2c7a47861fb30449592e"
 <     ]
 <   }
[2021/09/14 11:16:26.617] - eth_getBalance
[2021/09/14 11:16:26.617] -    > {
   >   "jsonrpc": "2.0",
   >   "id": 12,
   >   "method": "eth_getBalance",
   >   "params": [
   >     "0x5e260f787f3117f7f9573eb88bbfddc6385801ee",
   >     "latest"
   >   ],
   >   "internal": true
   > }
[2021/09/14 11:16:26.620] -  <   {
 <     "id": 12,
 <     "jsonrpc": "2.0",
 <     "result": "0x3635c9adc5dea00000"
 <   }
[2021/09/14 11:16:26.621] - eth_getTransactionCount
[2021/09/14 11:16:26.621] -    > {
   >   "jsonrpc": "2.0",
   >   "id": 13,
   >   "method": "eth_getTransactionCount",
   >   "params": [
   >     "0x5e260f787f3117f7f9573eb88bbfddc6385801ee",
   >     "latest"
   >   ],
   >   "internal": true
   > }
[2021/09/14 11:16:26.623] -  <   {
 <     "id": 13,
 <     "jsonrpc": "2.0",
 <     "result": "0x0"
 <   }
[2021/09/14 11:16:26.625] - eth_getBalance
[2021/09/14 11:16:26.625] -    > {
   >   "jsonrpc": "2.0",
   >   "id": 14,
   >   "method": "eth_getBalance",
   >   "params": [
   >     "0x755a0fc74e9133e0c11047362ee0206d578716a8",
   >     "latest"
   >   ],
   >   "internal": true
   > }
[2021/09/14 11:16:26.627] -  <   {
 <     "id": 14,
 <     "jsonrpc": "2.0",
 <     "result": "0x3635c9adc5dea00000"
 <   }
[2021/09/14 11:16:26.629] - eth_getTransactionCount
[2021/09/14 11:16:26.629] -    > {
   >   "jsonrpc": "2.0",
   >   "id": 15,
   >   "method": "eth_getTransactionCount",
   >   "params": [
   >     "0x755a0fc74e9133e0c11047362ee0206d578716a8",
   >     "latest"
   >   ],
   >   "internal": true
   > }
[2021/09/14 11:16:26.632] -  <   {
 <     "id": 15,
 <     "jsonrpc": "2.0",
 <     "result": "0x0"
 <   }
[2021/09/14 11:16:26.633] - eth_getBalance
[2021/09/14 11:16:26.634] -    > {
   >   "jsonrpc": "2.0",
   >   "id": 16,
   >   "method": "eth_getBalance",
   >   "params": [
   >     "0xa13e95804433394d499d7b1b26d13a56a29987ba",
   >     "latest"
   >   ],
   >   "internal": true
   > }
[2021/09/14 11:16:26.636] -  <   {
 <     "id": 16,
 <     "jsonrpc": "2.0",
 <     "result": "0x3635c9adc5dea00000"
 <   }
[2021/09/14 11:16:26.637] - eth_getTransactionCount
[2021/09/14 11:16:26.637] -    > {
   >   "jsonrpc": "2.0",
   >   "id": 17,
   >   "method": "eth_getTransactionCount",
   >   "params": [
   >     "0xa13e95804433394d499d7b1b26d13a56a29987ba",
   >     "latest"
   >   ],
   >   "internal": true
   > }
[2021/09/14 11:16:26.639] -  <   {
 <     "id": 17,
 <     "jsonrpc": "2.0",
 <     "result": "0x0"
 <   }
[2021/09/14 11:16:26.640] - eth_getBalance
[2021/09/14 11:16:26.641] -    > {
   >   "jsonrpc": "2.0",
   >   "id": 18,
   >   "method": "eth_getBalance",
   >   "params": [
   >     "0xba9bc86cdd9a4693185e72ef8d4b9412aca45a60",
   >     "latest"
   >   ],
   >   "internal": true
   > }
[2021/09/14 11:16:26.643] -  <   {
 <     "id": 18,
 <     "jsonrpc": "2.0",
 <     "result": "0x3635c9adc5dea00000"
 <   }
[2021/09/14 11:16:26.644] - eth_getTransactionCount
[2021/09/14 11:16:26.645] -    > {
   >   "jsonrpc": "2.0",
   >   "id": 19,
   >   "method": "eth_getTransactionCount",
   >   "params": [
   >     "0xba9bc86cdd9a4693185e72ef8d4b9412aca45a60",
   >     "latest"
   >   ],
   >   "internal": true
   > }
[2021/09/14 11:16:26.647] -  <   {
 <     "id": 19,
 <     "jsonrpc": "2.0",
 <     "result": "0x0"
 <   }
[2021/09/14 11:16:26.647] - eth_getBalance
[2021/09/14 11:16:26.648] -    > {
   >   "jsonrpc": "2.0",
   >   "id": 20,
   >   "method": "eth_getBalance",
   >   "params": [
   >     "0x52772e8755f21db71b7a17049976973e600ebbe3",
   >     "latest"
   >   ],
   >   "internal": true
   > }
[2021/09/14 11:16:26.650] -  <   {
 <     "id": 20,
 <     "jsonrpc": "2.0",
 <     "result": "0x3635c9adc5dea00000"
 <   }
[2021/09/14 11:16:26.652] - eth_getTransactionCount
[2021/09/14 11:16:26.652] -    > {
   >   "jsonrpc": "2.0",
   >   "id": 21,
   >   "method": "eth_getTransactionCount",
   >   "params": [
   >     "0x52772e8755f21db71b7a17049976973e600ebbe3",
   >     "latest"
   >   ],
   >   "internal": true
   > }
[2021/09/14 11:16:26.654] -  <   {
 <     "id": 21,
 <     "jsonrpc": "2.0",
 <     "result": "0x0"
 <   }
[2021/09/14 11:16:26.655] - eth_getBalance
[2021/09/14 11:16:26.656] -    > {
   >   "jsonrpc": "2.0",
   >   "id": 22,
   >   "method": "eth_getBalance",
   >   "params": [
   >     "0xbc3f71add914064352751371fff2a474a10c073c",
   >     "latest"
   >   ],
   >   "internal": true
   > }
[2021/09/14 11:16:26.660] -  <   {
 <     "id": 22,
 <     "jsonrpc": "2.0",
 <     "result": "0x3635c9adc5dea00000"
 <   }
[2021/09/14 11:16:26.666] - eth_getTransactionCount
[2021/09/14 11:16:26.666] -    > {
   >   "jsonrpc": "2.0",
   >   "id": 23,
   >   "method": "eth_getTransactionCount",
   >   "params": [
   >     "0xbc3f71add914064352751371fff2a474a10c073c",
   >     "latest"
   >   ],
   >   "internal": true
   > }
[2021/09/14 11:16:26.666] - eth_getBalance
[2021/09/14 11:16:26.667] -    > {
   >   "jsonrpc": "2.0",
   >   "id": 24,
   >   "method": "eth_getBalance",
   >   "params": [
   >     "0x7112f408a5e4ad3fc565e08a0d38f1cb0bbdc957",
   >     "latest"
   >   ],
   >   "internal": true
   > }
[2021/09/14 11:16:26.667] - eth_getTransactionCount
[2021/09/14 11:16:26.667] -    > {
   >   "jsonrpc": "2.0",
   >   "id": 25,
   >   "method": "eth_getTransactionCount",
   >   "params": [
   >     "0x7112f408a5e4ad3fc565e08a0d38f1cb0bbdc957",
   >     "latest"
   >   ],
   >   "internal": true
   > }
[2021/09/14 11:16:26.669] -  <   {
 <     "id": 23,
 <     "jsonrpc": "2.0",
 <     "result": "0x0"
 <   }
[2021/09/14 11:16:26.672] -  <   {
 <     "id": 24,
 <     "jsonrpc": "2.0",
 <     "result": "0x3635c9adc5dea00000"
 <   }
[2021/09/14 11:16:26.673] - eth_getBalance
[2021/09/14 11:16:26.673] -    > {
   >   "jsonrpc": "2.0",
   >   "id": 26,
   >   "method": "eth_getBalance",
   >   "params": [
   >     "0x5b0fc1aed71429b696106fd54457fc1ef92e9d8f",
   >     "latest"
   >   ],
   >   "internal": true
   > }
[2021/09/14 11:16:26.674] -  <   {
 <     "id": 25,
 <     "jsonrpc": "2.0",
 <     "result": "0x0"
 <   }
[2021/09/14 11:16:26.675] - eth_getTransactionCount
[2021/09/14 11:16:26.675] -    > {
   >   "jsonrpc": "2.0",
   >   "id": 27,
   >   "method": "eth_getTransactionCount",
   >   "params": [
   >     "0x5b0fc1aed71429b696106fd54457fc1ef92e9d8f",
   >     "latest"
   >   ],
   >   "internal": true
   > }
[2021/09/14 11:16:26.676] -  <   {
 <     "id": 26,
 <     "jsonrpc": "2.0",
 <     "result": "0x3635c9adc5dea00000"
 <   }
[2021/09/14 11:16:26.679] -  <   {
 <     "id": 27,
 <     "jsonrpc": "2.0",
 <     "result": "0x0"
 <   }
[2021/09/14 11:16:26.679] - eth_getBalance
[2021/09/14 11:16:26.679] -    > {
   >   "jsonrpc": "2.0",
   >   "id": 28,
   >   "method": "eth_getBalance",
   >   "params": [
   >     "0xf004ff659fc46b572d1e2420a9d5ce8012fc2fb0",
   >     "latest"
   >   ],
   >   "internal": true
   > }
[2021/09/14 11:16:26.681] -  <   {
 <     "id": 28,
 <     "jsonrpc": "2.0",
 <     "result": "0x3635c9adc5dea00000"
 <   }
[2021/09/14 11:16:26.682] - eth_getTransactionCount
[2021/09/14 11:16:26.682] -    > {
   >   "jsonrpc": "2.0",
   >   "id": 29,
   >   "method": "eth_getTransactionCount",
   >   "params": [
   >     "0xf004ff659fc46b572d1e2420a9d5ce8012fc2fb0",
   >     "latest"
   >   ],
   >   "internal": true
   > }
[2021/09/14 11:16:26.684] -  <   {
 <     "id": 29,
 <     "jsonrpc": "2.0",
 <     "result": "0x0"
 <   }
[2021/09/14 11:16:26.684] - eth_getBalance
[2021/09/14 11:16:26.685] -    > {
   >   "jsonrpc": "2.0",
   >   "id": 30,
   >   "method": "eth_getBalance",
   >   "params": [
   >     "0x0c5b5c28460b0b4a18aa2c7a47861fb30449592e",
   >     "latest"
   >   ],
   >   "internal": true
   > }
[2021/09/14 11:16:26.687] -  <   {
 <     "id": 30,
 <     "jsonrpc": "2.0",
 <     "result": "0x3635c9adc5dea00000"
 <   }
[2021/09/14 11:16:26.687] - eth_getTransactionCount
[2021/09/14 11:16:26.687] -    > {
   >   "jsonrpc": "2.0",
   >   "id": 31,
   >   "method": "eth_getTransactionCount",
   >   "params": [
   >     "0x0c5b5c28460b0b4a18aa2c7a47861fb30449592e",
   >     "latest"
   >   ],
   >   "internal": true
   > }
[2021/09/14 11:16:26.689] -  <   {
 <     "id": 31,
 <     "jsonrpc": "2.0",
 <     "result": "0x0"
 <   }
[2021/09/14 11:16:26.689] - eth_blockNumber
[2021/09/14 11:16:26.690] -    > {
   >   "jsonrpc": "2.0",
   >   "id": 6,
   >   "method": "eth_blockNumber",
   >   "params": [],
   >   "internal": true
   > }
[2021/09/14 11:16:26.690] - eth_accounts
[2021/09/14 11:16:26.690] -    > {
   >   "jsonrpc": "2.0",
   >   "id": 7,
   >   "method": "eth_accounts",
   >   "params": [],
   >   "internal": true
   > }
[2021/09/14 11:16:26.690] - eth_gasPrice
[2021/09/14 11:16:26.690] -    > {
   >   "jsonrpc": "2.0",
   >   "id": 8,
   >   "method": "eth_gasPrice",
   >   "params": [],
   >   "internal": true
   > }
[2021/09/14 11:16:26.691] -  <   {
 <     "id": 6,
 <     "jsonrpc": "2.0",
 <     "result": "0x0"
 <   }
[2021/09/14 11:16:26.693] -  <   {
 <     "id": 7,
 <     "jsonrpc": "2.0",
 <     "result": [
 <       "0x5e260f787f3117f7f9573eb88bbfddc6385801ee",
 <       "0x755a0fc74e9133e0c11047362ee0206d578716a8",
 <       "0xa13e95804433394d499d7b1b26d13a56a29987ba",
 <       "0xba9bc86cdd9a4693185e72ef8d4b9412aca45a60",
 <       "0x52772e8755f21db71b7a17049976973e600ebbe3",
 <       "0xbc3f71add914064352751371fff2a474a10c073c",
 <       "0x7112f408a5e4ad3fc565e08a0d38f1cb0bbdc957",
 <       "0x5b0fc1aed71429b696106fd54457fc1ef92e9d8f",
 <       "0xf004ff659fc46b572d1e2420a9d5ce8012fc2fb0",
 <       "0x0c5b5c28460b0b4a18aa2c7a47861fb30449592e"
 <     ]
 <   }
[2021/09/14 11:16:26.694] -  <   {
 <     "id": 8,
 <     "jsonrpc": "2.0",
 <     "result": "0x4a817c800"
 <   }
[2021/09/14 11:16:26.696] - eth_getBlockByNumber
[2021/09/14 11:16:26.696] -    > {
   >   "jsonrpc": "2.0",
   >   "id": 9,
   >   "method": "eth_getBlockByNumber",
   >   "params": [
   >     "latest",
   >     false
   >   ],
   >   "internal": true
   > }
[2021/09/14 11:16:26.696] - eth_subscribe
[2021/09/14 11:16:26.697] -    > {
   >   "jsonrpc": "2.0",
   >   "id": 10,
   >   "method": "eth_subscribe",
   >   "params": [
   >     "newHeads"
   >   ],
   >   "internal": true
   > }
[2021/09/14 11:16:26.697] -  <   {
 <     "id": 9,
 <     "jsonrpc": "2.0",
 <     "result": {
 <       "number": "0x0",
 <       "hash": "0x78191e17c72898f6695d071c0c71254b43200999f7670cde8f99647011f3cd99",
 <       "parentHash": "0x0000000000000000000000000000000000000000000000000000000000000000",
 <       "mixHash": "0x0000000000000000000000000000000000000000000000000000000000000000",
 <       "nonce": "0x0000000000000000",
 <       "sha3Uncles": "0x1dcc4de8dec75d7aab85b567b6ccd41ad312451b948a7413f0a142fd40d49347",
 <       "logsBloom": "0x00000000000000000000000000000000000000000000000000000000000000000000000000000000000000000000000000000000000000000000000000000000000000000000000000000000000000000000000000000000000000000000000000000000000000000000000000000000000000000000000000000000000000000000000000000000000000000000000000000000000000000000000000000000000000000000000000000000000000000000000000000000000000000000000000000000000000000000000000000000000000000000000000000000000000000000000000000000000000000000000000000000000000000000000000000000",
 <       "transactionsRoot": "0x56e81f171bcc55a6ff8345e692c0f86e5b48e01b996cadc001622fb5e363b421",
 <       "stateRoot": "0x93250c539330ba52b2d0acd75154610bee9c8d255da9e28740077c12454ca049",
 <       "receiptsRoot": "0x56e81f171bcc55a6ff8345e692c0f86e5b48e01b996cadc001622fb5e363b421",
 <       "miner": "0x0000000000000000000000000000000000000000",
 <       "difficulty": "0x0",
 <       "totalDifficulty": "0x0",
 <       "extraData": "0x",
 <       "size": "0x3e8",
 <       "gasLimit": "0x98967f",
 <       "gasUsed": "0x0",
 <       "timestamp": "0x6140aeb9",
 <       "transactions": [],
 <       "uncles": []
 <     }
 <   }
[2021/09/14 11:16:26.699] -  <   {
 <     "id": 10,
 <     "jsonrpc": "2.0",
 <     "result": "0x6"
 <   }
[2021/09/14 11:16:26.717] - eth_getTransactionCount
[2021/09/14 11:16:26.717] -    > {
   >   "jsonrpc": "2.0",
   >   "id": 33,
   >   "method": "eth_getTransactionCount",
   >   "params": [
   >     "0x5e260f787f3117f7f9573eb88bbfddc6385801ee",
   >     "latest"
   >   ],
   >   "internal": true
   > }
[2021/09/14 11:16:26.719] -  <   {
 <     "id": 33,
 <     "jsonrpc": "2.0",
 <     "result": "0x0"
 <   }
[2021/09/14 11:16:26.720] - eth_getBalance
[2021/09/14 11:16:26.720] -    > {
   >   "jsonrpc": "2.0",
   >   "id": 34,
   >   "method": "eth_getBalance",
   >   "params": [
   >     "0x755a0fc74e9133e0c11047362ee0206d578716a8",
   >     "latest"
   >   ],
   >   "internal": true
   > }
[2021/09/14 11:16:26.722] -  <   {
 <     "id": 34,
 <     "jsonrpc": "2.0",
 <     "result": "0x3635c9adc5dea00000"
 <   }
[2021/09/14 11:16:26.723] - eth_getTransactionCount
[2021/09/14 11:16:26.723] -    > {
   >   "jsonrpc": "2.0",
   >   "id": 35,
   >   "method": "eth_getTransactionCount",
   >   "params": [
   >     "0x755a0fc74e9133e0c11047362ee0206d578716a8",
   >     "latest"
   >   ],
   >   "internal": true
   > }
[2021/09/14 11:16:26.725] -  <   {
 <     "id": 35,
 <     "jsonrpc": "2.0",
 <     "result": "0x0"
 <   }
[2021/09/14 11:16:26.725] - eth_getBalance
[2021/09/14 11:16:26.726] -    > {
   >   "jsonrpc": "2.0",
   >   "id": 36,
   >   "method": "eth_getBalance",
   >   "params": [
   >     "0xa13e95804433394d499d7b1b26d13a56a29987ba",
   >     "latest"
   >   ],
   >   "internal": true
   > }
[2021/09/14 11:16:26.728] -  <   {
 <     "id": 36,
 <     "jsonrpc": "2.0",
 <     "result": "0x3635c9adc5dea00000"
 <   }
[2021/09/14 11:16:26.728] - eth_getTransactionCount
[2021/09/14 11:16:26.728] -    > {
   >   "jsonrpc": "2.0",
   >   "id": 37,
   >   "method": "eth_getTransactionCount",
   >   "params": [
   >     "0xa13e95804433394d499d7b1b26d13a56a29987ba",
   >     "latest"
   >   ],
   >   "internal": true
   > }
[2021/09/14 11:16:26.730] -  <   {
 <     "id": 37,
 <     "jsonrpc": "2.0",
 <     "result": "0x0"
 <   }
[2021/09/14 11:16:26.730] - eth_getBalance
[2021/09/14 11:16:26.730] -    > {
   >   "jsonrpc": "2.0",
   >   "id": 38,
   >   "method": "eth_getBalance",
   >   "params": [
   >     "0xba9bc86cdd9a4693185e72ef8d4b9412aca45a60",
   >     "latest"
   >   ],
   >   "internal": true
   > }
[2021/09/14 11:16:26.733] -  <   {
 <     "id": 38,
 <     "jsonrpc": "2.0",
 <     "result": "0x3635c9adc5dea00000"
 <   }
[2021/09/14 11:16:26.733] - eth_getTransactionCount
[2021/09/14 11:16:26.733] -    > {
   >   "jsonrpc": "2.0",
   >   "id": 39,
   >   "method": "eth_getTransactionCount",
   >   "params": [
   >     "0xba9bc86cdd9a4693185e72ef8d4b9412aca45a60",
   >     "latest"
   >   ],
   >   "internal": true
   > }
[2021/09/14 11:16:26.735] -  <   {
 <     "id": 39,
 <     "jsonrpc": "2.0",
 <     "result": "0x0"
 <   }
[2021/09/14 11:16:26.736] - eth_getBalance
[2021/09/14 11:16:26.736] -    > {
   >   "jsonrpc": "2.0",
   >   "id": 40,
   >   "method": "eth_getBalance",
   >   "params": [
   >     "0x52772e8755f21db71b7a17049976973e600ebbe3",
   >     "latest"
   >   ],
   >   "internal": true
   > }
[2021/09/14 11:16:26.738] -  <   {
 <     "id": 40,
 <     "jsonrpc": "2.0",
 <     "result": "0x3635c9adc5dea00000"
 <   }
[2021/09/14 11:16:26.739] - eth_getTransactionCount
[2021/09/14 11:16:26.739] -    > {
   >   "jsonrpc": "2.0",
   >   "id": 41,
   >   "method": "eth_getTransactionCount",
   >   "params": [
   >     "0x52772e8755f21db71b7a17049976973e600ebbe3",
   >     "latest"
   >   ],
   >   "internal": true
   > }
[2021/09/14 11:16:26.741] -  <   {
 <     "id": 41,
 <     "jsonrpc": "2.0",
 <     "result": "0x0"
 <   }
[2021/09/14 11:16:26.742] - eth_getBalance
[2021/09/14 11:16:26.743] -    > {
   >   "jsonrpc": "2.0",
   >   "id": 42,
   >   "method": "eth_getBalance",
   >   "params": [
   >     "0xbc3f71add914064352751371fff2a474a10c073c",
   >     "latest"
   >   ],
   >   "internal": true
   > }
[2021/09/14 11:16:26.745] -  <   {
 <     "id": 42,
 <     "jsonrpc": "2.0",
 <     "result": "0x3635c9adc5dea00000"
 <   }
[2021/09/14 11:16:26.746] - eth_getTransactionCount
[2021/09/14 11:16:26.746] -    > {
   >   "jsonrpc": "2.0",
   >   "id": 43,
   >   "method": "eth_getTransactionCount",
   >   "params": [
   >     "0xbc3f71add914064352751371fff2a474a10c073c",
   >     "latest"
   >   ],
   >   "internal": true
   > }
[2021/09/14 11:16:26.748] -  <   {
 <     "id": 43,
 <     "jsonrpc": "2.0",
 <     "result": "0x0"
 <   }
[2021/09/14 11:16:26.749] - eth_getBalance
[2021/09/14 11:16:26.749] -    > {
   >   "jsonrpc": "2.0",
   >   "id": 44,
   >   "method": "eth_getBalance",
   >   "params": [
   >     "0x7112f408a5e4ad3fc565e08a0d38f1cb0bbdc957",
   >     "latest"
   >   ],
   >   "internal": true
   > }
[2021/09/14 11:16:26.751] -  <   {
 <     "id": 44,
 <     "jsonrpc": "2.0",
 <     "result": "0x3635c9adc5dea00000"
 <   }
[2021/09/14 11:16:26.753] - eth_getTransactionCount
[2021/09/14 11:16:26.753] -    > {
   >   "jsonrpc": "2.0",
   >   "id": 45,
   >   "method": "eth_getTransactionCount",
   >   "params": [
   >     "0x7112f408a5e4ad3fc565e08a0d38f1cb0bbdc957",
   >     "latest"
   >   ],
   >   "internal": true
   > }
[2021/09/14 11:16:26.755] -  <   {
 <     "id": 45,
 <     "jsonrpc": "2.0",
 <     "result": "0x0"
 <   }
[2021/09/14 11:16:26.757] - eth_getBalance
[2021/09/14 11:16:26.757] -    > {
   >   "jsonrpc": "2.0",
   >   "id": 46,
   >   "method": "eth_getBalance",
   >   "params": [
   >     "0x5b0fc1aed71429b696106fd54457fc1ef92e9d8f",
   >     "latest"
   >   ],
   >   "internal": true
   > }
[2021/09/14 11:16:26.759] -  <   {
 <     "id": 46,
 <     "jsonrpc": "2.0",
 <     "result": "0x3635c9adc5dea00000"
 <   }
[2021/09/14 11:16:26.761] - eth_getTransactionCount
[2021/09/14 11:16:26.761] -    > {
   >   "jsonrpc": "2.0",
   >   "id": 47,
   >   "method": "eth_getTransactionCount",
   >   "params": [
   >     "0x5b0fc1aed71429b696106fd54457fc1ef92e9d8f",
   >     "latest"
   >   ],
   >   "internal": true
   > }
[2021/09/14 11:16:26.763] -  <   {
 <     "id": 47,
 <     "jsonrpc": "2.0",
 <     "result": "0x0"
 <   }
[2021/09/14 11:16:26.763] - eth_getBalance
[2021/09/14 11:16:26.763] -    > {
   >   "jsonrpc": "2.0",
   >   "id": 48,
   >   "method": "eth_getBalance",
   >   "params": [
   >     "0xf004ff659fc46b572d1e2420a9d5ce8012fc2fb0",
   >     "latest"
   >   ],
   >   "internal": true
   > }
[2021/09/14 11:16:26.765] -  <   {
 <     "id": 48,
 <     "jsonrpc": "2.0",
 <     "result": "0x3635c9adc5dea00000"
 <   }
[2021/09/14 11:16:26.767] - eth_getTransactionCount
[2021/09/14 11:16:26.767] -    > {
   >   "jsonrpc": "2.0",
   >   "id": 49,
   >   "method": "eth_getTransactionCount",
   >   "params": [
   >     "0xf004ff659fc46b572d1e2420a9d5ce8012fc2fb0",
   >     "latest"
   >   ],
   >   "internal": true
   > }
[2021/09/14 11:16:26.769] -  <   {
 <     "id": 49,
 <     "jsonrpc": "2.0",
 <     "result": "0x0"
 <   }
[2021/09/14 11:16:26.770] - eth_getBalance
[2021/09/14 11:16:26.771] -    > {
   >   "jsonrpc": "2.0",
   >   "id": 50,
   >   "method": "eth_getBalance",
   >   "params": [
   >     "0x0c5b5c28460b0b4a18aa2c7a47861fb30449592e",
   >     "latest"
   >   ],
   >   "internal": true
   > }
[2021/09/14 11:16:26.772] - eth_getTransactionCount
[2021/09/14 11:16:26.772] -    > {
   >   "jsonrpc": "2.0",
   >   "id": 51,
   >   "method": "eth_getTransactionCount",
   >   "params": [
   >     "0x0c5b5c28460b0b4a18aa2c7a47861fb30449592e",
   >     "latest"
   >   ],
   >   "internal": true
   > }
[2021/09/14 11:16:26.773] -  <   {
 <     "id": 50,
 <     "jsonrpc": "2.0",
 <     "result": "0x3635c9adc5dea00000"
 <   }
[2021/09/14 11:16:26.775] -  <   {
 <     "id": 51,
 <     "jsonrpc": "2.0",
 <     "result": "0x0"
 <   }
[2021/09/14 11:16:26.898] - eth_getBalance
[2021/09/14 11:16:26.899] -    > {
   >   "jsonrpc": "2.0",
   >   "id": 53,
   >   "method": "eth_getBalance",
   >   "params": [
   >     "0x5e260f787f3117f7f9573eb88bbfddc6385801ee",
   >     "latest"
   >   ],
   >   "internal": true
   > }
[2021/09/14 11:16:26.901] -  <   {
 <     "id": 53,
 <     "jsonrpc": "2.0",
 <     "result": "0x3635c9adc5dea00000"
 <   }
[2021/09/14 11:16:26.901] - eth_getTransactionCount
[2021/09/14 11:16:26.901] -    > {
   >   "jsonrpc": "2.0",
   >   "id": 54,
   >   "method": "eth_getTransactionCount",
   >   "params": [
   >     "0x5e260f787f3117f7f9573eb88bbfddc6385801ee",
   >     "latest"
   >   ],
   >   "internal": true
   > }
[2021/09/14 11:16:26.903] -  <   {
 <     "id": 54,
 <     "jsonrpc": "2.0",
 <     "result": "0x0"
 <   }
[2021/09/14 11:16:26.904] - eth_getBalance
[2021/09/14 11:16:26.904] -    > {
   >   "jsonrpc": "2.0",
   >   "id": 55,
   >   "method": "eth_getBalance",
   >   "params": [
   >     "0x755a0fc74e9133e0c11047362ee0206d578716a8",
   >     "latest"
   >   ],
   >   "internal": true
   > }
[2021/09/14 11:16:26.907] -  <   {
 <     "id": 55,
 <     "jsonrpc": "2.0",
 <     "result": "0x3635c9adc5dea00000"
 <   }
[2021/09/14 11:16:26.907] - eth_getTransactionCount
[2021/09/14 11:16:26.907] -    > {
   >   "jsonrpc": "2.0",
   >   "id": 56,
   >   "method": "eth_getTransactionCount",
   >   "params": [
   >     "0x755a0fc74e9133e0c11047362ee0206d578716a8",
   >     "latest"
   >   ],
   >   "internal": true
   > }
[2021/09/14 11:16:26.908] - eth_getBalance
[2021/09/14 11:16:26.908] -    > {
   >   "jsonrpc": "2.0",
   >   "id": 57,
   >   "method": "eth_getBalance",
   >   "params": [
   >     "0xa13e95804433394d499d7b1b26d13a56a29987ba",
   >     "latest"
   >   ],
   >   "internal": true
   > }
[2021/09/14 11:16:26.910] -  <   {
 <     "id": 56,
 <     "jsonrpc": "2.0",
 <     "result": "0x0"
 <   }
[2021/09/14 11:16:26.911] - eth_getTransactionCount
[2021/09/14 11:16:26.911] -    > {
   >   "jsonrpc": "2.0",
   >   "id": 58,
   >   "method": "eth_getTransactionCount",
   >   "params": [
   >     "0xa13e95804433394d499d7b1b26d13a56a29987ba",
   >     "latest"
   >   ],
   >   "internal": true
   > }
[2021/09/14 11:16:26.912] -  <   {
 <     "id": 57,
 <     "jsonrpc": "2.0",
 <     "result": "0x3635c9adc5dea00000"
 <   }
[2021/09/14 11:16:26.913] - eth_getBalance
[2021/09/14 11:16:26.913] -    > {
   >   "jsonrpc": "2.0",
   >   "id": 59,
   >   "method": "eth_getBalance",
   >   "params": [
   >     "0xba9bc86cdd9a4693185e72ef8d4b9412aca45a60",
   >     "latest"
   >   ],
   >   "internal": true
   > }
[2021/09/14 11:16:26.914] -  <   {
 <     "id": 58,
 <     "jsonrpc": "2.0",
 <     "result": "0x0"
 <   }
[2021/09/14 11:16:26.915] - eth_getTransactionCount
[2021/09/14 11:16:26.915] -    > {
   >   "jsonrpc": "2.0",
   >   "id": 60,
   >   "method": "eth_getTransactionCount",
   >   "params": [
   >     "0xba9bc86cdd9a4693185e72ef8d4b9412aca45a60",
   >     "latest"
   >   ],
   >   "internal": true
   > }
[2021/09/14 11:16:26.916] -  <   {
 <     "id": 59,
 <     "jsonrpc": "2.0",
 <     "result": "0x3635c9adc5dea00000"
 <   }
[2021/09/14 11:16:26.917] - eth_getBalance
[2021/09/14 11:16:26.918] -    > {
   >   "jsonrpc": "2.0",
   >   "id": 61,
   >   "method": "eth_getBalance",
   >   "params": [
   >     "0x52772e8755f21db71b7a17049976973e600ebbe3",
   >     "latest"
   >   ],
   >   "internal": true
   > }
[2021/09/14 11:16:26.919] -  <   {
 <     "id": 60,
 <     "jsonrpc": "2.0",
 <     "result": "0x0"
 <   }
[2021/09/14 11:16:26.920] - eth_getTransactionCount
[2021/09/14 11:16:26.920] -    > {
   >   "jsonrpc": "2.0",
   >   "id": 62,
   >   "method": "eth_getTransactionCount",
   >   "params": [
   >     "0x52772e8755f21db71b7a17049976973e600ebbe3",
   >     "latest"
   >   ],
   >   "internal": true
   > }
[2021/09/14 11:16:26.921] -  <   {
 <     "id": 61,
 <     "jsonrpc": "2.0",
 <     "result": "0x3635c9adc5dea00000"
 <   }
[2021/09/14 11:16:26.922] - eth_getBalance
[2021/09/14 11:16:26.922] -    > {
   >   "jsonrpc": "2.0",
   >   "id": 63,
   >   "method": "eth_getBalance",
   >   "params": [
   >     "0xbc3f71add914064352751371fff2a474a10c073c",
   >     "latest"
   >   ],
   >   "internal": true
   > }
[2021/09/14 11:16:26.923] -  <   {
 <     "id": 62,
 <     "jsonrpc": "2.0",
 <     "result": "0x0"
 <   }
[2021/09/14 11:16:26.924] - eth_getTransactionCount
[2021/09/14 11:16:26.924] -    > {
   >   "jsonrpc": "2.0",
   >   "id": 64,
   >   "method": "eth_getTransactionCount",
   >   "params": [
   >     "0xbc3f71add914064352751371fff2a474a10c073c",
   >     "latest"
   >   ],
   >   "internal": true
   > }
[2021/09/14 11:16:26.925] -  <   {
 <     "id": 63,
 <     "jsonrpc": "2.0",
 <     "result": "0x3635c9adc5dea00000"
 <   }
[2021/09/14 11:16:26.928] -  <   {
 <     "id": 64,
 <     "jsonrpc": "2.0",
 <     "result": "0x0"
 <   }
[2021/09/14 11:16:26.929] - eth_getBalance
[2021/09/14 11:16:26.929] -    > {
   >   "jsonrpc": "2.0",
   >   "id": 65,
   >   "method": "eth_getBalance",
   >   "params": [
   >     "0x7112f408a5e4ad3fc565e08a0d38f1cb0bbdc957",
   >     "latest"
   >   ],
   >   "internal": true
   > }
[2021/09/14 11:16:26.931] -  <   {
 <     "id": 65,
 <     "jsonrpc": "2.0",
 <     "result": "0x3635c9adc5dea00000"
 <   }
[2021/09/14 11:16:26.932] - eth_getTransactionCount
[2021/09/14 11:16:26.932] -    > {
   >   "jsonrpc": "2.0",
   >   "id": 66,
   >   "method": "eth_getTransactionCount",
   >   "params": [
   >     "0x7112f408a5e4ad3fc565e08a0d38f1cb0bbdc957",
   >     "latest"
   >   ],
   >   "internal": true
   > }
[2021/09/14 11:16:26.935] -  <   {
 <     "id": 66,
 <     "jsonrpc": "2.0",
 <     "result": "0x0"
 <   }
[2021/09/14 11:16:26.936] - eth_getBalance
[2021/09/14 11:16:26.936] -    > {
   >   "jsonrpc": "2.0",
   >   "id": 67,
   >   "method": "eth_getBalance",
   >   "params": [
   >     "0x5b0fc1aed71429b696106fd54457fc1ef92e9d8f",
   >     "latest"
   >   ],
   >   "internal": true
   > }
[2021/09/14 11:16:26.939] -  <   {
 <     "id": 67,
 <     "jsonrpc": "2.0",
 <     "result": "0x3635c9adc5dea00000"
 <   }
[2021/09/14 11:16:26.940] - eth_getTransactionCount
[2021/09/14 11:16:26.940] -    > {
   >   "jsonrpc": "2.0",
   >   "id": 68,
   >   "method": "eth_getTransactionCount",
   >   "params": [
   >     "0x5b0fc1aed71429b696106fd54457fc1ef92e9d8f",
   >     "latest"
   >   ],
   >   "internal": true
   > }
[2021/09/14 11:16:26.943] -  <   {
 <     "id": 68,
 <     "jsonrpc": "2.0",
 <     "result": "0x0"
 <   }
[2021/09/14 11:16:26.946] - eth_getBalance
[2021/09/14 11:16:26.946] -    > {
   >   "jsonrpc": "2.0",
   >   "id": 69,
   >   "method": "eth_getBalance",
   >   "params": [
   >     "0xf004ff659fc46b572d1e2420a9d5ce8012fc2fb0",
   >     "latest"
   >   ],
   >   "internal": true
   > }
[2021/09/14 11:16:26.949] -  <   {
 <     "id": 69,
 <     "jsonrpc": "2.0",
 <     "result": "0x3635c9adc5dea00000"
 <   }
[2021/09/14 11:16:26.949] - eth_getTransactionCount
[2021/09/14 11:16:26.950] -    > {
   >   "jsonrpc": "2.0",
   >   "id": 70,
   >   "method": "eth_getTransactionCount",
   >   "params": [
   >     "0xf004ff659fc46b572d1e2420a9d5ce8012fc2fb0",
   >     "latest"
   >   ],
   >   "internal": true
   > }
[2021/09/14 11:16:26.953] -  <   {
 <     "id": 70,
 <     "jsonrpc": "2.0",
 <     "result": "0x0"
 <   }
[2021/09/14 11:16:26.954] - eth_getBalance
[2021/09/14 11:16:26.954] -    > {
   >   "jsonrpc": "2.0",
   >   "id": 71,
   >   "method": "eth_getBalance",
   >   "params": [
   >     "0x0c5b5c28460b0b4a18aa2c7a47861fb30449592e",
   >     "latest"
   >   ],
   >   "internal": true
   > }
[2021/09/14 11:16:26.957] -  <   {
 <     "id": 71,
 <     "jsonrpc": "2.0",
 <     "result": "0x3635c9adc5dea00000"
 <   }
[2021/09/14 11:16:26.958] - eth_getTransactionCount
[2021/09/14 11:16:26.958] -    > {
   >   "jsonrpc": "2.0",
   >   "id": 72,
   >   "method": "eth_getTransactionCount",
   >   "params": [
   >     "0x0c5b5c28460b0b4a18aa2c7a47861fb30449592e",
   >     "latest"
   >   ],
   >   "internal": true
   > }
[2021/09/14 11:16:26.960] -  <   {
 <     "id": 72,
 <     "jsonrpc": "2.0",
 <     "result": "0x0"
 <   }
[2021/09/14 11:16:26.964] - eth_getBalance
[2021/09/14 11:16:26.965] -    > {
   >   "jsonrpc": "2.0",
   >   "id": 73,
   >   "method": "eth_getBalance",
   >   "params": [
   >     "0x5e260f787f3117f7f9573eb88bbfddc6385801ee",
   >     "latest"
   >   ],
   >   "internal": true
   > }
[2021/09/14 11:16:26.968] -  <   {
 <     "id": 73,
 <     "jsonrpc": "2.0",
 <     "result": "0x3635c9adc5dea00000"
 <   }
[2021/09/14 11:16:26.968] - eth_getTransactionCount
[2021/09/14 11:16:26.969] -    > {
   >   "jsonrpc": "2.0",
   >   "id": 74,
   >   "method": "eth_getTransactionCount",
   >   "params": [
   >     "0x5e260f787f3117f7f9573eb88bbfddc6385801ee",
   >     "latest"
   >   ],
   >   "internal": true
   > }
[2021/09/14 11:16:26.971] -  <   {
 <     "id": 74,
 <     "jsonrpc": "2.0",
 <     "result": "0x0"
 <   }
[2021/09/14 11:16:26.972] - eth_getBalance
[2021/09/14 11:16:26.973] -    > {
   >   "jsonrpc": "2.0",
   >   "id": 75,
   >   "method": "eth_getBalance",
   >   "params": [
   >     "0x755a0fc74e9133e0c11047362ee0206d578716a8",
   >     "latest"
   >   ],
   >   "internal": true
   > }
[2021/09/14 11:16:26.975] -  <   {
 <     "id": 75,
 <     "jsonrpc": "2.0",
 <     "result": "0x3635c9adc5dea00000"
 <   }
[2021/09/14 11:16:26.977] - eth_getTransactionCount
[2021/09/14 11:16:26.977] -    > {
   >   "jsonrpc": "2.0",
   >   "id": 76,
   >   "method": "eth_getTransactionCount",
   >   "params": [
   >     "0x755a0fc74e9133e0c11047362ee0206d578716a8",
   >     "latest"
   >   ],
   >   "internal": true
   > }
[2021/09/14 11:16:26.981] -  <   {
 <     "id": 76,
 <     "jsonrpc": "2.0",
 <     "result": "0x0"
 <   }
[2021/09/14 11:16:26.981] - eth_getBalance
[2021/09/14 11:16:26.982] -    > {
   >   "jsonrpc": "2.0",
   >   "id": 77,
   >   "method": "eth_getBalance",
   >   "params": [
   >     "0xa13e95804433394d499d7b1b26d13a56a29987ba",
   >     "latest"
   >   ],
   >   "internal": true
   > }
[2021/09/14 11:16:26.984] -  <   {
 <     "id": 77,
 <     "jsonrpc": "2.0",
 <     "result": "0x3635c9adc5dea00000"
 <   }
[2021/09/14 11:16:26.985] - eth_getTransactionCount
[2021/09/14 11:16:26.985] -    > {
   >   "jsonrpc": "2.0",
   >   "id": 78,
   >   "method": "eth_getTransactionCount",
   >   "params": [
   >     "0xa13e95804433394d499d7b1b26d13a56a29987ba",
   >     "latest"
   >   ],
   >   "internal": true
   > }
[2021/09/14 11:16:26.990] -  <   {
 <     "id": 78,
 <     "jsonrpc": "2.0",
 <     "result": "0x0"
 <   }
[2021/09/14 11:16:27.009] - eth_getBalance
[2021/09/14 11:16:27.009] -    > {
   >   "jsonrpc": "2.0",
   >   "id": 79,
   >   "method": "eth_getBalance",
   >   "params": [
   >     "0xba9bc86cdd9a4693185e72ef8d4b9412aca45a60",
   >     "latest"
   >   ],
   >   "internal": true
   > }
[2021/09/14 11:16:27.010] - eth_getTransactionCount
[2021/09/14 11:16:27.010] -    > {
   >   "jsonrpc": "2.0",
   >   "id": 80,
   >   "method": "eth_getTransactionCount",
   >   "params": [
   >     "0xba9bc86cdd9a4693185e72ef8d4b9412aca45a60",
   >     "latest"
   >   ],
   >   "internal": true
   > }
[2021/09/14 11:16:27.010] - eth_getBalance
[2021/09/14 11:16:27.010] -    > {
   >   "jsonrpc": "2.0",
   >   "id": 81,
   >   "method": "eth_getBalance",
   >   "params": [
   >     "0x52772e8755f21db71b7a17049976973e600ebbe3",
   >     "latest"
   >   ],
   >   "internal": true
   > }
[2021/09/14 11:16:27.011] - eth_getTransactionCount
[2021/09/14 11:16:27.011] -    > {
   >   "jsonrpc": "2.0",
   >   "id": 82,
   >   "method": "eth_getTransactionCount",
   >   "params": [
   >     "0x52772e8755f21db71b7a17049976973e600ebbe3",
   >     "latest"
   >   ],
   >   "internal": true
   > }
[2021/09/14 11:16:27.011] - eth_getBalance
[2021/09/14 11:16:27.011] -    > {
   >   "jsonrpc": "2.0",
   >   "id": 83,
   >   "method": "eth_getBalance",
   >   "params": [
   >     "0xbc3f71add914064352751371fff2a474a10c073c",
   >     "latest"
   >   ],
   >   "internal": true
   > }
[2021/09/14 11:16:27.013] -  <   {
 <     "id": 79,
 <     "jsonrpc": "2.0",
 <     "result": "0x3635c9adc5dea00000"
 <   }
[2021/09/14 11:16:27.013] - eth_getTransactionCount
[2021/09/14 11:16:27.013] -    > {
   >   "jsonrpc": "2.0",
   >   "id": 84,
   >   "method": "eth_getTransactionCount",
   >   "params": [
   >     "0xbc3f71add914064352751371fff2a474a10c073c",
   >     "latest"
   >   ],
   >   "internal": true
   > }
[2021/09/14 11:16:27.013] - eth_getBalance
[2021/09/14 11:16:27.014] -    > {
   >   "jsonrpc": "2.0",
   >   "id": 85,
   >   "method": "eth_getBalance",
   >   "params": [
   >     "0x7112f408a5e4ad3fc565e08a0d38f1cb0bbdc957",
   >     "latest"
   >   ],
   >   "internal": true
   > }
[2021/09/14 11:16:27.014] - eth_getTransactionCount
[2021/09/14 11:16:27.014] -    > {
   >   "jsonrpc": "2.0",
   >   "id": 86,
   >   "method": "eth_getTransactionCount",
   >   "params": [
   >     "0x7112f408a5e4ad3fc565e08a0d38f1cb0bbdc957",
   >     "latest"
   >   ],
   >   "internal": true
   > }
[2021/09/14 11:16:27.017] -  <   {
 <     "id": 80,
 <     "jsonrpc": "2.0",
 <     "result": "0x0"
 <   }
[2021/09/14 11:16:27.017] - eth_getBalance
[2021/09/14 11:16:27.017] -    > {
   >   "jsonrpc": "2.0",
   >   "id": 87,
   >   "method": "eth_getBalance",
   >   "params": [
   >     "0x5b0fc1aed71429b696106fd54457fc1ef92e9d8f",
   >     "latest"
   >   ],
   >   "internal": true
   > }
[2021/09/14 11:16:27.020] -  <   {
 <     "id": 81,
 <     "jsonrpc": "2.0",
 <     "result": "0x3635c9adc5dea00000"
 <   }
[2021/09/14 11:16:27.020] - eth_getTransactionCount
[2021/09/14 11:16:27.021] -    > {
   >   "jsonrpc": "2.0",
   >   "id": 88,
   >   "method": "eth_getTransactionCount",
   >   "params": [
   >     "0x5b0fc1aed71429b696106fd54457fc1ef92e9d8f",
   >     "latest"
   >   ],
   >   "internal": true
   > }
[2021/09/14 11:16:27.023] -  <   {
 <     "id": 82,
 <     "jsonrpc": "2.0",
 <     "result": "0x0"
 <   }
[2021/09/14 11:16:27.024] - eth_getBalance
[2021/09/14 11:16:27.025] -    > {
   >   "jsonrpc": "2.0",
   >   "id": 89,
   >   "method": "eth_getBalance",
   >   "params": [
   >     "0xf004ff659fc46b572d1e2420a9d5ce8012fc2fb0",
   >     "latest"
   >   ],
   >   "internal": true
   > }
[2021/09/14 11:16:27.026] -  <   {
 <     "id": 83,
 <     "jsonrpc": "2.0",
 <     "result": "0x3635c9adc5dea00000"
 <   }
[2021/09/14 11:16:27.029] -  <   {
 <     "id": 84,
 <     "jsonrpc": "2.0",
 <     "result": "0x0"
 <   }
[2021/09/14 11:16:27.029] - eth_getTransactionCount
[2021/09/14 11:16:27.030] -    > {
   >   "jsonrpc": "2.0",
   >   "id": 90,
   >   "method": "eth_getTransactionCount",
   >   "params": [
   >     "0xf004ff659fc46b572d1e2420a9d5ce8012fc2fb0",
   >     "latest"
   >   ],
   >   "internal": true
   > }
[2021/09/14 11:16:27.031] - eth_getBalance
[2021/09/14 11:16:27.031] -    > {
   >   "jsonrpc": "2.0",
   >   "id": 91,
   >   "method": "eth_getBalance",
   >   "params": [
   >     "0x0c5b5c28460b0b4a18aa2c7a47861fb30449592e",
   >     "latest"
   >   ],
   >   "internal": true
   > }
[2021/09/14 11:16:27.033] -  <   {
 <     "id": 85,
 <     "jsonrpc": "2.0",
 <     "result": "0x3635c9adc5dea00000"
 <   }
[2021/09/14 11:16:27.036] -  <   {
 <     "id": 86,
 <     "jsonrpc": "2.0",
 <     "result": "0x0"
 <   }
[2021/09/14 11:16:27.036] - eth_getTransactionCount
[2021/09/14 11:16:27.037] -    > {
   >   "jsonrpc": "2.0",
   >   "id": 92,
   >   "method": "eth_getTransactionCount",
   >   "params": [
   >     "0x0c5b5c28460b0b4a18aa2c7a47861fb30449592e",
   >     "latest"
   >   ],
   >   "internal": true
   > }
[2021/09/14 11:16:27.040] -  <   {
 <     "id": 87,
 <     "jsonrpc": "2.0",
 <     "result": "0x3635c9adc5dea00000"
 <   }
[2021/09/14 11:16:27.043] -  <   {
 <     "id": 88,
 <     "jsonrpc": "2.0",
 <     "result": "0x0"
 <   }
[2021/09/14 11:16:27.046] -  <   {
 <     "id": 89,
 <     "jsonrpc": "2.0",
 <     "result": "0x3635c9adc5dea00000"
 <   }
[2021/09/14 11:16:27.048] -  <   {
 <     "id": 90,
 <     "jsonrpc": "2.0",
 <     "result": "0x0"
 <   }
[2021/09/14 11:16:27.051] -  <   {
 <     "id": 91,
 <     "jsonrpc": "2.0",
 <     "result": "0x3635c9adc5dea00000"
 <   }
[2021/09/14 11:16:27.054] -  <   {
 <     "id": 92,
 <     "jsonrpc": "2.0",
 <     "result": "0x0"
 <   }
[2021/09/14 11:16:27.853] - eth_blockNumber
[2021/09/14 11:16:27.854] -    > {
   >   "id": 5229644578554316,
   >   "jsonrpc": "2.0",
   >   "method": "eth_blockNumber",
   >   "params": []
   > }
[2021/09/14 11:16:27.857] -  <   {
 <     "id": 5229644578554316,
 <     "jsonrpc": "2.0",
 <     "result": "0x0"
 <   }
[2021/09/14 11:16:42.234] - eth_unsubscribe
[2021/09/14 11:16:42.235] -    > {
   >   "jsonrpc": "2.0",
   >   "id": 7,
   >   "method": "eth_unsubscribe",
   >   "params": [
   >     "0x3"
   >   ]
   > }
[2021/09/14 11:16:42.237] - eth_unsubscribe
[2021/09/14 11:16:42.237] -    > {
   >   "jsonrpc": "2.0",
   >   "id": 8,
   >   "method": "eth_unsubscribe",
   >   "params": [
   >     "0x4"
   >   ]
   > }
[2021/09/14 11:16:42.239] -  <   {
 <     "id": 7,
 <     "jsonrpc": "2.0",
 <     "result": true
 <   }
[2021/09/14 11:16:42.241] -  <   {
 <     "id": 8,
 <     "jsonrpc": "2.0",
 <     "result": true
 <   }
[2021/09/14 11:16:42.278] -    > {
   >   "jsonrpc": "2.0",
   >   "method": "eth_unsubscribe",
   >   "params": [
   >     "0x6"
   >   ],
   >   "id": 1631629002277
   > }
[2021/09/14 11:16:42.280] -    > {
   >   "jsonrpc": "2.0",
   >   "method": "eth_unsubscribe",
   >   "params": [
   >     "0x5"
   >   ],
   >   "id": 1631629002279
   > }
[2021/09/14 11:16:42.281] -    > {
   >   "jsonrpc": "2.0",
   >   "method": "eth_unsubscribe",
   >   "params": [
   >     "0x1"
   >   ],
   >   "id": 1631629002280
   > }
[2021/09/14 11:16:42.282] -    > {
   >   "jsonrpc": "2.0",
   >   "method": "eth_unsubscribe",
   >   "params": [
   >     "0x2"
   >   ],
   >   "id": 1631629002281
   > }
[2021/09/14 11:16:42.285] -  <   {
 <     "id": 1631629002277,
 <     "jsonrpc": "2.0",
 <     "result": true
 <   }
[2021/09/14 11:16:42.287] -  <   {
 <     "id": 1631629002279,
 <     "jsonrpc": "2.0",
 <     "result": true
 <   }
[2021/09/14 11:16:42.290] -  <   {
 <     "id": 1631629002280,
 <     "jsonrpc": "2.0",
 <     "result": true
 <   }
[2021/09/14 11:16:42.292] -  <   {
 <     "id": 1631629002281,
 <     "jsonrpc": "2.0",
 <     "result": true
 <   }
